[DEBUG] 2018-10-18 10:47:34.575 [http-nio-8080-exec-10] IntegratorServiceImpl - Adding Integrator [org.hibernate.cfg.beanvalidation.BeanValidationIntegrator].
[DEBUG] 2018-10-18 10:47:34.589 [http-nio-8080-exec-10] IntegratorServiceImpl - Adding Integrator [org.hibernate.secure.spi.JaccIntegrator].
[DEBUG] 2018-10-18 10:47:34.593 [http-nio-8080-exec-10] IntegratorServiceImpl - Adding Integrator [org.hibernate.cache.internal.CollectionCacheInvalidator].
[INFO ] 2018-10-18 10:47:34.804 [http-nio-8080-exec-10] Version - HHH000412: Hibernate Core {5.2.12.Final}
[INFO ] 2018-10-18 10:47:34.806 [http-nio-8080-exec-10] Environment - HHH000206: hibernate.properties not found
[DEBUG] 2018-10-18 10:47:34.933 [http-nio-8080-exec-10] LocalXmlResourceResolver - Interpreting public/system identifier : [-//Hibernate/Hibernate Configuration DTD//EN] - [http://www.hibernate.org/dtd/hibernate-configuration-3.0.dtd]
[DEBUG] 2018-10-18 10:47:34.934 [http-nio-8080-exec-10] LocalXmlResourceResolver - Recognized hibernate-configuration identifier; attempting to resolve on classpath under org/hibernate/
[DEBUG] 2018-10-18 10:47:34.981 [http-nio-8080-exec-10] JaxbCfgProcessor - cfg.xml document did not define namespaces; wrapping in custom event reader to introduce namespace information
[DEBUG] 2018-10-18 10:47:35.365 [http-nio-8080-exec-10] ServiceBinding - Overriding existing service binding [org.hibernate.secure.spi.JaccService]
[DEBUG] 2018-10-18 10:47:35.447 [http-nio-8080-exec-10] RegionFactoryInitiator - Cache region factory : org.hibernate.cache.internal.NoCachingRegionFactory
[INFO ] 2018-10-18 10:47:35.473 [http-nio-8080-exec-10] Version - HCANN000001: Hibernate Commons Annotations {5.0.1.Final}
[DEBUG] 2018-10-18 10:47:35.506 [http-nio-8080-exec-10] BasicTypeRegistry - Adding type registration boolean -> org.hibernate.type.BooleanType@7c083238
[DEBUG] 2018-10-18 10:47:35.507 [http-nio-8080-exec-10] BasicTypeRegistry - Adding type registration boolean -> org.hibernate.type.BooleanType@7c083238
[DEBUG] 2018-10-18 10:47:35.507 [http-nio-8080-exec-10] BasicTypeRegistry - Adding type registration java.lang.Boolean -> org.hibernate.type.BooleanType@7c083238
[DEBUG] 2018-10-18 10:47:35.507 [http-nio-8080-exec-10] BasicTypeRegistry - Adding type registration numeric_boolean -> org.hibernate.type.NumericBooleanType@3f62122a
[DEBUG] 2018-10-18 10:47:35.510 [http-nio-8080-exec-10] BasicTypeRegistry - Adding type registration true_false -> org.hibernate.type.TrueFalseType@6eb06688
[DEBUG] 2018-10-18 10:47:35.511 [http-nio-8080-exec-10] BasicTypeRegistry - Adding type registration yes_no -> org.hibernate.type.YesNoType@755ab46
[DEBUG] 2018-10-18 10:47:35.512 [http-nio-8080-exec-10] BasicTypeRegistry - Adding type registration byte -> org.hibernate.type.ByteType@1d20c833
[DEBUG] 2018-10-18 10:47:35.512 [http-nio-8080-exec-10] BasicTypeRegistry - Adding type registration byte -> org.hibernate.type.ByteType@1d20c833
[DEBUG] 2018-10-18 10:47:35.513 [http-nio-8080-exec-10] BasicTypeRegistry - Adding type registration java.lang.Byte -> org.hibernate.type.ByteType@1d20c833
[DEBUG] 2018-10-18 10:47:35.513 [http-nio-8080-exec-10] BasicTypeRegistry - Adding type registration character -> org.hibernate.type.CharacterType@2cc5e3cc
[DEBUG] 2018-10-18 10:47:35.513 [http-nio-8080-exec-10] BasicTypeRegistry - Adding type registration char -> org.hibernate.type.CharacterType@2cc5e3cc
[DEBUG] 2018-10-18 10:47:35.514 [http-nio-8080-exec-10] BasicTypeRegistry - Adding type registration java.lang.Character -> org.hibernate.type.CharacterType@2cc5e3cc
[DEBUG] 2018-10-18 10:47:35.515 [http-nio-8080-exec-10] BasicTypeRegistry - Adding type registration short -> org.hibernate.type.ShortType@360aea37
[DEBUG] 2018-10-18 10:47:35.515 [http-nio-8080-exec-10] BasicTypeRegistry - Adding type registration short -> org.hibernate.type.ShortType@360aea37
[DEBUG] 2018-10-18 10:47:35.515 [http-nio-8080-exec-10] BasicTypeRegistry - Adding type registration java.lang.Short -> org.hibernate.type.ShortType@360aea37
[DEBUG] 2018-10-18 10:47:35.516 [http-nio-8080-exec-10] BasicTypeRegistry - Adding type registration integer -> org.hibernate.type.IntegerType@8321474
[DEBUG] 2018-10-18 10:47:35.516 [http-nio-8080-exec-10] BasicTypeRegistry - Adding type registration int -> org.hibernate.type.IntegerType@8321474
[DEBUG] 2018-10-18 10:47:35.517 [http-nio-8080-exec-10] BasicTypeRegistry - Adding type registration java.lang.Integer -> org.hibernate.type.IntegerType@8321474
[DEBUG] 2018-10-18 10:47:35.518 [http-nio-8080-exec-10] BasicTypeRegistry - Adding type registration long -> org.hibernate.type.LongType@34bd5972
[DEBUG] 2018-10-18 10:47:35.518 [http-nio-8080-exec-10] BasicTypeRegistry - Adding type registration long -> org.hibernate.type.LongType@34bd5972
[DEBUG] 2018-10-18 10:47:35.518 [http-nio-8080-exec-10] BasicTypeRegistry - Adding type registration java.lang.Long -> org.hibernate.type.LongType@34bd5972
[DEBUG] 2018-10-18 10:47:35.520 [http-nio-8080-exec-10] BasicTypeRegistry - Adding type registration float -> org.hibernate.type.FloatType@40118177
[DEBUG] 2018-10-18 10:47:35.521 [http-nio-8080-exec-10] BasicTypeRegistry - Adding type registration float -> org.hibernate.type.FloatType@40118177
[DEBUG] 2018-10-18 10:47:35.521 [http-nio-8080-exec-10] BasicTypeRegistry - Adding type registration java.lang.Float -> org.hibernate.type.FloatType@40118177
[DEBUG] 2018-10-18 10:47:35.522 [http-nio-8080-exec-10] BasicTypeRegistry - Adding type registration double -> org.hibernate.type.DoubleType@218eb16b
[DEBUG] 2018-10-18 10:47:35.522 [http-nio-8080-exec-10] BasicTypeRegistry - Adding type registration double -> org.hibernate.type.DoubleType@218eb16b
[DEBUG] 2018-10-18 10:47:35.522 [http-nio-8080-exec-10] BasicTypeRegistry - Adding type registration java.lang.Double -> org.hibernate.type.DoubleType@218eb16b
[DEBUG] 2018-10-18 10:47:35.528 [http-nio-8080-exec-10] BasicTypeRegistry - Adding type registration big_decimal -> org.hibernate.type.BigDecimalType@4ea4094c
[DEBUG] 2018-10-18 10:47:35.528 [http-nio-8080-exec-10] BasicTypeRegistry - Adding type registration java.math.BigDecimal -> org.hibernate.type.BigDecimalType@4ea4094c
[DEBUG] 2018-10-18 10:47:35.529 [http-nio-8080-exec-10] BasicTypeRegistry - Adding type registration big_integer -> org.hibernate.type.BigIntegerType@b049482
[DEBUG] 2018-10-18 10:47:35.529 [http-nio-8080-exec-10] BasicTypeRegistry - Adding type registration java.math.BigInteger -> org.hibernate.type.BigIntegerType@b049482
[DEBUG] 2018-10-18 10:47:35.530 [http-nio-8080-exec-10] BasicTypeRegistry - Adding type registration string -> org.hibernate.type.StringType@964739e
[DEBUG] 2018-10-18 10:47:35.530 [http-nio-8080-exec-10] BasicTypeRegistry - Adding type registration java.lang.String -> org.hibernate.type.StringType@964739e
[DEBUG] 2018-10-18 10:47:35.531 [http-nio-8080-exec-10] BasicTypeRegistry - Adding type registration nstring -> org.hibernate.type.StringNVarcharType@3b3f6812
[DEBUG] 2018-10-18 10:47:35.532 [http-nio-8080-exec-10] BasicTypeRegistry - Adding type registration ncharacter -> org.hibernate.type.CharacterNCharType@1fd5c18
[DEBUG] 2018-10-18 10:47:35.532 [http-nio-8080-exec-10] BasicTypeRegistry - Adding type registration url -> org.hibernate.type.UrlType@5c06b895
[DEBUG] 2018-10-18 10:47:35.533 [http-nio-8080-exec-10] BasicTypeRegistry - Adding type registration java.net.URL -> org.hibernate.type.UrlType@5c06b895
[DEBUG] 2018-10-18 10:47:35.534 [http-nio-8080-exec-10] BasicTypeRegistry - Adding type registration Duration -> org.hibernate.type.DurationType@d586b3b
[DEBUG] 2018-10-18 10:47:35.534 [http-nio-8080-exec-10] BasicTypeRegistry - Adding type registration java.time.Duration -> org.hibernate.type.DurationType@d586b3b
[DEBUG] 2018-10-18 10:47:35.565 [http-nio-8080-exec-10] BasicTypeRegistry - Adding type registration Instant -> org.hibernate.type.InstantType@43e6fe61
[DEBUG] 2018-10-18 10:47:35.565 [http-nio-8080-exec-10] BasicTypeRegistry - Adding type registration java.time.Instant -> org.hibernate.type.InstantType@43e6fe61
[DEBUG] 2018-10-18 10:47:35.568 [http-nio-8080-exec-10] BasicTypeRegistry - Adding type registration LocalDateTime -> org.hibernate.type.LocalDateTimeType@2a68d338
[DEBUG] 2018-10-18 10:47:35.568 [http-nio-8080-exec-10] BasicTypeRegistry - Adding type registration java.time.LocalDateTime -> org.hibernate.type.LocalDateTimeType@2a68d338
[DEBUG] 2018-10-18 10:47:35.571 [http-nio-8080-exec-10] BasicTypeRegistry - Adding type registration LocalDate -> org.hibernate.type.LocalDateType@1d6706b7
[DEBUG] 2018-10-18 10:47:35.574 [http-nio-8080-exec-10] BasicTypeRegistry - Adding type registration java.time.LocalDate -> org.hibernate.type.LocalDateType@1d6706b7
[DEBUG] 2018-10-18 10:47:35.577 [http-nio-8080-exec-10] BasicTypeRegistry - Adding type registration LocalTime -> org.hibernate.type.LocalTimeType@114f0c6
[DEBUG] 2018-10-18 10:47:35.578 [http-nio-8080-exec-10] BasicTypeRegistry - Adding type registration java.time.LocalTime -> org.hibernate.type.LocalTimeType@114f0c6
[DEBUG] 2018-10-18 10:47:35.584 [http-nio-8080-exec-10] BasicTypeRegistry - Adding type registration OffsetDateTime -> org.hibernate.type.OffsetDateTimeType@3a568fa6
[DEBUG] 2018-10-18 10:47:35.584 [http-nio-8080-exec-10] BasicTypeRegistry - Adding type registration java.time.OffsetDateTime -> org.hibernate.type.OffsetDateTimeType@3a568fa6
[DEBUG] 2018-10-18 10:47:35.590 [http-nio-8080-exec-10] BasicTypeRegistry - Adding type registration OffsetTime -> org.hibernate.type.OffsetTimeType@f2e93cd
[DEBUG] 2018-10-18 10:47:35.590 [http-nio-8080-exec-10] BasicTypeRegistry - Adding type registration java.time.OffsetTime -> org.hibernate.type.OffsetTimeType@f2e93cd
[DEBUG] 2018-10-18 10:47:35.604 [http-nio-8080-exec-10] BasicTypeRegistry - Adding type registration ZonedDateTime -> org.hibernate.type.ZonedDateTimeType@52e39c78
[DEBUG] 2018-10-18 10:47:35.604 [http-nio-8080-exec-10] BasicTypeRegistry - Adding type registration java.time.ZonedDateTime -> org.hibernate.type.ZonedDateTimeType@52e39c78
[DEBUG] 2018-10-18 10:47:35.606 [http-nio-8080-exec-10] BasicTypeRegistry - Adding type registration date -> org.hibernate.type.DateType@4ace6725
[DEBUG] 2018-10-18 10:47:35.606 [http-nio-8080-exec-10] BasicTypeRegistry - Adding type registration java.sql.Date -> org.hibernate.type.DateType@4ace6725
[DEBUG] 2018-10-18 10:47:35.612 [http-nio-8080-exec-10] BasicTypeRegistry - Adding type registration time -> org.hibernate.type.TimeType@4eb03199
[DEBUG] 2018-10-18 10:47:35.612 [http-nio-8080-exec-10] BasicTypeRegistry - Adding type registration java.sql.Time -> org.hibernate.type.TimeType@4eb03199
[DEBUG] 2018-10-18 10:47:35.615 [http-nio-8080-exec-10] BasicTypeRegistry - Adding type registration timestamp -> org.hibernate.type.TimestampType@46684d67
[DEBUG] 2018-10-18 10:47:35.615 [http-nio-8080-exec-10] BasicTypeRegistry - Adding type registration java.sql.Timestamp -> org.hibernate.type.TimestampType@46684d67
[DEBUG] 2018-10-18 10:47:35.615 [http-nio-8080-exec-10] BasicTypeRegistry - Adding type registration java.util.Date -> org.hibernate.type.TimestampType@46684d67
[DEBUG] 2018-10-18 10:47:35.621 [http-nio-8080-exec-10] BasicTypeRegistry - Adding type registration dbtimestamp -> org.hibernate.type.DbTimestampType@292189f4
[DEBUG] 2018-10-18 10:47:35.624 [http-nio-8080-exec-10] BasicTypeRegistry - Adding type registration calendar -> org.hibernate.type.CalendarType@4089efa8
[DEBUG] 2018-10-18 10:47:35.624 [http-nio-8080-exec-10] BasicTypeRegistry - Adding type registration java.util.Calendar -> org.hibernate.type.CalendarType@4089efa8
[DEBUG] 2018-10-18 10:47:35.624 [http-nio-8080-exec-10] BasicTypeRegistry - Adding type registration java.util.GregorianCalendar -> org.hibernate.type.CalendarType@4089efa8
[DEBUG] 2018-10-18 10:47:35.625 [http-nio-8080-exec-10] BasicTypeRegistry - Adding type registration calendar_date -> org.hibernate.type.CalendarDateType@7ed00e58
[DEBUG] 2018-10-18 10:47:35.626 [http-nio-8080-exec-10] BasicTypeRegistry - Adding type registration locale -> org.hibernate.type.LocaleType@16faf3fa
[DEBUG] 2018-10-18 10:47:35.626 [http-nio-8080-exec-10] BasicTypeRegistry - Adding type registration java.util.Locale -> org.hibernate.type.LocaleType@16faf3fa
[DEBUG] 2018-10-18 10:47:35.629 [http-nio-8080-exec-10] BasicTypeRegistry - Adding type registration currency -> org.hibernate.type.CurrencyType@520d9bfb
[DEBUG] 2018-10-18 10:47:35.629 [http-nio-8080-exec-10] BasicTypeRegistry - Adding type registration java.util.Currency -> org.hibernate.type.CurrencyType@520d9bfb
[DEBUG] 2018-10-18 10:47:35.630 [http-nio-8080-exec-10] BasicTypeRegistry - Adding type registration timezone -> org.hibernate.type.TimeZoneType@52b5288a
[DEBUG] 2018-10-18 10:47:35.630 [http-nio-8080-exec-10] BasicTypeRegistry - Adding type registration java.util.TimeZone -> org.hibernate.type.TimeZoneType@52b5288a
[DEBUG] 2018-10-18 10:47:35.632 [http-nio-8080-exec-10] BasicTypeRegistry - Adding type registration class -> org.hibernate.type.ClassType@47a161b8
[DEBUG] 2018-10-18 10:47:35.632 [http-nio-8080-exec-10] BasicTypeRegistry - Adding type registration java.lang.Class -> org.hibernate.type.ClassType@47a161b8
[DEBUG] 2018-10-18 10:47:35.639 [http-nio-8080-exec-10] BasicTypeRegistry - Adding type registration uuid-binary -> org.hibernate.type.UUIDBinaryType@1c24ba3c
[DEBUG] 2018-10-18 10:47:35.639 [http-nio-8080-exec-10] BasicTypeRegistry - Adding type registration java.util.UUID -> org.hibernate.type.UUIDBinaryType@1c24ba3c
[DEBUG] 2018-10-18 10:47:35.639 [http-nio-8080-exec-10] BasicTypeRegistry - Adding type registration uuid-char -> org.hibernate.type.UUIDCharType@2b6a568
[DEBUG] 2018-10-18 10:47:35.641 [http-nio-8080-exec-10] BasicTypeRegistry - Adding type registration binary -> org.hibernate.type.BinaryType@789a226a
[DEBUG] 2018-10-18 10:47:35.641 [http-nio-8080-exec-10] BasicTypeRegistry - Adding type registration byte[] -> org.hibernate.type.BinaryType@789a226a
[DEBUG] 2018-10-18 10:47:35.641 [http-nio-8080-exec-10] BasicTypeRegistry - Adding type registration [B -> org.hibernate.type.BinaryType@789a226a
[DEBUG] 2018-10-18 10:47:35.642 [http-nio-8080-exec-10] BasicTypeRegistry - Adding type registration wrapper-binary -> org.hibernate.type.WrapperBinaryType@70802dd8
[DEBUG] 2018-10-18 10:47:35.642 [http-nio-8080-exec-10] BasicTypeRegistry - Adding type registration Byte[] -> org.hibernate.type.WrapperBinaryType@70802dd8
[DEBUG] 2018-10-18 10:47:35.642 [http-nio-8080-exec-10] BasicTypeRegistry - Adding type registration [Ljava.lang.Byte; -> org.hibernate.type.WrapperBinaryType@70802dd8
[DEBUG] 2018-10-18 10:47:35.643 [http-nio-8080-exec-10] BasicTypeRegistry - Adding type registration row_version -> org.hibernate.type.RowVersionType@7b379202
[DEBUG] 2018-10-18 10:47:35.645 [http-nio-8080-exec-10] BasicTypeRegistry - Adding type registration image -> org.hibernate.type.ImageType@66899d01
[DEBUG] 2018-10-18 10:47:35.646 [http-nio-8080-exec-10] BasicTypeRegistry - Adding type registration characters -> org.hibernate.type.CharArrayType@f17635e
[DEBUG] 2018-10-18 10:47:35.646 [http-nio-8080-exec-10] BasicTypeRegistry - Adding type registration char[] -> org.hibernate.type.CharArrayType@f17635e
[DEBUG] 2018-10-18 10:47:35.646 [http-nio-8080-exec-10] BasicTypeRegistry - Adding type registration [C -> org.hibernate.type.CharArrayType@f17635e
[DEBUG] 2018-10-18 10:47:35.647 [http-nio-8080-exec-10] BasicTypeRegistry - Adding type registration wrapper-characters -> org.hibernate.type.CharacterArrayType@2a7b0458
[DEBUG] 2018-10-18 10:47:35.647 [http-nio-8080-exec-10] BasicTypeRegistry - Adding type registration [Ljava.lang.Character; -> org.hibernate.type.CharacterArrayType@2a7b0458
[DEBUG] 2018-10-18 10:47:35.647 [http-nio-8080-exec-10] BasicTypeRegistry - Adding type registration Character[] -> org.hibernate.type.CharacterArrayType@2a7b0458
[DEBUG] 2018-10-18 10:47:35.650 [http-nio-8080-exec-10] BasicTypeRegistry - Adding type registration text -> org.hibernate.type.TextType@76c0056d
[DEBUG] 2018-10-18 10:47:35.651 [http-nio-8080-exec-10] BasicTypeRegistry - Adding type registration ntext -> org.hibernate.type.NTextType@505abf90
[DEBUG] 2018-10-18 10:47:35.655 [http-nio-8080-exec-10] BasicTypeRegistry - Adding type registration blob -> org.hibernate.type.BlobType@2dcd864b
[DEBUG] 2018-10-18 10:47:35.656 [http-nio-8080-exec-10] BasicTypeRegistry - Adding type registration java.sql.Blob -> org.hibernate.type.BlobType@2dcd864b
[DEBUG] 2018-10-18 10:47:35.656 [http-nio-8080-exec-10] BasicTypeRegistry - Adding type registration materialized_blob -> org.hibernate.type.MaterializedBlobType@71b39d9b
[DEBUG] 2018-10-18 10:47:35.672 [http-nio-8080-exec-10] BasicTypeRegistry - Adding type registration clob -> org.hibernate.type.ClobType@1ed479ef
[DEBUG] 2018-10-18 10:47:35.672 [http-nio-8080-exec-10] BasicTypeRegistry - Adding type registration java.sql.Clob -> org.hibernate.type.ClobType@1ed479ef
[DEBUG] 2018-10-18 10:47:35.680 [http-nio-8080-exec-10] BasicTypeRegistry - Adding type registration nclob -> org.hibernate.type.NClobType@1c893b9
[DEBUG] 2018-10-18 10:47:35.680 [http-nio-8080-exec-10] BasicTypeRegistry - Adding type registration java.sql.NClob -> org.hibernate.type.NClobType@1c893b9
[DEBUG] 2018-10-18 10:47:35.680 [http-nio-8080-exec-10] BasicTypeRegistry - Adding type registration materialized_clob -> org.hibernate.type.MaterializedClobType@b807ba0
[DEBUG] 2018-10-18 10:47:35.681 [http-nio-8080-exec-10] BasicTypeRegistry - Adding type registration materialized_nclob -> org.hibernate.type.MaterializedNClobType@3a5f210
[DEBUG] 2018-10-18 10:47:35.685 [http-nio-8080-exec-10] BasicTypeRegistry - Adding type registration serializable -> org.hibernate.type.SerializableType@347f6a71
[DEBUG] 2018-10-18 10:47:35.692 [http-nio-8080-exec-10] BasicTypeRegistry - Adding type registration object -> org.hibernate.type.ObjectType@60f26c16
[DEBUG] 2018-10-18 10:47:35.694 [http-nio-8080-exec-10] BasicTypeRegistry - Adding type registration java.lang.Object -> org.hibernate.type.ObjectType@60f26c16
[DEBUG] 2018-10-18 10:47:35.696 [http-nio-8080-exec-10] BasicTypeRegistry - Adding type registration imm_date -> org.hibernate.type.AdaptedImmutableType@139080dd
[DEBUG] 2018-10-18 10:47:35.697 [http-nio-8080-exec-10] BasicTypeRegistry - Adding type registration imm_time -> org.hibernate.type.AdaptedImmutableType@6071cc65
[DEBUG] 2018-10-18 10:47:35.697 [http-nio-8080-exec-10] BasicTypeRegistry - Adding type registration imm_timestamp -> org.hibernate.type.AdaptedImmutableType@4239b4e7
[DEBUG] 2018-10-18 10:47:35.697 [http-nio-8080-exec-10] BasicTypeRegistry - Adding type registration imm_dbtimestamp -> org.hibernate.type.AdaptedImmutableType@da9ed72
[DEBUG] 2018-10-18 10:47:35.697 [http-nio-8080-exec-10] BasicTypeRegistry - Adding type registration imm_calendar -> org.hibernate.type.AdaptedImmutableType@1aa80272
[DEBUG] 2018-10-18 10:47:35.697 [http-nio-8080-exec-10] BasicTypeRegistry - Adding type registration imm_calendar_date -> org.hibernate.type.AdaptedImmutableType@7454f7a6
[DEBUG] 2018-10-18 10:47:35.697 [http-nio-8080-exec-10] BasicTypeRegistry - Adding type registration imm_binary -> org.hibernate.type.AdaptedImmutableType@7b45fb47
[DEBUG] 2018-10-18 10:47:35.697 [http-nio-8080-exec-10] BasicTypeRegistry - Adding type registration imm_serializable -> org.hibernate.type.AdaptedImmutableType@39454b20
[INFO ] 2018-10-18 10:47:35.725 [http-nio-8080-exec-10] C3P0ConnectionProvider - HHH010002: C3P0 using driver: com.mysql.jdbc.Driver at URL: jdbc:mysql://localhost:3306/indieProject
[INFO ] 2018-10-18 10:47:35.727 [http-nio-8080-exec-10] C3P0ConnectionProvider - HHH10001001: Connection properties: {user=root, password=****}
[INFO ] 2018-10-18 10:47:35.727 [http-nio-8080-exec-10] C3P0ConnectionProvider - HHH10001003: Autocommit mode: false
[INFO ] 2018-10-18 10:47:36.102 [http-nio-8080-exec-10] C3P0ConnectionProvider - HHH10001007: JDBC isolation level: <unknown>
[DEBUG] 2018-10-18 10:47:37.063 [http-nio-8080-exec-10] JdbcEnvironmentInitiator - Database ->
       name : MySQL
    version : 5.7.23-0ubuntu0.16.04.1
      major : 5
      minor : 7
[DEBUG] 2018-10-18 10:47:37.066 [http-nio-8080-exec-10] JdbcEnvironmentInitiator - Driver ->
       name : MySQL Connector Java
    version : mysql-connector-java-5.1.39 ( Revision: 3289a357af6d09ecc1a10fd3c26e95183e5790ad )
      major : 5
      minor : 1
[DEBUG] 2018-10-18 10:47:37.066 [http-nio-8080-exec-10] JdbcEnvironmentInitiator - JDBC version : 4.0
[INFO ] 2018-10-18 10:47:37.113 [http-nio-8080-exec-10] Dialect - HHH000400: Using dialect: org.hibernate.dialect.MySQL5Dialect
[DEBUG] 2018-10-18 10:47:37.283 [http-nio-8080-exec-10] IdentifierHelperBuilder - JDBC driver metadata reported database stores quoted identifiers in more than one case
[DEBUG] 2018-10-18 10:47:37.304 [http-nio-8080-exec-10] IdentifierHelperBuilder - IdentifierCaseStrategy for both quoted and unquoted identifiers was set to the same strategy [MIXED]; that will likely lead to problems in schema update and validation if using quoted identifiers
[DEBUG] 2018-10-18 10:47:37.434 [http-nio-8080-exec-10] DefaultIdentifierGeneratorFactory - Registering IdentifierGenerator strategy [uuid2] -> [org.hibernate.id.UUIDGenerator]
[DEBUG] 2018-10-18 10:47:37.435 [http-nio-8080-exec-10] DefaultIdentifierGeneratorFactory - Registering IdentifierGenerator strategy [guid] -> [org.hibernate.id.GUIDGenerator]
[DEBUG] 2018-10-18 10:47:37.441 [http-nio-8080-exec-10] DefaultIdentifierGeneratorFactory - Registering IdentifierGenerator strategy [uuid] -> [org.hibernate.id.UUIDHexGenerator]
[DEBUG] 2018-10-18 10:47:37.442 [http-nio-8080-exec-10] DefaultIdentifierGeneratorFactory - Registering IdentifierGenerator strategy [uuid.hex] -> [org.hibernate.id.UUIDHexGenerator]
[DEBUG] 2018-10-18 10:47:37.445 [http-nio-8080-exec-10] DefaultIdentifierGeneratorFactory - Registering IdentifierGenerator strategy [assigned] -> [org.hibernate.id.Assigned]
[DEBUG] 2018-10-18 10:47:37.447 [http-nio-8080-exec-10] DefaultIdentifierGeneratorFactory - Registering IdentifierGenerator strategy [identity] -> [org.hibernate.id.IdentityGenerator]
[DEBUG] 2018-10-18 10:47:37.447 [http-nio-8080-exec-10] DefaultIdentifierGeneratorFactory - Registering IdentifierGenerator strategy [select] -> [org.hibernate.id.SelectGenerator]
[DEBUG] 2018-10-18 10:47:37.463 [http-nio-8080-exec-10] DefaultIdentifierGeneratorFactory - Registering IdentifierGenerator strategy [sequence] -> [org.hibernate.id.enhanced.SequenceStyleGenerator]
[DEBUG] 2018-10-18 10:47:37.464 [http-nio-8080-exec-10] DefaultIdentifierGeneratorFactory - Registering IdentifierGenerator strategy [seqhilo] -> [org.hibernate.id.SequenceHiLoGenerator]
[DEBUG] 2018-10-18 10:47:37.465 [http-nio-8080-exec-10] DefaultIdentifierGeneratorFactory - Registering IdentifierGenerator strategy [increment] -> [org.hibernate.id.IncrementGenerator]
[DEBUG] 2018-10-18 10:47:37.465 [http-nio-8080-exec-10] DefaultIdentifierGeneratorFactory - Registering IdentifierGenerator strategy [foreign] -> [org.hibernate.id.ForeignGenerator]
[DEBUG] 2018-10-18 10:47:37.475 [http-nio-8080-exec-10] DefaultIdentifierGeneratorFactory - Registering IdentifierGenerator strategy [sequence-identity] -> [org.hibernate.id.SequenceIdentityGenerator]
[DEBUG] 2018-10-18 10:47:37.475 [http-nio-8080-exec-10] DefaultIdentifierGeneratorFactory - Registering IdentifierGenerator strategy [enhanced-sequence] -> [org.hibernate.id.enhanced.SequenceStyleGenerator]
[DEBUG] 2018-10-18 10:47:37.482 [http-nio-8080-exec-10] DefaultIdentifierGeneratorFactory - Registering IdentifierGenerator strategy [enhanced-table] -> [org.hibernate.id.enhanced.TableGenerator]
[DEBUG] 2018-10-18 10:47:37.540 [http-nio-8080-exec-10] Namespace - Created database namespace [logicalName=Name{catalog=null, schema=null}, physicalName=Name{catalog=null, schema=null}]
[DEBUG] 2018-10-18 10:47:37.595 [http-nio-8080-exec-10] AnnotationBinder - Binding entity from annotated class: ProductionCountLog.entity.User
[DEBUG] 2018-10-18 10:47:37.667 [http-nio-8080-exec-10] Ejb3Column - Binding column: Ejb3DiscriminatorColumn{logicalColumnName'DTYPE', discriminatorTypeName='string'}
[DEBUG] 2018-10-18 10:47:37.677 [http-nio-8080-exec-10] EntityBinder - Import with entity name User
[DEBUG] 2018-10-18 10:47:37.683 [http-nio-8080-exec-10] EntityBinder - Bind entity ProductionCountLog.entity.User on table user
[DEBUG] 2018-10-18 10:47:37.765 [http-nio-8080-exec-10] Ejb3Column - Binding column: Ejb3Column{table=org.hibernate.mapping.Table(user), mappingColumn=id, insertable=true, updatable=true, unique=false}
[DEBUG] 2018-10-18 10:47:37.770 [http-nio-8080-exec-10] PropertyBinder - MetadataSourceProcessor property id with lazy=false
[DEBUG] 2018-10-18 10:47:37.775 [http-nio-8080-exec-10] AbstractPropertyHolder - Attempting to locate auto-apply AttributeConverter for property [ProductionCountLog.entity.User:id]
[DEBUG] 2018-10-18 10:47:37.785 [http-nio-8080-exec-10] SimpleValueBinder - building SimpleValue for id
[DEBUG] 2018-10-18 10:47:37.794 [http-nio-8080-exec-10] PropertyBinder - Building property id
[DEBUG] 2018-10-18 10:47:37.813 [http-nio-8080-exec-10] Ejb3Column - Binding column: Ejb3Column{table=org.hibernate.mapping.Table(user), mappingColumn=credits, insertable=true, updatable=true, unique=false}
[DEBUG] 2018-10-18 10:47:37.814 [http-nio-8080-exec-10] PropertyBinder - MetadataSourceProcessor property credits with lazy=false
[DEBUG] 2018-10-18 10:47:37.814 [http-nio-8080-exec-10] AbstractPropertyHolder - Attempting to locate auto-apply AttributeConverter for property [ProductionCountLog.entity.User:credits]
[DEBUG] 2018-10-18 10:47:37.815 [http-nio-8080-exec-10] SimpleValueBinder - building SimpleValue for credits
[DEBUG] 2018-10-18 10:47:37.815 [http-nio-8080-exec-10] PropertyBinder - Building property credits
[DEBUG] 2018-10-18 10:47:37.816 [http-nio-8080-exec-10] Ejb3Column - Binding column: Ejb3Column{table=org.hibernate.mapping.Table(user), mappingColumn=date, insertable=true, updatable=true, unique=false}
[DEBUG] 2018-10-18 10:47:37.821 [http-nio-8080-exec-10] PropertyBinder - MetadataSourceProcessor property date with lazy=false
[DEBUG] 2018-10-18 10:47:37.821 [http-nio-8080-exec-10] AbstractPropertyHolder - Attempting to locate auto-apply AttributeConverter for property [ProductionCountLog.entity.User:date]
[DEBUG] 2018-10-18 10:47:37.821 [http-nio-8080-exec-10] SimpleValueBinder - building SimpleValue for date
[DEBUG] 2018-10-18 10:47:37.821 [http-nio-8080-exec-10] PropertyBinder - Building property date
[DEBUG] 2018-10-18 10:47:37.825 [http-nio-8080-exec-10] Ejb3Column - Binding column: Ejb3Column{table=org.hibernate.mapping.Table(user), mappingColumn=downtime, insertable=true, updatable=true, unique=false}
[DEBUG] 2018-10-18 10:47:37.825 [http-nio-8080-exec-10] PropertyBinder - MetadataSourceProcessor property downtime with lazy=false
[DEBUG] 2018-10-18 10:47:37.825 [http-nio-8080-exec-10] AbstractPropertyHolder - Attempting to locate auto-apply AttributeConverter for property [ProductionCountLog.entity.User:downtime]
[DEBUG] 2018-10-18 10:47:37.826 [http-nio-8080-exec-10] SimpleValueBinder - building SimpleValue for downtime
[DEBUG] 2018-10-18 10:47:37.827 [http-nio-8080-exec-10] PropertyBinder - Building property downtime
[DEBUG] 2018-10-18 10:47:37.827 [http-nio-8080-exec-10] Ejb3Column - Binding column: Ejb3Column{table=org.hibernate.mapping.Table(user), mappingColumn=employee_id, insertable=true, updatable=true, unique=false}
[DEBUG] 2018-10-18 10:47:37.827 [http-nio-8080-exec-10] PropertyBinder - MetadataSourceProcessor property employeeId with lazy=false
[DEBUG] 2018-10-18 10:47:37.827 [http-nio-8080-exec-10] AbstractPropertyHolder - Attempting to locate auto-apply AttributeConverter for property [ProductionCountLog.entity.User:employeeId]
[DEBUG] 2018-10-18 10:47:37.827 [http-nio-8080-exec-10] SimpleValueBinder - building SimpleValue for employeeId
[DEBUG] 2018-10-18 10:47:37.827 [http-nio-8080-exec-10] PropertyBinder - Building property employeeId
[DEBUG] 2018-10-18 10:47:37.828 [http-nio-8080-exec-10] Ejb3Column - Binding column: Ejb3Column{table=org.hibernate.mapping.Table(user), mappingColumn=first_name, insertable=true, updatable=true, unique=false}
[DEBUG] 2018-10-18 10:47:37.828 [http-nio-8080-exec-10] PropertyBinder - MetadataSourceProcessor property firstName with lazy=false
[DEBUG] 2018-10-18 10:47:37.828 [http-nio-8080-exec-10] AbstractPropertyHolder - Attempting to locate auto-apply AttributeConverter for property [ProductionCountLog.entity.User:firstName]
[DEBUG] 2018-10-18 10:47:37.828 [http-nio-8080-exec-10] SimpleValueBinder - building SimpleValue for firstName
[DEBUG] 2018-10-18 10:47:37.828 [http-nio-8080-exec-10] PropertyBinder - Building property firstName
[DEBUG] 2018-10-18 10:47:37.828 [http-nio-8080-exec-10] Ejb3Column - Binding column: Ejb3Column{table=org.hibernate.mapping.Table(user), mappingColumn=hours_worked, insertable=true, updatable=true, unique=false}
[DEBUG] 2018-10-18 10:47:37.828 [http-nio-8080-exec-10] PropertyBinder - MetadataSourceProcessor property hoursWorked with lazy=false
[DEBUG] 2018-10-18 10:47:37.828 [http-nio-8080-exec-10] AbstractPropertyHolder - Attempting to locate auto-apply AttributeConverter for property [ProductionCountLog.entity.User:hoursWorked]
[DEBUG] 2018-10-18 10:47:37.829 [http-nio-8080-exec-10] SimpleValueBinder - building SimpleValue for hoursWorked
[DEBUG] 2018-10-18 10:47:37.829 [http-nio-8080-exec-10] PropertyBinder - Building property hoursWorked
[DEBUG] 2018-10-18 10:47:37.829 [http-nio-8080-exec-10] Ejb3Column - Binding column: Ejb3Column{table=org.hibernate.mapping.Table(user), mappingColumn=last_name, insertable=true, updatable=true, unique=false}
[DEBUG] 2018-10-18 10:47:37.834 [http-nio-8080-exec-10] PropertyBinder - MetadataSourceProcessor property lastName with lazy=false
[DEBUG] 2018-10-18 10:47:37.834 [http-nio-8080-exec-10] AbstractPropertyHolder - Attempting to locate auto-apply AttributeConverter for property [ProductionCountLog.entity.User:lastName]
[DEBUG] 2018-10-18 10:47:37.834 [http-nio-8080-exec-10] SimpleValueBinder - building SimpleValue for lastName
[DEBUG] 2018-10-18 10:47:37.835 [http-nio-8080-exec-10] PropertyBinder - Building property lastName
[DEBUG] 2018-10-18 10:47:37.841 [http-nio-8080-exec-10] Ejb3Column - Binding column: Ejb3Column{table=org.hibernate.mapping.Table(user), mappingColumn=machine_number, insertable=true, updatable=true, unique=false}
[DEBUG] 2018-10-18 10:47:37.841 [http-nio-8080-exec-10] PropertyBinder - MetadataSourceProcessor property machineNumber with lazy=false
[DEBUG] 2018-10-18 10:47:37.841 [http-nio-8080-exec-10] AbstractPropertyHolder - Attempting to locate auto-apply AttributeConverter for property [ProductionCountLog.entity.User:machineNumber]
[DEBUG] 2018-10-18 10:47:37.841 [http-nio-8080-exec-10] SimpleValueBinder - building SimpleValue for machineNumber
[DEBUG] 2018-10-18 10:47:37.841 [http-nio-8080-exec-10] PropertyBinder - Building property machineNumber
[DEBUG] 2018-10-18 10:47:37.847 [http-nio-8080-exec-10] Ejb3Column - Binding column: Ejb3Column{table=org.hibernate.mapping.Table(user), mappingColumn=product_name, insertable=true, updatable=true, unique=false}
[DEBUG] 2018-10-18 10:47:37.847 [http-nio-8080-exec-10] PropertyBinder - MetadataSourceProcessor property productName with lazy=false
[DEBUG] 2018-10-18 10:47:37.848 [http-nio-8080-exec-10] AbstractPropertyHolder - Attempting to locate auto-apply AttributeConverter for property [ProductionCountLog.entity.User:productName]
[DEBUG] 2018-10-18 10:47:37.848 [http-nio-8080-exec-10] SimpleValueBinder - building SimpleValue for productName
[DEBUG] 2018-10-18 10:47:37.848 [http-nio-8080-exec-10] PropertyBinder - Building property productName
[DEBUG] 2018-10-18 10:47:37.848 [http-nio-8080-exec-10] Ejb3Column - Binding column: Ejb3Column{table=org.hibernate.mapping.Table(user), mappingColumn=shift, insertable=true, updatable=true, unique=false}
[DEBUG] 2018-10-18 10:47:37.849 [http-nio-8080-exec-10] PropertyBinder - MetadataSourceProcessor property shift with lazy=false
[DEBUG] 2018-10-18 10:47:37.849 [http-nio-8080-exec-10] AbstractPropertyHolder - Attempting to locate auto-apply AttributeConverter for property [ProductionCountLog.entity.User:shift]
[DEBUG] 2018-10-18 10:47:37.849 [http-nio-8080-exec-10] SimpleValueBinder - building SimpleValue for shift
[DEBUG] 2018-10-18 10:47:37.849 [http-nio-8080-exec-10] PropertyBinder - Building property shift
[DEBUG] 2018-10-18 10:47:37.849 [http-nio-8080-exec-10] Ejb3Column - Binding column: Ejb3Column{table=org.hibernate.mapping.Table(user), mappingColumn=total_parts, insertable=true, updatable=true, unique=false}
[DEBUG] 2018-10-18 10:47:37.849 [http-nio-8080-exec-10] PropertyBinder - MetadataSourceProcessor property totalParts with lazy=false
[DEBUG] 2018-10-18 10:47:37.849 [http-nio-8080-exec-10] AbstractPropertyHolder - Attempting to locate auto-apply AttributeConverter for property [ProductionCountLog.entity.User:totalParts]
[DEBUG] 2018-10-18 10:47:37.849 [http-nio-8080-exec-10] SimpleValueBinder - building SimpleValue for totalParts
[DEBUG] 2018-10-18 10:47:37.849 [http-nio-8080-exec-10] PropertyBinder - Building property totalParts
[DEBUG] 2018-10-18 10:47:37.851 [http-nio-8080-exec-10] SimpleValueBinder - Starting fillSimpleValue for id
[DEBUG] 2018-10-18 10:47:37.852 [http-nio-8080-exec-10] SimpleValueBinder - Starting fillSimpleValue for credits
[DEBUG] 2018-10-18 10:47:37.863 [http-nio-8080-exec-10] SimpleValueBinder - Starting fillSimpleValue for date
[DEBUG] 2018-10-18 10:47:37.863 [http-nio-8080-exec-10] SimpleValueBinder - Starting fillSimpleValue for downtime
[DEBUG] 2018-10-18 10:47:37.863 [http-nio-8080-exec-10] SimpleValueBinder - Starting fillSimpleValue for employeeId
[DEBUG] 2018-10-18 10:47:37.863 [http-nio-8080-exec-10] SimpleValueBinder - Starting fillSimpleValue for firstName
[DEBUG] 2018-10-18 10:47:37.863 [http-nio-8080-exec-10] SimpleValueBinder - Starting fillSimpleValue for hoursWorked
[DEBUG] 2018-10-18 10:47:37.863 [http-nio-8080-exec-10] SimpleValueBinder - Starting fillSimpleValue for lastName
[DEBUG] 2018-10-18 10:47:37.863 [http-nio-8080-exec-10] SimpleValueBinder - Starting fillSimpleValue for machineNumber
[DEBUG] 2018-10-18 10:47:37.863 [http-nio-8080-exec-10] SimpleValueBinder - Starting fillSimpleValue for productName
[DEBUG] 2018-10-18 10:47:37.864 [http-nio-8080-exec-10] SimpleValueBinder - Starting fillSimpleValue for shift
[DEBUG] 2018-10-18 10:47:37.864 [http-nio-8080-exec-10] SimpleValueBinder - Starting fillSimpleValue for totalParts
[DEBUG] 2018-10-18 10:47:37.868 [http-nio-8080-exec-10] PrimaryKey - Forcing column [id] to be non-null as it is part of the primary key for table [user]
[DEBUG] 2018-10-18 10:47:38.064 [http-nio-8080-exec-10] SessionFactoryImpl - Building session factory
[DEBUG] 2018-10-18 10:47:38.067 [http-nio-8080-exec-10] Settings - SessionFactory name : null
[DEBUG] 2018-10-18 10:47:38.072 [http-nio-8080-exec-10] Settings - Automatic flush during beforeCompletion(): enabled
[DEBUG] 2018-10-18 10:47:38.072 [http-nio-8080-exec-10] Settings - Automatic session close at end of transaction: disabled
[DEBUG] 2018-10-18 10:47:38.072 [http-nio-8080-exec-10] Settings - Statistics: disabled
[DEBUG] 2018-10-18 10:47:38.075 [http-nio-8080-exec-10] Settings - Deleted entity synthetic identifier rollback: disabled
[DEBUG] 2018-10-18 10:47:38.075 [http-nio-8080-exec-10] Settings - Default entity-mode: pojo
[DEBUG] 2018-10-18 10:47:38.075 [http-nio-8080-exec-10] Settings - Check Nullability in Core (should be disabled when Bean Validation is on): enabled
[DEBUG] 2018-10-18 10:47:38.075 [http-nio-8080-exec-10] Settings - Allow initialization of lazy state outside session : disabled
[DEBUG] 2018-10-18 10:47:38.076 [http-nio-8080-exec-10] Settings - Using BatchFetchStyle : LEGACY
[DEBUG] 2018-10-18 10:47:38.076 [http-nio-8080-exec-10] Settings - Default batch fetch size: -1
[DEBUG] 2018-10-18 10:47:38.076 [http-nio-8080-exec-10] Settings - Maximum outer join fetch depth: 2
[DEBUG] 2018-10-18 10:47:38.076 [http-nio-8080-exec-10] Settings - Default null ordering: NONE
[DEBUG] 2018-10-18 10:47:38.076 [http-nio-8080-exec-10] Settings - Order SQL updates by primary key: disabled
[DEBUG] 2018-10-18 10:47:38.076 [http-nio-8080-exec-10] Settings - Order SQL inserts for batching: disabled
[DEBUG] 2018-10-18 10:47:38.076 [http-nio-8080-exec-10] Settings - multi-tenancy strategy : NONE
[DEBUG] 2018-10-18 10:47:38.076 [http-nio-8080-exec-10] Settings - JTA Track by Thread: enabled
[DEBUG] 2018-10-18 10:47:38.076 [http-nio-8080-exec-10] Settings - Query language substitutions: {}
[DEBUG] 2018-10-18 10:47:38.078 [http-nio-8080-exec-10] Settings - JPA query language strict compliance: disabled
[DEBUG] 2018-10-18 10:47:38.081 [http-nio-8080-exec-10] Settings - Named query checking : enabled
[DEBUG] 2018-10-18 10:47:38.081 [http-nio-8080-exec-10] Settings - Second-level cache: enabled
[DEBUG] 2018-10-18 10:47:38.081 [http-nio-8080-exec-10] Settings - Second-level query cache: disabled
[DEBUG] 2018-10-18 10:47:38.081 [http-nio-8080-exec-10] Settings - Second-level query cache factory: org.hibernate.cache.internal.StandardQueryCacheFactory@6f679ddd
[DEBUG] 2018-10-18 10:47:38.081 [http-nio-8080-exec-10] Settings - Second-level cache region prefix: null
[DEBUG] 2018-10-18 10:47:38.081 [http-nio-8080-exec-10] Settings - Optimize second-level cache for minimal puts: disabled
[DEBUG] 2018-10-18 10:47:38.081 [http-nio-8080-exec-10] Settings - Structured second-level cache entries: disabled
[DEBUG] 2018-10-18 10:47:38.081 [http-nio-8080-exec-10] Settings - Second-level cache direct-reference entries: disabled
[DEBUG] 2018-10-18 10:47:38.081 [http-nio-8080-exec-10] Settings - Automatic eviction of collection cache: disabled
[DEBUG] 2018-10-18 10:47:38.082 [http-nio-8080-exec-10] Settings - JDBC batch size: 15
[DEBUG] 2018-10-18 10:47:38.082 [http-nio-8080-exec-10] Settings - JDBC batch updates for versioned data: enabled
[DEBUG] 2018-10-18 10:47:38.082 [http-nio-8080-exec-10] Settings - Scrollable result sets: enabled
[DEBUG] 2018-10-18 10:47:38.082 [http-nio-8080-exec-10] Settings - Wrap result sets: disabled
[DEBUG] 2018-10-18 10:47:38.082 [http-nio-8080-exec-10] Settings - JDBC3 getGeneratedKeys(): enabled
[DEBUG] 2018-10-18 10:47:38.082 [http-nio-8080-exec-10] Settings - JDBC result set fetch size: null
[DEBUG] 2018-10-18 10:47:38.082 [http-nio-8080-exec-10] Settings - Connection release mode: AFTER_TRANSACTION
[DEBUG] 2018-10-18 10:47:38.082 [http-nio-8080-exec-10] Settings - Generate SQL with comments: disabled
[DEBUG] 2018-10-18 10:47:38.388 [http-nio-8080-exec-10] SessionFactoryImpl - Session factory constructed with filter configurations : {}
[DEBUG] 2018-10-18 10:47:38.389 [http-nio-8080-exec-10] SessionFactoryImpl - Instantiating session factory with properties: {awt.toolkit=sun.awt.X11.XToolkit, java.specification.version=1.8, sun.cpu.isalist=, hibernate.c3p0.idle_test_period=3000, sun.jnu.encoding=UTF-8, hibernate.c3p0.min_size=5, sun.arch.data.model=64, catalina.useNaming=true, java.vendor.url=http://java.oracle.com/, openejb.provider.default=org.apache.tomee, sun.boot.library.path=/usr/lib/jvm/java-8-oracle/jre/lib/amd64, com.sun.management.jmxremote.ssl=false, sun.java.command=org.apache.catalina.startup.Bootstrap start, java.specification.vendor=Oracle Corporation, openejb.embedder.source=ServerListener, java.naming.factory.url.pkgs=org.apache.naming:org.apache.openejb.core.ivm.naming, java.home=/usr/lib/jvm/java-8-oracle/jre, file.separator=/, line.separator=
, hibernate.c3p0.timeout=300, java.vm.specification.vendor=Oracle Corporation, java.specification.name=Java Platform API Specification, package.definition=sun.,java.,org.apache.catalina.,org.apache.coyote.,org.apache.jasper.,org.apache.naming.,org.apache.tomcat., openejb.deployments.classpath.filter.systemapps=false, sun.boot.class.path=/usr/lib/jvm/java-8-oracle/jre/lib/resources.jar:/usr/lib/jvm/java-8-oracle/jre/lib/rt.jar:/usr/lib/jvm/java-8-oracle/jre/lib/sunrsasign.jar:/usr/lib/jvm/java-8-oracle/jre/lib/jsse.jar:/usr/lib/jvm/java-8-oracle/jre/lib/jce.jar:/usr/lib/jvm/java-8-oracle/jre/lib/charsets.jar:/usr/lib/jvm/java-8-oracle/jre/lib/jfr.jar:/usr/lib/jvm/java-8-oracle/jre/classes, jdk.tls.ephemeralDHKeySize=2048, java.util.logging.config.file=/home/student/.IntelliJIdea2017.3/system/tomcat/Unnamed_ProductionCountLogInterface_2/conf/logging.properties, connection.password=student, sun.management.compiler=HotSpot 64-Bit Tiered Compilers, java.runtime.version=1.8.0_144-b01, user.name=student, org.apache.johnzon.max-string-length=8192, file.encoding=UTF-8, derby.system.home=/home/student/tomcat/bin, hibernate.connection.driver_class=com.mysql.jdbc.Driver, java.io.tmpdir=/home/student/tomcat/temp, tomcat.util.scan.StandardJarScanFilter.jarsToScan=log4j-core*.jar,log4j-taglib*.jar,log4javascript*.jar,slf4j-taglib*.jar, com.sun.management.jmxremote.port=1099, java.version=1.8.0_144, tomcat.util.scan.StandardJarScanFilter.jarsToSkip=bootstrap.jar,commons-daemon.jar,tomcat-juli.jar,annotations-api.jar,el-api.jar,jsp-api.jar,servlet-api.jar,websocket-api.jar,jaspic-api.jar,catalina.jar,catalina-ant.jar,catalina-ha.jar,catalina-storeconfig.jar,catalina-tribes.jar,jasper.jar,jasper-el.jar,ecj-*.jar,tomcat-api.jar,tomcat-util.jar,tomcat-util-scan.jar,tomcat-coyote.jar,tomcat-dbcp.jar,tomcat-jni.jar,tomcat-websocket.jar,tomcat-i18n-en.jar,tomcat-i18n-es.jar,tomcat-i18n-fr.jar,tomcat-i18n-ja.jar,tomcat-juli-adapters.jar,catalina-jmx-remote.jar,catalina-ws.jar,tomcat-jdbc.jar,tools.jar,commons-beanutils*.jar,commons-codec*.jar,commons-collections*.jar,commons-dbcp*.jar,commons-digester*.jar,commons-fileupload*.jar,commons-httpclient*.jar,commons-io*.jar,commons-lang*.jar,commons-logging*.jar,commons-math*.jar,commons-pool*.jar,jstl.jar,taglibs-standard-spec-*.jar,geronimo-spec-jaxrpc*.jar,wsdl4j*.jar,ant.jar,ant-junit*.jar,aspectj*.jar,jmx.jar,h2*.jar,hibernate*.jar,httpclient*.jar,jmx-tools.jar,jta*.jar,log4j*.jar,mail*.jar,slf4j*.jar,xercesImpl.jar,xmlParserAPIs.jar,xml-apis.jar,junit.jar,junit-*.jar,ant-launcher.jar,cobertura-*.jar,asm-*.jar,dom4j-*.jar,icu4j-*.jar,jaxen-*.jar,jdom-*.jar,jetty-*.jar,oro-*.jar,servlet-api-*.jar,tagsoup-*.jar,xmlParserAPIs-*.jar,xom-*.jar, connection.username=root, java.vm.specification.name=Java Virtual Machine Specification, java.awt.printerjob=sun.print.PSPrinterJob, sun.os.patch.level=unknown, connection.driver_class=com.mysql.jdbc.Driver, tomcat.built=Jun 9 2016 11:16:29 UTC, java.library.path=/usr/java/packages/lib/amd64:/usr/lib64:/lib64:/lib:/usr/lib, java.vendor=Oracle Corporation, tomee.version=7.0.1, java.rmi.server.randomIDs=true, sun.io.unicode.encoding=UnicodeLittle, tomcat.util.buf.StringCache.byte.enabled=true, sun.desktop=gnome, file.encoding.pkg=sun.io, com.sun.management.jmxremote.authenticate=false, java.class.path=/home/student/tomcat/bin/bootstrap.jar:/home/student/tomcat/bin/tomcat-juli.jar:/home/student/tomcat/lib/openejb-javaagent.jar, tomcat.version=8.5.3.0, java.vm.vendor=Oracle Corporation, openejb.home=/home/student/tomcat, openejb.system.apps=true, user.timezone=America/Chicago, os.name=Linux, java.vm.specification.version=1.8, sun.java.launcher=SUN_STANDARD, user.country=US, openejb.base=/home/student/.IntelliJIdea2017.3/system/tomcat/Unnamed_ProductionCountLogInterface_2, com.sun.management.jmxremote=, sun.cpu.endian=little, user.home=/home/student, hibernate.c3p0.max_statements=50, user.language=en, openejb.deployments.classpath=false, java.awt.graphicsenv=sun.awt.X11GraphicsEnvironment, package.access=sun.,org.apache.catalina.,org.apache.coyote.,org.apache.jasper.,org.apache.tomcat., openejb.loader=tomcat-system, server.loader=, hibernate.c3p0.max_size=20, java.naming.factory.initial=org.apache.naming.java.javaURLContextFactory, org.apache.openejb.core.security.JaccProvider=org.apache.openejb.core.security.jacc.BasicJaccProvider, path.separator=:, hibernate.connection.username=root, common.loader="/home/student/tomcat/lib","/home/student/tomcat/lib/*.jar","/home/student/tomcat/lib","/home/student/tomcat/lib/*.jar", openejb.java9.hack=false, os.version=4.4.0-57-generic, openejb.version=7.0.1, java.endorsed.dirs=/usr/lib/jvm/java-8-oracle/jre/lib/endorsed, org.apache.security.jacc.EJBMethodPermission.methodInterfaces=BusinessLocalHome,BusinessRemoteHome,BusinessRemote,BusinessLocal, java.runtime.name=Java(TM) SE Runtime Environment, hibernate.connection.url=jdbc:mysql://localhost:3306/indieProject, java.vm.name=Java HotSpot(TM) 64-Bit Server VM, tomee.remote.support=true, java.vendor.url.bug=http://bugreport.sun.com/bugreport/, catalina.home=/home/student/tomcat, bval.in-container=true, user.dir=/home/student/tomcat/bin, os.arch=amd64, openjpa.Log=org.apache.openejb.openjpa.JULOpenJPALogFactory, hibernate.connection.password=****, tomee.serialization.class.blacklist=-, tomee.serialization.class.whitelist=, catalina.base=/home/student/.IntelliJIdea2017.3/system/tomcat/Unnamed_ProductionCountLogInterface_2, shared.loader=, hibernate.boot.CfgXmlAccessService.key=org.hibernate.boot.cfgxml.spi.LoadedConfig@43cc56be, java.util.logging.manager=org.apache.juli.ClassLoaderLogManager, noBanner=true, org.apache.webbeans.logger.WebBeansLoggerFacade=org.apache.openejb.cdi.logging.ContainerJULLoggerFactory, java.vm.info=mixed mode, java.vm.version=25.144-b01, hibernate.bytecode.use_reflection_optimizer=false, java.rmi.server.hostname=127.0.0.1, javax.security.jacc.PolicyConfigurationFactory.provider=org.apache.openejb.core.security.JaccProvider$Factory, java.ext.dirs=/usr/lib/jvm/java-8-oracle/jre/lib/ext:/usr/java/packages/lib/ext, connection.url=jdbc:mysql://localhost:3306/indieProject, java.class.version=52.0, authconfigprovider.factory=false}
[DEBUG] 2018-10-18 10:47:38.454 [http-nio-8080-exec-10] ClassLoaderAccessImpl - Not known whether passed class name [ProductionCountLog.entity.User] is safe
[DEBUG] 2018-10-18 10:47:38.455 [http-nio-8080-exec-10] ClassLoaderAccessImpl - No temp ClassLoader provided; using live ClassLoader for loading potentially unsafe class : ProductionCountLog.entity.User
[DEBUG] 2018-10-18 10:47:38.518 [http-nio-8080-exec-10] JaccIntegrator - Skipping JACC integration as it was not enabled
[DEBUG] 2018-10-18 10:47:38.539 [http-nio-8080-exec-10] SessionFactoryImpl - Instantiated session factory
[DEBUG] 2018-10-18 10:47:38.698 [http-nio-8080-exec-10] ClassLoaderAccessImpl - Not known whether passed class name [ProductionCountLog.entity.User] is safe
[DEBUG] 2018-10-18 10:47:38.698 [http-nio-8080-exec-10] ClassLoaderAccessImpl - No temp ClassLoader provided; using live ClassLoader for loading potentially unsafe class : ProductionCountLog.entity.User
[DEBUG] 2018-10-18 10:47:38.763 [http-nio-8080-exec-10] ClassLoaderAccessImpl - Not known whether passed class name [ProductionCountLog.entity.User] is safe
[DEBUG] 2018-10-18 10:47:38.764 [http-nio-8080-exec-10] ClassLoaderAccessImpl - No temp ClassLoader provided; using live ClassLoader for loading potentially unsafe class : ProductionCountLog.entity.User
[DEBUG] 2018-10-18 10:47:38.980 [http-nio-8080-exec-10] AbstractEntityPersister - Static SQL for entity: ProductionCountLog.entity.User
[DEBUG] 2018-10-18 10:47:38.980 [http-nio-8080-exec-10] AbstractEntityPersister -  Version select: select id from user where id =?
[DEBUG] 2018-10-18 10:47:38.981 [http-nio-8080-exec-10] AbstractEntityPersister -  Snapshot select: select user_.id, user_.credits as credits2_0_, user_.date as date3_0_, user_.downtime as downtime4_0_, user_.employee_id as employee5_0_, user_.first_name as first_na6_0_, user_.hours_worked as hours_wo7_0_, user_.last_name as last_nam8_0_, user_.machine_number as machine_9_0_, user_.product_name as product10_0_, user_.shift as shift11_0_, user_.total_parts as total_p12_0_ from user user_ where user_.id=?
[DEBUG] 2018-10-18 10:47:38.981 [http-nio-8080-exec-10] AbstractEntityPersister -  Insert 0: insert into user (credits, date, downtime, employee_id, first_name, hours_worked, last_name, machine_number, product_name, shift, total_parts, id) values (?, ?, ?, ?, ?, ?, ?, ?, ?, ?, ?, ?)
[DEBUG] 2018-10-18 10:47:38.981 [http-nio-8080-exec-10] AbstractEntityPersister -  Update 0: update user set credits=?, date=?, downtime=?, employee_id=?, first_name=?, hours_worked=?, last_name=?, machine_number=?, product_name=?, shift=?, total_parts=? where id=?
[DEBUG] 2018-10-18 10:47:38.981 [http-nio-8080-exec-10] AbstractEntityPersister -  Delete 0: delete from user where id=?
[DEBUG] 2018-10-18 10:47:38.981 [http-nio-8080-exec-10] AbstractEntityPersister -  Identity insert: insert into user (credits, date, downtime, employee_id, first_name, hours_worked, last_name, machine_number, product_name, shift, total_parts) values (?, ?, ?, ?, ?, ?, ?, ?, ?, ?, ?)
[DEBUG] 2018-10-18 10:47:39.178 [http-nio-8080-exec-10] QuerySpacesImpl - Adding QuerySpace : uid = <gen:0> -> org.hibernate.loader.plan.build.internal.spaces.EntityQuerySpaceImpl@c7ef002]
[DEBUG] 2018-10-18 10:47:39.182 [http-nio-8080-exec-10] MetamodelGraphWalker - Visiting attribute path : credits
[DEBUG] 2018-10-18 10:47:39.182 [http-nio-8080-exec-10] MetamodelGraphWalker - Visiting attribute path : date
[DEBUG] 2018-10-18 10:47:39.182 [http-nio-8080-exec-10] MetamodelGraphWalker - Visiting attribute path : downtime
[DEBUG] 2018-10-18 10:47:39.183 [http-nio-8080-exec-10] MetamodelGraphWalker - Visiting attribute path : employeeId
[DEBUG] 2018-10-18 10:47:39.183 [http-nio-8080-exec-10] MetamodelGraphWalker - Visiting attribute path : firstName
[DEBUG] 2018-10-18 10:47:39.183 [http-nio-8080-exec-10] MetamodelGraphWalker - Visiting attribute path : hoursWorked
[DEBUG] 2018-10-18 10:47:39.183 [http-nio-8080-exec-10] MetamodelGraphWalker - Visiting attribute path : lastName
[DEBUG] 2018-10-18 10:47:39.183 [http-nio-8080-exec-10] MetamodelGraphWalker - Visiting attribute path : machineNumber
[DEBUG] 2018-10-18 10:47:39.183 [http-nio-8080-exec-10] MetamodelGraphWalker - Visiting attribute path : productName
[DEBUG] 2018-10-18 10:47:39.183 [http-nio-8080-exec-10] MetamodelGraphWalker - Visiting attribute path : shift
[DEBUG] 2018-10-18 10:47:39.183 [http-nio-8080-exec-10] MetamodelGraphWalker - Visiting attribute path : totalParts
[DEBUG] 2018-10-18 10:47:39.183 [http-nio-8080-exec-10] FetchStyleLoadPlanBuildingAssociationVisitationStrategy - Building LoadPlan...
[DEBUG] 2018-10-18 10:47:39.228 [http-nio-8080-exec-10] LoadQueryJoinAndFetchProcessor - processing queryspace <gen:0>
[DEBUG] 2018-10-18 10:47:39.235 [http-nio-8080-exec-10] LoadPlanTreePrinter - LoadPlan(entity=ProductionCountLog.entity.User)
    - Returns
       - EntityReturnImpl(entity=ProductionCountLog.entity.User, querySpaceUid=<gen:0>, path=ProductionCountLog.entity.User)
    - QuerySpaces
       - EntityQuerySpaceImpl(uid=<gen:0>, entity=ProductionCountLog.entity.User)
          - SQL table alias mapping - user0_
          - alias suffix - 0_
          - suffixed key columns - {id1_0_0_}

[DEBUG] 2018-10-18 10:47:39.249 [http-nio-8080-exec-10] EntityLoader - Static select for entity ProductionCountLog.entity.User [NONE]: select user0_.id as id1_0_0_, user0_.credits as credits2_0_0_, user0_.date as date3_0_0_, user0_.downtime as downtime4_0_0_, user0_.employee_id as employee5_0_0_, user0_.first_name as first_na6_0_0_, user0_.hours_worked as hours_wo7_0_0_, user0_.last_name as last_nam8_0_0_, user0_.machine_number as machine_9_0_0_, user0_.product_name as product10_0_0_, user0_.shift as shift11_0_0_, user0_.total_parts as total_p12_0_0_ from user user0_ where user0_.id=?
[DEBUG] 2018-10-18 10:47:39.249 [http-nio-8080-exec-10] QuerySpacesImpl - Adding QuerySpace : uid = <gen:0> -> org.hibernate.loader.plan.build.internal.spaces.EntityQuerySpaceImpl@24963c7b]
[DEBUG] 2018-10-18 10:47:39.249 [http-nio-8080-exec-10] MetamodelGraphWalker - Visiting attribute path : credits
[DEBUG] 2018-10-18 10:47:39.250 [http-nio-8080-exec-10] MetamodelGraphWalker - Visiting attribute path : date
[DEBUG] 2018-10-18 10:47:39.250 [http-nio-8080-exec-10] MetamodelGraphWalker - Visiting attribute path : downtime
[DEBUG] 2018-10-18 10:47:39.250 [http-nio-8080-exec-10] MetamodelGraphWalker - Visiting attribute path : employeeId
[DEBUG] 2018-10-18 10:47:39.250 [http-nio-8080-exec-10] MetamodelGraphWalker - Visiting attribute path : firstName
[DEBUG] 2018-10-18 10:47:39.250 [http-nio-8080-exec-10] MetamodelGraphWalker - Visiting attribute path : hoursWorked
[DEBUG] 2018-10-18 10:47:39.250 [http-nio-8080-exec-10] MetamodelGraphWalker - Visiting attribute path : lastName
[DEBUG] 2018-10-18 10:47:39.250 [http-nio-8080-exec-10] MetamodelGraphWalker - Visiting attribute path : machineNumber
[DEBUG] 2018-10-18 10:47:39.250 [http-nio-8080-exec-10] MetamodelGraphWalker - Visiting attribute path : productName
[DEBUG] 2018-10-18 10:47:39.250 [http-nio-8080-exec-10] MetamodelGraphWalker - Visiting attribute path : shift
[DEBUG] 2018-10-18 10:47:39.250 [http-nio-8080-exec-10] MetamodelGraphWalker - Visiting attribute path : totalParts
[DEBUG] 2018-10-18 10:47:39.251 [http-nio-8080-exec-10] FetchStyleLoadPlanBuildingAssociationVisitationStrategy - Building LoadPlan...
[DEBUG] 2018-10-18 10:47:39.251 [http-nio-8080-exec-10] LoadQueryJoinAndFetchProcessor - processing queryspace <gen:0>
[DEBUG] 2018-10-18 10:47:39.259 [http-nio-8080-exec-10] LoadPlanTreePrinter - LoadPlan(entity=ProductionCountLog.entity.User)
    - Returns
       - EntityReturnImpl(entity=ProductionCountLog.entity.User, querySpaceUid=<gen:0>, path=ProductionCountLog.entity.User)
    - QuerySpaces
       - EntityQuerySpaceImpl(uid=<gen:0>, entity=ProductionCountLog.entity.User)
          - SQL table alias mapping - user0_
          - alias suffix - 0_
          - suffixed key columns - {id1_0_0_}

[DEBUG] 2018-10-18 10:47:39.259 [http-nio-8080-exec-10] EntityLoader - Static select for entity ProductionCountLog.entity.User [READ]: select user0_.id as id1_0_0_, user0_.credits as credits2_0_0_, user0_.date as date3_0_0_, user0_.downtime as downtime4_0_0_, user0_.employee_id as employee5_0_0_, user0_.first_name as first_na6_0_0_, user0_.hours_worked as hours_wo7_0_0_, user0_.last_name as last_nam8_0_0_, user0_.machine_number as machine_9_0_0_, user0_.product_name as product10_0_0_, user0_.shift as shift11_0_0_, user0_.total_parts as total_p12_0_0_ from user user0_ where user0_.id=?
[DEBUG] 2018-10-18 10:47:39.260 [http-nio-8080-exec-10] QuerySpacesImpl - Adding QuerySpace : uid = <gen:0> -> org.hibernate.loader.plan.build.internal.spaces.EntityQuerySpaceImpl@111f372]
[DEBUG] 2018-10-18 10:47:39.260 [http-nio-8080-exec-10] MetamodelGraphWalker - Visiting attribute path : credits
[DEBUG] 2018-10-18 10:47:39.263 [http-nio-8080-exec-10] MetamodelGraphWalker - Visiting attribute path : date
[DEBUG] 2018-10-18 10:47:39.263 [http-nio-8080-exec-10] MetamodelGraphWalker - Visiting attribute path : downtime
[DEBUG] 2018-10-18 10:47:39.263 [http-nio-8080-exec-10] MetamodelGraphWalker - Visiting attribute path : employeeId
[DEBUG] 2018-10-18 10:47:39.263 [http-nio-8080-exec-10] MetamodelGraphWalker - Visiting attribute path : firstName
[DEBUG] 2018-10-18 10:47:39.263 [http-nio-8080-exec-10] MetamodelGraphWalker - Visiting attribute path : hoursWorked
[DEBUG] 2018-10-18 10:47:39.263 [http-nio-8080-exec-10] MetamodelGraphWalker - Visiting attribute path : lastName
[DEBUG] 2018-10-18 10:47:39.263 [http-nio-8080-exec-10] MetamodelGraphWalker - Visiting attribute path : machineNumber
[DEBUG] 2018-10-18 10:47:39.263 [http-nio-8080-exec-10] MetamodelGraphWalker - Visiting attribute path : productName
[DEBUG] 2018-10-18 10:47:39.263 [http-nio-8080-exec-10] MetamodelGraphWalker - Visiting attribute path : shift
[DEBUG] 2018-10-18 10:47:39.263 [http-nio-8080-exec-10] MetamodelGraphWalker - Visiting attribute path : totalParts
[DEBUG] 2018-10-18 10:47:39.263 [http-nio-8080-exec-10] FetchStyleLoadPlanBuildingAssociationVisitationStrategy - Building LoadPlan...
[DEBUG] 2018-10-18 10:47:39.264 [http-nio-8080-exec-10] LoadQueryJoinAndFetchProcessor - processing queryspace <gen:0>
[DEBUG] 2018-10-18 10:47:39.265 [http-nio-8080-exec-10] LoadPlanTreePrinter - LoadPlan(entity=ProductionCountLog.entity.User)
    - Returns
       - EntityReturnImpl(entity=ProductionCountLog.entity.User, querySpaceUid=<gen:0>, path=ProductionCountLog.entity.User)
    - QuerySpaces
       - EntityQuerySpaceImpl(uid=<gen:0>, entity=ProductionCountLog.entity.User)
          - SQL table alias mapping - user0_
          - alias suffix - 0_
          - suffixed key columns - {id1_0_0_}

[DEBUG] 2018-10-18 10:47:39.265 [http-nio-8080-exec-10] EntityLoader - Static select for entity ProductionCountLog.entity.User [UPGRADE]: select user0_.id as id1_0_0_, user0_.credits as credits2_0_0_, user0_.date as date3_0_0_, user0_.downtime as downtime4_0_0_, user0_.employee_id as employee5_0_0_, user0_.first_name as first_na6_0_0_, user0_.hours_worked as hours_wo7_0_0_, user0_.last_name as last_nam8_0_0_, user0_.machine_number as machine_9_0_0_, user0_.product_name as product10_0_0_, user0_.shift as shift11_0_0_, user0_.total_parts as total_p12_0_0_ from user user0_ where user0_.id=? for update
[DEBUG] 2018-10-18 10:47:39.265 [http-nio-8080-exec-10] QuerySpacesImpl - Adding QuerySpace : uid = <gen:0> -> org.hibernate.loader.plan.build.internal.spaces.EntityQuerySpaceImpl@7d14871c]
[DEBUG] 2018-10-18 10:47:39.265 [http-nio-8080-exec-10] MetamodelGraphWalker - Visiting attribute path : credits
[DEBUG] 2018-10-18 10:47:39.265 [http-nio-8080-exec-10] MetamodelGraphWalker - Visiting attribute path : date
[DEBUG] 2018-10-18 10:47:39.265 [http-nio-8080-exec-10] MetamodelGraphWalker - Visiting attribute path : downtime
[DEBUG] 2018-10-18 10:47:39.265 [http-nio-8080-exec-10] MetamodelGraphWalker - Visiting attribute path : employeeId
[DEBUG] 2018-10-18 10:47:39.269 [http-nio-8080-exec-10] MetamodelGraphWalker - Visiting attribute path : firstName
[DEBUG] 2018-10-18 10:47:39.270 [http-nio-8080-exec-10] MetamodelGraphWalker - Visiting attribute path : hoursWorked
[DEBUG] 2018-10-18 10:47:39.270 [http-nio-8080-exec-10] MetamodelGraphWalker - Visiting attribute path : lastName
[DEBUG] 2018-10-18 10:47:39.270 [http-nio-8080-exec-10] MetamodelGraphWalker - Visiting attribute path : machineNumber
[DEBUG] 2018-10-18 10:47:39.270 [http-nio-8080-exec-10] MetamodelGraphWalker - Visiting attribute path : productName
[DEBUG] 2018-10-18 10:47:39.270 [http-nio-8080-exec-10] MetamodelGraphWalker - Visiting attribute path : shift
[DEBUG] 2018-10-18 10:47:39.270 [http-nio-8080-exec-10] MetamodelGraphWalker - Visiting attribute path : totalParts
[DEBUG] 2018-10-18 10:47:39.270 [http-nio-8080-exec-10] FetchStyleLoadPlanBuildingAssociationVisitationStrategy - Building LoadPlan...
[DEBUG] 2018-10-18 10:47:39.271 [http-nio-8080-exec-10] LoadQueryJoinAndFetchProcessor - processing queryspace <gen:0>
[DEBUG] 2018-10-18 10:47:39.271 [http-nio-8080-exec-10] LoadPlanTreePrinter - LoadPlan(entity=ProductionCountLog.entity.User)
    - Returns
       - EntityReturnImpl(entity=ProductionCountLog.entity.User, querySpaceUid=<gen:0>, path=ProductionCountLog.entity.User)
    - QuerySpaces
       - EntityQuerySpaceImpl(uid=<gen:0>, entity=ProductionCountLog.entity.User)
          - SQL table alias mapping - user0_
          - alias suffix - 0_
          - suffixed key columns - {id1_0_0_}

[DEBUG] 2018-10-18 10:47:39.271 [http-nio-8080-exec-10] EntityLoader - Static select for entity ProductionCountLog.entity.User [UPGRADE_NOWAIT]: select user0_.id as id1_0_0_, user0_.credits as credits2_0_0_, user0_.date as date3_0_0_, user0_.downtime as downtime4_0_0_, user0_.employee_id as employee5_0_0_, user0_.first_name as first_na6_0_0_, user0_.hours_worked as hours_wo7_0_0_, user0_.last_name as last_nam8_0_0_, user0_.machine_number as machine_9_0_0_, user0_.product_name as product10_0_0_, user0_.shift as shift11_0_0_, user0_.total_parts as total_p12_0_0_ from user user0_ where user0_.id=? for update
[DEBUG] 2018-10-18 10:47:39.271 [http-nio-8080-exec-10] QuerySpacesImpl - Adding QuerySpace : uid = <gen:0> -> org.hibernate.loader.plan.build.internal.spaces.EntityQuerySpaceImpl@683e0def]
[DEBUG] 2018-10-18 10:47:39.271 [http-nio-8080-exec-10] MetamodelGraphWalker - Visiting attribute path : credits
[DEBUG] 2018-10-18 10:47:39.271 [http-nio-8080-exec-10] MetamodelGraphWalker - Visiting attribute path : date
[DEBUG] 2018-10-18 10:47:39.271 [http-nio-8080-exec-10] MetamodelGraphWalker - Visiting attribute path : downtime
[DEBUG] 2018-10-18 10:47:39.271 [http-nio-8080-exec-10] MetamodelGraphWalker - Visiting attribute path : employeeId
[DEBUG] 2018-10-18 10:47:39.271 [http-nio-8080-exec-10] MetamodelGraphWalker - Visiting attribute path : firstName
[DEBUG] 2018-10-18 10:47:39.271 [http-nio-8080-exec-10] MetamodelGraphWalker - Visiting attribute path : hoursWorked
[DEBUG] 2018-10-18 10:47:39.271 [http-nio-8080-exec-10] MetamodelGraphWalker - Visiting attribute path : lastName
[DEBUG] 2018-10-18 10:47:39.272 [http-nio-8080-exec-10] MetamodelGraphWalker - Visiting attribute path : machineNumber
[DEBUG] 2018-10-18 10:47:39.272 [http-nio-8080-exec-10] MetamodelGraphWalker - Visiting attribute path : productName
[DEBUG] 2018-10-18 10:47:39.272 [http-nio-8080-exec-10] MetamodelGraphWalker - Visiting attribute path : shift
[DEBUG] 2018-10-18 10:47:39.272 [http-nio-8080-exec-10] MetamodelGraphWalker - Visiting attribute path : totalParts
[DEBUG] 2018-10-18 10:47:39.272 [http-nio-8080-exec-10] FetchStyleLoadPlanBuildingAssociationVisitationStrategy - Building LoadPlan...
[DEBUG] 2018-10-18 10:47:39.275 [http-nio-8080-exec-10] LoadQueryJoinAndFetchProcessor - processing queryspace <gen:0>
[DEBUG] 2018-10-18 10:47:39.275 [http-nio-8080-exec-10] LoadPlanTreePrinter - LoadPlan(entity=ProductionCountLog.entity.User)
    - Returns
       - EntityReturnImpl(entity=ProductionCountLog.entity.User, querySpaceUid=<gen:0>, path=ProductionCountLog.entity.User)
    - QuerySpaces
       - EntityQuerySpaceImpl(uid=<gen:0>, entity=ProductionCountLog.entity.User)
          - SQL table alias mapping - user0_
          - alias suffix - 0_
          - suffixed key columns - {id1_0_0_}

[DEBUG] 2018-10-18 10:47:39.275 [http-nio-8080-exec-10] EntityLoader - Static select for entity ProductionCountLog.entity.User [UPGRADE_SKIPLOCKED]: select user0_.id as id1_0_0_, user0_.credits as credits2_0_0_, user0_.date as date3_0_0_, user0_.downtime as downtime4_0_0_, user0_.employee_id as employee5_0_0_, user0_.first_name as first_na6_0_0_, user0_.hours_worked as hours_wo7_0_0_, user0_.last_name as last_nam8_0_0_, user0_.machine_number as machine_9_0_0_, user0_.product_name as product10_0_0_, user0_.shift as shift11_0_0_, user0_.total_parts as total_p12_0_0_ from user user0_ where user0_.id=? for update
[DEBUG] 2018-10-18 10:47:39.275 [http-nio-8080-exec-10] QuerySpacesImpl - Adding QuerySpace : uid = <gen:0> -> org.hibernate.loader.plan.build.internal.spaces.EntityQuerySpaceImpl@79ab84e6]
[DEBUG] 2018-10-18 10:47:39.276 [http-nio-8080-exec-10] MetamodelGraphWalker - Visiting attribute path : credits
[DEBUG] 2018-10-18 10:47:39.276 [http-nio-8080-exec-10] MetamodelGraphWalker - Visiting attribute path : date
[DEBUG] 2018-10-18 10:47:39.276 [http-nio-8080-exec-10] MetamodelGraphWalker - Visiting attribute path : downtime
[DEBUG] 2018-10-18 10:47:39.276 [http-nio-8080-exec-10] MetamodelGraphWalker - Visiting attribute path : employeeId
[DEBUG] 2018-10-18 10:47:39.276 [http-nio-8080-exec-10] MetamodelGraphWalker - Visiting attribute path : firstName
[DEBUG] 2018-10-18 10:47:39.276 [http-nio-8080-exec-10] MetamodelGraphWalker - Visiting attribute path : hoursWorked
[DEBUG] 2018-10-18 10:47:39.276 [http-nio-8080-exec-10] MetamodelGraphWalker - Visiting attribute path : lastName
[DEBUG] 2018-10-18 10:47:39.276 [http-nio-8080-exec-10] MetamodelGraphWalker - Visiting attribute path : machineNumber
[DEBUG] 2018-10-18 10:47:39.276 [http-nio-8080-exec-10] MetamodelGraphWalker - Visiting attribute path : productName
[DEBUG] 2018-10-18 10:47:39.276 [http-nio-8080-exec-10] MetamodelGraphWalker - Visiting attribute path : shift
[DEBUG] 2018-10-18 10:47:39.276 [http-nio-8080-exec-10] MetamodelGraphWalker - Visiting attribute path : totalParts
[DEBUG] 2018-10-18 10:47:39.276 [http-nio-8080-exec-10] FetchStyleLoadPlanBuildingAssociationVisitationStrategy - Building LoadPlan...
[DEBUG] 2018-10-18 10:47:39.280 [http-nio-8080-exec-10] LoadQueryJoinAndFetchProcessor - processing queryspace <gen:0>
[DEBUG] 2018-10-18 10:47:39.280 [http-nio-8080-exec-10] LoadPlanTreePrinter - LoadPlan(entity=ProductionCountLog.entity.User)
    - Returns
       - EntityReturnImpl(entity=ProductionCountLog.entity.User, querySpaceUid=<gen:0>, path=ProductionCountLog.entity.User)
    - QuerySpaces
       - EntityQuerySpaceImpl(uid=<gen:0>, entity=ProductionCountLog.entity.User)
          - SQL table alias mapping - user0_
          - alias suffix - 0_
          - suffixed key columns - {id1_0_0_}

[DEBUG] 2018-10-18 10:47:39.280 [http-nio-8080-exec-10] EntityLoader - Static select for entity ProductionCountLog.entity.User [FORCE]: select user0_.id as id1_0_0_, user0_.credits as credits2_0_0_, user0_.date as date3_0_0_, user0_.downtime as downtime4_0_0_, user0_.employee_id as employee5_0_0_, user0_.first_name as first_na6_0_0_, user0_.hours_worked as hours_wo7_0_0_, user0_.last_name as last_nam8_0_0_, user0_.machine_number as machine_9_0_0_, user0_.product_name as product10_0_0_, user0_.shift as shift11_0_0_, user0_.total_parts as total_p12_0_0_ from user user0_ where user0_.id=? for update
[DEBUG] 2018-10-18 10:47:39.280 [http-nio-8080-exec-10] QuerySpacesImpl - Adding QuerySpace : uid = <gen:0> -> org.hibernate.loader.plan.build.internal.spaces.EntityQuerySpaceImpl@5028ed5c]
[DEBUG] 2018-10-18 10:47:39.280 [http-nio-8080-exec-10] MetamodelGraphWalker - Visiting attribute path : credits
[DEBUG] 2018-10-18 10:47:39.280 [http-nio-8080-exec-10] MetamodelGraphWalker - Visiting attribute path : date
[DEBUG] 2018-10-18 10:47:39.281 [http-nio-8080-exec-10] MetamodelGraphWalker - Visiting attribute path : downtime
[DEBUG] 2018-10-18 10:47:39.281 [http-nio-8080-exec-10] MetamodelGraphWalker - Visiting attribute path : employeeId
[DEBUG] 2018-10-18 10:47:39.281 [http-nio-8080-exec-10] MetamodelGraphWalker - Visiting attribute path : firstName
[DEBUG] 2018-10-18 10:47:39.281 [http-nio-8080-exec-10] MetamodelGraphWalker - Visiting attribute path : hoursWorked
[DEBUG] 2018-10-18 10:47:39.294 [http-nio-8080-exec-10] MetamodelGraphWalker - Visiting attribute path : lastName
[DEBUG] 2018-10-18 10:47:39.297 [http-nio-8080-exec-10] MetamodelGraphWalker - Visiting attribute path : machineNumber
[DEBUG] 2018-10-18 10:47:39.297 [http-nio-8080-exec-10] MetamodelGraphWalker - Visiting attribute path : productName
[DEBUG] 2018-10-18 10:47:39.297 [http-nio-8080-exec-10] MetamodelGraphWalker - Visiting attribute path : shift
[DEBUG] 2018-10-18 10:47:39.297 [http-nio-8080-exec-10] MetamodelGraphWalker - Visiting attribute path : totalParts
[DEBUG] 2018-10-18 10:47:39.297 [http-nio-8080-exec-10] FetchStyleLoadPlanBuildingAssociationVisitationStrategy - Building LoadPlan...
[DEBUG] 2018-10-18 10:47:39.297 [http-nio-8080-exec-10] LoadQueryJoinAndFetchProcessor - processing queryspace <gen:0>
[DEBUG] 2018-10-18 10:47:39.301 [http-nio-8080-exec-10] LoadPlanTreePrinter - LoadPlan(entity=ProductionCountLog.entity.User)
    - Returns
       - EntityReturnImpl(entity=ProductionCountLog.entity.User, querySpaceUid=<gen:0>, path=ProductionCountLog.entity.User)
    - QuerySpaces
       - EntityQuerySpaceImpl(uid=<gen:0>, entity=ProductionCountLog.entity.User)
          - SQL table alias mapping - user0_
          - alias suffix - 0_
          - suffixed key columns - {id1_0_0_}

[DEBUG] 2018-10-18 10:47:39.301 [http-nio-8080-exec-10] EntityLoader - Static select for entity ProductionCountLog.entity.User [PESSIMISTIC_READ]: select user0_.id as id1_0_0_, user0_.credits as credits2_0_0_, user0_.date as date3_0_0_, user0_.downtime as downtime4_0_0_, user0_.employee_id as employee5_0_0_, user0_.first_name as first_na6_0_0_, user0_.hours_worked as hours_wo7_0_0_, user0_.last_name as last_nam8_0_0_, user0_.machine_number as machine_9_0_0_, user0_.product_name as product10_0_0_, user0_.shift as shift11_0_0_, user0_.total_parts as total_p12_0_0_ from user user0_ where user0_.id=? lock in share mode
[DEBUG] 2018-10-18 10:47:39.301 [http-nio-8080-exec-10] QuerySpacesImpl - Adding QuerySpace : uid = <gen:0> -> org.hibernate.loader.plan.build.internal.spaces.EntityQuerySpaceImpl@23d5b6b9]
[DEBUG] 2018-10-18 10:47:39.301 [http-nio-8080-exec-10] MetamodelGraphWalker - Visiting attribute path : credits
[DEBUG] 2018-10-18 10:47:39.301 [http-nio-8080-exec-10] MetamodelGraphWalker - Visiting attribute path : date
[DEBUG] 2018-10-18 10:47:39.301 [http-nio-8080-exec-10] MetamodelGraphWalker - Visiting attribute path : downtime
[DEBUG] 2018-10-18 10:47:39.301 [http-nio-8080-exec-10] MetamodelGraphWalker - Visiting attribute path : employeeId
[DEBUG] 2018-10-18 10:47:39.302 [http-nio-8080-exec-10] MetamodelGraphWalker - Visiting attribute path : firstName
[DEBUG] 2018-10-18 10:47:39.302 [http-nio-8080-exec-10] MetamodelGraphWalker - Visiting attribute path : hoursWorked
[DEBUG] 2018-10-18 10:47:39.302 [http-nio-8080-exec-10] MetamodelGraphWalker - Visiting attribute path : lastName
[DEBUG] 2018-10-18 10:47:39.302 [http-nio-8080-exec-10] MetamodelGraphWalker - Visiting attribute path : machineNumber
[DEBUG] 2018-10-18 10:47:39.302 [http-nio-8080-exec-10] MetamodelGraphWalker - Visiting attribute path : productName
[DEBUG] 2018-10-18 10:47:39.302 [http-nio-8080-exec-10] MetamodelGraphWalker - Visiting attribute path : shift
[DEBUG] 2018-10-18 10:47:39.302 [http-nio-8080-exec-10] MetamodelGraphWalker - Visiting attribute path : totalParts
[DEBUG] 2018-10-18 10:47:39.302 [http-nio-8080-exec-10] FetchStyleLoadPlanBuildingAssociationVisitationStrategy - Building LoadPlan...
[DEBUG] 2018-10-18 10:47:39.302 [http-nio-8080-exec-10] LoadQueryJoinAndFetchProcessor - processing queryspace <gen:0>
[DEBUG] 2018-10-18 10:47:39.302 [http-nio-8080-exec-10] LoadPlanTreePrinter - LoadPlan(entity=ProductionCountLog.entity.User)
    - Returns
       - EntityReturnImpl(entity=ProductionCountLog.entity.User, querySpaceUid=<gen:0>, path=ProductionCountLog.entity.User)
    - QuerySpaces
       - EntityQuerySpaceImpl(uid=<gen:0>, entity=ProductionCountLog.entity.User)
          - SQL table alias mapping - user0_
          - alias suffix - 0_
          - suffixed key columns - {id1_0_0_}

[DEBUG] 2018-10-18 10:47:39.302 [http-nio-8080-exec-10] EntityLoader - Static select for entity ProductionCountLog.entity.User [PESSIMISTIC_WRITE]: select user0_.id as id1_0_0_, user0_.credits as credits2_0_0_, user0_.date as date3_0_0_, user0_.downtime as downtime4_0_0_, user0_.employee_id as employee5_0_0_, user0_.first_name as first_na6_0_0_, user0_.hours_worked as hours_wo7_0_0_, user0_.last_name as last_nam8_0_0_, user0_.machine_number as machine_9_0_0_, user0_.product_name as product10_0_0_, user0_.shift as shift11_0_0_, user0_.total_parts as total_p12_0_0_ from user user0_ where user0_.id=? for update
[DEBUG] 2018-10-18 10:47:39.302 [http-nio-8080-exec-10] QuerySpacesImpl - Adding QuerySpace : uid = <gen:0> -> org.hibernate.loader.plan.build.internal.spaces.EntityQuerySpaceImpl@72218666]
[DEBUG] 2018-10-18 10:47:39.312 [http-nio-8080-exec-10] MetamodelGraphWalker - Visiting attribute path : credits
[DEBUG] 2018-10-18 10:47:39.312 [http-nio-8080-exec-10] MetamodelGraphWalker - Visiting attribute path : date
[DEBUG] 2018-10-18 10:47:39.312 [http-nio-8080-exec-10] MetamodelGraphWalker - Visiting attribute path : downtime
[DEBUG] 2018-10-18 10:47:39.312 [http-nio-8080-exec-10] MetamodelGraphWalker - Visiting attribute path : employeeId
[DEBUG] 2018-10-18 10:47:39.312 [http-nio-8080-exec-10] MetamodelGraphWalker - Visiting attribute path : firstName
[DEBUG] 2018-10-18 10:47:39.312 [http-nio-8080-exec-10] MetamodelGraphWalker - Visiting attribute path : hoursWorked
[DEBUG] 2018-10-18 10:47:39.312 [http-nio-8080-exec-10] MetamodelGraphWalker - Visiting attribute path : lastName
[DEBUG] 2018-10-18 10:47:39.312 [http-nio-8080-exec-10] MetamodelGraphWalker - Visiting attribute path : machineNumber
[DEBUG] 2018-10-18 10:47:39.312 [http-nio-8080-exec-10] MetamodelGraphWalker - Visiting attribute path : productName
[DEBUG] 2018-10-18 10:47:39.312 [http-nio-8080-exec-10] MetamodelGraphWalker - Visiting attribute path : shift
[DEBUG] 2018-10-18 10:47:39.312 [http-nio-8080-exec-10] MetamodelGraphWalker - Visiting attribute path : totalParts
[DEBUG] 2018-10-18 10:47:39.312 [http-nio-8080-exec-10] FetchStyleLoadPlanBuildingAssociationVisitationStrategy - Building LoadPlan...
[DEBUG] 2018-10-18 10:47:39.312 [http-nio-8080-exec-10] LoadQueryJoinAndFetchProcessor - processing queryspace <gen:0>
[DEBUG] 2018-10-18 10:47:39.313 [http-nio-8080-exec-10] LoadPlanTreePrinter - LoadPlan(entity=ProductionCountLog.entity.User)
    - Returns
       - EntityReturnImpl(entity=ProductionCountLog.entity.User, querySpaceUid=<gen:0>, path=ProductionCountLog.entity.User)
    - QuerySpaces
       - EntityQuerySpaceImpl(uid=<gen:0>, entity=ProductionCountLog.entity.User)
          - SQL table alias mapping - user0_
          - alias suffix - 0_
          - suffixed key columns - {id1_0_0_}

[DEBUG] 2018-10-18 10:47:39.313 [http-nio-8080-exec-10] EntityLoader - Static select for entity ProductionCountLog.entity.User [PESSIMISTIC_FORCE_INCREMENT]: select user0_.id as id1_0_0_, user0_.credits as credits2_0_0_, user0_.date as date3_0_0_, user0_.downtime as downtime4_0_0_, user0_.employee_id as employee5_0_0_, user0_.first_name as first_na6_0_0_, user0_.hours_worked as hours_wo7_0_0_, user0_.last_name as last_nam8_0_0_, user0_.machine_number as machine_9_0_0_, user0_.product_name as product10_0_0_, user0_.shift as shift11_0_0_, user0_.total_parts as total_p12_0_0_ from user user0_ where user0_.id=? for update
[DEBUG] 2018-10-18 10:47:39.313 [http-nio-8080-exec-10] QuerySpacesImpl - Adding QuerySpace : uid = <gen:0> -> org.hibernate.loader.plan.build.internal.spaces.EntityQuerySpaceImpl@1e202776]
[DEBUG] 2018-10-18 10:47:39.313 [http-nio-8080-exec-10] MetamodelGraphWalker - Visiting attribute path : credits
[DEBUG] 2018-10-18 10:47:39.313 [http-nio-8080-exec-10] MetamodelGraphWalker - Visiting attribute path : date
[DEBUG] 2018-10-18 10:47:39.313 [http-nio-8080-exec-10] MetamodelGraphWalker - Visiting attribute path : downtime
[DEBUG] 2018-10-18 10:47:39.313 [http-nio-8080-exec-10] MetamodelGraphWalker - Visiting attribute path : employeeId
[DEBUG] 2018-10-18 10:47:39.313 [http-nio-8080-exec-10] MetamodelGraphWalker - Visiting attribute path : firstName
[DEBUG] 2018-10-18 10:47:39.313 [http-nio-8080-exec-10] MetamodelGraphWalker - Visiting attribute path : hoursWorked
[DEBUG] 2018-10-18 10:47:39.313 [http-nio-8080-exec-10] MetamodelGraphWalker - Visiting attribute path : lastName
[DEBUG] 2018-10-18 10:47:39.313 [http-nio-8080-exec-10] MetamodelGraphWalker - Visiting attribute path : machineNumber
[DEBUG] 2018-10-18 10:47:39.313 [http-nio-8080-exec-10] MetamodelGraphWalker - Visiting attribute path : productName
[DEBUG] 2018-10-18 10:47:39.313 [http-nio-8080-exec-10] MetamodelGraphWalker - Visiting attribute path : shift
[DEBUG] 2018-10-18 10:47:39.313 [http-nio-8080-exec-10] MetamodelGraphWalker - Visiting attribute path : totalParts
[DEBUG] 2018-10-18 10:47:39.314 [http-nio-8080-exec-10] FetchStyleLoadPlanBuildingAssociationVisitationStrategy - Building LoadPlan...
[DEBUG] 2018-10-18 10:47:39.314 [http-nio-8080-exec-10] LoadQueryJoinAndFetchProcessor - processing queryspace <gen:0>
[DEBUG] 2018-10-18 10:47:39.314 [http-nio-8080-exec-10] LoadPlanTreePrinter - LoadPlan(entity=ProductionCountLog.entity.User)
    - Returns
       - EntityReturnImpl(entity=ProductionCountLog.entity.User, querySpaceUid=<gen:0>, path=ProductionCountLog.entity.User)
    - QuerySpaces
       - EntityQuerySpaceImpl(uid=<gen:0>, entity=ProductionCountLog.entity.User)
          - SQL table alias mapping - user0_
          - alias suffix - 0_
          - suffixed key columns - {id1_0_0_}

[DEBUG] 2018-10-18 10:47:39.314 [http-nio-8080-exec-10] EntityLoader - Static select for entity ProductionCountLog.entity.User [OPTIMISTIC]: select user0_.id as id1_0_0_, user0_.credits as credits2_0_0_, user0_.date as date3_0_0_, user0_.downtime as downtime4_0_0_, user0_.employee_id as employee5_0_0_, user0_.first_name as first_na6_0_0_, user0_.hours_worked as hours_wo7_0_0_, user0_.last_name as last_nam8_0_0_, user0_.machine_number as machine_9_0_0_, user0_.product_name as product10_0_0_, user0_.shift as shift11_0_0_, user0_.total_parts as total_p12_0_0_ from user user0_ where user0_.id=?
[DEBUG] 2018-10-18 10:47:39.314 [http-nio-8080-exec-10] QuerySpacesImpl - Adding QuerySpace : uid = <gen:0> -> org.hibernate.loader.plan.build.internal.spaces.EntityQuerySpaceImpl@23574ed1]
[DEBUG] 2018-10-18 10:47:39.314 [http-nio-8080-exec-10] MetamodelGraphWalker - Visiting attribute path : credits
[DEBUG] 2018-10-18 10:47:39.314 [http-nio-8080-exec-10] MetamodelGraphWalker - Visiting attribute path : date
[DEBUG] 2018-10-18 10:47:39.314 [http-nio-8080-exec-10] MetamodelGraphWalker - Visiting attribute path : downtime
[DEBUG] 2018-10-18 10:47:39.314 [http-nio-8080-exec-10] MetamodelGraphWalker - Visiting attribute path : employeeId
[DEBUG] 2018-10-18 10:47:39.314 [http-nio-8080-exec-10] MetamodelGraphWalker - Visiting attribute path : firstName
[DEBUG] 2018-10-18 10:47:39.314 [http-nio-8080-exec-10] MetamodelGraphWalker - Visiting attribute path : hoursWorked
[DEBUG] 2018-10-18 10:47:39.314 [http-nio-8080-exec-10] MetamodelGraphWalker - Visiting attribute path : lastName
[DEBUG] 2018-10-18 10:47:39.314 [http-nio-8080-exec-10] MetamodelGraphWalker - Visiting attribute path : machineNumber
[DEBUG] 2018-10-18 10:47:39.329 [http-nio-8080-exec-10] MetamodelGraphWalker - Visiting attribute path : productName
[DEBUG] 2018-10-18 10:47:39.330 [http-nio-8080-exec-10] MetamodelGraphWalker - Visiting attribute path : shift
[DEBUG] 2018-10-18 10:47:39.330 [http-nio-8080-exec-10] MetamodelGraphWalker - Visiting attribute path : totalParts
[DEBUG] 2018-10-18 10:47:39.330 [http-nio-8080-exec-10] FetchStyleLoadPlanBuildingAssociationVisitationStrategy - Building LoadPlan...
[DEBUG] 2018-10-18 10:47:39.330 [http-nio-8080-exec-10] LoadQueryJoinAndFetchProcessor - processing queryspace <gen:0>
[DEBUG] 2018-10-18 10:47:39.330 [http-nio-8080-exec-10] LoadPlanTreePrinter - LoadPlan(entity=ProductionCountLog.entity.User)
    - Returns
       - EntityReturnImpl(entity=ProductionCountLog.entity.User, querySpaceUid=<gen:0>, path=ProductionCountLog.entity.User)
    - QuerySpaces
       - EntityQuerySpaceImpl(uid=<gen:0>, entity=ProductionCountLog.entity.User)
          - SQL table alias mapping - user0_
          - alias suffix - 0_
          - suffixed key columns - {id1_0_0_}

[DEBUG] 2018-10-18 10:47:39.330 [http-nio-8080-exec-10] EntityLoader - Static select for entity ProductionCountLog.entity.User [OPTIMISTIC_FORCE_INCREMENT]: select user0_.id as id1_0_0_, user0_.credits as credits2_0_0_, user0_.date as date3_0_0_, user0_.downtime as downtime4_0_0_, user0_.employee_id as employee5_0_0_, user0_.first_name as first_na6_0_0_, user0_.hours_worked as hours_wo7_0_0_, user0_.last_name as last_nam8_0_0_, user0_.machine_number as machine_9_0_0_, user0_.product_name as product10_0_0_, user0_.shift as shift11_0_0_, user0_.total_parts as total_p12_0_0_ from user user0_ where user0_.id=?
[DEBUG] 2018-10-18 10:47:39.413 [http-nio-8080-exec-10] Loader - Static select for action ACTION_MERGE on entity ProductionCountLog.entity.User: select user0_.id as id1_0_0_, user0_.credits as credits2_0_0_, user0_.date as date3_0_0_, user0_.downtime as downtime4_0_0_, user0_.employee_id as employee5_0_0_, user0_.first_name as first_na6_0_0_, user0_.hours_worked as hours_wo7_0_0_, user0_.last_name as last_nam8_0_0_, user0_.machine_number as machine_9_0_0_, user0_.product_name as product10_0_0_, user0_.shift as shift11_0_0_, user0_.total_parts as total_p12_0_0_ from user user0_ where user0_.id=?
[DEBUG] 2018-10-18 10:47:39.420 [http-nio-8080-exec-10] Loader - Static select for action ACTION_REFRESH on entity ProductionCountLog.entity.User: select user0_.id as id1_0_0_, user0_.credits as credits2_0_0_, user0_.date as date3_0_0_, user0_.downtime as downtime4_0_0_, user0_.employee_id as employee5_0_0_, user0_.first_name as first_na6_0_0_, user0_.hours_worked as hours_wo7_0_0_, user0_.last_name as last_nam8_0_0_, user0_.machine_number as machine_9_0_0_, user0_.product_name as product10_0_0_, user0_.shift as shift11_0_0_, user0_.total_parts as total_p12_0_0_ from user user0_ where user0_.id=?
[DEBUG] 2018-10-18 10:47:39.530 [http-nio-8080-exec-10] SchemaManagementToolCoordinator - No actions specified; doing nothing
[DEBUG] 2018-10-18 10:47:39.535 [http-nio-8080-exec-10] JtaPlatformInitiator - No JtaPlatform was specified, checking resolver
[DEBUG] 2018-10-18 10:47:39.536 [http-nio-8080-exec-10] JtaPlatformResolverInitiator - No JtaPlatformResolver was specified, using default [org.hibernate.engine.transaction.jta.platform.internal.StandardJtaPlatformResolver]
[DEBUG] 2018-10-18 10:47:39.554 [http-nio-8080-exec-10] StandardJtaPlatformResolver - Could not resolve JtaPlatform, using default [org.hibernate.engine.transaction.jta.platform.internal.NoJtaPlatform]
[DEBUG] 2018-10-18 10:47:39.559 [http-nio-8080-exec-10] NamedQueryRepository - Checking 0 named HQL queries
[DEBUG] 2018-10-18 10:47:39.559 [http-nio-8080-exec-10] NamedQueryRepository - Checking 0 named SQL queries
[DEBUG] 2018-10-18 10:47:39.564 [http-nio-8080-exec-10] SessionFactoryRegistry - Initializing SessionFactoryRegistry : org.hibernate.internal.SessionFactoryRegistry@33d167d0
[DEBUG] 2018-10-18 10:47:39.571 [http-nio-8080-exec-10] SessionFactoryRegistry - Registering SessionFactory: dd077ea1-ff1e-42a8-a3fa-45e32fff8583 (<unnamed>)
[DEBUG] 2018-10-18 10:47:39.571 [http-nio-8080-exec-10] SessionFactoryRegistry - Not binding SessionFactory to JNDI, no JNDI name configured
[DEBUG] 2018-10-18 10:47:39.852 [http-nio-8080-exec-10] StatisticsInitiator - Statistics initialized [enabled=false]
[DEBUG] 2018-10-18 10:47:39.868 [http-nio-8080-exec-10] TransactionImpl - begin
[DEBUG] 2018-10-18 10:47:39.916 [http-nio-8080-exec-10] ActionQueue - Executing identity-insert immediately
[DEBUG] 2018-10-18 10:47:39.980 [http-nio-8080-exec-10] SQL - insert into user (credits, date, downtime, employee_id, first_name, hours_worked, last_name, machine_number, product_name, shift, total_parts) values (?, ?, ?, ?, ?, ?, ?, ?, ?, ?, ?)
[DEBUG] 2018-10-18 10:47:40.090 [http-nio-8080-exec-10] IdentifierGeneratorHelper - Natively generated identity: 14
[DEBUG] 2018-10-18 10:47:40.093 [http-nio-8080-exec-10] ResourceRegistryStandardImpl - HHH000387: ResultSet's statement was not registered
[DEBUG] 2018-10-18 10:47:40.111 [http-nio-8080-exec-10] TransactionImpl - committing
[DEBUG] 2018-10-18 10:47:40.118 [http-nio-8080-exec-10] AbstractFlushingEventListener - Processing flush-time cascades
[DEBUG] 2018-10-18 10:47:40.124 [http-nio-8080-exec-10] AbstractFlushingEventListener - Dirty checking collections
[DEBUG] 2018-10-18 10:47:40.132 [http-nio-8080-exec-10] AbstractFlushingEventListener - Flushed: 0 insertions, 0 updates, 0 deletions to 1 objects
[DEBUG] 2018-10-18 10:47:40.133 [http-nio-8080-exec-10] AbstractFlushingEventListener - Flushed: 0 (re)creations, 0 updates, 0 removals to 0 collections
[DEBUG] 2018-10-18 10:47:40.144 [http-nio-8080-exec-10] EntityPrinter - Listing entities:
[DEBUG] 2018-10-18 10:47:40.144 [http-nio-8080-exec-10] EntityPrinter - ProductionCountLog.entity.User{date=2018-10-11, downtime=1.0, firstName=s, lastName=s, totalParts=1.0, credits=0.4620000000000001, machineNumber=1, shift=1, employeeId=1, id=14, hoursWorked=1.0, productName=213 Air filter}
[DEBUG] 2018-10-18 10:47:40.159 [http-nio-8080-exec-10] LogicalConnectionManagedImpl - Initiating JDBC connection release from afterTransaction
[DEBUG] 2018-10-18 10:47:40.159 [http-nio-8080-exec-10] LogicalConnectionManagedImpl - Initiating JDBC connection release from afterTransaction
[DEBUG] 2018-10-18 10:47:40.264 [http-nio-8080-exec-10] CriteriaQueryImpl - Rendered criteria query -> select generatedAlias0 from User as generatedAlias0 where generatedAlias0.lastName like :param0
[DEBUG] 2018-10-18 10:47:40.322 [http-nio-8080-exec-10] QueryTranslatorFactoryInitiator - QueryTranslatorFactory : org.hibernate.hql.internal.ast.ASTQueryTranslatorFactory@476626b5
[INFO ] 2018-10-18 10:47:40.325 [http-nio-8080-exec-10] QueryTranslatorFactoryInitiator - HHH000397: Using ASTQueryTranslatorFactory
[DEBUG] 2018-10-18 10:47:40.417 [http-nio-8080-exec-10] QueryTranslatorImpl - parse() - HQL: select generatedAlias0 from ProductionCountLog.entity.User as generatedAlias0 where generatedAlias0.lastName like :param0
[DEBUG] 2018-10-18 10:47:40.439 [http-nio-8080-exec-10] ErrorCounter - throwQueryException() : no errors
[DEBUG] 2018-10-18 10:47:40.452 [http-nio-8080-exec-10] QueryTranslatorImpl - --- HQL AST ---
 \-[QUERY] Node: 'query'
    +-[SELECT_FROM] Node: 'SELECT_FROM'
    |  +-[FROM] Node: 'from'
    |  |  \-[RANGE] Node: 'RANGE'
    |  |     +-[DOT] Node: '.'
    |  |     |  +-[DOT] Node: '.'
    |  |     |  |  +-[IDENT] Node: 'ProductionCountLog'
    |  |     |  |  \-[IDENT] Node: 'entity'
    |  |     |  \-[IDENT] Node: 'User'
    |  |     \-[ALIAS] Node: 'generatedAlias0'
    |  \-[SELECT] Node: 'select'
    |     \-[IDENT] Node: 'generatedAlias0'
    \-[WHERE] Node: 'where'
       \-[LIKE] Node: 'like'
          +-[DOT] Node: '.'
          |  +-[IDENT] Node: 'generatedAlias0'
          |  \-[IDENT] Node: 'lastName'
          \-[COLON] Node: ':'
             \-[IDENT] Node: 'param0'

[DEBUG] 2018-10-18 10:47:40.517 [http-nio-8080-exec-10] HqlSqlBaseWalker - select << begin [level=1, statement=select]
[DEBUG] 2018-10-18 10:47:40.576 [http-nio-8080-exec-10] FromElement - FromClause{level=1} : ProductionCountLog.entity.User (generatedAlias0) -> user0_
[DEBUG] 2018-10-18 10:47:40.579 [http-nio-8080-exec-10] FromReferenceNode - Resolved : generatedAlias0 -> user0_.id
[DEBUG] 2018-10-18 10:47:40.582 [http-nio-8080-exec-10] FromReferenceNode - Resolved : generatedAlias0 -> user0_.id
[DEBUG] 2018-10-18 10:47:40.583 [http-nio-8080-exec-10] DotNode - getDataType() : lastName -> org.hibernate.type.StringType@964739e
[DEBUG] 2018-10-18 10:47:40.584 [http-nio-8080-exec-10] FromReferenceNode - Resolved : generatedAlias0.lastName -> user0_.last_name
[DEBUG] 2018-10-18 10:47:40.592 [http-nio-8080-exec-10] HqlSqlBaseWalker - select : finishing up [level=1, statement=select]
[DEBUG] 2018-10-18 10:47:40.593 [http-nio-8080-exec-10] HqlSqlWalker - processQuery() :  ( SELECT ( {select clause} user0_.id ) ( FromClause{level=1} user user0_ ) ( where ( like ( user0_.last_name user0_.id lastName ) ? ) ) )
[DEBUG] 2018-10-18 10:47:40.602 [http-nio-8080-exec-10] JoinProcessor - Using FROM fragment [user user0_]
[DEBUG] 2018-10-18 10:47:40.602 [http-nio-8080-exec-10] HqlSqlBaseWalker - select >> end [level=1, statement=select]
[DEBUG] 2018-10-18 10:47:40.604 [http-nio-8080-exec-10] QueryTranslatorImpl - --- SQL AST ---
 \-[SELECT] QueryNode: 'SELECT'  querySpaces (user)
    +-[SELECT_CLAUSE] SelectClause: '{select clause}'
    |  +-[ALIAS_REF] IdentNode: 'user0_.id as id1_0_' {alias=generatedAlias0, className=ProductionCountLog.entity.User, tableAlias=user0_}
    |  \-[SQL_TOKEN] SqlFragment: 'user0_.credits as credits2_0_, user0_.date as date3_0_, user0_.downtime as downtime4_0_, user0_.employee_id as employee5_0_, user0_.first_name as first_na6_0_, user0_.hours_worked as hours_wo7_0_, user0_.last_name as last_nam8_0_, user0_.machine_number as machine_9_0_, user0_.product_name as product10_0_, user0_.shift as shift11_0_, user0_.total_parts as total_p12_0_'
    +-[FROM] FromClause: 'from' FromClause{level=1, fromElementCounter=1, fromElements=1, fromElementByClassAlias=[generatedAlias0], fromElementByTableAlias=[user0_], fromElementsByPath=[], collectionJoinFromElementsByPath=[], impliedElements=[]}
    |  \-[FROM_FRAGMENT] FromElement: 'user user0_' FromElement{explicit,not a collection join,not a fetch join,fetch non-lazy properties,classAlias=generatedAlias0,role=null,tableName=user,tableAlias=user0_,origin=null,columns={,className=ProductionCountLog.entity.User}}
    \-[WHERE] SqlNode: 'where'
       \-[LIKE] BinaryLogicOperatorNode: 'like'
          +-[DOT] DotNode: 'user0_.last_name' {propertyName=lastName,dereferenceType=PRIMITIVE,getPropertyPath=lastName,path=generatedAlias0.lastName,tableAlias=user0_,className=ProductionCountLog.entity.User,classAlias=generatedAlias0}
          |  +-[ALIAS_REF] IdentNode: 'user0_.id' {alias=generatedAlias0, className=ProductionCountLog.entity.User, tableAlias=user0_}
          |  \-[IDENT] IdentNode: 'lastName' {originalText=lastName}
          \-[NAMED_PARAM] ParameterNode: '?' {name=param0, expectedType=org.hibernate.type.StringType@964739e}

[DEBUG] 2018-10-18 10:47:40.604 [http-nio-8080-exec-10] ErrorCounter - throwQueryException() : no errors
[DEBUG] 2018-10-18 10:47:40.613 [http-nio-8080-exec-10] QueryTranslatorImpl - HQL: select generatedAlias0 from ProductionCountLog.entity.User as generatedAlias0 where generatedAlias0.lastName like :param0
[DEBUG] 2018-10-18 10:47:40.614 [http-nio-8080-exec-10] QueryTranslatorImpl - SQL: select user0_.id as id1_0_, user0_.credits as credits2_0_, user0_.date as date3_0_, user0_.downtime as downtime4_0_, user0_.employee_id as employee5_0_, user0_.first_name as first_na6_0_, user0_.hours_worked as hours_wo7_0_, user0_.last_name as last_nam8_0_, user0_.machine_number as machine_9_0_, user0_.product_name as product10_0_, user0_.shift as shift11_0_, user0_.total_parts as total_p12_0_ from user user0_ where user0_.last_name like ?
[DEBUG] 2018-10-18 10:47:40.614 [http-nio-8080-exec-10] ErrorCounter - throwQueryException() : no errors
[DEBUG] 2018-10-18 10:47:40.665 [http-nio-8080-exec-10] SQL - select user0_.id as id1_0_, user0_.credits as credits2_0_, user0_.date as date3_0_, user0_.downtime as downtime4_0_, user0_.employee_id as employee5_0_, user0_.first_name as first_na6_0_, user0_.hours_worked as hours_wo7_0_, user0_.last_name as last_nam8_0_, user0_.machine_number as machine_9_0_, user0_.product_name as product10_0_, user0_.shift as shift11_0_, user0_.total_parts as total_p12_0_ from user user0_ where user0_.last_name like ?
[DEBUG] 2018-10-18 10:47:40.670 [http-nio-8080-exec-10] Loader - Result set row: 0
[DEBUG] 2018-10-18 10:47:40.677 [http-nio-8080-exec-10] Loader - Result row: EntityKey[ProductionCountLog.entity.User#14]
[DEBUG] 2018-10-18 10:47:40.694 [http-nio-8080-exec-10] TwoPhaseLoad - Resolving associations for [ProductionCountLog.entity.User#14]
[DEBUG] 2018-10-18 10:47:40.699 [http-nio-8080-exec-10] TwoPhaseLoad - Done materializing entity [ProductionCountLog.entity.User#14]
[DEBUG] 2018-10-18 10:47:40.704 [http-nio-8080-exec-10] LogicalConnectionManagedImpl - Initiating JDBC connection release from afterTransaction
