[DEBUG] 2018-10-14 10:56:49.916 [http-nio-8080-exec-1] IntegratorServiceImpl - Adding Integrator [org.hibernate.cfg.beanvalidation.BeanValidationIntegrator].
[DEBUG] 2018-10-14 10:56:49.938 [http-nio-8080-exec-1] IntegratorServiceImpl - Adding Integrator [org.hibernate.secure.spi.JaccIntegrator].
[DEBUG] 2018-10-14 10:56:49.951 [http-nio-8080-exec-1] IntegratorServiceImpl - Adding Integrator [org.hibernate.cache.internal.CollectionCacheInvalidator].
[INFO ] 2018-10-14 10:56:50.154 [http-nio-8080-exec-1] Version - HHH000412: Hibernate Core {5.2.12.Final}
[INFO ] 2018-10-14 10:56:50.160 [http-nio-8080-exec-1] Environment - HHH000206: hibernate.properties not found
[DEBUG] 2018-10-14 10:56:50.262 [http-nio-8080-exec-1] LocalXmlResourceResolver - Interpreting public/system identifier : [-//Hibernate/Hibernate Configuration DTD//EN] - [http://www.hibernate.org/dtd/hibernate-configuration-3.0.dtd]
[DEBUG] 2018-10-14 10:56:50.263 [http-nio-8080-exec-1] LocalXmlResourceResolver - Recognized hibernate-configuration identifier; attempting to resolve on classpath under org/hibernate/
[DEBUG] 2018-10-14 10:56:50.295 [http-nio-8080-exec-1] JaxbCfgProcessor - cfg.xml document did not define namespaces; wrapping in custom event reader to introduce namespace information
[DEBUG] 2018-10-14 10:56:50.606 [http-nio-8080-exec-1] ServiceBinding - Overriding existing service binding [org.hibernate.secure.spi.JaccService]
[DEBUG] 2018-10-14 10:56:50.643 [http-nio-8080-exec-1] RegionFactoryInitiator - Cache region factory : org.hibernate.cache.internal.NoCachingRegionFactory
[INFO ] 2018-10-14 10:56:50.656 [http-nio-8080-exec-1] Version - HCANN000001: Hibernate Commons Annotations {5.0.1.Final}
[DEBUG] 2018-10-14 10:56:50.699 [http-nio-8080-exec-1] BasicTypeRegistry - Adding type registration boolean -> org.hibernate.type.BooleanType@56b3bf99
[DEBUG] 2018-10-14 10:56:50.706 [http-nio-8080-exec-1] BasicTypeRegistry - Adding type registration boolean -> org.hibernate.type.BooleanType@56b3bf99
[DEBUG] 2018-10-14 10:56:50.706 [http-nio-8080-exec-1] BasicTypeRegistry - Adding type registration java.lang.Boolean -> org.hibernate.type.BooleanType@56b3bf99
[DEBUG] 2018-10-14 10:56:50.707 [http-nio-8080-exec-1] BasicTypeRegistry - Adding type registration numeric_boolean -> org.hibernate.type.NumericBooleanType@4edcd0c2
[DEBUG] 2018-10-14 10:56:50.708 [http-nio-8080-exec-1] BasicTypeRegistry - Adding type registration true_false -> org.hibernate.type.TrueFalseType@74972a9d
[DEBUG] 2018-10-14 10:56:50.709 [http-nio-8080-exec-1] BasicTypeRegistry - Adding type registration yes_no -> org.hibernate.type.YesNoType@4423d614
[DEBUG] 2018-10-14 10:56:50.710 [http-nio-8080-exec-1] BasicTypeRegistry - Adding type registration byte -> org.hibernate.type.ByteType@3e84311b
[DEBUG] 2018-10-14 10:56:50.710 [http-nio-8080-exec-1] BasicTypeRegistry - Adding type registration byte -> org.hibernate.type.ByteType@3e84311b
[DEBUG] 2018-10-14 10:56:50.711 [http-nio-8080-exec-1] BasicTypeRegistry - Adding type registration java.lang.Byte -> org.hibernate.type.ByteType@3e84311b
[DEBUG] 2018-10-14 10:56:50.712 [http-nio-8080-exec-1] BasicTypeRegistry - Adding type registration character -> org.hibernate.type.CharacterType@4dd8319e
[DEBUG] 2018-10-14 10:56:50.712 [http-nio-8080-exec-1] BasicTypeRegistry - Adding type registration char -> org.hibernate.type.CharacterType@4dd8319e
[DEBUG] 2018-10-14 10:56:50.712 [http-nio-8080-exec-1] BasicTypeRegistry - Adding type registration java.lang.Character -> org.hibernate.type.CharacterType@4dd8319e
[DEBUG] 2018-10-14 10:56:50.714 [http-nio-8080-exec-1] BasicTypeRegistry - Adding type registration short -> org.hibernate.type.ShortType@3680190f
[DEBUG] 2018-10-14 10:56:50.714 [http-nio-8080-exec-1] BasicTypeRegistry - Adding type registration short -> org.hibernate.type.ShortType@3680190f
[DEBUG] 2018-10-14 10:56:50.714 [http-nio-8080-exec-1] BasicTypeRegistry - Adding type registration java.lang.Short -> org.hibernate.type.ShortType@3680190f
[DEBUG] 2018-10-14 10:56:50.715 [http-nio-8080-exec-1] BasicTypeRegistry - Adding type registration integer -> org.hibernate.type.IntegerType@60264c49
[DEBUG] 2018-10-14 10:56:50.715 [http-nio-8080-exec-1] BasicTypeRegistry - Adding type registration int -> org.hibernate.type.IntegerType@60264c49
[DEBUG] 2018-10-14 10:56:50.715 [http-nio-8080-exec-1] BasicTypeRegistry - Adding type registration java.lang.Integer -> org.hibernate.type.IntegerType@60264c49
[DEBUG] 2018-10-14 10:56:50.718 [http-nio-8080-exec-1] BasicTypeRegistry - Adding type registration long -> org.hibernate.type.LongType@73515264
[DEBUG] 2018-10-14 10:56:50.718 [http-nio-8080-exec-1] BasicTypeRegistry - Adding type registration long -> org.hibernate.type.LongType@73515264
[DEBUG] 2018-10-14 10:56:50.719 [http-nio-8080-exec-1] BasicTypeRegistry - Adding type registration java.lang.Long -> org.hibernate.type.LongType@73515264
[DEBUG] 2018-10-14 10:56:50.720 [http-nio-8080-exec-1] BasicTypeRegistry - Adding type registration float -> org.hibernate.type.FloatType@2e40cb90
[DEBUG] 2018-10-14 10:56:50.722 [http-nio-8080-exec-1] BasicTypeRegistry - Adding type registration float -> org.hibernate.type.FloatType@2e40cb90
[DEBUG] 2018-10-14 10:56:50.722 [http-nio-8080-exec-1] BasicTypeRegistry - Adding type registration java.lang.Float -> org.hibernate.type.FloatType@2e40cb90
[DEBUG] 2018-10-14 10:56:50.723 [http-nio-8080-exec-1] BasicTypeRegistry - Adding type registration double -> org.hibernate.type.DoubleType@6634c5a9
[DEBUG] 2018-10-14 10:56:50.723 [http-nio-8080-exec-1] BasicTypeRegistry - Adding type registration double -> org.hibernate.type.DoubleType@6634c5a9
[DEBUG] 2018-10-14 10:56:50.727 [http-nio-8080-exec-1] BasicTypeRegistry - Adding type registration java.lang.Double -> org.hibernate.type.DoubleType@6634c5a9
[DEBUG] 2018-10-14 10:56:50.730 [http-nio-8080-exec-1] BasicTypeRegistry - Adding type registration big_decimal -> org.hibernate.type.BigDecimalType@20e08998
[DEBUG] 2018-10-14 10:56:50.735 [http-nio-8080-exec-1] BasicTypeRegistry - Adding type registration java.math.BigDecimal -> org.hibernate.type.BigDecimalType@20e08998
[DEBUG] 2018-10-14 10:56:50.740 [http-nio-8080-exec-1] BasicTypeRegistry - Adding type registration big_integer -> org.hibernate.type.BigIntegerType@32e9692c
[DEBUG] 2018-10-14 10:56:50.741 [http-nio-8080-exec-1] BasicTypeRegistry - Adding type registration java.math.BigInteger -> org.hibernate.type.BigIntegerType@32e9692c
[DEBUG] 2018-10-14 10:56:50.742 [http-nio-8080-exec-1] BasicTypeRegistry - Adding type registration string -> org.hibernate.type.StringType@18a9fd01
[DEBUG] 2018-10-14 10:56:50.742 [http-nio-8080-exec-1] BasicTypeRegistry - Adding type registration java.lang.String -> org.hibernate.type.StringType@18a9fd01
[DEBUG] 2018-10-14 10:56:50.745 [http-nio-8080-exec-1] BasicTypeRegistry - Adding type registration nstring -> org.hibernate.type.StringNVarcharType@2a673ed3
[DEBUG] 2018-10-14 10:56:50.746 [http-nio-8080-exec-1] BasicTypeRegistry - Adding type registration ncharacter -> org.hibernate.type.CharacterNCharType@64575cb4
[DEBUG] 2018-10-14 10:56:50.746 [http-nio-8080-exec-1] BasicTypeRegistry - Adding type registration url -> org.hibernate.type.UrlType@2da0f286
[DEBUG] 2018-10-14 10:56:50.747 [http-nio-8080-exec-1] BasicTypeRegistry - Adding type registration java.net.URL -> org.hibernate.type.UrlType@2da0f286
[DEBUG] 2018-10-14 10:56:50.748 [http-nio-8080-exec-1] BasicTypeRegistry - Adding type registration Duration -> org.hibernate.type.DurationType@776c8635
[DEBUG] 2018-10-14 10:56:50.748 [http-nio-8080-exec-1] BasicTypeRegistry - Adding type registration java.time.Duration -> org.hibernate.type.DurationType@776c8635
[DEBUG] 2018-10-14 10:56:50.786 [http-nio-8080-exec-1] BasicTypeRegistry - Adding type registration Instant -> org.hibernate.type.InstantType@58ec5da9
[DEBUG] 2018-10-14 10:56:50.786 [http-nio-8080-exec-1] BasicTypeRegistry - Adding type registration java.time.Instant -> org.hibernate.type.InstantType@58ec5da9
[DEBUG] 2018-10-14 10:56:50.789 [http-nio-8080-exec-1] BasicTypeRegistry - Adding type registration LocalDateTime -> org.hibernate.type.LocalDateTimeType@e837c43
[DEBUG] 2018-10-14 10:56:50.789 [http-nio-8080-exec-1] BasicTypeRegistry - Adding type registration java.time.LocalDateTime -> org.hibernate.type.LocalDateTimeType@e837c43
[DEBUG] 2018-10-14 10:56:50.793 [http-nio-8080-exec-1] BasicTypeRegistry - Adding type registration LocalDate -> org.hibernate.type.LocalDateType@38f74cec
[DEBUG] 2018-10-14 10:56:50.793 [http-nio-8080-exec-1] BasicTypeRegistry - Adding type registration java.time.LocalDate -> org.hibernate.type.LocalDateType@38f74cec
[DEBUG] 2018-10-14 10:56:50.794 [http-nio-8080-exec-1] BasicTypeRegistry - Adding type registration LocalTime -> org.hibernate.type.LocalTimeType@524d7a34
[DEBUG] 2018-10-14 10:56:50.795 [http-nio-8080-exec-1] BasicTypeRegistry - Adding type registration java.time.LocalTime -> org.hibernate.type.LocalTimeType@524d7a34
[DEBUG] 2018-10-14 10:56:50.796 [http-nio-8080-exec-1] BasicTypeRegistry - Adding type registration OffsetDateTime -> org.hibernate.type.OffsetDateTimeType@7577d3e9
[DEBUG] 2018-10-14 10:56:50.796 [http-nio-8080-exec-1] BasicTypeRegistry - Adding type registration java.time.OffsetDateTime -> org.hibernate.type.OffsetDateTimeType@7577d3e9
[DEBUG] 2018-10-14 10:56:50.798 [http-nio-8080-exec-1] BasicTypeRegistry - Adding type registration OffsetTime -> org.hibernate.type.OffsetTimeType@178a0f6a
[DEBUG] 2018-10-14 10:56:50.798 [http-nio-8080-exec-1] BasicTypeRegistry - Adding type registration java.time.OffsetTime -> org.hibernate.type.OffsetTimeType@178a0f6a
[DEBUG] 2018-10-14 10:56:50.808 [http-nio-8080-exec-1] BasicTypeRegistry - Adding type registration ZonedDateTime -> org.hibernate.type.ZonedDateTimeType@1d083ac2
[DEBUG] 2018-10-14 10:56:50.808 [http-nio-8080-exec-1] BasicTypeRegistry - Adding type registration java.time.ZonedDateTime -> org.hibernate.type.ZonedDateTimeType@1d083ac2
[DEBUG] 2018-10-14 10:56:50.811 [http-nio-8080-exec-1] BasicTypeRegistry - Adding type registration date -> org.hibernate.type.DateType@270721d0
[DEBUG] 2018-10-14 10:56:50.811 [http-nio-8080-exec-1] BasicTypeRegistry - Adding type registration java.sql.Date -> org.hibernate.type.DateType@270721d0
[DEBUG] 2018-10-14 10:56:50.812 [http-nio-8080-exec-1] BasicTypeRegistry - Adding type registration time -> org.hibernate.type.TimeType@6def5d8e
[DEBUG] 2018-10-14 10:56:50.812 [http-nio-8080-exec-1] BasicTypeRegistry - Adding type registration java.sql.Time -> org.hibernate.type.TimeType@6def5d8e
[DEBUG] 2018-10-14 10:56:50.813 [http-nio-8080-exec-1] BasicTypeRegistry - Adding type registration timestamp -> org.hibernate.type.TimestampType@4c0c102f
[DEBUG] 2018-10-14 10:56:50.813 [http-nio-8080-exec-1] BasicTypeRegistry - Adding type registration java.sql.Timestamp -> org.hibernate.type.TimestampType@4c0c102f
[DEBUG] 2018-10-14 10:56:50.814 [http-nio-8080-exec-1] BasicTypeRegistry - Adding type registration java.util.Date -> org.hibernate.type.TimestampType@4c0c102f
[DEBUG] 2018-10-14 10:56:50.817 [http-nio-8080-exec-1] BasicTypeRegistry - Adding type registration dbtimestamp -> org.hibernate.type.DbTimestampType@5ce698ff
[DEBUG] 2018-10-14 10:56:50.819 [http-nio-8080-exec-1] BasicTypeRegistry - Adding type registration calendar -> org.hibernate.type.CalendarType@4d7e5927
[DEBUG] 2018-10-14 10:56:50.819 [http-nio-8080-exec-1] BasicTypeRegistry - Adding type registration java.util.Calendar -> org.hibernate.type.CalendarType@4d7e5927
[DEBUG] 2018-10-14 10:56:50.819 [http-nio-8080-exec-1] BasicTypeRegistry - Adding type registration java.util.GregorianCalendar -> org.hibernate.type.CalendarType@4d7e5927
[DEBUG] 2018-10-14 10:56:50.820 [http-nio-8080-exec-1] BasicTypeRegistry - Adding type registration calendar_date -> org.hibernate.type.CalendarDateType@70dc27a3
[DEBUG] 2018-10-14 10:56:50.821 [http-nio-8080-exec-1] BasicTypeRegistry - Adding type registration locale -> org.hibernate.type.LocaleType@7522bd58
[DEBUG] 2018-10-14 10:56:50.821 [http-nio-8080-exec-1] BasicTypeRegistry - Adding type registration java.util.Locale -> org.hibernate.type.LocaleType@7522bd58
[DEBUG] 2018-10-14 10:56:50.823 [http-nio-8080-exec-1] BasicTypeRegistry - Adding type registration currency -> org.hibernate.type.CurrencyType@52a4103f
[DEBUG] 2018-10-14 10:56:50.823 [http-nio-8080-exec-1] BasicTypeRegistry - Adding type registration java.util.Currency -> org.hibernate.type.CurrencyType@52a4103f
[DEBUG] 2018-10-14 10:56:50.825 [http-nio-8080-exec-1] BasicTypeRegistry - Adding type registration timezone -> org.hibernate.type.TimeZoneType@2d3c0e51
[DEBUG] 2018-10-14 10:56:50.825 [http-nio-8080-exec-1] BasicTypeRegistry - Adding type registration java.util.TimeZone -> org.hibernate.type.TimeZoneType@2d3c0e51
[DEBUG] 2018-10-14 10:56:50.826 [http-nio-8080-exec-1] BasicTypeRegistry - Adding type registration class -> org.hibernate.type.ClassType@3a905796
[DEBUG] 2018-10-14 10:56:50.827 [http-nio-8080-exec-1] BasicTypeRegistry - Adding type registration java.lang.Class -> org.hibernate.type.ClassType@3a905796
[DEBUG] 2018-10-14 10:56:50.828 [http-nio-8080-exec-1] BasicTypeRegistry - Adding type registration uuid-binary -> org.hibernate.type.UUIDBinaryType@21b6fcbc
[DEBUG] 2018-10-14 10:56:50.828 [http-nio-8080-exec-1] BasicTypeRegistry - Adding type registration java.util.UUID -> org.hibernate.type.UUIDBinaryType@21b6fcbc
[DEBUG] 2018-10-14 10:56:50.828 [http-nio-8080-exec-1] BasicTypeRegistry - Adding type registration uuid-char -> org.hibernate.type.UUIDCharType@667c0202
[DEBUG] 2018-10-14 10:56:50.830 [http-nio-8080-exec-1] BasicTypeRegistry - Adding type registration binary -> org.hibernate.type.BinaryType@153a2416
[DEBUG] 2018-10-14 10:56:50.830 [http-nio-8080-exec-1] BasicTypeRegistry - Adding type registration byte[] -> org.hibernate.type.BinaryType@153a2416
[DEBUG] 2018-10-14 10:56:50.830 [http-nio-8080-exec-1] BasicTypeRegistry - Adding type registration [B -> org.hibernate.type.BinaryType@153a2416
[DEBUG] 2018-10-14 10:56:50.831 [http-nio-8080-exec-1] BasicTypeRegistry - Adding type registration wrapper-binary -> org.hibernate.type.WrapperBinaryType@5d874620
[DEBUG] 2018-10-14 10:56:50.831 [http-nio-8080-exec-1] BasicTypeRegistry - Adding type registration Byte[] -> org.hibernate.type.WrapperBinaryType@5d874620
[DEBUG] 2018-10-14 10:56:50.831 [http-nio-8080-exec-1] BasicTypeRegistry - Adding type registration [Ljava.lang.Byte; -> org.hibernate.type.WrapperBinaryType@5d874620
[DEBUG] 2018-10-14 10:56:50.832 [http-nio-8080-exec-1] BasicTypeRegistry - Adding type registration row_version -> org.hibernate.type.RowVersionType@54effea6
[DEBUG] 2018-10-14 10:56:50.833 [http-nio-8080-exec-1] BasicTypeRegistry - Adding type registration image -> org.hibernate.type.ImageType@41f5b5b3
[DEBUG] 2018-10-14 10:56:50.835 [http-nio-8080-exec-1] BasicTypeRegistry - Adding type registration characters -> org.hibernate.type.CharArrayType@2975bcfe
[DEBUG] 2018-10-14 10:56:50.835 [http-nio-8080-exec-1] BasicTypeRegistry - Adding type registration char[] -> org.hibernate.type.CharArrayType@2975bcfe
[DEBUG] 2018-10-14 10:56:50.835 [http-nio-8080-exec-1] BasicTypeRegistry - Adding type registration [C -> org.hibernate.type.CharArrayType@2975bcfe
[DEBUG] 2018-10-14 10:56:50.836 [http-nio-8080-exec-1] BasicTypeRegistry - Adding type registration wrapper-characters -> org.hibernate.type.CharacterArrayType@afb3ff9
[DEBUG] 2018-10-14 10:56:50.836 [http-nio-8080-exec-1] BasicTypeRegistry - Adding type registration [Ljava.lang.Character; -> org.hibernate.type.CharacterArrayType@afb3ff9
[DEBUG] 2018-10-14 10:56:50.836 [http-nio-8080-exec-1] BasicTypeRegistry - Adding type registration Character[] -> org.hibernate.type.CharacterArrayType@afb3ff9
[DEBUG] 2018-10-14 10:56:50.837 [http-nio-8080-exec-1] BasicTypeRegistry - Adding type registration text -> org.hibernate.type.TextType@fa7cc6e
[DEBUG] 2018-10-14 10:56:50.837 [http-nio-8080-exec-1] BasicTypeRegistry - Adding type registration ntext -> org.hibernate.type.NTextType@616ebe46
[DEBUG] 2018-10-14 10:56:50.844 [http-nio-8080-exec-1] BasicTypeRegistry - Adding type registration blob -> org.hibernate.type.BlobType@ae3c1f5
[DEBUG] 2018-10-14 10:56:50.844 [http-nio-8080-exec-1] BasicTypeRegistry - Adding type registration java.sql.Blob -> org.hibernate.type.BlobType@ae3c1f5
[DEBUG] 2018-10-14 10:56:50.845 [http-nio-8080-exec-1] BasicTypeRegistry - Adding type registration materialized_blob -> org.hibernate.type.MaterializedBlobType@56ae722e
[DEBUG] 2018-10-14 10:56:50.859 [http-nio-8080-exec-1] BasicTypeRegistry - Adding type registration clob -> org.hibernate.type.ClobType@15733187
[DEBUG] 2018-10-14 10:56:50.859 [http-nio-8080-exec-1] BasicTypeRegistry - Adding type registration java.sql.Clob -> org.hibernate.type.ClobType@15733187
[DEBUG] 2018-10-14 10:56:50.868 [http-nio-8080-exec-1] BasicTypeRegistry - Adding type registration nclob -> org.hibernate.type.NClobType@1ab64f0f
[DEBUG] 2018-10-14 10:56:50.869 [http-nio-8080-exec-1] BasicTypeRegistry - Adding type registration java.sql.NClob -> org.hibernate.type.NClobType@1ab64f0f
[DEBUG] 2018-10-14 10:56:50.869 [http-nio-8080-exec-1] BasicTypeRegistry - Adding type registration materialized_clob -> org.hibernate.type.MaterializedClobType@12e3e06
[DEBUG] 2018-10-14 10:56:50.869 [http-nio-8080-exec-1] BasicTypeRegistry - Adding type registration materialized_nclob -> org.hibernate.type.MaterializedNClobType@299b2e1d
[DEBUG] 2018-10-14 10:56:50.871 [http-nio-8080-exec-1] BasicTypeRegistry - Adding type registration serializable -> org.hibernate.type.SerializableType@6439fdeb
[DEBUG] 2018-10-14 10:56:50.881 [http-nio-8080-exec-1] BasicTypeRegistry - Adding type registration object -> org.hibernate.type.ObjectType@10eeea65
[DEBUG] 2018-10-14 10:56:50.884 [http-nio-8080-exec-1] BasicTypeRegistry - Adding type registration java.lang.Object -> org.hibernate.type.ObjectType@10eeea65
[DEBUG] 2018-10-14 10:56:50.888 [http-nio-8080-exec-1] BasicTypeRegistry - Adding type registration imm_date -> org.hibernate.type.AdaptedImmutableType@4126aeb0
[DEBUG] 2018-10-14 10:56:50.888 [http-nio-8080-exec-1] BasicTypeRegistry - Adding type registration imm_time -> org.hibernate.type.AdaptedImmutableType@267cc933
[DEBUG] 2018-10-14 10:56:50.888 [http-nio-8080-exec-1] BasicTypeRegistry - Adding type registration imm_timestamp -> org.hibernate.type.AdaptedImmutableType@973763f
[DEBUG] 2018-10-14 10:56:50.888 [http-nio-8080-exec-1] BasicTypeRegistry - Adding type registration imm_dbtimestamp -> org.hibernate.type.AdaptedImmutableType@7efbdff3
[DEBUG] 2018-10-14 10:56:50.888 [http-nio-8080-exec-1] BasicTypeRegistry - Adding type registration imm_calendar -> org.hibernate.type.AdaptedImmutableType@a5cadb2
[DEBUG] 2018-10-14 10:56:50.888 [http-nio-8080-exec-1] BasicTypeRegistry - Adding type registration imm_calendar_date -> org.hibernate.type.AdaptedImmutableType@4aa9d89b
[DEBUG] 2018-10-14 10:56:50.889 [http-nio-8080-exec-1] BasicTypeRegistry - Adding type registration imm_binary -> org.hibernate.type.AdaptedImmutableType@58f99d7f
[DEBUG] 2018-10-14 10:56:50.889 [http-nio-8080-exec-1] BasicTypeRegistry - Adding type registration imm_serializable -> org.hibernate.type.AdaptedImmutableType@785dc5d4
[INFO ] 2018-10-14 10:56:50.922 [http-nio-8080-exec-1] C3P0ConnectionProvider - HHH010002: C3P0 using driver: com.mysql.jdbc.Driver at URL: jdbc:mysql://localhost:3306/indieProject
[INFO ] 2018-10-14 10:56:50.924 [http-nio-8080-exec-1] C3P0ConnectionProvider - HHH10001001: Connection properties: {user=root, password=****}
[INFO ] 2018-10-14 10:56:50.925 [http-nio-8080-exec-1] C3P0ConnectionProvider - HHH10001003: Autocommit mode: false
[INFO ] 2018-10-14 10:56:51.675 [http-nio-8080-exec-1] C3P0ConnectionProvider - HHH10001007: JDBC isolation level: <unknown>
[DEBUG] 2018-10-14 10:56:52.596 [http-nio-8080-exec-1] JdbcEnvironmentInitiator - Database ->
       name : MySQL
    version : 5.7.23-0ubuntu0.16.04.1
      major : 5
      minor : 7
[DEBUG] 2018-10-14 10:56:52.606 [http-nio-8080-exec-1] JdbcEnvironmentInitiator - Driver ->
       name : MySQL Connector Java
    version : mysql-connector-java-5.1.39 ( Revision: 3289a357af6d09ecc1a10fd3c26e95183e5790ad )
      major : 5
      minor : 1
[DEBUG] 2018-10-14 10:56:52.606 [http-nio-8080-exec-1] JdbcEnvironmentInitiator - JDBC version : 4.0
[INFO ] 2018-10-14 10:56:52.663 [http-nio-8080-exec-1] Dialect - HHH000400: Using dialect: org.hibernate.dialect.MySQL5Dialect
[DEBUG] 2018-10-14 10:56:52.894 [http-nio-8080-exec-1] IdentifierHelperBuilder - JDBC driver metadata reported database stores quoted identifiers in more than one case
[DEBUG] 2018-10-14 10:56:52.896 [http-nio-8080-exec-1] IdentifierHelperBuilder - IdentifierCaseStrategy for both quoted and unquoted identifiers was set to the same strategy [MIXED]; that will likely lead to problems in schema update and validation if using quoted identifiers
[DEBUG] 2018-10-14 10:56:53.077 [http-nio-8080-exec-1] DefaultIdentifierGeneratorFactory - Registering IdentifierGenerator strategy [uuid2] -> [org.hibernate.id.UUIDGenerator]
[DEBUG] 2018-10-14 10:56:53.079 [http-nio-8080-exec-1] DefaultIdentifierGeneratorFactory - Registering IdentifierGenerator strategy [guid] -> [org.hibernate.id.GUIDGenerator]
[DEBUG] 2018-10-14 10:56:53.080 [http-nio-8080-exec-1] DefaultIdentifierGeneratorFactory - Registering IdentifierGenerator strategy [uuid] -> [org.hibernate.id.UUIDHexGenerator]
[DEBUG] 2018-10-14 10:56:53.080 [http-nio-8080-exec-1] DefaultIdentifierGeneratorFactory - Registering IdentifierGenerator strategy [uuid.hex] -> [org.hibernate.id.UUIDHexGenerator]
[DEBUG] 2018-10-14 10:56:53.082 [http-nio-8080-exec-1] DefaultIdentifierGeneratorFactory - Registering IdentifierGenerator strategy [assigned] -> [org.hibernate.id.Assigned]
[DEBUG] 2018-10-14 10:56:53.089 [http-nio-8080-exec-1] DefaultIdentifierGeneratorFactory - Registering IdentifierGenerator strategy [identity] -> [org.hibernate.id.IdentityGenerator]
[DEBUG] 2018-10-14 10:56:53.090 [http-nio-8080-exec-1] DefaultIdentifierGeneratorFactory - Registering IdentifierGenerator strategy [select] -> [org.hibernate.id.SelectGenerator]
[DEBUG] 2018-10-14 10:56:53.091 [http-nio-8080-exec-1] DefaultIdentifierGeneratorFactory - Registering IdentifierGenerator strategy [sequence] -> [org.hibernate.id.enhanced.SequenceStyleGenerator]
[DEBUG] 2018-10-14 10:56:53.093 [http-nio-8080-exec-1] DefaultIdentifierGeneratorFactory - Registering IdentifierGenerator strategy [seqhilo] -> [org.hibernate.id.SequenceHiLoGenerator]
[DEBUG] 2018-10-14 10:56:53.093 [http-nio-8080-exec-1] DefaultIdentifierGeneratorFactory - Registering IdentifierGenerator strategy [increment] -> [org.hibernate.id.IncrementGenerator]
[DEBUG] 2018-10-14 10:56:53.094 [http-nio-8080-exec-1] DefaultIdentifierGeneratorFactory - Registering IdentifierGenerator strategy [foreign] -> [org.hibernate.id.ForeignGenerator]
[DEBUG] 2018-10-14 10:56:53.094 [http-nio-8080-exec-1] DefaultIdentifierGeneratorFactory - Registering IdentifierGenerator strategy [sequence-identity] -> [org.hibernate.id.SequenceIdentityGenerator]
[DEBUG] 2018-10-14 10:56:53.094 [http-nio-8080-exec-1] DefaultIdentifierGeneratorFactory - Registering IdentifierGenerator strategy [enhanced-sequence] -> [org.hibernate.id.enhanced.SequenceStyleGenerator]
[DEBUG] 2018-10-14 10:56:53.103 [http-nio-8080-exec-1] DefaultIdentifierGeneratorFactory - Registering IdentifierGenerator strategy [enhanced-table] -> [org.hibernate.id.enhanced.TableGenerator]
[DEBUG] 2018-10-14 10:56:53.211 [http-nio-8080-exec-1] Namespace - Created database namespace [logicalName=Name{catalog=null, schema=null}, physicalName=Name{catalog=null, schema=null}]
[DEBUG] 2018-10-14 10:56:53.298 [http-nio-8080-exec-1] AnnotationBinder - Binding entity from annotated class: ProductionCountLog.User
[DEBUG] 2018-10-14 10:56:53.388 [http-nio-8080-exec-1] Ejb3Column - Binding column: Ejb3DiscriminatorColumn{logicalColumnName'DTYPE', discriminatorTypeName='string'}
[DEBUG] 2018-10-14 10:56:53.412 [http-nio-8080-exec-1] EntityBinder - Import with entity name User
[DEBUG] 2018-10-14 10:56:53.422 [http-nio-8080-exec-1] EntityBinder - Bind entity ProductionCountLog.User on table user
[DEBUG] 2018-10-14 10:56:53.559 [http-nio-8080-exec-1] Ejb3Column - Binding column: Ejb3Column{table=org.hibernate.mapping.Table(user), mappingColumn=id, insertable=true, updatable=true, unique=false}
[DEBUG] 2018-10-14 10:56:53.569 [http-nio-8080-exec-1] PropertyBinder - MetadataSourceProcessor property id with lazy=false
[DEBUG] 2018-10-14 10:56:53.576 [http-nio-8080-exec-1] AbstractPropertyHolder - Attempting to locate auto-apply AttributeConverter for property [ProductionCountLog.User:id]
[DEBUG] 2018-10-14 10:56:53.579 [http-nio-8080-exec-1] SimpleValueBinder - building SimpleValue for id
[DEBUG] 2018-10-14 10:56:53.587 [http-nio-8080-exec-1] PropertyBinder - Building property id
[DEBUG] 2018-10-14 10:56:53.613 [http-nio-8080-exec-1] Ejb3Column - Binding column: Ejb3Column{table=org.hibernate.mapping.Table(user), mappingColumn=credits, insertable=true, updatable=true, unique=false}
[DEBUG] 2018-10-14 10:56:53.613 [http-nio-8080-exec-1] PropertyBinder - MetadataSourceProcessor property credits with lazy=false
[DEBUG] 2018-10-14 10:56:53.613 [http-nio-8080-exec-1] AbstractPropertyHolder - Attempting to locate auto-apply AttributeConverter for property [ProductionCountLog.User:credits]
[DEBUG] 2018-10-14 10:56:53.619 [http-nio-8080-exec-1] SimpleValueBinder - building SimpleValue for credits
[DEBUG] 2018-10-14 10:56:53.619 [http-nio-8080-exec-1] PropertyBinder - Building property credits
[DEBUG] 2018-10-14 10:56:53.619 [http-nio-8080-exec-1] Ejb3Column - Binding column: Ejb3Column{table=org.hibernate.mapping.Table(user), mappingColumn=date, insertable=true, updatable=true, unique=false}
[DEBUG] 2018-10-14 10:56:53.620 [http-nio-8080-exec-1] PropertyBinder - MetadataSourceProcessor property date with lazy=false
[DEBUG] 2018-10-14 10:56:53.621 [http-nio-8080-exec-1] AbstractPropertyHolder - Attempting to locate auto-apply AttributeConverter for property [ProductionCountLog.User:date]
[DEBUG] 2018-10-14 10:56:53.621 [http-nio-8080-exec-1] SimpleValueBinder - building SimpleValue for date
[DEBUG] 2018-10-14 10:56:53.621 [http-nio-8080-exec-1] PropertyBinder - Building property date
[DEBUG] 2018-10-14 10:56:53.624 [http-nio-8080-exec-1] Ejb3Column - Binding column: Ejb3Column{table=org.hibernate.mapping.Table(user), mappingColumn=downtime, insertable=true, updatable=true, unique=false}
[DEBUG] 2018-10-14 10:56:53.624 [http-nio-8080-exec-1] PropertyBinder - MetadataSourceProcessor property downtime with lazy=false
[DEBUG] 2018-10-14 10:56:53.624 [http-nio-8080-exec-1] AbstractPropertyHolder - Attempting to locate auto-apply AttributeConverter for property [ProductionCountLog.User:downtime]
[DEBUG] 2018-10-14 10:56:53.624 [http-nio-8080-exec-1] SimpleValueBinder - building SimpleValue for downtime
[DEBUG] 2018-10-14 10:56:53.628 [http-nio-8080-exec-1] PropertyBinder - Building property downtime
[DEBUG] 2018-10-14 10:56:53.629 [http-nio-8080-exec-1] Ejb3Column - Binding column: Ejb3Column{table=org.hibernate.mapping.Table(user), mappingColumn=employee_id, insertable=true, updatable=true, unique=false}
[DEBUG] 2018-10-14 10:56:53.629 [http-nio-8080-exec-1] PropertyBinder - MetadataSourceProcessor property employeeId with lazy=false
[DEBUG] 2018-10-14 10:56:53.629 [http-nio-8080-exec-1] AbstractPropertyHolder - Attempting to locate auto-apply AttributeConverter for property [ProductionCountLog.User:employeeId]
[DEBUG] 2018-10-14 10:56:53.629 [http-nio-8080-exec-1] SimpleValueBinder - building SimpleValue for employeeId
[DEBUG] 2018-10-14 10:56:53.629 [http-nio-8080-exec-1] PropertyBinder - Building property employeeId
[DEBUG] 2018-10-14 10:56:53.629 [http-nio-8080-exec-1] Ejb3Column - Binding column: Ejb3Column{table=org.hibernate.mapping.Table(user), mappingColumn=first_name, insertable=true, updatable=true, unique=false}
[DEBUG] 2018-10-14 10:56:53.629 [http-nio-8080-exec-1] PropertyBinder - MetadataSourceProcessor property firstName with lazy=false
[DEBUG] 2018-10-14 10:56:53.630 [http-nio-8080-exec-1] AbstractPropertyHolder - Attempting to locate auto-apply AttributeConverter for property [ProductionCountLog.User:firstName]
[DEBUG] 2018-10-14 10:56:53.630 [http-nio-8080-exec-1] SimpleValueBinder - building SimpleValue for firstName
[DEBUG] 2018-10-14 10:56:53.630 [http-nio-8080-exec-1] PropertyBinder - Building property firstName
[DEBUG] 2018-10-14 10:56:53.630 [http-nio-8080-exec-1] Ejb3Column - Binding column: Ejb3Column{table=org.hibernate.mapping.Table(user), mappingColumn=hours_worked, insertable=true, updatable=true, unique=false}
[DEBUG] 2018-10-14 10:56:53.630 [http-nio-8080-exec-1] PropertyBinder - MetadataSourceProcessor property hoursWorked with lazy=false
[DEBUG] 2018-10-14 10:56:53.630 [http-nio-8080-exec-1] AbstractPropertyHolder - Attempting to locate auto-apply AttributeConverter for property [ProductionCountLog.User:hoursWorked]
[DEBUG] 2018-10-14 10:56:53.630 [http-nio-8080-exec-1] SimpleValueBinder - building SimpleValue for hoursWorked
[DEBUG] 2018-10-14 10:56:53.630 [http-nio-8080-exec-1] PropertyBinder - Building property hoursWorked
[DEBUG] 2018-10-14 10:56:53.630 [http-nio-8080-exec-1] Ejb3Column - Binding column: Ejb3Column{table=org.hibernate.mapping.Table(user), mappingColumn=last_name, insertable=true, updatable=true, unique=false}
[DEBUG] 2018-10-14 10:56:53.631 [http-nio-8080-exec-1] PropertyBinder - MetadataSourceProcessor property lastName with lazy=false
[DEBUG] 2018-10-14 10:56:53.631 [http-nio-8080-exec-1] AbstractPropertyHolder - Attempting to locate auto-apply AttributeConverter for property [ProductionCountLog.User:lastName]
[DEBUG] 2018-10-14 10:56:53.632 [http-nio-8080-exec-1] SimpleValueBinder - building SimpleValue for lastName
[DEBUG] 2018-10-14 10:56:53.632 [http-nio-8080-exec-1] PropertyBinder - Building property lastName
[DEBUG] 2018-10-14 10:56:53.637 [http-nio-8080-exec-1] Ejb3Column - Binding column: Ejb3Column{table=org.hibernate.mapping.Table(user), mappingColumn=machine_number, insertable=true, updatable=true, unique=false}
[DEBUG] 2018-10-14 10:56:53.637 [http-nio-8080-exec-1] PropertyBinder - MetadataSourceProcessor property machineNumber with lazy=false
[DEBUG] 2018-10-14 10:56:53.637 [http-nio-8080-exec-1] AbstractPropertyHolder - Attempting to locate auto-apply AttributeConverter for property [ProductionCountLog.User:machineNumber]
[DEBUG] 2018-10-14 10:56:53.637 [http-nio-8080-exec-1] SimpleValueBinder - building SimpleValue for machineNumber
[DEBUG] 2018-10-14 10:56:53.637 [http-nio-8080-exec-1] PropertyBinder - Building property machineNumber
[DEBUG] 2018-10-14 10:56:53.641 [http-nio-8080-exec-1] Ejb3Column - Binding column: Ejb3Column{table=org.hibernate.mapping.Table(user), mappingColumn=product_name, insertable=true, updatable=true, unique=false}
[DEBUG] 2018-10-14 10:56:53.642 [http-nio-8080-exec-1] PropertyBinder - MetadataSourceProcessor property productName with lazy=false
[DEBUG] 2018-10-14 10:56:53.643 [http-nio-8080-exec-1] AbstractPropertyHolder - Attempting to locate auto-apply AttributeConverter for property [ProductionCountLog.User:productName]
[DEBUG] 2018-10-14 10:56:53.643 [http-nio-8080-exec-1] SimpleValueBinder - building SimpleValue for productName
[DEBUG] 2018-10-14 10:56:53.644 [http-nio-8080-exec-1] PropertyBinder - Building property productName
[DEBUG] 2018-10-14 10:56:53.644 [http-nio-8080-exec-1] Ejb3Column - Binding column: Ejb3Column{table=org.hibernate.mapping.Table(user), mappingColumn=shift, insertable=true, updatable=true, unique=false}
[DEBUG] 2018-10-14 10:56:53.644 [http-nio-8080-exec-1] PropertyBinder - MetadataSourceProcessor property shift with lazy=false
[DEBUG] 2018-10-14 10:56:53.644 [http-nio-8080-exec-1] AbstractPropertyHolder - Attempting to locate auto-apply AttributeConverter for property [ProductionCountLog.User:shift]
[DEBUG] 2018-10-14 10:56:53.644 [http-nio-8080-exec-1] SimpleValueBinder - building SimpleValue for shift
[DEBUG] 2018-10-14 10:56:53.644 [http-nio-8080-exec-1] PropertyBinder - Building property shift
[DEBUG] 2018-10-14 10:56:53.644 [http-nio-8080-exec-1] Ejb3Column - Binding column: Ejb3Column{table=org.hibernate.mapping.Table(user), mappingColumn=total_parts, insertable=true, updatable=true, unique=false}
[DEBUG] 2018-10-14 10:56:53.644 [http-nio-8080-exec-1] PropertyBinder - MetadataSourceProcessor property totalParts with lazy=false
[DEBUG] 2018-10-14 10:56:53.644 [http-nio-8080-exec-1] AbstractPropertyHolder - Attempting to locate auto-apply AttributeConverter for property [ProductionCountLog.User:totalParts]
[DEBUG] 2018-10-14 10:56:53.644 [http-nio-8080-exec-1] SimpleValueBinder - building SimpleValue for totalParts
[DEBUG] 2018-10-14 10:56:53.645 [http-nio-8080-exec-1] PropertyBinder - Building property totalParts
[DEBUG] 2018-10-14 10:56:53.648 [http-nio-8080-exec-1] SimpleValueBinder - Starting fillSimpleValue for id
[DEBUG] 2018-10-14 10:56:53.648 [http-nio-8080-exec-1] SimpleValueBinder - Starting fillSimpleValue for credits
[DEBUG] 2018-10-14 10:56:53.648 [http-nio-8080-exec-1] SimpleValueBinder - Starting fillSimpleValue for date
[DEBUG] 2018-10-14 10:56:53.651 [http-nio-8080-exec-1] SimpleValueBinder - Starting fillSimpleValue for downtime
[DEBUG] 2018-10-14 10:56:53.651 [http-nio-8080-exec-1] SimpleValueBinder - Starting fillSimpleValue for employeeId
[DEBUG] 2018-10-14 10:56:53.651 [http-nio-8080-exec-1] SimpleValueBinder - Starting fillSimpleValue for firstName
[DEBUG] 2018-10-14 10:56:53.651 [http-nio-8080-exec-1] SimpleValueBinder - Starting fillSimpleValue for hoursWorked
[DEBUG] 2018-10-14 10:56:53.651 [http-nio-8080-exec-1] SimpleValueBinder - Starting fillSimpleValue for lastName
[DEBUG] 2018-10-14 10:56:53.651 [http-nio-8080-exec-1] SimpleValueBinder - Starting fillSimpleValue for machineNumber
[DEBUG] 2018-10-14 10:56:53.651 [http-nio-8080-exec-1] SimpleValueBinder - Starting fillSimpleValue for productName
[DEBUG] 2018-10-14 10:56:53.658 [http-nio-8080-exec-1] SimpleValueBinder - Starting fillSimpleValue for shift
[DEBUG] 2018-10-14 10:56:53.658 [http-nio-8080-exec-1] SimpleValueBinder - Starting fillSimpleValue for totalParts
[DEBUG] 2018-10-14 10:56:53.661 [http-nio-8080-exec-1] PrimaryKey - Forcing column [id] to be non-null as it is part of the primary key for table [user]
[DEBUG] 2018-10-14 10:56:53.821 [http-nio-8080-exec-1] SessionFactoryImpl - Building session factory
[DEBUG] 2018-10-14 10:56:53.823 [http-nio-8080-exec-1] Settings - SessionFactory name : null
[DEBUG] 2018-10-14 10:56:53.823 [http-nio-8080-exec-1] Settings - Automatic flush during beforeCompletion(): enabled
[DEBUG] 2018-10-14 10:56:53.823 [http-nio-8080-exec-1] Settings - Automatic session close at end of transaction: disabled
[DEBUG] 2018-10-14 10:56:53.825 [http-nio-8080-exec-1] Settings - Statistics: disabled
[DEBUG] 2018-10-14 10:56:53.825 [http-nio-8080-exec-1] Settings - Deleted entity synthetic identifier rollback: disabled
[DEBUG] 2018-10-14 10:56:53.825 [http-nio-8080-exec-1] Settings - Default entity-mode: pojo
[DEBUG] 2018-10-14 10:56:53.825 [http-nio-8080-exec-1] Settings - Check Nullability in Core (should be disabled when Bean Validation is on): enabled
[DEBUG] 2018-10-14 10:56:53.825 [http-nio-8080-exec-1] Settings - Allow initialization of lazy state outside session : disabled
[DEBUG] 2018-10-14 10:56:53.826 [http-nio-8080-exec-1] Settings - Using BatchFetchStyle : LEGACY
[DEBUG] 2018-10-14 10:56:53.826 [http-nio-8080-exec-1] Settings - Default batch fetch size: -1
[DEBUG] 2018-10-14 10:56:53.826 [http-nio-8080-exec-1] Settings - Maximum outer join fetch depth: 2
[DEBUG] 2018-10-14 10:56:53.826 [http-nio-8080-exec-1] Settings - Default null ordering: NONE
[DEBUG] 2018-10-14 10:56:53.826 [http-nio-8080-exec-1] Settings - Order SQL updates by primary key: disabled
[DEBUG] 2018-10-14 10:56:53.826 [http-nio-8080-exec-1] Settings - Order SQL inserts for batching: disabled
[DEBUG] 2018-10-14 10:56:53.826 [http-nio-8080-exec-1] Settings - multi-tenancy strategy : NONE
[DEBUG] 2018-10-14 10:56:53.826 [http-nio-8080-exec-1] Settings - JTA Track by Thread: enabled
[DEBUG] 2018-10-14 10:56:53.826 [http-nio-8080-exec-1] Settings - Query language substitutions: {}
[DEBUG] 2018-10-14 10:56:53.826 [http-nio-8080-exec-1] Settings - JPA query language strict compliance: disabled
[DEBUG] 2018-10-14 10:56:53.828 [http-nio-8080-exec-1] Settings - Named query checking : enabled
[DEBUG] 2018-10-14 10:56:53.828 [http-nio-8080-exec-1] Settings - Second-level cache: enabled
[DEBUG] 2018-10-14 10:56:53.828 [http-nio-8080-exec-1] Settings - Second-level query cache: disabled
[DEBUG] 2018-10-14 10:56:53.829 [http-nio-8080-exec-1] Settings - Second-level query cache factory: org.hibernate.cache.internal.StandardQueryCacheFactory@897161c
[DEBUG] 2018-10-14 10:56:53.829 [http-nio-8080-exec-1] Settings - Second-level cache region prefix: null
[DEBUG] 2018-10-14 10:56:53.829 [http-nio-8080-exec-1] Settings - Optimize second-level cache for minimal puts: disabled
[DEBUG] 2018-10-14 10:56:53.829 [http-nio-8080-exec-1] Settings - Structured second-level cache entries: disabled
[DEBUG] 2018-10-14 10:56:53.834 [http-nio-8080-exec-1] Settings - Second-level cache direct-reference entries: disabled
[DEBUG] 2018-10-14 10:56:53.835 [http-nio-8080-exec-1] Settings - Automatic eviction of collection cache: disabled
[DEBUG] 2018-10-14 10:56:53.836 [http-nio-8080-exec-1] Settings - JDBC batch size: 15
[DEBUG] 2018-10-14 10:56:53.838 [http-nio-8080-exec-1] Settings - JDBC batch updates for versioned data: enabled
[DEBUG] 2018-10-14 10:56:53.838 [http-nio-8080-exec-1] Settings - Scrollable result sets: enabled
[DEBUG] 2018-10-14 10:56:53.838 [http-nio-8080-exec-1] Settings - Wrap result sets: disabled
[DEBUG] 2018-10-14 10:56:53.838 [http-nio-8080-exec-1] Settings - JDBC3 getGeneratedKeys(): enabled
[DEBUG] 2018-10-14 10:56:53.838 [http-nio-8080-exec-1] Settings - JDBC result set fetch size: null
[DEBUG] 2018-10-14 10:56:53.839 [http-nio-8080-exec-1] Settings - Connection release mode: AFTER_TRANSACTION
[DEBUG] 2018-10-14 10:56:53.839 [http-nio-8080-exec-1] Settings - Generate SQL with comments: disabled
[DEBUG] 2018-10-14 10:56:54.065 [http-nio-8080-exec-1] SessionFactoryImpl - Session factory constructed with filter configurations : {}
[DEBUG] 2018-10-14 10:56:54.067 [http-nio-8080-exec-1] SessionFactoryImpl - Instantiating session factory with properties: {awt.toolkit=sun.awt.X11.XToolkit, java.specification.version=1.8, sun.cpu.isalist=, hibernate.c3p0.idle_test_period=3000, sun.jnu.encoding=UTF-8, hibernate.c3p0.min_size=5, sun.arch.data.model=64, catalina.useNaming=true, java.vendor.url=http://java.oracle.com/, openejb.provider.default=org.apache.tomee, sun.boot.library.path=/usr/lib/jvm/java-8-oracle/jre/lib/amd64, com.sun.management.jmxremote.ssl=false, sun.java.command=org.apache.catalina.startup.Bootstrap start, java.specification.vendor=Oracle Corporation, openejb.embedder.source=ServerListener, java.naming.factory.url.pkgs=org.apache.naming:org.apache.openejb.core.ivm.naming, java.home=/usr/lib/jvm/java-8-oracle/jre, file.separator=/, line.separator=
, hibernate.c3p0.timeout=300, java.vm.specification.vendor=Oracle Corporation, java.specification.name=Java Platform API Specification, package.definition=sun.,java.,org.apache.catalina.,org.apache.coyote.,org.apache.jasper.,org.apache.naming.,org.apache.tomcat., openejb.deployments.classpath.filter.systemapps=false, sun.boot.class.path=/usr/lib/jvm/java-8-oracle/jre/lib/resources.jar:/usr/lib/jvm/java-8-oracle/jre/lib/rt.jar:/usr/lib/jvm/java-8-oracle/jre/lib/sunrsasign.jar:/usr/lib/jvm/java-8-oracle/jre/lib/jsse.jar:/usr/lib/jvm/java-8-oracle/jre/lib/jce.jar:/usr/lib/jvm/java-8-oracle/jre/lib/charsets.jar:/usr/lib/jvm/java-8-oracle/jre/lib/jfr.jar:/usr/lib/jvm/java-8-oracle/jre/classes, jdk.tls.ephemeralDHKeySize=2048, java.util.logging.config.file=/home/student/.IntelliJIdea2017.3/system/tomcat/Unnamed_ProductionCountLogInterface_2/conf/logging.properties, connection.password=student, sun.management.compiler=HotSpot 64-Bit Tiered Compilers, java.runtime.version=1.8.0_144-b01, user.name=student, org.apache.johnzon.max-string-length=8192, file.encoding=UTF-8, derby.system.home=/home/student/tomcat/bin, hibernate.connection.driver_class=com.mysql.jdbc.Driver, java.io.tmpdir=/home/student/tomcat/temp, tomcat.util.scan.StandardJarScanFilter.jarsToScan=log4j-core*.jar,log4j-taglib*.jar,log4javascript*.jar,slf4j-taglib*.jar, com.sun.management.jmxremote.port=1099, java.version=1.8.0_144, tomcat.util.scan.StandardJarScanFilter.jarsToSkip=bootstrap.jar,commons-daemon.jar,tomcat-juli.jar,annotations-api.jar,el-api.jar,jsp-api.jar,servlet-api.jar,websocket-api.jar,jaspic-api.jar,catalina.jar,catalina-ant.jar,catalina-ha.jar,catalina-storeconfig.jar,catalina-tribes.jar,jasper.jar,jasper-el.jar,ecj-*.jar,tomcat-api.jar,tomcat-util.jar,tomcat-util-scan.jar,tomcat-coyote.jar,tomcat-dbcp.jar,tomcat-jni.jar,tomcat-websocket.jar,tomcat-i18n-en.jar,tomcat-i18n-es.jar,tomcat-i18n-fr.jar,tomcat-i18n-ja.jar,tomcat-juli-adapters.jar,catalina-jmx-remote.jar,catalina-ws.jar,tomcat-jdbc.jar,tools.jar,commons-beanutils*.jar,commons-codec*.jar,commons-collections*.jar,commons-dbcp*.jar,commons-digester*.jar,commons-fileupload*.jar,commons-httpclient*.jar,commons-io*.jar,commons-lang*.jar,commons-logging*.jar,commons-math*.jar,commons-pool*.jar,jstl.jar,taglibs-standard-spec-*.jar,geronimo-spec-jaxrpc*.jar,wsdl4j*.jar,ant.jar,ant-junit*.jar,aspectj*.jar,jmx.jar,h2*.jar,hibernate*.jar,httpclient*.jar,jmx-tools.jar,jta*.jar,log4j*.jar,mail*.jar,slf4j*.jar,xercesImpl.jar,xmlParserAPIs.jar,xml-apis.jar,junit.jar,junit-*.jar,ant-launcher.jar,cobertura-*.jar,asm-*.jar,dom4j-*.jar,icu4j-*.jar,jaxen-*.jar,jdom-*.jar,jetty-*.jar,oro-*.jar,servlet-api-*.jar,tagsoup-*.jar,xmlParserAPIs-*.jar,xom-*.jar, connection.username=root, java.vm.specification.name=Java Virtual Machine Specification, java.awt.printerjob=sun.print.PSPrinterJob, sun.os.patch.level=unknown, connection.driver_class=com.mysql.jdbc.Driver, tomcat.built=Jun 9 2016 11:16:29 UTC, java.library.path=/usr/java/packages/lib/amd64:/usr/lib64:/lib64:/lib:/usr/lib, java.vendor=Oracle Corporation, tomee.version=7.0.1, java.rmi.server.randomIDs=true, sun.io.unicode.encoding=UnicodeLittle, tomcat.util.buf.StringCache.byte.enabled=true, sun.desktop=gnome, file.encoding.pkg=sun.io, com.sun.management.jmxremote.authenticate=false, java.class.path=/home/student/tomcat/bin/bootstrap.jar:/home/student/tomcat/bin/tomcat-juli.jar:/home/student/tomcat/lib/openejb-javaagent.jar, tomcat.version=8.5.3.0, java.vm.vendor=Oracle Corporation, openejb.home=/home/student/tomcat, openejb.system.apps=true, user.timezone=America/Chicago, os.name=Linux, java.vm.specification.version=1.8, sun.java.launcher=SUN_STANDARD, user.country=US, openejb.base=/home/student/.IntelliJIdea2017.3/system/tomcat/Unnamed_ProductionCountLogInterface_2, com.sun.management.jmxremote=, sun.cpu.endian=little, user.home=/home/student, hibernate.c3p0.max_statements=50, user.language=en, openejb.deployments.classpath=false, java.awt.graphicsenv=sun.awt.X11GraphicsEnvironment, package.access=sun.,org.apache.catalina.,org.apache.coyote.,org.apache.jasper.,org.apache.tomcat., openejb.loader=tomcat-system, server.loader=, hibernate.c3p0.max_size=20, java.naming.factory.initial=org.apache.naming.java.javaURLContextFactory, org.apache.openejb.core.security.JaccProvider=org.apache.openejb.core.security.jacc.BasicJaccProvider, path.separator=:, hibernate.connection.username=root, common.loader="/home/student/tomcat/lib","/home/student/tomcat/lib/*.jar","/home/student/tomcat/lib","/home/student/tomcat/lib/*.jar", openejb.java9.hack=false, os.version=4.4.0-57-generic, openejb.version=7.0.1, java.endorsed.dirs=/usr/lib/jvm/java-8-oracle/jre/lib/endorsed, org.apache.security.jacc.EJBMethodPermission.methodInterfaces=BusinessLocalHome,BusinessRemoteHome,BusinessRemote,BusinessLocal, java.runtime.name=Java(TM) SE Runtime Environment, hibernate.connection.url=jdbc:mysql://localhost:3306/indieProject, java.vm.name=Java HotSpot(TM) 64-Bit Server VM, tomee.remote.support=true, java.vendor.url.bug=http://bugreport.sun.com/bugreport/, catalina.home=/home/student/tomcat, bval.in-container=true, user.dir=/home/student/tomcat/bin, os.arch=amd64, openjpa.Log=org.apache.openejb.openjpa.JULOpenJPALogFactory, hibernate.connection.password=****, tomee.serialization.class.blacklist=-, tomee.serialization.class.whitelist=, catalina.base=/home/student/.IntelliJIdea2017.3/system/tomcat/Unnamed_ProductionCountLogInterface_2, shared.loader=, hibernate.boot.CfgXmlAccessService.key=org.hibernate.boot.cfgxml.spi.LoadedConfig@6b722120, java.util.logging.manager=org.apache.juli.ClassLoaderLogManager, noBanner=true, org.apache.webbeans.logger.WebBeansLoggerFacade=org.apache.openejb.cdi.logging.ContainerJULLoggerFactory, java.vm.info=mixed mode, java.vm.version=25.144-b01, hibernate.bytecode.use_reflection_optimizer=false, java.rmi.server.hostname=127.0.0.1, javax.security.jacc.PolicyConfigurationFactory.provider=org.apache.openejb.core.security.JaccProvider$Factory, java.ext.dirs=/usr/lib/jvm/java-8-oracle/jre/lib/ext:/usr/java/packages/lib/ext, connection.url=jdbc:mysql://localhost:3306/indieProject, java.class.version=52.0, authconfigprovider.factory=false}
[DEBUG] 2018-10-14 10:56:54.139 [http-nio-8080-exec-1] ClassLoaderAccessImpl - Not known whether passed class name [ProductionCountLog.User] is safe
[DEBUG] 2018-10-14 10:56:54.139 [http-nio-8080-exec-1] ClassLoaderAccessImpl - No temp ClassLoader provided; using live ClassLoader for loading potentially unsafe class : ProductionCountLog.User
[DEBUG] 2018-10-14 10:56:54.199 [http-nio-8080-exec-1] JaccIntegrator - Skipping JACC integration as it was not enabled
[DEBUG] 2018-10-14 10:56:54.212 [http-nio-8080-exec-1] SessionFactoryImpl - Instantiated session factory
[DEBUG] 2018-10-14 10:56:54.327 [http-nio-8080-exec-1] ClassLoaderAccessImpl - Not known whether passed class name [ProductionCountLog.User] is safe
[DEBUG] 2018-10-14 10:56:54.327 [http-nio-8080-exec-1] ClassLoaderAccessImpl - No temp ClassLoader provided; using live ClassLoader for loading potentially unsafe class : ProductionCountLog.User
[DEBUG] 2018-10-14 10:56:54.373 [http-nio-8080-exec-1] ClassLoaderAccessImpl - Not known whether passed class name [ProductionCountLog.User] is safe
[DEBUG] 2018-10-14 10:56:54.373 [http-nio-8080-exec-1] ClassLoaderAccessImpl - No temp ClassLoader provided; using live ClassLoader for loading potentially unsafe class : ProductionCountLog.User
[DEBUG] 2018-10-14 10:56:54.637 [http-nio-8080-exec-1] AbstractEntityPersister - Static SQL for entity: ProductionCountLog.User
[DEBUG] 2018-10-14 10:56:54.637 [http-nio-8080-exec-1] AbstractEntityPersister -  Version select: select id from user where id =?
[DEBUG] 2018-10-14 10:56:54.637 [http-nio-8080-exec-1] AbstractEntityPersister -  Snapshot select: select user_.id, user_.credits as credits2_0_, user_.date as date3_0_, user_.downtime as downtime4_0_, user_.employee_id as employee5_0_, user_.first_name as first_na6_0_, user_.hours_worked as hours_wo7_0_, user_.last_name as last_nam8_0_, user_.machine_number as machine_9_0_, user_.product_name as product10_0_, user_.shift as shift11_0_, user_.total_parts as total_p12_0_ from user user_ where user_.id=?
[DEBUG] 2018-10-14 10:56:54.637 [http-nio-8080-exec-1] AbstractEntityPersister -  Insert 0: insert into user (credits, date, downtime, employee_id, first_name, hours_worked, last_name, machine_number, product_name, shift, total_parts, id) values (?, ?, ?, ?, ?, ?, ?, ?, ?, ?, ?, ?)
[DEBUG] 2018-10-14 10:56:54.637 [http-nio-8080-exec-1] AbstractEntityPersister -  Update 0: update user set credits=?, date=?, downtime=?, employee_id=?, first_name=?, hours_worked=?, last_name=?, machine_number=?, product_name=?, shift=?, total_parts=? where id=?
[DEBUG] 2018-10-14 10:56:54.637 [http-nio-8080-exec-1] AbstractEntityPersister -  Delete 0: delete from user where id=?
[DEBUG] 2018-10-14 10:56:54.637 [http-nio-8080-exec-1] AbstractEntityPersister -  Identity insert: insert into user (credits, date, downtime, employee_id, first_name, hours_worked, last_name, machine_number, product_name, shift, total_parts) values (?, ?, ?, ?, ?, ?, ?, ?, ?, ?, ?)
[DEBUG] 2018-10-14 10:56:54.827 [http-nio-8080-exec-1] QuerySpacesImpl - Adding QuerySpace : uid = <gen:0> -> org.hibernate.loader.plan.build.internal.spaces.EntityQuerySpaceImpl@45f62a9b]
[DEBUG] 2018-10-14 10:56:54.829 [http-nio-8080-exec-1] MetamodelGraphWalker - Visiting attribute path : credits
[DEBUG] 2018-10-14 10:56:54.829 [http-nio-8080-exec-1] MetamodelGraphWalker - Visiting attribute path : date
[DEBUG] 2018-10-14 10:56:54.829 [http-nio-8080-exec-1] MetamodelGraphWalker - Visiting attribute path : downtime
[DEBUG] 2018-10-14 10:56:54.829 [http-nio-8080-exec-1] MetamodelGraphWalker - Visiting attribute path : employeeId
[DEBUG] 2018-10-14 10:56:54.829 [http-nio-8080-exec-1] MetamodelGraphWalker - Visiting attribute path : firstName
[DEBUG] 2018-10-14 10:56:54.829 [http-nio-8080-exec-1] MetamodelGraphWalker - Visiting attribute path : hoursWorked
[DEBUG] 2018-10-14 10:56:54.829 [http-nio-8080-exec-1] MetamodelGraphWalker - Visiting attribute path : lastName
[DEBUG] 2018-10-14 10:56:54.829 [http-nio-8080-exec-1] MetamodelGraphWalker - Visiting attribute path : machineNumber
[DEBUG] 2018-10-14 10:56:54.829 [http-nio-8080-exec-1] MetamodelGraphWalker - Visiting attribute path : productName
[DEBUG] 2018-10-14 10:56:54.829 [http-nio-8080-exec-1] MetamodelGraphWalker - Visiting attribute path : shift
[DEBUG] 2018-10-14 10:56:54.829 [http-nio-8080-exec-1] MetamodelGraphWalker - Visiting attribute path : totalParts
[DEBUG] 2018-10-14 10:56:54.829 [http-nio-8080-exec-1] FetchStyleLoadPlanBuildingAssociationVisitationStrategy - Building LoadPlan...
[DEBUG] 2018-10-14 10:56:54.869 [http-nio-8080-exec-1] LoadQueryJoinAndFetchProcessor - processing queryspace <gen:0>
[DEBUG] 2018-10-14 10:56:54.883 [http-nio-8080-exec-1] LoadPlanTreePrinter - LoadPlan(entity=ProductionCountLog.User)
    - Returns
       - EntityReturnImpl(entity=ProductionCountLog.User, querySpaceUid=<gen:0>, path=ProductionCountLog.User)
    - QuerySpaces
       - EntityQuerySpaceImpl(uid=<gen:0>, entity=ProductionCountLog.User)
          - SQL table alias mapping - user0_
          - alias suffix - 0_
          - suffixed key columns - {id1_0_0_}

[DEBUG] 2018-10-14 10:56:54.896 [http-nio-8080-exec-1] EntityLoader - Static select for entity ProductionCountLog.User [NONE]: select user0_.id as id1_0_0_, user0_.credits as credits2_0_0_, user0_.date as date3_0_0_, user0_.downtime as downtime4_0_0_, user0_.employee_id as employee5_0_0_, user0_.first_name as first_na6_0_0_, user0_.hours_worked as hours_wo7_0_0_, user0_.last_name as last_nam8_0_0_, user0_.machine_number as machine_9_0_0_, user0_.product_name as product10_0_0_, user0_.shift as shift11_0_0_, user0_.total_parts as total_p12_0_0_ from user user0_ where user0_.id=?
[DEBUG] 2018-10-14 10:56:54.896 [http-nio-8080-exec-1] QuerySpacesImpl - Adding QuerySpace : uid = <gen:0> -> org.hibernate.loader.plan.build.internal.spaces.EntityQuerySpaceImpl@341b66e5]
[DEBUG] 2018-10-14 10:56:54.896 [http-nio-8080-exec-1] MetamodelGraphWalker - Visiting attribute path : credits
[DEBUG] 2018-10-14 10:56:54.896 [http-nio-8080-exec-1] MetamodelGraphWalker - Visiting attribute path : date
[DEBUG] 2018-10-14 10:56:54.896 [http-nio-8080-exec-1] MetamodelGraphWalker - Visiting attribute path : downtime
[DEBUG] 2018-10-14 10:56:54.896 [http-nio-8080-exec-1] MetamodelGraphWalker - Visiting attribute path : employeeId
[DEBUG] 2018-10-14 10:56:54.896 [http-nio-8080-exec-1] MetamodelGraphWalker - Visiting attribute path : firstName
[DEBUG] 2018-10-14 10:56:54.896 [http-nio-8080-exec-1] MetamodelGraphWalker - Visiting attribute path : hoursWorked
[DEBUG] 2018-10-14 10:56:54.896 [http-nio-8080-exec-1] MetamodelGraphWalker - Visiting attribute path : lastName
[DEBUG] 2018-10-14 10:56:54.897 [http-nio-8080-exec-1] MetamodelGraphWalker - Visiting attribute path : machineNumber
[DEBUG] 2018-10-14 10:56:54.897 [http-nio-8080-exec-1] MetamodelGraphWalker - Visiting attribute path : productName
[DEBUG] 2018-10-14 10:56:54.897 [http-nio-8080-exec-1] MetamodelGraphWalker - Visiting attribute path : shift
[DEBUG] 2018-10-14 10:56:54.897 [http-nio-8080-exec-1] MetamodelGraphWalker - Visiting attribute path : totalParts
[DEBUG] 2018-10-14 10:56:54.897 [http-nio-8080-exec-1] FetchStyleLoadPlanBuildingAssociationVisitationStrategy - Building LoadPlan...
[DEBUG] 2018-10-14 10:56:54.897 [http-nio-8080-exec-1] LoadQueryJoinAndFetchProcessor - processing queryspace <gen:0>
[DEBUG] 2018-10-14 10:56:54.898 [http-nio-8080-exec-1] LoadPlanTreePrinter - LoadPlan(entity=ProductionCountLog.User)
    - Returns
       - EntityReturnImpl(entity=ProductionCountLog.User, querySpaceUid=<gen:0>, path=ProductionCountLog.User)
    - QuerySpaces
       - EntityQuerySpaceImpl(uid=<gen:0>, entity=ProductionCountLog.User)
          - SQL table alias mapping - user0_
          - alias suffix - 0_
          - suffixed key columns - {id1_0_0_}

[DEBUG] 2018-10-14 10:56:54.898 [http-nio-8080-exec-1] EntityLoader - Static select for entity ProductionCountLog.User [READ]: select user0_.id as id1_0_0_, user0_.credits as credits2_0_0_, user0_.date as date3_0_0_, user0_.downtime as downtime4_0_0_, user0_.employee_id as employee5_0_0_, user0_.first_name as first_na6_0_0_, user0_.hours_worked as hours_wo7_0_0_, user0_.last_name as last_nam8_0_0_, user0_.machine_number as machine_9_0_0_, user0_.product_name as product10_0_0_, user0_.shift as shift11_0_0_, user0_.total_parts as total_p12_0_0_ from user user0_ where user0_.id=?
[DEBUG] 2018-10-14 10:56:54.898 [http-nio-8080-exec-1] QuerySpacesImpl - Adding QuerySpace : uid = <gen:0> -> org.hibernate.loader.plan.build.internal.spaces.EntityQuerySpaceImpl@422c1a8b]
[DEBUG] 2018-10-14 10:56:54.898 [http-nio-8080-exec-1] MetamodelGraphWalker - Visiting attribute path : credits
[DEBUG] 2018-10-14 10:56:54.899 [http-nio-8080-exec-1] MetamodelGraphWalker - Visiting attribute path : date
[DEBUG] 2018-10-14 10:56:54.899 [http-nio-8080-exec-1] MetamodelGraphWalker - Visiting attribute path : downtime
[DEBUG] 2018-10-14 10:56:54.899 [http-nio-8080-exec-1] MetamodelGraphWalker - Visiting attribute path : employeeId
[DEBUG] 2018-10-14 10:56:54.899 [http-nio-8080-exec-1] MetamodelGraphWalker - Visiting attribute path : firstName
[DEBUG] 2018-10-14 10:56:54.899 [http-nio-8080-exec-1] MetamodelGraphWalker - Visiting attribute path : hoursWorked
[DEBUG] 2018-10-14 10:56:54.899 [http-nio-8080-exec-1] MetamodelGraphWalker - Visiting attribute path : lastName
[DEBUG] 2018-10-14 10:56:54.899 [http-nio-8080-exec-1] MetamodelGraphWalker - Visiting attribute path : machineNumber
[DEBUG] 2018-10-14 10:56:54.899 [http-nio-8080-exec-1] MetamodelGraphWalker - Visiting attribute path : productName
[DEBUG] 2018-10-14 10:56:54.899 [http-nio-8080-exec-1] MetamodelGraphWalker - Visiting attribute path : shift
[DEBUG] 2018-10-14 10:56:54.899 [http-nio-8080-exec-1] MetamodelGraphWalker - Visiting attribute path : totalParts
[DEBUG] 2018-10-14 10:56:54.899 [http-nio-8080-exec-1] FetchStyleLoadPlanBuildingAssociationVisitationStrategy - Building LoadPlan...
[DEBUG] 2018-10-14 10:56:54.900 [http-nio-8080-exec-1] LoadQueryJoinAndFetchProcessor - processing queryspace <gen:0>
[DEBUG] 2018-10-14 10:56:54.901 [http-nio-8080-exec-1] LoadPlanTreePrinter - LoadPlan(entity=ProductionCountLog.User)
    - Returns
       - EntityReturnImpl(entity=ProductionCountLog.User, querySpaceUid=<gen:0>, path=ProductionCountLog.User)
    - QuerySpaces
       - EntityQuerySpaceImpl(uid=<gen:0>, entity=ProductionCountLog.User)
          - SQL table alias mapping - user0_
          - alias suffix - 0_
          - suffixed key columns - {id1_0_0_}

[DEBUG] 2018-10-14 10:56:54.902 [http-nio-8080-exec-1] EntityLoader - Static select for entity ProductionCountLog.User [UPGRADE]: select user0_.id as id1_0_0_, user0_.credits as credits2_0_0_, user0_.date as date3_0_0_, user0_.downtime as downtime4_0_0_, user0_.employee_id as employee5_0_0_, user0_.first_name as first_na6_0_0_, user0_.hours_worked as hours_wo7_0_0_, user0_.last_name as last_nam8_0_0_, user0_.machine_number as machine_9_0_0_, user0_.product_name as product10_0_0_, user0_.shift as shift11_0_0_, user0_.total_parts as total_p12_0_0_ from user user0_ where user0_.id=? for update
[DEBUG] 2018-10-14 10:56:54.902 [http-nio-8080-exec-1] QuerySpacesImpl - Adding QuerySpace : uid = <gen:0> -> org.hibernate.loader.plan.build.internal.spaces.EntityQuerySpaceImpl@6ce4f750]
[DEBUG] 2018-10-14 10:56:54.902 [http-nio-8080-exec-1] MetamodelGraphWalker - Visiting attribute path : credits
[DEBUG] 2018-10-14 10:56:54.902 [http-nio-8080-exec-1] MetamodelGraphWalker - Visiting attribute path : date
[DEBUG] 2018-10-14 10:56:54.902 [http-nio-8080-exec-1] MetamodelGraphWalker - Visiting attribute path : downtime
[DEBUG] 2018-10-14 10:56:54.902 [http-nio-8080-exec-1] MetamodelGraphWalker - Visiting attribute path : employeeId
[DEBUG] 2018-10-14 10:56:54.902 [http-nio-8080-exec-1] MetamodelGraphWalker - Visiting attribute path : firstName
[DEBUG] 2018-10-14 10:56:54.905 [http-nio-8080-exec-1] MetamodelGraphWalker - Visiting attribute path : hoursWorked
[DEBUG] 2018-10-14 10:56:54.905 [http-nio-8080-exec-1] MetamodelGraphWalker - Visiting attribute path : lastName
[DEBUG] 2018-10-14 10:56:54.905 [http-nio-8080-exec-1] MetamodelGraphWalker - Visiting attribute path : machineNumber
[DEBUG] 2018-10-14 10:56:54.905 [http-nio-8080-exec-1] MetamodelGraphWalker - Visiting attribute path : productName
[DEBUG] 2018-10-14 10:56:54.905 [http-nio-8080-exec-1] MetamodelGraphWalker - Visiting attribute path : shift
[DEBUG] 2018-10-14 10:56:54.905 [http-nio-8080-exec-1] MetamodelGraphWalker - Visiting attribute path : totalParts
[DEBUG] 2018-10-14 10:56:54.905 [http-nio-8080-exec-1] FetchStyleLoadPlanBuildingAssociationVisitationStrategy - Building LoadPlan...
[DEBUG] 2018-10-14 10:56:54.906 [http-nio-8080-exec-1] LoadQueryJoinAndFetchProcessor - processing queryspace <gen:0>
[DEBUG] 2018-10-14 10:56:54.907 [http-nio-8080-exec-1] LoadPlanTreePrinter - LoadPlan(entity=ProductionCountLog.User)
    - Returns
       - EntityReturnImpl(entity=ProductionCountLog.User, querySpaceUid=<gen:0>, path=ProductionCountLog.User)
    - QuerySpaces
       - EntityQuerySpaceImpl(uid=<gen:0>, entity=ProductionCountLog.User)
          - SQL table alias mapping - user0_
          - alias suffix - 0_
          - suffixed key columns - {id1_0_0_}

[DEBUG] 2018-10-14 10:56:54.907 [http-nio-8080-exec-1] EntityLoader - Static select for entity ProductionCountLog.User [UPGRADE_NOWAIT]: select user0_.id as id1_0_0_, user0_.credits as credits2_0_0_, user0_.date as date3_0_0_, user0_.downtime as downtime4_0_0_, user0_.employee_id as employee5_0_0_, user0_.first_name as first_na6_0_0_, user0_.hours_worked as hours_wo7_0_0_, user0_.last_name as last_nam8_0_0_, user0_.machine_number as machine_9_0_0_, user0_.product_name as product10_0_0_, user0_.shift as shift11_0_0_, user0_.total_parts as total_p12_0_0_ from user user0_ where user0_.id=? for update
[DEBUG] 2018-10-14 10:56:54.907 [http-nio-8080-exec-1] QuerySpacesImpl - Adding QuerySpace : uid = <gen:0> -> org.hibernate.loader.plan.build.internal.spaces.EntityQuerySpaceImpl@7db19800]
[DEBUG] 2018-10-14 10:56:54.907 [http-nio-8080-exec-1] MetamodelGraphWalker - Visiting attribute path : credits
[DEBUG] 2018-10-14 10:56:54.907 [http-nio-8080-exec-1] MetamodelGraphWalker - Visiting attribute path : date
[DEBUG] 2018-10-14 10:56:54.907 [http-nio-8080-exec-1] MetamodelGraphWalker - Visiting attribute path : downtime
[DEBUG] 2018-10-14 10:56:54.908 [http-nio-8080-exec-1] MetamodelGraphWalker - Visiting attribute path : employeeId
[DEBUG] 2018-10-14 10:56:54.908 [http-nio-8080-exec-1] MetamodelGraphWalker - Visiting attribute path : firstName
[DEBUG] 2018-10-14 10:56:54.908 [http-nio-8080-exec-1] MetamodelGraphWalker - Visiting attribute path : hoursWorked
[DEBUG] 2018-10-14 10:56:54.908 [http-nio-8080-exec-1] MetamodelGraphWalker - Visiting attribute path : lastName
[DEBUG] 2018-10-14 10:56:54.908 [http-nio-8080-exec-1] MetamodelGraphWalker - Visiting attribute path : machineNumber
[DEBUG] 2018-10-14 10:56:54.908 [http-nio-8080-exec-1] MetamodelGraphWalker - Visiting attribute path : productName
[DEBUG] 2018-10-14 10:56:54.909 [http-nio-8080-exec-1] MetamodelGraphWalker - Visiting attribute path : shift
[DEBUG] 2018-10-14 10:56:54.909 [http-nio-8080-exec-1] MetamodelGraphWalker - Visiting attribute path : totalParts
[DEBUG] 2018-10-14 10:56:54.909 [http-nio-8080-exec-1] FetchStyleLoadPlanBuildingAssociationVisitationStrategy - Building LoadPlan...
[DEBUG] 2018-10-14 10:56:54.909 [http-nio-8080-exec-1] LoadQueryJoinAndFetchProcessor - processing queryspace <gen:0>
[DEBUG] 2018-10-14 10:56:54.910 [http-nio-8080-exec-1] LoadPlanTreePrinter - LoadPlan(entity=ProductionCountLog.User)
    - Returns
       - EntityReturnImpl(entity=ProductionCountLog.User, querySpaceUid=<gen:0>, path=ProductionCountLog.User)
    - QuerySpaces
       - EntityQuerySpaceImpl(uid=<gen:0>, entity=ProductionCountLog.User)
          - SQL table alias mapping - user0_
          - alias suffix - 0_
          - suffixed key columns - {id1_0_0_}

[DEBUG] 2018-10-14 10:56:54.910 [http-nio-8080-exec-1] EntityLoader - Static select for entity ProductionCountLog.User [UPGRADE_SKIPLOCKED]: select user0_.id as id1_0_0_, user0_.credits as credits2_0_0_, user0_.date as date3_0_0_, user0_.downtime as downtime4_0_0_, user0_.employee_id as employee5_0_0_, user0_.first_name as first_na6_0_0_, user0_.hours_worked as hours_wo7_0_0_, user0_.last_name as last_nam8_0_0_, user0_.machine_number as machine_9_0_0_, user0_.product_name as product10_0_0_, user0_.shift as shift11_0_0_, user0_.total_parts as total_p12_0_0_ from user user0_ where user0_.id=? for update
[DEBUG] 2018-10-14 10:56:54.910 [http-nio-8080-exec-1] QuerySpacesImpl - Adding QuerySpace : uid = <gen:0> -> org.hibernate.loader.plan.build.internal.spaces.EntityQuerySpaceImpl@9905023]
[DEBUG] 2018-10-14 10:56:54.910 [http-nio-8080-exec-1] MetamodelGraphWalker - Visiting attribute path : credits
[DEBUG] 2018-10-14 10:56:54.910 [http-nio-8080-exec-1] MetamodelGraphWalker - Visiting attribute path : date
[DEBUG] 2018-10-14 10:56:54.910 [http-nio-8080-exec-1] MetamodelGraphWalker - Visiting attribute path : downtime
[DEBUG] 2018-10-14 10:56:54.910 [http-nio-8080-exec-1] MetamodelGraphWalker - Visiting attribute path : employeeId
[DEBUG] 2018-10-14 10:56:54.910 [http-nio-8080-exec-1] MetamodelGraphWalker - Visiting attribute path : firstName
[DEBUG] 2018-10-14 10:56:54.910 [http-nio-8080-exec-1] MetamodelGraphWalker - Visiting attribute path : hoursWorked
[DEBUG] 2018-10-14 10:56:54.910 [http-nio-8080-exec-1] MetamodelGraphWalker - Visiting attribute path : lastName
[DEBUG] 2018-10-14 10:56:54.910 [http-nio-8080-exec-1] MetamodelGraphWalker - Visiting attribute path : machineNumber
[DEBUG] 2018-10-14 10:56:54.910 [http-nio-8080-exec-1] MetamodelGraphWalker - Visiting attribute path : productName
[DEBUG] 2018-10-14 10:56:54.910 [http-nio-8080-exec-1] MetamodelGraphWalker - Visiting attribute path : shift
[DEBUG] 2018-10-14 10:56:54.910 [http-nio-8080-exec-1] MetamodelGraphWalker - Visiting attribute path : totalParts
[DEBUG] 2018-10-14 10:56:54.910 [http-nio-8080-exec-1] FetchStyleLoadPlanBuildingAssociationVisitationStrategy - Building LoadPlan...
[DEBUG] 2018-10-14 10:56:54.914 [http-nio-8080-exec-1] LoadQueryJoinAndFetchProcessor - processing queryspace <gen:0>
[DEBUG] 2018-10-14 10:56:54.915 [http-nio-8080-exec-1] LoadPlanTreePrinter - LoadPlan(entity=ProductionCountLog.User)
    - Returns
       - EntityReturnImpl(entity=ProductionCountLog.User, querySpaceUid=<gen:0>, path=ProductionCountLog.User)
    - QuerySpaces
       - EntityQuerySpaceImpl(uid=<gen:0>, entity=ProductionCountLog.User)
          - SQL table alias mapping - user0_
          - alias suffix - 0_
          - suffixed key columns - {id1_0_0_}

[DEBUG] 2018-10-14 10:56:54.915 [http-nio-8080-exec-1] EntityLoader - Static select for entity ProductionCountLog.User [FORCE]: select user0_.id as id1_0_0_, user0_.credits as credits2_0_0_, user0_.date as date3_0_0_, user0_.downtime as downtime4_0_0_, user0_.employee_id as employee5_0_0_, user0_.first_name as first_na6_0_0_, user0_.hours_worked as hours_wo7_0_0_, user0_.last_name as last_nam8_0_0_, user0_.machine_number as machine_9_0_0_, user0_.product_name as product10_0_0_, user0_.shift as shift11_0_0_, user0_.total_parts as total_p12_0_0_ from user user0_ where user0_.id=? for update
[DEBUG] 2018-10-14 10:56:54.915 [http-nio-8080-exec-1] QuerySpacesImpl - Adding QuerySpace : uid = <gen:0> -> org.hibernate.loader.plan.build.internal.spaces.EntityQuerySpaceImpl@7eb41242]
[DEBUG] 2018-10-14 10:56:54.915 [http-nio-8080-exec-1] MetamodelGraphWalker - Visiting attribute path : credits
[DEBUG] 2018-10-14 10:56:54.917 [http-nio-8080-exec-1] MetamodelGraphWalker - Visiting attribute path : date
[DEBUG] 2018-10-14 10:56:54.917 [http-nio-8080-exec-1] MetamodelGraphWalker - Visiting attribute path : downtime
[DEBUG] 2018-10-14 10:56:54.917 [http-nio-8080-exec-1] MetamodelGraphWalker - Visiting attribute path : employeeId
[DEBUG] 2018-10-14 10:56:54.917 [http-nio-8080-exec-1] MetamodelGraphWalker - Visiting attribute path : firstName
[DEBUG] 2018-10-14 10:56:54.919 [http-nio-8080-exec-1] MetamodelGraphWalker - Visiting attribute path : hoursWorked
[DEBUG] 2018-10-14 10:56:54.919 [http-nio-8080-exec-1] MetamodelGraphWalker - Visiting attribute path : lastName
[DEBUG] 2018-10-14 10:56:54.920 [http-nio-8080-exec-1] MetamodelGraphWalker - Visiting attribute path : machineNumber
[DEBUG] 2018-10-14 10:56:54.922 [http-nio-8080-exec-1] MetamodelGraphWalker - Visiting attribute path : productName
[DEBUG] 2018-10-14 10:56:54.922 [http-nio-8080-exec-1] MetamodelGraphWalker - Visiting attribute path : shift
[DEBUG] 2018-10-14 10:56:54.922 [http-nio-8080-exec-1] MetamodelGraphWalker - Visiting attribute path : totalParts
[DEBUG] 2018-10-14 10:56:54.922 [http-nio-8080-exec-1] FetchStyleLoadPlanBuildingAssociationVisitationStrategy - Building LoadPlan...
[DEBUG] 2018-10-14 10:56:54.923 [http-nio-8080-exec-1] LoadQueryJoinAndFetchProcessor - processing queryspace <gen:0>
[DEBUG] 2018-10-14 10:56:54.923 [http-nio-8080-exec-1] LoadPlanTreePrinter - LoadPlan(entity=ProductionCountLog.User)
    - Returns
       - EntityReturnImpl(entity=ProductionCountLog.User, querySpaceUid=<gen:0>, path=ProductionCountLog.User)
    - QuerySpaces
       - EntityQuerySpaceImpl(uid=<gen:0>, entity=ProductionCountLog.User)
          - SQL table alias mapping - user0_
          - alias suffix - 0_
          - suffixed key columns - {id1_0_0_}

[DEBUG] 2018-10-14 10:56:54.923 [http-nio-8080-exec-1] EntityLoader - Static select for entity ProductionCountLog.User [PESSIMISTIC_READ]: select user0_.id as id1_0_0_, user0_.credits as credits2_0_0_, user0_.date as date3_0_0_, user0_.downtime as downtime4_0_0_, user0_.employee_id as employee5_0_0_, user0_.first_name as first_na6_0_0_, user0_.hours_worked as hours_wo7_0_0_, user0_.last_name as last_nam8_0_0_, user0_.machine_number as machine_9_0_0_, user0_.product_name as product10_0_0_, user0_.shift as shift11_0_0_, user0_.total_parts as total_p12_0_0_ from user user0_ where user0_.id=? lock in share mode
[DEBUG] 2018-10-14 10:56:54.923 [http-nio-8080-exec-1] QuerySpacesImpl - Adding QuerySpace : uid = <gen:0> -> org.hibernate.loader.plan.build.internal.spaces.EntityQuerySpaceImpl@1cc81810]
[DEBUG] 2018-10-14 10:56:54.923 [http-nio-8080-exec-1] MetamodelGraphWalker - Visiting attribute path : credits
[DEBUG] 2018-10-14 10:56:54.923 [http-nio-8080-exec-1] MetamodelGraphWalker - Visiting attribute path : date
[DEBUG] 2018-10-14 10:56:54.923 [http-nio-8080-exec-1] MetamodelGraphWalker - Visiting attribute path : downtime
[DEBUG] 2018-10-14 10:56:54.924 [http-nio-8080-exec-1] MetamodelGraphWalker - Visiting attribute path : employeeId
[DEBUG] 2018-10-14 10:56:54.924 [http-nio-8080-exec-1] MetamodelGraphWalker - Visiting attribute path : firstName
[DEBUG] 2018-10-14 10:56:54.924 [http-nio-8080-exec-1] MetamodelGraphWalker - Visiting attribute path : hoursWorked
[DEBUG] 2018-10-14 10:56:54.924 [http-nio-8080-exec-1] MetamodelGraphWalker - Visiting attribute path : lastName
[DEBUG] 2018-10-14 10:56:54.924 [http-nio-8080-exec-1] MetamodelGraphWalker - Visiting attribute path : machineNumber
[DEBUG] 2018-10-14 10:56:54.924 [http-nio-8080-exec-1] MetamodelGraphWalker - Visiting attribute path : productName
[DEBUG] 2018-10-14 10:56:54.924 [http-nio-8080-exec-1] MetamodelGraphWalker - Visiting attribute path : shift
[DEBUG] 2018-10-14 10:56:54.924 [http-nio-8080-exec-1] MetamodelGraphWalker - Visiting attribute path : totalParts
[DEBUG] 2018-10-14 10:56:54.924 [http-nio-8080-exec-1] FetchStyleLoadPlanBuildingAssociationVisitationStrategy - Building LoadPlan...
[DEBUG] 2018-10-14 10:56:54.929 [http-nio-8080-exec-1] LoadQueryJoinAndFetchProcessor - processing queryspace <gen:0>
[DEBUG] 2018-10-14 10:56:54.930 [http-nio-8080-exec-1] LoadPlanTreePrinter - LoadPlan(entity=ProductionCountLog.User)
    - Returns
       - EntityReturnImpl(entity=ProductionCountLog.User, querySpaceUid=<gen:0>, path=ProductionCountLog.User)
    - QuerySpaces
       - EntityQuerySpaceImpl(uid=<gen:0>, entity=ProductionCountLog.User)
          - SQL table alias mapping - user0_
          - alias suffix - 0_
          - suffixed key columns - {id1_0_0_}

[DEBUG] 2018-10-14 10:56:54.930 [http-nio-8080-exec-1] EntityLoader - Static select for entity ProductionCountLog.User [PESSIMISTIC_WRITE]: select user0_.id as id1_0_0_, user0_.credits as credits2_0_0_, user0_.date as date3_0_0_, user0_.downtime as downtime4_0_0_, user0_.employee_id as employee5_0_0_, user0_.first_name as first_na6_0_0_, user0_.hours_worked as hours_wo7_0_0_, user0_.last_name as last_nam8_0_0_, user0_.machine_number as machine_9_0_0_, user0_.product_name as product10_0_0_, user0_.shift as shift11_0_0_, user0_.total_parts as total_p12_0_0_ from user user0_ where user0_.id=? for update
[DEBUG] 2018-10-14 10:56:54.930 [http-nio-8080-exec-1] QuerySpacesImpl - Adding QuerySpace : uid = <gen:0> -> org.hibernate.loader.plan.build.internal.spaces.EntityQuerySpaceImpl@6a7d56ef]
[DEBUG] 2018-10-14 10:56:54.930 [http-nio-8080-exec-1] MetamodelGraphWalker - Visiting attribute path : credits
[DEBUG] 2018-10-14 10:56:54.930 [http-nio-8080-exec-1] MetamodelGraphWalker - Visiting attribute path : date
[DEBUG] 2018-10-14 10:56:54.930 [http-nio-8080-exec-1] MetamodelGraphWalker - Visiting attribute path : downtime
[DEBUG] 2018-10-14 10:56:54.930 [http-nio-8080-exec-1] MetamodelGraphWalker - Visiting attribute path : employeeId
[DEBUG] 2018-10-14 10:56:54.930 [http-nio-8080-exec-1] MetamodelGraphWalker - Visiting attribute path : firstName
[DEBUG] 2018-10-14 10:56:54.930 [http-nio-8080-exec-1] MetamodelGraphWalker - Visiting attribute path : hoursWorked
[DEBUG] 2018-10-14 10:56:54.930 [http-nio-8080-exec-1] MetamodelGraphWalker - Visiting attribute path : lastName
[DEBUG] 2018-10-14 10:56:54.930 [http-nio-8080-exec-1] MetamodelGraphWalker - Visiting attribute path : machineNumber
[DEBUG] 2018-10-14 10:56:54.930 [http-nio-8080-exec-1] MetamodelGraphWalker - Visiting attribute path : productName
[DEBUG] 2018-10-14 10:56:54.930 [http-nio-8080-exec-1] MetamodelGraphWalker - Visiting attribute path : shift
[DEBUG] 2018-10-14 10:56:54.930 [http-nio-8080-exec-1] MetamodelGraphWalker - Visiting attribute path : totalParts
[DEBUG] 2018-10-14 10:56:54.930 [http-nio-8080-exec-1] FetchStyleLoadPlanBuildingAssociationVisitationStrategy - Building LoadPlan...
[DEBUG] 2018-10-14 10:56:54.931 [http-nio-8080-exec-1] LoadQueryJoinAndFetchProcessor - processing queryspace <gen:0>
[DEBUG] 2018-10-14 10:56:54.931 [http-nio-8080-exec-1] LoadPlanTreePrinter - LoadPlan(entity=ProductionCountLog.User)
    - Returns
       - EntityReturnImpl(entity=ProductionCountLog.User, querySpaceUid=<gen:0>, path=ProductionCountLog.User)
    - QuerySpaces
       - EntityQuerySpaceImpl(uid=<gen:0>, entity=ProductionCountLog.User)
          - SQL table alias mapping - user0_
          - alias suffix - 0_
          - suffixed key columns - {id1_0_0_}

[DEBUG] 2018-10-14 10:56:54.931 [http-nio-8080-exec-1] EntityLoader - Static select for entity ProductionCountLog.User [PESSIMISTIC_FORCE_INCREMENT]: select user0_.id as id1_0_0_, user0_.credits as credits2_0_0_, user0_.date as date3_0_0_, user0_.downtime as downtime4_0_0_, user0_.employee_id as employee5_0_0_, user0_.first_name as first_na6_0_0_, user0_.hours_worked as hours_wo7_0_0_, user0_.last_name as last_nam8_0_0_, user0_.machine_number as machine_9_0_0_, user0_.product_name as product10_0_0_, user0_.shift as shift11_0_0_, user0_.total_parts as total_p12_0_0_ from user user0_ where user0_.id=? for update
[DEBUG] 2018-10-14 10:56:54.931 [http-nio-8080-exec-1] QuerySpacesImpl - Adding QuerySpace : uid = <gen:0> -> org.hibernate.loader.plan.build.internal.spaces.EntityQuerySpaceImpl@33625384]
[DEBUG] 2018-10-14 10:56:54.934 [http-nio-8080-exec-1] MetamodelGraphWalker - Visiting attribute path : credits
[DEBUG] 2018-10-14 10:56:54.935 [http-nio-8080-exec-1] MetamodelGraphWalker - Visiting attribute path : date
[DEBUG] 2018-10-14 10:56:54.935 [http-nio-8080-exec-1] MetamodelGraphWalker - Visiting attribute path : downtime
[DEBUG] 2018-10-14 10:56:54.935 [http-nio-8080-exec-1] MetamodelGraphWalker - Visiting attribute path : employeeId
[DEBUG] 2018-10-14 10:56:54.935 [http-nio-8080-exec-1] MetamodelGraphWalker - Visiting attribute path : firstName
[DEBUG] 2018-10-14 10:56:54.936 [http-nio-8080-exec-1] MetamodelGraphWalker - Visiting attribute path : hoursWorked
[DEBUG] 2018-10-14 10:56:54.936 [http-nio-8080-exec-1] MetamodelGraphWalker - Visiting attribute path : lastName
[DEBUG] 2018-10-14 10:56:54.936 [http-nio-8080-exec-1] MetamodelGraphWalker - Visiting attribute path : machineNumber
[DEBUG] 2018-10-14 10:56:54.936 [http-nio-8080-exec-1] MetamodelGraphWalker - Visiting attribute path : productName
[DEBUG] 2018-10-14 10:56:54.936 [http-nio-8080-exec-1] MetamodelGraphWalker - Visiting attribute path : shift
[DEBUG] 2018-10-14 10:56:54.936 [http-nio-8080-exec-1] MetamodelGraphWalker - Visiting attribute path : totalParts
[DEBUG] 2018-10-14 10:56:54.936 [http-nio-8080-exec-1] FetchStyleLoadPlanBuildingAssociationVisitationStrategy - Building LoadPlan...
[DEBUG] 2018-10-14 10:56:54.939 [http-nio-8080-exec-1] LoadQueryJoinAndFetchProcessor - processing queryspace <gen:0>
[DEBUG] 2018-10-14 10:56:54.939 [http-nio-8080-exec-1] LoadPlanTreePrinter - LoadPlan(entity=ProductionCountLog.User)
    - Returns
       - EntityReturnImpl(entity=ProductionCountLog.User, querySpaceUid=<gen:0>, path=ProductionCountLog.User)
    - QuerySpaces
       - EntityQuerySpaceImpl(uid=<gen:0>, entity=ProductionCountLog.User)
          - SQL table alias mapping - user0_
          - alias suffix - 0_
          - suffixed key columns - {id1_0_0_}

[DEBUG] 2018-10-14 10:56:54.939 [http-nio-8080-exec-1] EntityLoader - Static select for entity ProductionCountLog.User [OPTIMISTIC]: select user0_.id as id1_0_0_, user0_.credits as credits2_0_0_, user0_.date as date3_0_0_, user0_.downtime as downtime4_0_0_, user0_.employee_id as employee5_0_0_, user0_.first_name as first_na6_0_0_, user0_.hours_worked as hours_wo7_0_0_, user0_.last_name as last_nam8_0_0_, user0_.machine_number as machine_9_0_0_, user0_.product_name as product10_0_0_, user0_.shift as shift11_0_0_, user0_.total_parts as total_p12_0_0_ from user user0_ where user0_.id=?
[DEBUG] 2018-10-14 10:56:54.939 [http-nio-8080-exec-1] QuerySpacesImpl - Adding QuerySpace : uid = <gen:0> -> org.hibernate.loader.plan.build.internal.spaces.EntityQuerySpaceImpl@2c139c81]
[DEBUG] 2018-10-14 10:56:54.939 [http-nio-8080-exec-1] MetamodelGraphWalker - Visiting attribute path : credits
[DEBUG] 2018-10-14 10:56:54.940 [http-nio-8080-exec-1] MetamodelGraphWalker - Visiting attribute path : date
[DEBUG] 2018-10-14 10:56:54.940 [http-nio-8080-exec-1] MetamodelGraphWalker - Visiting attribute path : downtime
[DEBUG] 2018-10-14 10:56:54.940 [http-nio-8080-exec-1] MetamodelGraphWalker - Visiting attribute path : employeeId
[DEBUG] 2018-10-14 10:56:54.940 [http-nio-8080-exec-1] MetamodelGraphWalker - Visiting attribute path : firstName
[DEBUG] 2018-10-14 10:56:54.940 [http-nio-8080-exec-1] MetamodelGraphWalker - Visiting attribute path : hoursWorked
[DEBUG] 2018-10-14 10:56:54.940 [http-nio-8080-exec-1] MetamodelGraphWalker - Visiting attribute path : lastName
[DEBUG] 2018-10-14 10:56:54.940 [http-nio-8080-exec-1] MetamodelGraphWalker - Visiting attribute path : machineNumber
[DEBUG] 2018-10-14 10:56:54.940 [http-nio-8080-exec-1] MetamodelGraphWalker - Visiting attribute path : productName
[DEBUG] 2018-10-14 10:56:54.940 [http-nio-8080-exec-1] MetamodelGraphWalker - Visiting attribute path : shift
[DEBUG] 2018-10-14 10:56:54.940 [http-nio-8080-exec-1] MetamodelGraphWalker - Visiting attribute path : totalParts
[DEBUG] 2018-10-14 10:56:54.940 [http-nio-8080-exec-1] FetchStyleLoadPlanBuildingAssociationVisitationStrategy - Building LoadPlan...
[DEBUG] 2018-10-14 10:56:54.941 [http-nio-8080-exec-1] LoadQueryJoinAndFetchProcessor - processing queryspace <gen:0>
[DEBUG] 2018-10-14 10:56:54.942 [http-nio-8080-exec-1] LoadPlanTreePrinter - LoadPlan(entity=ProductionCountLog.User)
    - Returns
       - EntityReturnImpl(entity=ProductionCountLog.User, querySpaceUid=<gen:0>, path=ProductionCountLog.User)
    - QuerySpaces
       - EntityQuerySpaceImpl(uid=<gen:0>, entity=ProductionCountLog.User)
          - SQL table alias mapping - user0_
          - alias suffix - 0_
          - suffixed key columns - {id1_0_0_}

[DEBUG] 2018-10-14 10:56:54.942 [http-nio-8080-exec-1] EntityLoader - Static select for entity ProductionCountLog.User [OPTIMISTIC_FORCE_INCREMENT]: select user0_.id as id1_0_0_, user0_.credits as credits2_0_0_, user0_.date as date3_0_0_, user0_.downtime as downtime4_0_0_, user0_.employee_id as employee5_0_0_, user0_.first_name as first_na6_0_0_, user0_.hours_worked as hours_wo7_0_0_, user0_.last_name as last_nam8_0_0_, user0_.machine_number as machine_9_0_0_, user0_.product_name as product10_0_0_, user0_.shift as shift11_0_0_, user0_.total_parts as total_p12_0_0_ from user user0_ where user0_.id=?
[DEBUG] 2018-10-14 10:56:54.962 [http-nio-8080-exec-1] Loader - Static select for action ACTION_MERGE on entity ProductionCountLog.User: select user0_.id as id1_0_0_, user0_.credits as credits2_0_0_, user0_.date as date3_0_0_, user0_.downtime as downtime4_0_0_, user0_.employee_id as employee5_0_0_, user0_.first_name as first_na6_0_0_, user0_.hours_worked as hours_wo7_0_0_, user0_.last_name as last_nam8_0_0_, user0_.machine_number as machine_9_0_0_, user0_.product_name as product10_0_0_, user0_.shift as shift11_0_0_, user0_.total_parts as total_p12_0_0_ from user user0_ where user0_.id=?
[DEBUG] 2018-10-14 10:56:54.963 [http-nio-8080-exec-1] Loader - Static select for action ACTION_REFRESH on entity ProductionCountLog.User: select user0_.id as id1_0_0_, user0_.credits as credits2_0_0_, user0_.date as date3_0_0_, user0_.downtime as downtime4_0_0_, user0_.employee_id as employee5_0_0_, user0_.first_name as first_na6_0_0_, user0_.hours_worked as hours_wo7_0_0_, user0_.last_name as last_nam8_0_0_, user0_.machine_number as machine_9_0_0_, user0_.product_name as product10_0_0_, user0_.shift as shift11_0_0_, user0_.total_parts as total_p12_0_0_ from user user0_ where user0_.id=?
[DEBUG] 2018-10-14 10:56:55.037 [http-nio-8080-exec-1] SchemaManagementToolCoordinator - No actions specified; doing nothing
[DEBUG] 2018-10-14 10:56:55.041 [http-nio-8080-exec-1] JtaPlatformInitiator - No JtaPlatform was specified, checking resolver
[DEBUG] 2018-10-14 10:56:55.042 [http-nio-8080-exec-1] JtaPlatformResolverInitiator - No JtaPlatformResolver was specified, using default [org.hibernate.engine.transaction.jta.platform.internal.StandardJtaPlatformResolver]
[DEBUG] 2018-10-14 10:56:55.058 [http-nio-8080-exec-1] StandardJtaPlatformResolver - Could not resolve JtaPlatform, using default [org.hibernate.engine.transaction.jta.platform.internal.NoJtaPlatform]
[DEBUG] 2018-10-14 10:56:55.059 [http-nio-8080-exec-1] NamedQueryRepository - Checking 0 named HQL queries
[DEBUG] 2018-10-14 10:56:55.062 [http-nio-8080-exec-1] NamedQueryRepository - Checking 0 named SQL queries
[DEBUG] 2018-10-14 10:56:55.065 [http-nio-8080-exec-1] SessionFactoryRegistry - Initializing SessionFactoryRegistry : org.hibernate.internal.SessionFactoryRegistry@45ae5c09
[DEBUG] 2018-10-14 10:56:55.069 [http-nio-8080-exec-1] SessionFactoryRegistry - Registering SessionFactory: a2af7a08-98a9-41d7-96c8-2b430ce1308b (<unnamed>)
[DEBUG] 2018-10-14 10:56:55.069 [http-nio-8080-exec-1] SessionFactoryRegistry - Not binding SessionFactory to JNDI, no JNDI name configured
[DEBUG] 2018-10-14 10:56:55.232 [http-nio-8080-exec-1] StatisticsInitiator - Statistics initialized [enabled=false]
[DEBUG] 2018-10-14 10:56:55.255 [http-nio-8080-exec-1] TransactionImpl - begin
[DEBUG] 2018-10-14 10:56:55.354 [http-nio-8080-exec-1] ActionQueue - Executing identity-insert immediately
[DEBUG] 2018-10-14 10:56:55.422 [http-nio-8080-exec-1] SQL - insert into user (credits, date, downtime, employee_id, first_name, hours_worked, last_name, machine_number, product_name, shift, total_parts) values (?, ?, ?, ?, ?, ?, ?, ?, ?, ?, ?)
[DEBUG] 2018-10-14 10:56:55.488 [http-nio-8080-exec-1] IdentifierGeneratorHelper - Natively generated identity: 14
[DEBUG] 2018-10-14 10:56:55.488 [http-nio-8080-exec-1] ResourceRegistryStandardImpl - HHH000387: ResultSet's statement was not registered
[DEBUG] 2018-10-14 10:56:55.498 [http-nio-8080-exec-1] TransactionImpl - committing
[DEBUG] 2018-10-14 10:56:55.499 [http-nio-8080-exec-1] AbstractFlushingEventListener - Processing flush-time cascades
[DEBUG] 2018-10-14 10:56:55.501 [http-nio-8080-exec-1] AbstractFlushingEventListener - Dirty checking collections
[DEBUG] 2018-10-14 10:56:55.503 [http-nio-8080-exec-1] AbstractFlushingEventListener - Flushed: 0 insertions, 0 updates, 0 deletions to 1 objects
[DEBUG] 2018-10-14 10:56:55.503 [http-nio-8080-exec-1] AbstractFlushingEventListener - Flushed: 0 (re)creations, 0 updates, 0 removals to 0 collections
[DEBUG] 2018-10-14 10:56:55.509 [http-nio-8080-exec-1] EntityPrinter - Listing entities:
[DEBUG] 2018-10-14 10:56:55.509 [http-nio-8080-exec-1] EntityPrinter - ProductionCountLog.User{date=2018-10-10, downtime=0.544, firstName=charles , lastName=clark, totalParts=232.0, credits=1.414, machineNumber=2, shift=1, employeeId=233, id=14, hoursWorked=6.5, productName=3}
[DEBUG] 2018-10-14 10:56:55.516 [http-nio-8080-exec-1] LogicalConnectionManagedImpl - Initiating JDBC connection release from afterTransaction
[DEBUG] 2018-10-14 10:56:55.517 [http-nio-8080-exec-1] LogicalConnectionManagedImpl - Initiating JDBC connection release from afterTransaction
