[DEBUG] 2018-10-18 08:09:59.884 [http-nio-8080-exec-2] IntegratorServiceImpl - Adding Integrator [org.hibernate.cfg.beanvalidation.BeanValidationIntegrator].
[DEBUG] 2018-10-18 08:09:59.903 [http-nio-8080-exec-2] IntegratorServiceImpl - Adding Integrator [org.hibernate.secure.spi.JaccIntegrator].
[DEBUG] 2018-10-18 08:09:59.911 [http-nio-8080-exec-2] IntegratorServiceImpl - Adding Integrator [org.hibernate.cache.internal.CollectionCacheInvalidator].
[INFO ] 2018-10-18 08:10:00.147 [http-nio-8080-exec-2] Version - HHH000412: Hibernate Core {5.2.12.Final}
[INFO ] 2018-10-18 08:10:00.149 [http-nio-8080-exec-2] Environment - HHH000206: hibernate.properties not found
[DEBUG] 2018-10-18 08:10:00.316 [http-nio-8080-exec-2] LocalXmlResourceResolver - Interpreting public/system identifier : [-//Hibernate/Hibernate Configuration DTD//EN] - [http://www.hibernate.org/dtd/hibernate-configuration-3.0.dtd]
[DEBUG] 2018-10-18 08:10:00.319 [http-nio-8080-exec-2] LocalXmlResourceResolver - Recognized hibernate-configuration identifier; attempting to resolve on classpath under org/hibernate/
[DEBUG] 2018-10-18 08:10:00.372 [http-nio-8080-exec-2] JaxbCfgProcessor - cfg.xml document did not define namespaces; wrapping in custom event reader to introduce namespace information
[DEBUG] 2018-10-18 08:10:00.667 [http-nio-8080-exec-2] ServiceBinding - Overriding existing service binding [org.hibernate.secure.spi.JaccService]
[DEBUG] 2018-10-18 08:10:00.754 [http-nio-8080-exec-2] RegionFactoryInitiator - Cache region factory : org.hibernate.cache.internal.NoCachingRegionFactory
[INFO ] 2018-10-18 08:10:00.787 [http-nio-8080-exec-2] Version - HCANN000001: Hibernate Commons Annotations {5.0.1.Final}
[DEBUG] 2018-10-18 08:10:00.833 [http-nio-8080-exec-2] BasicTypeRegistry - Adding type registration boolean -> org.hibernate.type.BooleanType@33da5d0e
[DEBUG] 2018-10-18 08:10:00.834 [http-nio-8080-exec-2] BasicTypeRegistry - Adding type registration boolean -> org.hibernate.type.BooleanType@33da5d0e
[DEBUG] 2018-10-18 08:10:00.834 [http-nio-8080-exec-2] BasicTypeRegistry - Adding type registration java.lang.Boolean -> org.hibernate.type.BooleanType@33da5d0e
[DEBUG] 2018-10-18 08:10:00.834 [http-nio-8080-exec-2] BasicTypeRegistry - Adding type registration numeric_boolean -> org.hibernate.type.NumericBooleanType@2c76ef44
[DEBUG] 2018-10-18 08:10:00.835 [http-nio-8080-exec-2] BasicTypeRegistry - Adding type registration true_false -> org.hibernate.type.TrueFalseType@4884d574
[DEBUG] 2018-10-18 08:10:00.836 [http-nio-8080-exec-2] BasicTypeRegistry - Adding type registration yes_no -> org.hibernate.type.YesNoType@50067d68
[DEBUG] 2018-10-18 08:10:00.837 [http-nio-8080-exec-2] BasicTypeRegistry - Adding type registration byte -> org.hibernate.type.ByteType@2d862f25
[DEBUG] 2018-10-18 08:10:00.837 [http-nio-8080-exec-2] BasicTypeRegistry - Adding type registration byte -> org.hibernate.type.ByteType@2d862f25
[DEBUG] 2018-10-18 08:10:00.837 [http-nio-8080-exec-2] BasicTypeRegistry - Adding type registration java.lang.Byte -> org.hibernate.type.ByteType@2d862f25
[DEBUG] 2018-10-18 08:10:00.838 [http-nio-8080-exec-2] BasicTypeRegistry - Adding type registration character -> org.hibernate.type.CharacterType@767ae1e6
[DEBUG] 2018-10-18 08:10:00.838 [http-nio-8080-exec-2] BasicTypeRegistry - Adding type registration char -> org.hibernate.type.CharacterType@767ae1e6
[DEBUG] 2018-10-18 08:10:00.839 [http-nio-8080-exec-2] BasicTypeRegistry - Adding type registration java.lang.Character -> org.hibernate.type.CharacterType@767ae1e6
[DEBUG] 2018-10-18 08:10:00.841 [http-nio-8080-exec-2] BasicTypeRegistry - Adding type registration short -> org.hibernate.type.ShortType@2385ec74
[DEBUG] 2018-10-18 08:10:00.842 [http-nio-8080-exec-2] BasicTypeRegistry - Adding type registration short -> org.hibernate.type.ShortType@2385ec74
[DEBUG] 2018-10-18 08:10:00.848 [http-nio-8080-exec-2] BasicTypeRegistry - Adding type registration java.lang.Short -> org.hibernate.type.ShortType@2385ec74
[DEBUG] 2018-10-18 08:10:00.849 [http-nio-8080-exec-2] BasicTypeRegistry - Adding type registration integer -> org.hibernate.type.IntegerType@71f50139
[DEBUG] 2018-10-18 08:10:00.850 [http-nio-8080-exec-2] BasicTypeRegistry - Adding type registration int -> org.hibernate.type.IntegerType@71f50139
[DEBUG] 2018-10-18 08:10:00.850 [http-nio-8080-exec-2] BasicTypeRegistry - Adding type registration java.lang.Integer -> org.hibernate.type.IntegerType@71f50139
[DEBUG] 2018-10-18 08:10:00.853 [http-nio-8080-exec-2] BasicTypeRegistry - Adding type registration long -> org.hibernate.type.LongType@1a0b0f97
[DEBUG] 2018-10-18 08:10:00.853 [http-nio-8080-exec-2] BasicTypeRegistry - Adding type registration long -> org.hibernate.type.LongType@1a0b0f97
[DEBUG] 2018-10-18 08:10:00.853 [http-nio-8080-exec-2] BasicTypeRegistry - Adding type registration java.lang.Long -> org.hibernate.type.LongType@1a0b0f97
[DEBUG] 2018-10-18 08:10:00.854 [http-nio-8080-exec-2] BasicTypeRegistry - Adding type registration float -> org.hibernate.type.FloatType@7c8af4aa
[DEBUG] 2018-10-18 08:10:00.855 [http-nio-8080-exec-2] BasicTypeRegistry - Adding type registration float -> org.hibernate.type.FloatType@7c8af4aa
[DEBUG] 2018-10-18 08:10:00.855 [http-nio-8080-exec-2] BasicTypeRegistry - Adding type registration java.lang.Float -> org.hibernate.type.FloatType@7c8af4aa
[DEBUG] 2018-10-18 08:10:00.856 [http-nio-8080-exec-2] BasicTypeRegistry - Adding type registration double -> org.hibernate.type.DoubleType@1062be10
[DEBUG] 2018-10-18 08:10:00.861 [http-nio-8080-exec-2] BasicTypeRegistry - Adding type registration double -> org.hibernate.type.DoubleType@1062be10
[DEBUG] 2018-10-18 08:10:00.864 [http-nio-8080-exec-2] BasicTypeRegistry - Adding type registration java.lang.Double -> org.hibernate.type.DoubleType@1062be10
[DEBUG] 2018-10-18 08:10:00.866 [http-nio-8080-exec-2] BasicTypeRegistry - Adding type registration big_decimal -> org.hibernate.type.BigDecimalType@20ccf551
[DEBUG] 2018-10-18 08:10:00.866 [http-nio-8080-exec-2] BasicTypeRegistry - Adding type registration java.math.BigDecimal -> org.hibernate.type.BigDecimalType@20ccf551
[DEBUG] 2018-10-18 08:10:00.867 [http-nio-8080-exec-2] BasicTypeRegistry - Adding type registration big_integer -> org.hibernate.type.BigIntegerType@4ac94088
[DEBUG] 2018-10-18 08:10:00.867 [http-nio-8080-exec-2] BasicTypeRegistry - Adding type registration java.math.BigInteger -> org.hibernate.type.BigIntegerType@4ac94088
[DEBUG] 2018-10-18 08:10:00.876 [http-nio-8080-exec-2] BasicTypeRegistry - Adding type registration string -> org.hibernate.type.StringType@11bb983d
[DEBUG] 2018-10-18 08:10:00.876 [http-nio-8080-exec-2] BasicTypeRegistry - Adding type registration java.lang.String -> org.hibernate.type.StringType@11bb983d
[DEBUG] 2018-10-18 08:10:00.880 [http-nio-8080-exec-2] BasicTypeRegistry - Adding type registration nstring -> org.hibernate.type.StringNVarcharType@14690398
[DEBUG] 2018-10-18 08:10:00.885 [http-nio-8080-exec-2] BasicTypeRegistry - Adding type registration ncharacter -> org.hibernate.type.CharacterNCharType@224783ba
[DEBUG] 2018-10-18 08:10:00.886 [http-nio-8080-exec-2] BasicTypeRegistry - Adding type registration url -> org.hibernate.type.UrlType@68f9d123
[DEBUG] 2018-10-18 08:10:00.886 [http-nio-8080-exec-2] BasicTypeRegistry - Adding type registration java.net.URL -> org.hibernate.type.UrlType@68f9d123
[DEBUG] 2018-10-18 08:10:00.887 [http-nio-8080-exec-2] BasicTypeRegistry - Adding type registration Duration -> org.hibernate.type.DurationType@1f92e297
[DEBUG] 2018-10-18 08:10:00.887 [http-nio-8080-exec-2] BasicTypeRegistry - Adding type registration java.time.Duration -> org.hibernate.type.DurationType@1f92e297
[DEBUG] 2018-10-18 08:10:00.922 [http-nio-8080-exec-2] BasicTypeRegistry - Adding type registration Instant -> org.hibernate.type.InstantType@623a150d
[DEBUG] 2018-10-18 08:10:00.922 [http-nio-8080-exec-2] BasicTypeRegistry - Adding type registration java.time.Instant -> org.hibernate.type.InstantType@623a150d
[DEBUG] 2018-10-18 08:10:00.926 [http-nio-8080-exec-2] BasicTypeRegistry - Adding type registration LocalDateTime -> org.hibernate.type.LocalDateTimeType@3e14dd53
[DEBUG] 2018-10-18 08:10:00.926 [http-nio-8080-exec-2] BasicTypeRegistry - Adding type registration java.time.LocalDateTime -> org.hibernate.type.LocalDateTimeType@3e14dd53
[DEBUG] 2018-10-18 08:10:00.930 [http-nio-8080-exec-2] BasicTypeRegistry - Adding type registration LocalDate -> org.hibernate.type.LocalDateType@7fa7b784
[DEBUG] 2018-10-18 08:10:00.930 [http-nio-8080-exec-2] BasicTypeRegistry - Adding type registration java.time.LocalDate -> org.hibernate.type.LocalDateType@7fa7b784
[DEBUG] 2018-10-18 08:10:00.932 [http-nio-8080-exec-2] BasicTypeRegistry - Adding type registration LocalTime -> org.hibernate.type.LocalTimeType@40b553f6
[DEBUG] 2018-10-18 08:10:00.932 [http-nio-8080-exec-2] BasicTypeRegistry - Adding type registration java.time.LocalTime -> org.hibernate.type.LocalTimeType@40b553f6
[DEBUG] 2018-10-18 08:10:00.934 [http-nio-8080-exec-2] BasicTypeRegistry - Adding type registration OffsetDateTime -> org.hibernate.type.OffsetDateTimeType@436072b0
[DEBUG] 2018-10-18 08:10:00.934 [http-nio-8080-exec-2] BasicTypeRegistry - Adding type registration java.time.OffsetDateTime -> org.hibernate.type.OffsetDateTimeType@436072b0
[DEBUG] 2018-10-18 08:10:00.935 [http-nio-8080-exec-2] BasicTypeRegistry - Adding type registration OffsetTime -> org.hibernate.type.OffsetTimeType@280e7b3f
[DEBUG] 2018-10-18 08:10:00.935 [http-nio-8080-exec-2] BasicTypeRegistry - Adding type registration java.time.OffsetTime -> org.hibernate.type.OffsetTimeType@280e7b3f
[DEBUG] 2018-10-18 08:10:00.940 [http-nio-8080-exec-2] BasicTypeRegistry - Adding type registration ZonedDateTime -> org.hibernate.type.ZonedDateTimeType@5daaa4c
[DEBUG] 2018-10-18 08:10:00.941 [http-nio-8080-exec-2] BasicTypeRegistry - Adding type registration java.time.ZonedDateTime -> org.hibernate.type.ZonedDateTimeType@5daaa4c
[DEBUG] 2018-10-18 08:10:00.943 [http-nio-8080-exec-2] BasicTypeRegistry - Adding type registration date -> org.hibernate.type.DateType@63de39bb
[DEBUG] 2018-10-18 08:10:00.944 [http-nio-8080-exec-2] BasicTypeRegistry - Adding type registration java.sql.Date -> org.hibernate.type.DateType@63de39bb
[DEBUG] 2018-10-18 08:10:00.945 [http-nio-8080-exec-2] BasicTypeRegistry - Adding type registration time -> org.hibernate.type.TimeType@1d4f9411
[DEBUG] 2018-10-18 08:10:00.945 [http-nio-8080-exec-2] BasicTypeRegistry - Adding type registration java.sql.Time -> org.hibernate.type.TimeType@1d4f9411
[DEBUG] 2018-10-18 08:10:00.948 [http-nio-8080-exec-2] BasicTypeRegistry - Adding type registration timestamp -> org.hibernate.type.TimestampType@7e31811a
[DEBUG] 2018-10-18 08:10:00.948 [http-nio-8080-exec-2] BasicTypeRegistry - Adding type registration java.sql.Timestamp -> org.hibernate.type.TimestampType@7e31811a
[DEBUG] 2018-10-18 08:10:00.948 [http-nio-8080-exec-2] BasicTypeRegistry - Adding type registration java.util.Date -> org.hibernate.type.TimestampType@7e31811a
[DEBUG] 2018-10-18 08:10:00.950 [http-nio-8080-exec-2] BasicTypeRegistry - Adding type registration dbtimestamp -> org.hibernate.type.DbTimestampType@3bfa4357
[DEBUG] 2018-10-18 08:10:00.952 [http-nio-8080-exec-2] BasicTypeRegistry - Adding type registration calendar -> org.hibernate.type.CalendarType@6161741e
[DEBUG] 2018-10-18 08:10:00.952 [http-nio-8080-exec-2] BasicTypeRegistry - Adding type registration java.util.Calendar -> org.hibernate.type.CalendarType@6161741e
[DEBUG] 2018-10-18 08:10:00.952 [http-nio-8080-exec-2] BasicTypeRegistry - Adding type registration java.util.GregorianCalendar -> org.hibernate.type.CalendarType@6161741e
[DEBUG] 2018-10-18 08:10:00.953 [http-nio-8080-exec-2] BasicTypeRegistry - Adding type registration calendar_date -> org.hibernate.type.CalendarDateType@4f0a284a
[DEBUG] 2018-10-18 08:10:00.955 [http-nio-8080-exec-2] BasicTypeRegistry - Adding type registration locale -> org.hibernate.type.LocaleType@2a0b9906
[DEBUG] 2018-10-18 08:10:00.955 [http-nio-8080-exec-2] BasicTypeRegistry - Adding type registration java.util.Locale -> org.hibernate.type.LocaleType@2a0b9906
[DEBUG] 2018-10-18 08:10:00.956 [http-nio-8080-exec-2] BasicTypeRegistry - Adding type registration currency -> org.hibernate.type.CurrencyType@17cd9149
[DEBUG] 2018-10-18 08:10:00.956 [http-nio-8080-exec-2] BasicTypeRegistry - Adding type registration java.util.Currency -> org.hibernate.type.CurrencyType@17cd9149
[DEBUG] 2018-10-18 08:10:00.958 [http-nio-8080-exec-2] BasicTypeRegistry - Adding type registration timezone -> org.hibernate.type.TimeZoneType@e64e3a1
[DEBUG] 2018-10-18 08:10:00.958 [http-nio-8080-exec-2] BasicTypeRegistry - Adding type registration java.util.TimeZone -> org.hibernate.type.TimeZoneType@e64e3a1
[DEBUG] 2018-10-18 08:10:00.959 [http-nio-8080-exec-2] BasicTypeRegistry - Adding type registration class -> org.hibernate.type.ClassType@126c11f4
[DEBUG] 2018-10-18 08:10:00.959 [http-nio-8080-exec-2] BasicTypeRegistry - Adding type registration java.lang.Class -> org.hibernate.type.ClassType@126c11f4
[DEBUG] 2018-10-18 08:10:00.961 [http-nio-8080-exec-2] BasicTypeRegistry - Adding type registration uuid-binary -> org.hibernate.type.UUIDBinaryType@31f206a7
[DEBUG] 2018-10-18 08:10:00.961 [http-nio-8080-exec-2] BasicTypeRegistry - Adding type registration java.util.UUID -> org.hibernate.type.UUIDBinaryType@31f206a7
[DEBUG] 2018-10-18 08:10:00.961 [http-nio-8080-exec-2] BasicTypeRegistry - Adding type registration uuid-char -> org.hibernate.type.UUIDCharType@25087d04
[DEBUG] 2018-10-18 08:10:00.964 [http-nio-8080-exec-2] BasicTypeRegistry - Adding type registration binary -> org.hibernate.type.BinaryType@56ca8b00
[DEBUG] 2018-10-18 08:10:00.964 [http-nio-8080-exec-2] BasicTypeRegistry - Adding type registration byte[] -> org.hibernate.type.BinaryType@56ca8b00
[DEBUG] 2018-10-18 08:10:00.964 [http-nio-8080-exec-2] BasicTypeRegistry - Adding type registration [B -> org.hibernate.type.BinaryType@56ca8b00
[DEBUG] 2018-10-18 08:10:00.965 [http-nio-8080-exec-2] BasicTypeRegistry - Adding type registration wrapper-binary -> org.hibernate.type.WrapperBinaryType@70209f84
[DEBUG] 2018-10-18 08:10:00.965 [http-nio-8080-exec-2] BasicTypeRegistry - Adding type registration Byte[] -> org.hibernate.type.WrapperBinaryType@70209f84
[DEBUG] 2018-10-18 08:10:00.965 [http-nio-8080-exec-2] BasicTypeRegistry - Adding type registration [Ljava.lang.Byte; -> org.hibernate.type.WrapperBinaryType@70209f84
[DEBUG] 2018-10-18 08:10:00.966 [http-nio-8080-exec-2] BasicTypeRegistry - Adding type registration row_version -> org.hibernate.type.RowVersionType@79204e42
[DEBUG] 2018-10-18 08:10:00.967 [http-nio-8080-exec-2] BasicTypeRegistry - Adding type registration image -> org.hibernate.type.ImageType@69dc6c2a
[DEBUG] 2018-10-18 08:10:00.968 [http-nio-8080-exec-2] BasicTypeRegistry - Adding type registration characters -> org.hibernate.type.CharArrayType@557d10b5
[DEBUG] 2018-10-18 08:10:00.968 [http-nio-8080-exec-2] BasicTypeRegistry - Adding type registration char[] -> org.hibernate.type.CharArrayType@557d10b5
[DEBUG] 2018-10-18 08:10:00.968 [http-nio-8080-exec-2] BasicTypeRegistry - Adding type registration [C -> org.hibernate.type.CharArrayType@557d10b5
[DEBUG] 2018-10-18 08:10:00.969 [http-nio-8080-exec-2] BasicTypeRegistry - Adding type registration wrapper-characters -> org.hibernate.type.CharacterArrayType@3334e5dd
[DEBUG] 2018-10-18 08:10:00.969 [http-nio-8080-exec-2] BasicTypeRegistry - Adding type registration [Ljava.lang.Character; -> org.hibernate.type.CharacterArrayType@3334e5dd
[DEBUG] 2018-10-18 08:10:00.969 [http-nio-8080-exec-2] BasicTypeRegistry - Adding type registration Character[] -> org.hibernate.type.CharacterArrayType@3334e5dd
[DEBUG] 2018-10-18 08:10:00.970 [http-nio-8080-exec-2] BasicTypeRegistry - Adding type registration text -> org.hibernate.type.TextType@683c81fa
[DEBUG] 2018-10-18 08:10:00.970 [http-nio-8080-exec-2] BasicTypeRegistry - Adding type registration ntext -> org.hibernate.type.NTextType@6738503c
[DEBUG] 2018-10-18 08:10:00.979 [http-nio-8080-exec-2] BasicTypeRegistry - Adding type registration blob -> org.hibernate.type.BlobType@25b46982
[DEBUG] 2018-10-18 08:10:00.981 [http-nio-8080-exec-2] BasicTypeRegistry - Adding type registration java.sql.Blob -> org.hibernate.type.BlobType@25b46982
[DEBUG] 2018-10-18 08:10:00.981 [http-nio-8080-exec-2] BasicTypeRegistry - Adding type registration materialized_blob -> org.hibernate.type.MaterializedBlobType@4335d48e
[DEBUG] 2018-10-18 08:10:00.985 [http-nio-8080-exec-2] BasicTypeRegistry - Adding type registration clob -> org.hibernate.type.ClobType@7d7f3c7
[DEBUG] 2018-10-18 08:10:00.985 [http-nio-8080-exec-2] BasicTypeRegistry - Adding type registration java.sql.Clob -> org.hibernate.type.ClobType@7d7f3c7
[DEBUG] 2018-10-18 08:10:00.991 [http-nio-8080-exec-2] BasicTypeRegistry - Adding type registration nclob -> org.hibernate.type.NClobType@6f711869
[DEBUG] 2018-10-18 08:10:00.992 [http-nio-8080-exec-2] BasicTypeRegistry - Adding type registration java.sql.NClob -> org.hibernate.type.NClobType@6f711869
[DEBUG] 2018-10-18 08:10:00.992 [http-nio-8080-exec-2] BasicTypeRegistry - Adding type registration materialized_clob -> org.hibernate.type.MaterializedClobType@3df1a87f
[DEBUG] 2018-10-18 08:10:00.992 [http-nio-8080-exec-2] BasicTypeRegistry - Adding type registration materialized_nclob -> org.hibernate.type.MaterializedNClobType@2b15b546
[DEBUG] 2018-10-18 08:10:00.994 [http-nio-8080-exec-2] BasicTypeRegistry - Adding type registration serializable -> org.hibernate.type.SerializableType@1b957428
[DEBUG] 2018-10-18 08:10:00.998 [http-nio-8080-exec-2] BasicTypeRegistry - Adding type registration object -> org.hibernate.type.ObjectType@5b8d6408
[DEBUG] 2018-10-18 08:10:00.999 [http-nio-8080-exec-2] BasicTypeRegistry - Adding type registration java.lang.Object -> org.hibernate.type.ObjectType@5b8d6408
[DEBUG] 2018-10-18 08:10:00.999 [http-nio-8080-exec-2] BasicTypeRegistry - Adding type registration imm_date -> org.hibernate.type.AdaptedImmutableType@26b42a24
[DEBUG] 2018-10-18 08:10:00.999 [http-nio-8080-exec-2] BasicTypeRegistry - Adding type registration imm_time -> org.hibernate.type.AdaptedImmutableType@1629b7de
[DEBUG] 2018-10-18 08:10:00.999 [http-nio-8080-exec-2] BasicTypeRegistry - Adding type registration imm_timestamp -> org.hibernate.type.AdaptedImmutableType@3efa0d1
[DEBUG] 2018-10-18 08:10:00.999 [http-nio-8080-exec-2] BasicTypeRegistry - Adding type registration imm_dbtimestamp -> org.hibernate.type.AdaptedImmutableType@6402ed2e
[DEBUG] 2018-10-18 08:10:00.999 [http-nio-8080-exec-2] BasicTypeRegistry - Adding type registration imm_calendar -> org.hibernate.type.AdaptedImmutableType@63e00e80
[DEBUG] 2018-10-18 08:10:00.999 [http-nio-8080-exec-2] BasicTypeRegistry - Adding type registration imm_calendar_date -> org.hibernate.type.AdaptedImmutableType@38acd265
[DEBUG] 2018-10-18 08:10:00.999 [http-nio-8080-exec-2] BasicTypeRegistry - Adding type registration imm_binary -> org.hibernate.type.AdaptedImmutableType@46bb0489
[DEBUG] 2018-10-18 08:10:01.000 [http-nio-8080-exec-2] BasicTypeRegistry - Adding type registration imm_serializable -> org.hibernate.type.AdaptedImmutableType@35a3faed
[INFO ] 2018-10-18 08:10:01.013 [http-nio-8080-exec-2] C3P0ConnectionProvider - HHH010002: C3P0 using driver: com.mysql.jdbc.Driver at URL: jdbc:mysql://localhost:3306/indieProject
[INFO ] 2018-10-18 08:10:01.015 [http-nio-8080-exec-2] C3P0ConnectionProvider - HHH10001001: Connection properties: {user=root, password=****}
[INFO ] 2018-10-18 08:10:01.015 [http-nio-8080-exec-2] C3P0ConnectionProvider - HHH10001003: Autocommit mode: false
[INFO ] 2018-10-18 08:10:01.353 [http-nio-8080-exec-2] C3P0ConnectionProvider - HHH10001007: JDBC isolation level: <unknown>
[DEBUG] 2018-10-18 08:10:02.191 [http-nio-8080-exec-2] JdbcEnvironmentInitiator - Database ->
       name : MySQL
    version : 5.7.23-0ubuntu0.16.04.1
      major : 5
      minor : 7
[DEBUG] 2018-10-18 08:10:02.195 [http-nio-8080-exec-2] JdbcEnvironmentInitiator - Driver ->
       name : MySQL Connector Java
    version : mysql-connector-java-5.1.39 ( Revision: 3289a357af6d09ecc1a10fd3c26e95183e5790ad )
      major : 5
      minor : 1
[DEBUG] 2018-10-18 08:10:02.195 [http-nio-8080-exec-2] JdbcEnvironmentInitiator - JDBC version : 4.0
[INFO ] 2018-10-18 08:10:02.255 [http-nio-8080-exec-2] Dialect - HHH000400: Using dialect: org.hibernate.dialect.MySQL5Dialect
[DEBUG] 2018-10-18 08:10:02.408 [http-nio-8080-exec-2] IdentifierHelperBuilder - JDBC driver metadata reported database stores quoted identifiers in more than one case
[DEBUG] 2018-10-18 08:10:02.413 [http-nio-8080-exec-2] IdentifierHelperBuilder - IdentifierCaseStrategy for both quoted and unquoted identifiers was set to the same strategy [MIXED]; that will likely lead to problems in schema update and validation if using quoted identifiers
[DEBUG] 2018-10-18 08:10:02.541 [http-nio-8080-exec-2] DefaultIdentifierGeneratorFactory - Registering IdentifierGenerator strategy [uuid2] -> [org.hibernate.id.UUIDGenerator]
[DEBUG] 2018-10-18 08:10:02.544 [http-nio-8080-exec-2] DefaultIdentifierGeneratorFactory - Registering IdentifierGenerator strategy [guid] -> [org.hibernate.id.GUIDGenerator]
[DEBUG] 2018-10-18 08:10:02.550 [http-nio-8080-exec-2] DefaultIdentifierGeneratorFactory - Registering IdentifierGenerator strategy [uuid] -> [org.hibernate.id.UUIDHexGenerator]
[DEBUG] 2018-10-18 08:10:02.550 [http-nio-8080-exec-2] DefaultIdentifierGeneratorFactory - Registering IdentifierGenerator strategy [uuid.hex] -> [org.hibernate.id.UUIDHexGenerator]
[DEBUG] 2018-10-18 08:10:02.551 [http-nio-8080-exec-2] DefaultIdentifierGeneratorFactory - Registering IdentifierGenerator strategy [assigned] -> [org.hibernate.id.Assigned]
[DEBUG] 2018-10-18 08:10:02.552 [http-nio-8080-exec-2] DefaultIdentifierGeneratorFactory - Registering IdentifierGenerator strategy [identity] -> [org.hibernate.id.IdentityGenerator]
[DEBUG] 2018-10-18 08:10:02.552 [http-nio-8080-exec-2] DefaultIdentifierGeneratorFactory - Registering IdentifierGenerator strategy [select] -> [org.hibernate.id.SelectGenerator]
[DEBUG] 2018-10-18 08:10:02.554 [http-nio-8080-exec-2] DefaultIdentifierGeneratorFactory - Registering IdentifierGenerator strategy [sequence] -> [org.hibernate.id.enhanced.SequenceStyleGenerator]
[DEBUG] 2018-10-18 08:10:02.554 [http-nio-8080-exec-2] DefaultIdentifierGeneratorFactory - Registering IdentifierGenerator strategy [seqhilo] -> [org.hibernate.id.SequenceHiLoGenerator]
[DEBUG] 2018-10-18 08:10:02.555 [http-nio-8080-exec-2] DefaultIdentifierGeneratorFactory - Registering IdentifierGenerator strategy [increment] -> [org.hibernate.id.IncrementGenerator]
[DEBUG] 2018-10-18 08:10:02.555 [http-nio-8080-exec-2] DefaultIdentifierGeneratorFactory - Registering IdentifierGenerator strategy [foreign] -> [org.hibernate.id.ForeignGenerator]
[DEBUG] 2018-10-18 08:10:02.556 [http-nio-8080-exec-2] DefaultIdentifierGeneratorFactory - Registering IdentifierGenerator strategy [sequence-identity] -> [org.hibernate.id.SequenceIdentityGenerator]
[DEBUG] 2018-10-18 08:10:02.556 [http-nio-8080-exec-2] DefaultIdentifierGeneratorFactory - Registering IdentifierGenerator strategy [enhanced-sequence] -> [org.hibernate.id.enhanced.SequenceStyleGenerator]
[DEBUG] 2018-10-18 08:10:02.561 [http-nio-8080-exec-2] DefaultIdentifierGeneratorFactory - Registering IdentifierGenerator strategy [enhanced-table] -> [org.hibernate.id.enhanced.TableGenerator]
[DEBUG] 2018-10-18 08:10:02.620 [http-nio-8080-exec-2] Namespace - Created database namespace [logicalName=Name{catalog=null, schema=null}, physicalName=Name{catalog=null, schema=null}]
[DEBUG] 2018-10-18 08:10:02.709 [http-nio-8080-exec-2] AnnotationBinder - Binding entity from annotated class: ProductionCountLog.User
[DEBUG] 2018-10-18 08:10:02.795 [http-nio-8080-exec-2] Ejb3Column - Binding column: Ejb3DiscriminatorColumn{logicalColumnName'DTYPE', discriminatorTypeName='string'}
[DEBUG] 2018-10-18 08:10:02.814 [http-nio-8080-exec-2] EntityBinder - Import with entity name User
[DEBUG] 2018-10-18 08:10:02.830 [http-nio-8080-exec-2] EntityBinder - Bind entity ProductionCountLog.User on table user
[DEBUG] 2018-10-18 08:10:02.900 [http-nio-8080-exec-2] Ejb3Column - Binding column: Ejb3Column{table=org.hibernate.mapping.Table(user), mappingColumn=id, insertable=true, updatable=true, unique=false}
[DEBUG] 2018-10-18 08:10:02.904 [http-nio-8080-exec-2] PropertyBinder - MetadataSourceProcessor property id with lazy=false
[DEBUG] 2018-10-18 08:10:02.906 [http-nio-8080-exec-2] AbstractPropertyHolder - Attempting to locate auto-apply AttributeConverter for property [ProductionCountLog.User:id]
[DEBUG] 2018-10-18 08:10:02.915 [http-nio-8080-exec-2] SimpleValueBinder - building SimpleValue for id
[DEBUG] 2018-10-18 08:10:02.922 [http-nio-8080-exec-2] PropertyBinder - Building property id
[DEBUG] 2018-10-18 08:10:02.933 [http-nio-8080-exec-2] Ejb3Column - Binding column: Ejb3Column{table=org.hibernate.mapping.Table(user), mappingColumn=credits, insertable=true, updatable=true, unique=false}
[DEBUG] 2018-10-18 08:10:02.933 [http-nio-8080-exec-2] PropertyBinder - MetadataSourceProcessor property credits with lazy=false
[DEBUG] 2018-10-18 08:10:02.933 [http-nio-8080-exec-2] AbstractPropertyHolder - Attempting to locate auto-apply AttributeConverter for property [ProductionCountLog.User:credits]
[DEBUG] 2018-10-18 08:10:02.934 [http-nio-8080-exec-2] SimpleValueBinder - building SimpleValue for credits
[DEBUG] 2018-10-18 08:10:02.934 [http-nio-8080-exec-2] PropertyBinder - Building property credits
[DEBUG] 2018-10-18 08:10:02.935 [http-nio-8080-exec-2] Ejb3Column - Binding column: Ejb3Column{table=org.hibernate.mapping.Table(user), mappingColumn=date, insertable=true, updatable=true, unique=false}
[DEBUG] 2018-10-18 08:10:02.935 [http-nio-8080-exec-2] PropertyBinder - MetadataSourceProcessor property date with lazy=false
[DEBUG] 2018-10-18 08:10:02.935 [http-nio-8080-exec-2] AbstractPropertyHolder - Attempting to locate auto-apply AttributeConverter for property [ProductionCountLog.User:date]
[DEBUG] 2018-10-18 08:10:02.935 [http-nio-8080-exec-2] SimpleValueBinder - building SimpleValue for date
[DEBUG] 2018-10-18 08:10:02.936 [http-nio-8080-exec-2] PropertyBinder - Building property date
[DEBUG] 2018-10-18 08:10:02.936 [http-nio-8080-exec-2] Ejb3Column - Binding column: Ejb3Column{table=org.hibernate.mapping.Table(user), mappingColumn=downtime, insertable=true, updatable=true, unique=false}
[DEBUG] 2018-10-18 08:10:02.936 [http-nio-8080-exec-2] PropertyBinder - MetadataSourceProcessor property downtime with lazy=false
[DEBUG] 2018-10-18 08:10:02.936 [http-nio-8080-exec-2] AbstractPropertyHolder - Attempting to locate auto-apply AttributeConverter for property [ProductionCountLog.User:downtime]
[DEBUG] 2018-10-18 08:10:02.936 [http-nio-8080-exec-2] SimpleValueBinder - building SimpleValue for downtime
[DEBUG] 2018-10-18 08:10:02.937 [http-nio-8080-exec-2] PropertyBinder - Building property downtime
[DEBUG] 2018-10-18 08:10:02.937 [http-nio-8080-exec-2] Ejb3Column - Binding column: Ejb3Column{table=org.hibernate.mapping.Table(user), mappingColumn=employee_id, insertable=true, updatable=true, unique=false}
[DEBUG] 2018-10-18 08:10:02.937 [http-nio-8080-exec-2] PropertyBinder - MetadataSourceProcessor property employeeId with lazy=false
[DEBUG] 2018-10-18 08:10:02.937 [http-nio-8080-exec-2] AbstractPropertyHolder - Attempting to locate auto-apply AttributeConverter for property [ProductionCountLog.User:employeeId]
[DEBUG] 2018-10-18 08:10:02.938 [http-nio-8080-exec-2] SimpleValueBinder - building SimpleValue for employeeId
[DEBUG] 2018-10-18 08:10:02.938 [http-nio-8080-exec-2] PropertyBinder - Building property employeeId
[DEBUG] 2018-10-18 08:10:02.938 [http-nio-8080-exec-2] Ejb3Column - Binding column: Ejb3Column{table=org.hibernate.mapping.Table(user), mappingColumn=first_name, insertable=true, updatable=true, unique=false}
[DEBUG] 2018-10-18 08:10:02.938 [http-nio-8080-exec-2] PropertyBinder - MetadataSourceProcessor property firstName with lazy=false
[DEBUG] 2018-10-18 08:10:02.938 [http-nio-8080-exec-2] AbstractPropertyHolder - Attempting to locate auto-apply AttributeConverter for property [ProductionCountLog.User:firstName]
[DEBUG] 2018-10-18 08:10:02.938 [http-nio-8080-exec-2] SimpleValueBinder - building SimpleValue for firstName
[DEBUG] 2018-10-18 08:10:02.938 [http-nio-8080-exec-2] PropertyBinder - Building property firstName
[DEBUG] 2018-10-18 08:10:02.938 [http-nio-8080-exec-2] Ejb3Column - Binding column: Ejb3Column{table=org.hibernate.mapping.Table(user), mappingColumn=hours_worked, insertable=true, updatable=true, unique=false}
[DEBUG] 2018-10-18 08:10:02.938 [http-nio-8080-exec-2] PropertyBinder - MetadataSourceProcessor property hoursWorked with lazy=false
[DEBUG] 2018-10-18 08:10:02.938 [http-nio-8080-exec-2] AbstractPropertyHolder - Attempting to locate auto-apply AttributeConverter for property [ProductionCountLog.User:hoursWorked]
[DEBUG] 2018-10-18 08:10:02.938 [http-nio-8080-exec-2] SimpleValueBinder - building SimpleValue for hoursWorked
[DEBUG] 2018-10-18 08:10:02.938 [http-nio-8080-exec-2] PropertyBinder - Building property hoursWorked
[DEBUG] 2018-10-18 08:10:02.939 [http-nio-8080-exec-2] Ejb3Column - Binding column: Ejb3Column{table=org.hibernate.mapping.Table(user), mappingColumn=last_name, insertable=true, updatable=true, unique=false}
[DEBUG] 2018-10-18 08:10:02.939 [http-nio-8080-exec-2] PropertyBinder - MetadataSourceProcessor property lastName with lazy=false
[DEBUG] 2018-10-18 08:10:02.939 [http-nio-8080-exec-2] AbstractPropertyHolder - Attempting to locate auto-apply AttributeConverter for property [ProductionCountLog.User:lastName]
[DEBUG] 2018-10-18 08:10:02.939 [http-nio-8080-exec-2] SimpleValueBinder - building SimpleValue for lastName
[DEBUG] 2018-10-18 08:10:02.939 [http-nio-8080-exec-2] PropertyBinder - Building property lastName
[DEBUG] 2018-10-18 08:10:02.941 [http-nio-8080-exec-2] Ejb3Column - Binding column: Ejb3Column{table=org.hibernate.mapping.Table(user), mappingColumn=machine_number, insertable=true, updatable=true, unique=false}
[DEBUG] 2018-10-18 08:10:02.941 [http-nio-8080-exec-2] PropertyBinder - MetadataSourceProcessor property machineNumber with lazy=false
[DEBUG] 2018-10-18 08:10:02.941 [http-nio-8080-exec-2] AbstractPropertyHolder - Attempting to locate auto-apply AttributeConverter for property [ProductionCountLog.User:machineNumber]
[DEBUG] 2018-10-18 08:10:02.941 [http-nio-8080-exec-2] SimpleValueBinder - building SimpleValue for machineNumber
[DEBUG] 2018-10-18 08:10:02.941 [http-nio-8080-exec-2] PropertyBinder - Building property machineNumber
[DEBUG] 2018-10-18 08:10:02.942 [http-nio-8080-exec-2] Ejb3Column - Binding column: Ejb3Column{table=org.hibernate.mapping.Table(user), mappingColumn=product_name, insertable=true, updatable=true, unique=false}
[DEBUG] 2018-10-18 08:10:02.942 [http-nio-8080-exec-2] PropertyBinder - MetadataSourceProcessor property productName with lazy=false
[DEBUG] 2018-10-18 08:10:02.956 [http-nio-8080-exec-2] AbstractPropertyHolder - Attempting to locate auto-apply AttributeConverter for property [ProductionCountLog.User:productName]
[DEBUG] 2018-10-18 08:10:02.958 [http-nio-8080-exec-2] SimpleValueBinder - building SimpleValue for productName
[DEBUG] 2018-10-18 08:10:02.958 [http-nio-8080-exec-2] PropertyBinder - Building property productName
[DEBUG] 2018-10-18 08:10:02.959 [http-nio-8080-exec-2] Ejb3Column - Binding column: Ejb3Column{table=org.hibernate.mapping.Table(user), mappingColumn=shift, insertable=true, updatable=true, unique=false}
[DEBUG] 2018-10-18 08:10:02.959 [http-nio-8080-exec-2] PropertyBinder - MetadataSourceProcessor property shift with lazy=false
[DEBUG] 2018-10-18 08:10:02.959 [http-nio-8080-exec-2] AbstractPropertyHolder - Attempting to locate auto-apply AttributeConverter for property [ProductionCountLog.User:shift]
[DEBUG] 2018-10-18 08:10:02.960 [http-nio-8080-exec-2] SimpleValueBinder - building SimpleValue for shift
[DEBUG] 2018-10-18 08:10:02.960 [http-nio-8080-exec-2] PropertyBinder - Building property shift
[DEBUG] 2018-10-18 08:10:02.960 [http-nio-8080-exec-2] Ejb3Column - Binding column: Ejb3Column{table=org.hibernate.mapping.Table(user), mappingColumn=total_parts, insertable=true, updatable=true, unique=false}
[DEBUG] 2018-10-18 08:10:02.960 [http-nio-8080-exec-2] PropertyBinder - MetadataSourceProcessor property totalParts with lazy=false
[DEBUG] 2018-10-18 08:10:02.960 [http-nio-8080-exec-2] AbstractPropertyHolder - Attempting to locate auto-apply AttributeConverter for property [ProductionCountLog.User:totalParts]
[DEBUG] 2018-10-18 08:10:02.960 [http-nio-8080-exec-2] SimpleValueBinder - building SimpleValue for totalParts
[DEBUG] 2018-10-18 08:10:02.960 [http-nio-8080-exec-2] PropertyBinder - Building property totalParts
[DEBUG] 2018-10-18 08:10:02.964 [http-nio-8080-exec-2] SimpleValueBinder - Starting fillSimpleValue for id
[DEBUG] 2018-10-18 08:10:02.964 [http-nio-8080-exec-2] SimpleValueBinder - Starting fillSimpleValue for credits
[DEBUG] 2018-10-18 08:10:02.964 [http-nio-8080-exec-2] SimpleValueBinder - Starting fillSimpleValue for date
[DEBUG] 2018-10-18 08:10:02.964 [http-nio-8080-exec-2] SimpleValueBinder - Starting fillSimpleValue for downtime
[DEBUG] 2018-10-18 08:10:02.964 [http-nio-8080-exec-2] SimpleValueBinder - Starting fillSimpleValue for employeeId
[DEBUG] 2018-10-18 08:10:02.965 [http-nio-8080-exec-2] SimpleValueBinder - Starting fillSimpleValue for firstName
[DEBUG] 2018-10-18 08:10:02.965 [http-nio-8080-exec-2] SimpleValueBinder - Starting fillSimpleValue for hoursWorked
[DEBUG] 2018-10-18 08:10:02.965 [http-nio-8080-exec-2] SimpleValueBinder - Starting fillSimpleValue for lastName
[DEBUG] 2018-10-18 08:10:02.965 [http-nio-8080-exec-2] SimpleValueBinder - Starting fillSimpleValue for machineNumber
[DEBUG] 2018-10-18 08:10:02.965 [http-nio-8080-exec-2] SimpleValueBinder - Starting fillSimpleValue for productName
[DEBUG] 2018-10-18 08:10:02.965 [http-nio-8080-exec-2] SimpleValueBinder - Starting fillSimpleValue for shift
[DEBUG] 2018-10-18 08:10:02.965 [http-nio-8080-exec-2] SimpleValueBinder - Starting fillSimpleValue for totalParts
[DEBUG] 2018-10-18 08:10:02.967 [http-nio-8080-exec-2] PrimaryKey - Forcing column [id] to be non-null as it is part of the primary key for table [user]
[DEBUG] 2018-10-18 08:10:03.027 [http-nio-8080-exec-2] SessionFactoryImpl - Building session factory
[DEBUG] 2018-10-18 08:10:03.029 [http-nio-8080-exec-2] Settings - SessionFactory name : null
[DEBUG] 2018-10-18 08:10:03.029 [http-nio-8080-exec-2] Settings - Automatic flush during beforeCompletion(): enabled
[DEBUG] 2018-10-18 08:10:03.029 [http-nio-8080-exec-2] Settings - Automatic session close at end of transaction: disabled
[DEBUG] 2018-10-18 08:10:03.031 [http-nio-8080-exec-2] Settings - Statistics: disabled
[DEBUG] 2018-10-18 08:10:03.031 [http-nio-8080-exec-2] Settings - Deleted entity synthetic identifier rollback: disabled
[DEBUG] 2018-10-18 08:10:03.031 [http-nio-8080-exec-2] Settings - Default entity-mode: pojo
[DEBUG] 2018-10-18 08:10:03.031 [http-nio-8080-exec-2] Settings - Check Nullability in Core (should be disabled when Bean Validation is on): enabled
[DEBUG] 2018-10-18 08:10:03.031 [http-nio-8080-exec-2] Settings - Allow initialization of lazy state outside session : disabled
[DEBUG] 2018-10-18 08:10:03.031 [http-nio-8080-exec-2] Settings - Using BatchFetchStyle : LEGACY
[DEBUG] 2018-10-18 08:10:03.031 [http-nio-8080-exec-2] Settings - Default batch fetch size: -1
[DEBUG] 2018-10-18 08:10:03.031 [http-nio-8080-exec-2] Settings - Maximum outer join fetch depth: 2
[DEBUG] 2018-10-18 08:10:03.031 [http-nio-8080-exec-2] Settings - Default null ordering: NONE
[DEBUG] 2018-10-18 08:10:03.031 [http-nio-8080-exec-2] Settings - Order SQL updates by primary key: disabled
[DEBUG] 2018-10-18 08:10:03.031 [http-nio-8080-exec-2] Settings - Order SQL inserts for batching: disabled
[DEBUG] 2018-10-18 08:10:03.031 [http-nio-8080-exec-2] Settings - multi-tenancy strategy : NONE
[DEBUG] 2018-10-18 08:10:03.032 [http-nio-8080-exec-2] Settings - JTA Track by Thread: enabled
[DEBUG] 2018-10-18 08:10:03.032 [http-nio-8080-exec-2] Settings - Query language substitutions: {}
[DEBUG] 2018-10-18 08:10:03.032 [http-nio-8080-exec-2] Settings - JPA query language strict compliance: disabled
[DEBUG] 2018-10-18 08:10:03.033 [http-nio-8080-exec-2] Settings - Named query checking : enabled
[DEBUG] 2018-10-18 08:10:03.034 [http-nio-8080-exec-2] Settings - Second-level cache: enabled
[DEBUG] 2018-10-18 08:10:03.034 [http-nio-8080-exec-2] Settings - Second-level query cache: disabled
[DEBUG] 2018-10-18 08:10:03.034 [http-nio-8080-exec-2] Settings - Second-level query cache factory: org.hibernate.cache.internal.StandardQueryCacheFactory@4c935a38
[DEBUG] 2018-10-18 08:10:03.034 [http-nio-8080-exec-2] Settings - Second-level cache region prefix: null
[DEBUG] 2018-10-18 08:10:03.034 [http-nio-8080-exec-2] Settings - Optimize second-level cache for minimal puts: disabled
[DEBUG] 2018-10-18 08:10:03.034 [http-nio-8080-exec-2] Settings - Structured second-level cache entries: disabled
[DEBUG] 2018-10-18 08:10:03.034 [http-nio-8080-exec-2] Settings - Second-level cache direct-reference entries: disabled
[DEBUG] 2018-10-18 08:10:03.035 [http-nio-8080-exec-2] Settings - Automatic eviction of collection cache: disabled
[DEBUG] 2018-10-18 08:10:03.036 [http-nio-8080-exec-2] Settings - JDBC batch size: 15
[DEBUG] 2018-10-18 08:10:03.037 [http-nio-8080-exec-2] Settings - JDBC batch updates for versioned data: enabled
[DEBUG] 2018-10-18 08:10:03.038 [http-nio-8080-exec-2] Settings - Scrollable result sets: enabled
[DEBUG] 2018-10-18 08:10:03.038 [http-nio-8080-exec-2] Settings - Wrap result sets: disabled
[DEBUG] 2018-10-18 08:10:03.038 [http-nio-8080-exec-2] Settings - JDBC3 getGeneratedKeys(): enabled
[DEBUG] 2018-10-18 08:10:03.038 [http-nio-8080-exec-2] Settings - JDBC result set fetch size: null
[DEBUG] 2018-10-18 08:10:03.038 [http-nio-8080-exec-2] Settings - Connection release mode: AFTER_TRANSACTION
[DEBUG] 2018-10-18 08:10:03.038 [http-nio-8080-exec-2] Settings - Generate SQL with comments: disabled
[DEBUG] 2018-10-18 08:10:03.142 [http-nio-8080-exec-2] SessionFactoryImpl - Session factory constructed with filter configurations : {}
[DEBUG] 2018-10-18 08:10:03.144 [http-nio-8080-exec-2] SessionFactoryImpl - Instantiating session factory with properties: {awt.toolkit=sun.awt.X11.XToolkit, java.specification.version=1.8, sun.cpu.isalist=, hibernate.c3p0.idle_test_period=3000, sun.jnu.encoding=UTF-8, hibernate.c3p0.min_size=5, sun.arch.data.model=64, catalina.useNaming=true, java.vendor.url=http://java.oracle.com/, openejb.provider.default=org.apache.tomee, sun.boot.library.path=/usr/lib/jvm/java-8-oracle/jre/lib/amd64, com.sun.management.jmxremote.ssl=false, sun.java.command=org.apache.catalina.startup.Bootstrap start, java.specification.vendor=Oracle Corporation, openejb.embedder.source=ServerListener, java.naming.factory.url.pkgs=org.apache.naming:org.apache.openejb.core.ivm.naming, java.home=/usr/lib/jvm/java-8-oracle/jre, file.separator=/, line.separator=
, hibernate.c3p0.timeout=300, java.vm.specification.vendor=Oracle Corporation, java.specification.name=Java Platform API Specification, package.definition=sun.,java.,org.apache.catalina.,org.apache.coyote.,org.apache.jasper.,org.apache.naming.,org.apache.tomcat., openejb.deployments.classpath.filter.systemapps=false, sun.boot.class.path=/usr/lib/jvm/java-8-oracle/jre/lib/resources.jar:/usr/lib/jvm/java-8-oracle/jre/lib/rt.jar:/usr/lib/jvm/java-8-oracle/jre/lib/sunrsasign.jar:/usr/lib/jvm/java-8-oracle/jre/lib/jsse.jar:/usr/lib/jvm/java-8-oracle/jre/lib/jce.jar:/usr/lib/jvm/java-8-oracle/jre/lib/charsets.jar:/usr/lib/jvm/java-8-oracle/jre/lib/jfr.jar:/usr/lib/jvm/java-8-oracle/jre/classes, jdk.tls.ephemeralDHKeySize=2048, java.util.logging.config.file=/home/student/.IntelliJIdea2017.3/system/tomcat/Unnamed_ProductionCountLogInterface_2/conf/logging.properties, connection.password=student, sun.management.compiler=HotSpot 64-Bit Tiered Compilers, java.runtime.version=1.8.0_144-b01, user.name=student, org.apache.johnzon.max-string-length=8192, file.encoding=UTF-8, derby.system.home=/home/student/tomcat/bin, hibernate.connection.driver_class=com.mysql.jdbc.Driver, java.io.tmpdir=/home/student/tomcat/temp, tomcat.util.scan.StandardJarScanFilter.jarsToScan=log4j-core*.jar,log4j-taglib*.jar,log4javascript*.jar,slf4j-taglib*.jar, com.sun.management.jmxremote.port=1099, java.version=1.8.0_144, tomcat.util.scan.StandardJarScanFilter.jarsToSkip=bootstrap.jar,commons-daemon.jar,tomcat-juli.jar,annotations-api.jar,el-api.jar,jsp-api.jar,servlet-api.jar,websocket-api.jar,jaspic-api.jar,catalina.jar,catalina-ant.jar,catalina-ha.jar,catalina-storeconfig.jar,catalina-tribes.jar,jasper.jar,jasper-el.jar,ecj-*.jar,tomcat-api.jar,tomcat-util.jar,tomcat-util-scan.jar,tomcat-coyote.jar,tomcat-dbcp.jar,tomcat-jni.jar,tomcat-websocket.jar,tomcat-i18n-en.jar,tomcat-i18n-es.jar,tomcat-i18n-fr.jar,tomcat-i18n-ja.jar,tomcat-juli-adapters.jar,catalina-jmx-remote.jar,catalina-ws.jar,tomcat-jdbc.jar,tools.jar,commons-beanutils*.jar,commons-codec*.jar,commons-collections*.jar,commons-dbcp*.jar,commons-digester*.jar,commons-fileupload*.jar,commons-httpclient*.jar,commons-io*.jar,commons-lang*.jar,commons-logging*.jar,commons-math*.jar,commons-pool*.jar,jstl.jar,taglibs-standard-spec-*.jar,geronimo-spec-jaxrpc*.jar,wsdl4j*.jar,ant.jar,ant-junit*.jar,aspectj*.jar,jmx.jar,h2*.jar,hibernate*.jar,httpclient*.jar,jmx-tools.jar,jta*.jar,log4j*.jar,mail*.jar,slf4j*.jar,xercesImpl.jar,xmlParserAPIs.jar,xml-apis.jar,junit.jar,junit-*.jar,ant-launcher.jar,cobertura-*.jar,asm-*.jar,dom4j-*.jar,icu4j-*.jar,jaxen-*.jar,jdom-*.jar,jetty-*.jar,oro-*.jar,servlet-api-*.jar,tagsoup-*.jar,xmlParserAPIs-*.jar,xom-*.jar, connection.username=root, java.vm.specification.name=Java Virtual Machine Specification, java.awt.printerjob=sun.print.PSPrinterJob, sun.os.patch.level=unknown, connection.driver_class=com.mysql.jdbc.Driver, tomcat.built=Jun 9 2016 11:16:29 UTC, java.library.path=/usr/java/packages/lib/amd64:/usr/lib64:/lib64:/lib:/usr/lib, java.vendor=Oracle Corporation, tomee.version=7.0.1, java.rmi.server.randomIDs=true, sun.io.unicode.encoding=UnicodeLittle, tomcat.util.buf.StringCache.byte.enabled=true, sun.desktop=gnome, file.encoding.pkg=sun.io, com.sun.management.jmxremote.authenticate=false, java.class.path=/home/student/tomcat/bin/bootstrap.jar:/home/student/tomcat/bin/tomcat-juli.jar:/home/student/tomcat/lib/openejb-javaagent.jar, tomcat.version=8.5.3.0, java.vm.vendor=Oracle Corporation, openejb.home=/home/student/tomcat, openejb.system.apps=true, user.timezone=America/Chicago, os.name=Linux, java.vm.specification.version=1.8, sun.java.launcher=SUN_STANDARD, user.country=US, openejb.base=/home/student/.IntelliJIdea2017.3/system/tomcat/Unnamed_ProductionCountLogInterface_2, com.sun.management.jmxremote=, sun.cpu.endian=little, user.home=/home/student, hibernate.c3p0.max_statements=50, user.language=en, openejb.deployments.classpath=false, java.awt.graphicsenv=sun.awt.X11GraphicsEnvironment, package.access=sun.,org.apache.catalina.,org.apache.coyote.,org.apache.jasper.,org.apache.tomcat., openejb.loader=tomcat-system, server.loader=, hibernate.c3p0.max_size=20, java.naming.factory.initial=org.apache.naming.java.javaURLContextFactory, org.apache.openejb.core.security.JaccProvider=org.apache.openejb.core.security.jacc.BasicJaccProvider, path.separator=:, hibernate.connection.username=root, common.loader="/home/student/tomcat/lib","/home/student/tomcat/lib/*.jar","/home/student/tomcat/lib","/home/student/tomcat/lib/*.jar", openejb.java9.hack=false, os.version=4.4.0-57-generic, openejb.version=7.0.1, java.endorsed.dirs=/usr/lib/jvm/java-8-oracle/jre/lib/endorsed, org.apache.security.jacc.EJBMethodPermission.methodInterfaces=BusinessLocalHome,BusinessRemoteHome,BusinessRemote,BusinessLocal, java.runtime.name=Java(TM) SE Runtime Environment, hibernate.connection.url=jdbc:mysql://localhost:3306/indieProject, java.vm.name=Java HotSpot(TM) 64-Bit Server VM, tomee.remote.support=true, java.vendor.url.bug=http://bugreport.sun.com/bugreport/, catalina.home=/home/student/tomcat, bval.in-container=true, user.dir=/home/student/tomcat/bin, os.arch=amd64, openjpa.Log=org.apache.openejb.openjpa.JULOpenJPALogFactory, hibernate.connection.password=****, tomee.serialization.class.blacklist=-, tomee.serialization.class.whitelist=, catalina.base=/home/student/.IntelliJIdea2017.3/system/tomcat/Unnamed_ProductionCountLogInterface_2, shared.loader=, hibernate.boot.CfgXmlAccessService.key=org.hibernate.boot.cfgxml.spi.LoadedConfig@7bbd75c3, java.util.logging.manager=org.apache.juli.ClassLoaderLogManager, noBanner=true, org.apache.webbeans.logger.WebBeansLoggerFacade=org.apache.openejb.cdi.logging.ContainerJULLoggerFactory, java.vm.info=mixed mode, java.vm.version=25.144-b01, hibernate.bytecode.use_reflection_optimizer=false, java.rmi.server.hostname=127.0.0.1, javax.security.jacc.PolicyConfigurationFactory.provider=org.apache.openejb.core.security.JaccProvider$Factory, java.ext.dirs=/usr/lib/jvm/java-8-oracle/jre/lib/ext:/usr/java/packages/lib/ext, connection.url=jdbc:mysql://localhost:3306/indieProject, java.class.version=52.0, authconfigprovider.factory=false}
[DEBUG] 2018-10-18 08:10:03.178 [http-nio-8080-exec-2] ClassLoaderAccessImpl - Not known whether passed class name [ProductionCountLog.User] is safe
[DEBUG] 2018-10-18 08:10:03.178 [http-nio-8080-exec-2] ClassLoaderAccessImpl - No temp ClassLoader provided; using live ClassLoader for loading potentially unsafe class : ProductionCountLog.User
[DEBUG] 2018-10-18 08:10:03.231 [http-nio-8080-exec-2] JaccIntegrator - Skipping JACC integration as it was not enabled
[DEBUG] 2018-10-18 08:10:03.254 [http-nio-8080-exec-2] SessionFactoryImpl - Instantiated session factory
[DEBUG] 2018-10-18 08:10:03.410 [http-nio-8080-exec-2] ClassLoaderAccessImpl - Not known whether passed class name [ProductionCountLog.User] is safe
[DEBUG] 2018-10-18 08:10:03.412 [http-nio-8080-exec-2] ClassLoaderAccessImpl - No temp ClassLoader provided; using live ClassLoader for loading potentially unsafe class : ProductionCountLog.User
[DEBUG] 2018-10-18 08:10:03.470 [http-nio-8080-exec-2] ClassLoaderAccessImpl - Not known whether passed class name [ProductionCountLog.User] is safe
[DEBUG] 2018-10-18 08:10:03.474 [http-nio-8080-exec-2] ClassLoaderAccessImpl - No temp ClassLoader provided; using live ClassLoader for loading potentially unsafe class : ProductionCountLog.User
[DEBUG] 2018-10-18 08:10:03.643 [http-nio-8080-exec-2] AbstractEntityPersister - Static SQL for entity: ProductionCountLog.User
[DEBUG] 2018-10-18 08:10:03.644 [http-nio-8080-exec-2] AbstractEntityPersister -  Version select: select id from user where id =?
[DEBUG] 2018-10-18 08:10:03.644 [http-nio-8080-exec-2] AbstractEntityPersister -  Snapshot select: select user_.id, user_.credits as credits2_0_, user_.date as date3_0_, user_.downtime as downtime4_0_, user_.employee_id as employee5_0_, user_.first_name as first_na6_0_, user_.hours_worked as hours_wo7_0_, user_.last_name as last_nam8_0_, user_.machine_number as machine_9_0_, user_.product_name as product10_0_, user_.shift as shift11_0_, user_.total_parts as total_p12_0_ from user user_ where user_.id=?
[DEBUG] 2018-10-18 08:10:03.644 [http-nio-8080-exec-2] AbstractEntityPersister -  Insert 0: insert into user (credits, date, downtime, employee_id, first_name, hours_worked, last_name, machine_number, product_name, shift, total_parts, id) values (?, ?, ?, ?, ?, ?, ?, ?, ?, ?, ?, ?)
[DEBUG] 2018-10-18 08:10:03.644 [http-nio-8080-exec-2] AbstractEntityPersister -  Update 0: update user set credits=?, date=?, downtime=?, employee_id=?, first_name=?, hours_worked=?, last_name=?, machine_number=?, product_name=?, shift=?, total_parts=? where id=?
[DEBUG] 2018-10-18 08:10:03.644 [http-nio-8080-exec-2] AbstractEntityPersister -  Delete 0: delete from user where id=?
[DEBUG] 2018-10-18 08:10:03.644 [http-nio-8080-exec-2] AbstractEntityPersister -  Identity insert: insert into user (credits, date, downtime, employee_id, first_name, hours_worked, last_name, machine_number, product_name, shift, total_parts) values (?, ?, ?, ?, ?, ?, ?, ?, ?, ?, ?)
[DEBUG] 2018-10-18 08:10:03.855 [http-nio-8080-exec-2] QuerySpacesImpl - Adding QuerySpace : uid = <gen:0> -> org.hibernate.loader.plan.build.internal.spaces.EntityQuerySpaceImpl@39b5fe3f]
[DEBUG] 2018-10-18 08:10:03.865 [http-nio-8080-exec-2] MetamodelGraphWalker - Visiting attribute path : credits
[DEBUG] 2018-10-18 08:10:03.865 [http-nio-8080-exec-2] MetamodelGraphWalker - Visiting attribute path : date
[DEBUG] 2018-10-18 08:10:03.865 [http-nio-8080-exec-2] MetamodelGraphWalker - Visiting attribute path : downtime
[DEBUG] 2018-10-18 08:10:03.865 [http-nio-8080-exec-2] MetamodelGraphWalker - Visiting attribute path : employeeId
[DEBUG] 2018-10-18 08:10:03.865 [http-nio-8080-exec-2] MetamodelGraphWalker - Visiting attribute path : firstName
[DEBUG] 2018-10-18 08:10:03.865 [http-nio-8080-exec-2] MetamodelGraphWalker - Visiting attribute path : hoursWorked
[DEBUG] 2018-10-18 08:10:03.865 [http-nio-8080-exec-2] MetamodelGraphWalker - Visiting attribute path : lastName
[DEBUG] 2018-10-18 08:10:03.865 [http-nio-8080-exec-2] MetamodelGraphWalker - Visiting attribute path : machineNumber
[DEBUG] 2018-10-18 08:10:03.865 [http-nio-8080-exec-2] MetamodelGraphWalker - Visiting attribute path : productName
[DEBUG] 2018-10-18 08:10:03.865 [http-nio-8080-exec-2] MetamodelGraphWalker - Visiting attribute path : shift
[DEBUG] 2018-10-18 08:10:03.865 [http-nio-8080-exec-2] MetamodelGraphWalker - Visiting attribute path : totalParts
[DEBUG] 2018-10-18 08:10:03.867 [http-nio-8080-exec-2] FetchStyleLoadPlanBuildingAssociationVisitationStrategy - Building LoadPlan...
[DEBUG] 2018-10-18 08:10:03.907 [http-nio-8080-exec-2] LoadQueryJoinAndFetchProcessor - processing queryspace <gen:0>
[DEBUG] 2018-10-18 08:10:03.919 [http-nio-8080-exec-2] LoadPlanTreePrinter - LoadPlan(entity=ProductionCountLog.User)
    - Returns
       - EntityReturnImpl(entity=ProductionCountLog.User, querySpaceUid=<gen:0>, path=ProductionCountLog.User)
    - QuerySpaces
       - EntityQuerySpaceImpl(uid=<gen:0>, entity=ProductionCountLog.User)
          - SQL table alias mapping - user0_
          - alias suffix - 0_
          - suffixed key columns - {id1_0_0_}

[DEBUG] 2018-10-18 08:10:03.928 [http-nio-8080-exec-2] EntityLoader - Static select for entity ProductionCountLog.User [NONE]: select user0_.id as id1_0_0_, user0_.credits as credits2_0_0_, user0_.date as date3_0_0_, user0_.downtime as downtime4_0_0_, user0_.employee_id as employee5_0_0_, user0_.first_name as first_na6_0_0_, user0_.hours_worked as hours_wo7_0_0_, user0_.last_name as last_nam8_0_0_, user0_.machine_number as machine_9_0_0_, user0_.product_name as product10_0_0_, user0_.shift as shift11_0_0_, user0_.total_parts as total_p12_0_0_ from user user0_ where user0_.id=?
[DEBUG] 2018-10-18 08:10:03.928 [http-nio-8080-exec-2] QuerySpacesImpl - Adding QuerySpace : uid = <gen:0> -> org.hibernate.loader.plan.build.internal.spaces.EntityQuerySpaceImpl@1c4de0d6]
[DEBUG] 2018-10-18 08:10:03.928 [http-nio-8080-exec-2] MetamodelGraphWalker - Visiting attribute path : credits
[DEBUG] 2018-10-18 08:10:03.928 [http-nio-8080-exec-2] MetamodelGraphWalker - Visiting attribute path : date
[DEBUG] 2018-10-18 08:10:03.928 [http-nio-8080-exec-2] MetamodelGraphWalker - Visiting attribute path : downtime
[DEBUG] 2018-10-18 08:10:03.928 [http-nio-8080-exec-2] MetamodelGraphWalker - Visiting attribute path : employeeId
[DEBUG] 2018-10-18 08:10:03.928 [http-nio-8080-exec-2] MetamodelGraphWalker - Visiting attribute path : firstName
[DEBUG] 2018-10-18 08:10:03.928 [http-nio-8080-exec-2] MetamodelGraphWalker - Visiting attribute path : hoursWorked
[DEBUG] 2018-10-18 08:10:03.928 [http-nio-8080-exec-2] MetamodelGraphWalker - Visiting attribute path : lastName
[DEBUG] 2018-10-18 08:10:03.932 [http-nio-8080-exec-2] MetamodelGraphWalker - Visiting attribute path : machineNumber
[DEBUG] 2018-10-18 08:10:03.932 [http-nio-8080-exec-2] MetamodelGraphWalker - Visiting attribute path : productName
[DEBUG] 2018-10-18 08:10:03.932 [http-nio-8080-exec-2] MetamodelGraphWalker - Visiting attribute path : shift
[DEBUG] 2018-10-18 08:10:03.932 [http-nio-8080-exec-2] MetamodelGraphWalker - Visiting attribute path : totalParts
[DEBUG] 2018-10-18 08:10:03.932 [http-nio-8080-exec-2] FetchStyleLoadPlanBuildingAssociationVisitationStrategy - Building LoadPlan...
[DEBUG] 2018-10-18 08:10:03.933 [http-nio-8080-exec-2] LoadQueryJoinAndFetchProcessor - processing queryspace <gen:0>
[DEBUG] 2018-10-18 08:10:03.933 [http-nio-8080-exec-2] LoadPlanTreePrinter - LoadPlan(entity=ProductionCountLog.User)
    - Returns
       - EntityReturnImpl(entity=ProductionCountLog.User, querySpaceUid=<gen:0>, path=ProductionCountLog.User)
    - QuerySpaces
       - EntityQuerySpaceImpl(uid=<gen:0>, entity=ProductionCountLog.User)
          - SQL table alias mapping - user0_
          - alias suffix - 0_
          - suffixed key columns - {id1_0_0_}

[DEBUG] 2018-10-18 08:10:03.933 [http-nio-8080-exec-2] EntityLoader - Static select for entity ProductionCountLog.User [READ]: select user0_.id as id1_0_0_, user0_.credits as credits2_0_0_, user0_.date as date3_0_0_, user0_.downtime as downtime4_0_0_, user0_.employee_id as employee5_0_0_, user0_.first_name as first_na6_0_0_, user0_.hours_worked as hours_wo7_0_0_, user0_.last_name as last_nam8_0_0_, user0_.machine_number as machine_9_0_0_, user0_.product_name as product10_0_0_, user0_.shift as shift11_0_0_, user0_.total_parts as total_p12_0_0_ from user user0_ where user0_.id=?
[DEBUG] 2018-10-18 08:10:03.934 [http-nio-8080-exec-2] QuerySpacesImpl - Adding QuerySpace : uid = <gen:0> -> org.hibernate.loader.plan.build.internal.spaces.EntityQuerySpaceImpl@5f15ed1e]
[DEBUG] 2018-10-18 08:10:03.934 [http-nio-8080-exec-2] MetamodelGraphWalker - Visiting attribute path : credits
[DEBUG] 2018-10-18 08:10:03.934 [http-nio-8080-exec-2] MetamodelGraphWalker - Visiting attribute path : date
[DEBUG] 2018-10-18 08:10:03.934 [http-nio-8080-exec-2] MetamodelGraphWalker - Visiting attribute path : downtime
[DEBUG] 2018-10-18 08:10:03.934 [http-nio-8080-exec-2] MetamodelGraphWalker - Visiting attribute path : employeeId
[DEBUG] 2018-10-18 08:10:03.934 [http-nio-8080-exec-2] MetamodelGraphWalker - Visiting attribute path : firstName
[DEBUG] 2018-10-18 08:10:03.934 [http-nio-8080-exec-2] MetamodelGraphWalker - Visiting attribute path : hoursWorked
[DEBUG] 2018-10-18 08:10:03.934 [http-nio-8080-exec-2] MetamodelGraphWalker - Visiting attribute path : lastName
[DEBUG] 2018-10-18 08:10:03.934 [http-nio-8080-exec-2] MetamodelGraphWalker - Visiting attribute path : machineNumber
[DEBUG] 2018-10-18 08:10:03.934 [http-nio-8080-exec-2] MetamodelGraphWalker - Visiting attribute path : productName
[DEBUG] 2018-10-18 08:10:03.934 [http-nio-8080-exec-2] MetamodelGraphWalker - Visiting attribute path : shift
[DEBUG] 2018-10-18 08:10:03.934 [http-nio-8080-exec-2] MetamodelGraphWalker - Visiting attribute path : totalParts
[DEBUG] 2018-10-18 08:10:03.934 [http-nio-8080-exec-2] FetchStyleLoadPlanBuildingAssociationVisitationStrategy - Building LoadPlan...
[DEBUG] 2018-10-18 08:10:03.936 [http-nio-8080-exec-2] LoadQueryJoinAndFetchProcessor - processing queryspace <gen:0>
[DEBUG] 2018-10-18 08:10:03.936 [http-nio-8080-exec-2] LoadPlanTreePrinter - LoadPlan(entity=ProductionCountLog.User)
    - Returns
       - EntityReturnImpl(entity=ProductionCountLog.User, querySpaceUid=<gen:0>, path=ProductionCountLog.User)
    - QuerySpaces
       - EntityQuerySpaceImpl(uid=<gen:0>, entity=ProductionCountLog.User)
          - SQL table alias mapping - user0_
          - alias suffix - 0_
          - suffixed key columns - {id1_0_0_}

[DEBUG] 2018-10-18 08:10:03.936 [http-nio-8080-exec-2] EntityLoader - Static select for entity ProductionCountLog.User [UPGRADE]: select user0_.id as id1_0_0_, user0_.credits as credits2_0_0_, user0_.date as date3_0_0_, user0_.downtime as downtime4_0_0_, user0_.employee_id as employee5_0_0_, user0_.first_name as first_na6_0_0_, user0_.hours_worked as hours_wo7_0_0_, user0_.last_name as last_nam8_0_0_, user0_.machine_number as machine_9_0_0_, user0_.product_name as product10_0_0_, user0_.shift as shift11_0_0_, user0_.total_parts as total_p12_0_0_ from user user0_ where user0_.id=? for update
[DEBUG] 2018-10-18 08:10:03.936 [http-nio-8080-exec-2] QuerySpacesImpl - Adding QuerySpace : uid = <gen:0> -> org.hibernate.loader.plan.build.internal.spaces.EntityQuerySpaceImpl@19c8fb5]
[DEBUG] 2018-10-18 08:10:03.936 [http-nio-8080-exec-2] MetamodelGraphWalker - Visiting attribute path : credits
[DEBUG] 2018-10-18 08:10:03.936 [http-nio-8080-exec-2] MetamodelGraphWalker - Visiting attribute path : date
[DEBUG] 2018-10-18 08:10:03.936 [http-nio-8080-exec-2] MetamodelGraphWalker - Visiting attribute path : downtime
[DEBUG] 2018-10-18 08:10:03.936 [http-nio-8080-exec-2] MetamodelGraphWalker - Visiting attribute path : employeeId
[DEBUG] 2018-10-18 08:10:03.936 [http-nio-8080-exec-2] MetamodelGraphWalker - Visiting attribute path : firstName
[DEBUG] 2018-10-18 08:10:03.936 [http-nio-8080-exec-2] MetamodelGraphWalker - Visiting attribute path : hoursWorked
[DEBUG] 2018-10-18 08:10:03.937 [http-nio-8080-exec-2] MetamodelGraphWalker - Visiting attribute path : lastName
[DEBUG] 2018-10-18 08:10:03.937 [http-nio-8080-exec-2] MetamodelGraphWalker - Visiting attribute path : machineNumber
[DEBUG] 2018-10-18 08:10:03.937 [http-nio-8080-exec-2] MetamodelGraphWalker - Visiting attribute path : productName
[DEBUG] 2018-10-18 08:10:03.937 [http-nio-8080-exec-2] MetamodelGraphWalker - Visiting attribute path : shift
[DEBUG] 2018-10-18 08:10:03.937 [http-nio-8080-exec-2] MetamodelGraphWalker - Visiting attribute path : totalParts
[DEBUG] 2018-10-18 08:10:03.937 [http-nio-8080-exec-2] FetchStyleLoadPlanBuildingAssociationVisitationStrategy - Building LoadPlan...
[DEBUG] 2018-10-18 08:10:03.938 [http-nio-8080-exec-2] LoadQueryJoinAndFetchProcessor - processing queryspace <gen:0>
[DEBUG] 2018-10-18 08:10:03.938 [http-nio-8080-exec-2] LoadPlanTreePrinter - LoadPlan(entity=ProductionCountLog.User)
    - Returns
       - EntityReturnImpl(entity=ProductionCountLog.User, querySpaceUid=<gen:0>, path=ProductionCountLog.User)
    - QuerySpaces
       - EntityQuerySpaceImpl(uid=<gen:0>, entity=ProductionCountLog.User)
          - SQL table alias mapping - user0_
          - alias suffix - 0_
          - suffixed key columns - {id1_0_0_}

[DEBUG] 2018-10-18 08:10:03.938 [http-nio-8080-exec-2] EntityLoader - Static select for entity ProductionCountLog.User [UPGRADE_NOWAIT]: select user0_.id as id1_0_0_, user0_.credits as credits2_0_0_, user0_.date as date3_0_0_, user0_.downtime as downtime4_0_0_, user0_.employee_id as employee5_0_0_, user0_.first_name as first_na6_0_0_, user0_.hours_worked as hours_wo7_0_0_, user0_.last_name as last_nam8_0_0_, user0_.machine_number as machine_9_0_0_, user0_.product_name as product10_0_0_, user0_.shift as shift11_0_0_, user0_.total_parts as total_p12_0_0_ from user user0_ where user0_.id=? for update
[DEBUG] 2018-10-18 08:10:03.938 [http-nio-8080-exec-2] QuerySpacesImpl - Adding QuerySpace : uid = <gen:0> -> org.hibernate.loader.plan.build.internal.spaces.EntityQuerySpaceImpl@3e167258]
[DEBUG] 2018-10-18 08:10:03.938 [http-nio-8080-exec-2] MetamodelGraphWalker - Visiting attribute path : credits
[DEBUG] 2018-10-18 08:10:03.938 [http-nio-8080-exec-2] MetamodelGraphWalker - Visiting attribute path : date
[DEBUG] 2018-10-18 08:10:03.938 [http-nio-8080-exec-2] MetamodelGraphWalker - Visiting attribute path : downtime
[DEBUG] 2018-10-18 08:10:03.938 [http-nio-8080-exec-2] MetamodelGraphWalker - Visiting attribute path : employeeId
[DEBUG] 2018-10-18 08:10:03.938 [http-nio-8080-exec-2] MetamodelGraphWalker - Visiting attribute path : firstName
[DEBUG] 2018-10-18 08:10:03.938 [http-nio-8080-exec-2] MetamodelGraphWalker - Visiting attribute path : hoursWorked
[DEBUG] 2018-10-18 08:10:03.938 [http-nio-8080-exec-2] MetamodelGraphWalker - Visiting attribute path : lastName
[DEBUG] 2018-10-18 08:10:03.941 [http-nio-8080-exec-2] MetamodelGraphWalker - Visiting attribute path : machineNumber
[DEBUG] 2018-10-18 08:10:03.941 [http-nio-8080-exec-2] MetamodelGraphWalker - Visiting attribute path : productName
[DEBUG] 2018-10-18 08:10:03.941 [http-nio-8080-exec-2] MetamodelGraphWalker - Visiting attribute path : shift
[DEBUG] 2018-10-18 08:10:03.941 [http-nio-8080-exec-2] MetamodelGraphWalker - Visiting attribute path : totalParts
[DEBUG] 2018-10-18 08:10:03.941 [http-nio-8080-exec-2] FetchStyleLoadPlanBuildingAssociationVisitationStrategy - Building LoadPlan...
[DEBUG] 2018-10-18 08:10:03.943 [http-nio-8080-exec-2] LoadQueryJoinAndFetchProcessor - processing queryspace <gen:0>
[DEBUG] 2018-10-18 08:10:03.945 [http-nio-8080-exec-2] LoadPlanTreePrinter - LoadPlan(entity=ProductionCountLog.User)
    - Returns
       - EntityReturnImpl(entity=ProductionCountLog.User, querySpaceUid=<gen:0>, path=ProductionCountLog.User)
    - QuerySpaces
       - EntityQuerySpaceImpl(uid=<gen:0>, entity=ProductionCountLog.User)
          - SQL table alias mapping - user0_
          - alias suffix - 0_
          - suffixed key columns - {id1_0_0_}

[DEBUG] 2018-10-18 08:10:03.945 [http-nio-8080-exec-2] EntityLoader - Static select for entity ProductionCountLog.User [UPGRADE_SKIPLOCKED]: select user0_.id as id1_0_0_, user0_.credits as credits2_0_0_, user0_.date as date3_0_0_, user0_.downtime as downtime4_0_0_, user0_.employee_id as employee5_0_0_, user0_.first_name as first_na6_0_0_, user0_.hours_worked as hours_wo7_0_0_, user0_.last_name as last_nam8_0_0_, user0_.machine_number as machine_9_0_0_, user0_.product_name as product10_0_0_, user0_.shift as shift11_0_0_, user0_.total_parts as total_p12_0_0_ from user user0_ where user0_.id=? for update
[DEBUG] 2018-10-18 08:10:03.945 [http-nio-8080-exec-2] QuerySpacesImpl - Adding QuerySpace : uid = <gen:0> -> org.hibernate.loader.plan.build.internal.spaces.EntityQuerySpaceImpl@d336bcb]
[DEBUG] 2018-10-18 08:10:03.945 [http-nio-8080-exec-2] MetamodelGraphWalker - Visiting attribute path : credits
[DEBUG] 2018-10-18 08:10:03.945 [http-nio-8080-exec-2] MetamodelGraphWalker - Visiting attribute path : date
[DEBUG] 2018-10-18 08:10:03.945 [http-nio-8080-exec-2] MetamodelGraphWalker - Visiting attribute path : downtime
[DEBUG] 2018-10-18 08:10:03.945 [http-nio-8080-exec-2] MetamodelGraphWalker - Visiting attribute path : employeeId
[DEBUG] 2018-10-18 08:10:03.945 [http-nio-8080-exec-2] MetamodelGraphWalker - Visiting attribute path : firstName
[DEBUG] 2018-10-18 08:10:03.945 [http-nio-8080-exec-2] MetamodelGraphWalker - Visiting attribute path : hoursWorked
[DEBUG] 2018-10-18 08:10:03.945 [http-nio-8080-exec-2] MetamodelGraphWalker - Visiting attribute path : lastName
[DEBUG] 2018-10-18 08:10:03.945 [http-nio-8080-exec-2] MetamodelGraphWalker - Visiting attribute path : machineNumber
[DEBUG] 2018-10-18 08:10:03.945 [http-nio-8080-exec-2] MetamodelGraphWalker - Visiting attribute path : productName
[DEBUG] 2018-10-18 08:10:03.945 [http-nio-8080-exec-2] MetamodelGraphWalker - Visiting attribute path : shift
[DEBUG] 2018-10-18 08:10:03.946 [http-nio-8080-exec-2] MetamodelGraphWalker - Visiting attribute path : totalParts
[DEBUG] 2018-10-18 08:10:03.946 [http-nio-8080-exec-2] FetchStyleLoadPlanBuildingAssociationVisitationStrategy - Building LoadPlan...
[DEBUG] 2018-10-18 08:10:03.949 [http-nio-8080-exec-2] LoadQueryJoinAndFetchProcessor - processing queryspace <gen:0>
[DEBUG] 2018-10-18 08:10:03.949 [http-nio-8080-exec-2] LoadPlanTreePrinter - LoadPlan(entity=ProductionCountLog.User)
    - Returns
       - EntityReturnImpl(entity=ProductionCountLog.User, querySpaceUid=<gen:0>, path=ProductionCountLog.User)
    - QuerySpaces
       - EntityQuerySpaceImpl(uid=<gen:0>, entity=ProductionCountLog.User)
          - SQL table alias mapping - user0_
          - alias suffix - 0_
          - suffixed key columns - {id1_0_0_}

[DEBUG] 2018-10-18 08:10:03.949 [http-nio-8080-exec-2] EntityLoader - Static select for entity ProductionCountLog.User [FORCE]: select user0_.id as id1_0_0_, user0_.credits as credits2_0_0_, user0_.date as date3_0_0_, user0_.downtime as downtime4_0_0_, user0_.employee_id as employee5_0_0_, user0_.first_name as first_na6_0_0_, user0_.hours_worked as hours_wo7_0_0_, user0_.last_name as last_nam8_0_0_, user0_.machine_number as machine_9_0_0_, user0_.product_name as product10_0_0_, user0_.shift as shift11_0_0_, user0_.total_parts as total_p12_0_0_ from user user0_ where user0_.id=? for update
[DEBUG] 2018-10-18 08:10:03.950 [http-nio-8080-exec-2] QuerySpacesImpl - Adding QuerySpace : uid = <gen:0> -> org.hibernate.loader.plan.build.internal.spaces.EntityQuerySpaceImpl@166b5328]
[DEBUG] 2018-10-18 08:10:03.950 [http-nio-8080-exec-2] MetamodelGraphWalker - Visiting attribute path : credits
[DEBUG] 2018-10-18 08:10:03.950 [http-nio-8080-exec-2] MetamodelGraphWalker - Visiting attribute path : date
[DEBUG] 2018-10-18 08:10:03.950 [http-nio-8080-exec-2] MetamodelGraphWalker - Visiting attribute path : downtime
[DEBUG] 2018-10-18 08:10:03.950 [http-nio-8080-exec-2] MetamodelGraphWalker - Visiting attribute path : employeeId
[DEBUG] 2018-10-18 08:10:03.950 [http-nio-8080-exec-2] MetamodelGraphWalker - Visiting attribute path : firstName
[DEBUG] 2018-10-18 08:10:03.952 [http-nio-8080-exec-2] MetamodelGraphWalker - Visiting attribute path : hoursWorked
[DEBUG] 2018-10-18 08:10:03.954 [http-nio-8080-exec-2] MetamodelGraphWalker - Visiting attribute path : lastName
[DEBUG] 2018-10-18 08:10:03.954 [http-nio-8080-exec-2] MetamodelGraphWalker - Visiting attribute path : machineNumber
[DEBUG] 2018-10-18 08:10:03.954 [http-nio-8080-exec-2] MetamodelGraphWalker - Visiting attribute path : productName
[DEBUG] 2018-10-18 08:10:03.954 [http-nio-8080-exec-2] MetamodelGraphWalker - Visiting attribute path : shift
[DEBUG] 2018-10-18 08:10:03.954 [http-nio-8080-exec-2] MetamodelGraphWalker - Visiting attribute path : totalParts
[DEBUG] 2018-10-18 08:10:03.954 [http-nio-8080-exec-2] FetchStyleLoadPlanBuildingAssociationVisitationStrategy - Building LoadPlan...
[DEBUG] 2018-10-18 08:10:03.955 [http-nio-8080-exec-2] LoadQueryJoinAndFetchProcessor - processing queryspace <gen:0>
[DEBUG] 2018-10-18 08:10:03.955 [http-nio-8080-exec-2] LoadPlanTreePrinter - LoadPlan(entity=ProductionCountLog.User)
    - Returns
       - EntityReturnImpl(entity=ProductionCountLog.User, querySpaceUid=<gen:0>, path=ProductionCountLog.User)
    - QuerySpaces
       - EntityQuerySpaceImpl(uid=<gen:0>, entity=ProductionCountLog.User)
          - SQL table alias mapping - user0_
          - alias suffix - 0_
          - suffixed key columns - {id1_0_0_}

[DEBUG] 2018-10-18 08:10:03.955 [http-nio-8080-exec-2] EntityLoader - Static select for entity ProductionCountLog.User [PESSIMISTIC_READ]: select user0_.id as id1_0_0_, user0_.credits as credits2_0_0_, user0_.date as date3_0_0_, user0_.downtime as downtime4_0_0_, user0_.employee_id as employee5_0_0_, user0_.first_name as first_na6_0_0_, user0_.hours_worked as hours_wo7_0_0_, user0_.last_name as last_nam8_0_0_, user0_.machine_number as machine_9_0_0_, user0_.product_name as product10_0_0_, user0_.shift as shift11_0_0_, user0_.total_parts as total_p12_0_0_ from user user0_ where user0_.id=? lock in share mode
[DEBUG] 2018-10-18 08:10:03.955 [http-nio-8080-exec-2] QuerySpacesImpl - Adding QuerySpace : uid = <gen:0> -> org.hibernate.loader.plan.build.internal.spaces.EntityQuerySpaceImpl@5570fa7b]
[DEBUG] 2018-10-18 08:10:03.955 [http-nio-8080-exec-2] MetamodelGraphWalker - Visiting attribute path : credits
[DEBUG] 2018-10-18 08:10:03.955 [http-nio-8080-exec-2] MetamodelGraphWalker - Visiting attribute path : date
[DEBUG] 2018-10-18 08:10:03.955 [http-nio-8080-exec-2] MetamodelGraphWalker - Visiting attribute path : downtime
[DEBUG] 2018-10-18 08:10:03.955 [http-nio-8080-exec-2] MetamodelGraphWalker - Visiting attribute path : employeeId
[DEBUG] 2018-10-18 08:10:03.955 [http-nio-8080-exec-2] MetamodelGraphWalker - Visiting attribute path : firstName
[DEBUG] 2018-10-18 08:10:03.960 [http-nio-8080-exec-2] MetamodelGraphWalker - Visiting attribute path : hoursWorked
[DEBUG] 2018-10-18 08:10:03.961 [http-nio-8080-exec-2] MetamodelGraphWalker - Visiting attribute path : lastName
[DEBUG] 2018-10-18 08:10:03.961 [http-nio-8080-exec-2] MetamodelGraphWalker - Visiting attribute path : machineNumber
[DEBUG] 2018-10-18 08:10:03.961 [http-nio-8080-exec-2] MetamodelGraphWalker - Visiting attribute path : productName
[DEBUG] 2018-10-18 08:10:03.961 [http-nio-8080-exec-2] MetamodelGraphWalker - Visiting attribute path : shift
[DEBUG] 2018-10-18 08:10:03.961 [http-nio-8080-exec-2] MetamodelGraphWalker - Visiting attribute path : totalParts
[DEBUG] 2018-10-18 08:10:03.961 [http-nio-8080-exec-2] FetchStyleLoadPlanBuildingAssociationVisitationStrategy - Building LoadPlan...
[DEBUG] 2018-10-18 08:10:03.961 [http-nio-8080-exec-2] LoadQueryJoinAndFetchProcessor - processing queryspace <gen:0>
[DEBUG] 2018-10-18 08:10:03.963 [http-nio-8080-exec-2] LoadPlanTreePrinter - LoadPlan(entity=ProductionCountLog.User)
    - Returns
       - EntityReturnImpl(entity=ProductionCountLog.User, querySpaceUid=<gen:0>, path=ProductionCountLog.User)
    - QuerySpaces
       - EntityQuerySpaceImpl(uid=<gen:0>, entity=ProductionCountLog.User)
          - SQL table alias mapping - user0_
          - alias suffix - 0_
          - suffixed key columns - {id1_0_0_}

[DEBUG] 2018-10-18 08:10:03.964 [http-nio-8080-exec-2] EntityLoader - Static select for entity ProductionCountLog.User [PESSIMISTIC_WRITE]: select user0_.id as id1_0_0_, user0_.credits as credits2_0_0_, user0_.date as date3_0_0_, user0_.downtime as downtime4_0_0_, user0_.employee_id as employee5_0_0_, user0_.first_name as first_na6_0_0_, user0_.hours_worked as hours_wo7_0_0_, user0_.last_name as last_nam8_0_0_, user0_.machine_number as machine_9_0_0_, user0_.product_name as product10_0_0_, user0_.shift as shift11_0_0_, user0_.total_parts as total_p12_0_0_ from user user0_ where user0_.id=? for update
[DEBUG] 2018-10-18 08:10:03.964 [http-nio-8080-exec-2] QuerySpacesImpl - Adding QuerySpace : uid = <gen:0> -> org.hibernate.loader.plan.build.internal.spaces.EntityQuerySpaceImpl@1191db63]
[DEBUG] 2018-10-18 08:10:03.964 [http-nio-8080-exec-2] MetamodelGraphWalker - Visiting attribute path : credits
[DEBUG] 2018-10-18 08:10:03.964 [http-nio-8080-exec-2] MetamodelGraphWalker - Visiting attribute path : date
[DEBUG] 2018-10-18 08:10:03.964 [http-nio-8080-exec-2] MetamodelGraphWalker - Visiting attribute path : downtime
[DEBUG] 2018-10-18 08:10:03.964 [http-nio-8080-exec-2] MetamodelGraphWalker - Visiting attribute path : employeeId
[DEBUG] 2018-10-18 08:10:03.964 [http-nio-8080-exec-2] MetamodelGraphWalker - Visiting attribute path : firstName
[DEBUG] 2018-10-18 08:10:03.964 [http-nio-8080-exec-2] MetamodelGraphWalker - Visiting attribute path : hoursWorked
[DEBUG] 2018-10-18 08:10:03.964 [http-nio-8080-exec-2] MetamodelGraphWalker - Visiting attribute path : lastName
[DEBUG] 2018-10-18 08:10:03.964 [http-nio-8080-exec-2] MetamodelGraphWalker - Visiting attribute path : machineNumber
[DEBUG] 2018-10-18 08:10:03.964 [http-nio-8080-exec-2] MetamodelGraphWalker - Visiting attribute path : productName
[DEBUG] 2018-10-18 08:10:03.964 [http-nio-8080-exec-2] MetamodelGraphWalker - Visiting attribute path : shift
[DEBUG] 2018-10-18 08:10:03.964 [http-nio-8080-exec-2] MetamodelGraphWalker - Visiting attribute path : totalParts
[DEBUG] 2018-10-18 08:10:03.964 [http-nio-8080-exec-2] FetchStyleLoadPlanBuildingAssociationVisitationStrategy - Building LoadPlan...
[DEBUG] 2018-10-18 08:10:03.965 [http-nio-8080-exec-2] LoadQueryJoinAndFetchProcessor - processing queryspace <gen:0>
[DEBUG] 2018-10-18 08:10:03.965 [http-nio-8080-exec-2] LoadPlanTreePrinter - LoadPlan(entity=ProductionCountLog.User)
    - Returns
       - EntityReturnImpl(entity=ProductionCountLog.User, querySpaceUid=<gen:0>, path=ProductionCountLog.User)
    - QuerySpaces
       - EntityQuerySpaceImpl(uid=<gen:0>, entity=ProductionCountLog.User)
          - SQL table alias mapping - user0_
          - alias suffix - 0_
          - suffixed key columns - {id1_0_0_}

[DEBUG] 2018-10-18 08:10:03.965 [http-nio-8080-exec-2] EntityLoader - Static select for entity ProductionCountLog.User [PESSIMISTIC_FORCE_INCREMENT]: select user0_.id as id1_0_0_, user0_.credits as credits2_0_0_, user0_.date as date3_0_0_, user0_.downtime as downtime4_0_0_, user0_.employee_id as employee5_0_0_, user0_.first_name as first_na6_0_0_, user0_.hours_worked as hours_wo7_0_0_, user0_.last_name as last_nam8_0_0_, user0_.machine_number as machine_9_0_0_, user0_.product_name as product10_0_0_, user0_.shift as shift11_0_0_, user0_.total_parts as total_p12_0_0_ from user user0_ where user0_.id=? for update
[DEBUG] 2018-10-18 08:10:03.965 [http-nio-8080-exec-2] QuerySpacesImpl - Adding QuerySpace : uid = <gen:0> -> org.hibernate.loader.plan.build.internal.spaces.EntityQuerySpaceImpl@5d12093a]
[DEBUG] 2018-10-18 08:10:03.967 [http-nio-8080-exec-2] MetamodelGraphWalker - Visiting attribute path : credits
[DEBUG] 2018-10-18 08:10:03.968 [http-nio-8080-exec-2] MetamodelGraphWalker - Visiting attribute path : date
[DEBUG] 2018-10-18 08:10:03.968 [http-nio-8080-exec-2] MetamodelGraphWalker - Visiting attribute path : downtime
[DEBUG] 2018-10-18 08:10:03.968 [http-nio-8080-exec-2] MetamodelGraphWalker - Visiting attribute path : employeeId
[DEBUG] 2018-10-18 08:10:03.968 [http-nio-8080-exec-2] MetamodelGraphWalker - Visiting attribute path : firstName
[DEBUG] 2018-10-18 08:10:03.969 [http-nio-8080-exec-2] MetamodelGraphWalker - Visiting attribute path : hoursWorked
[DEBUG] 2018-10-18 08:10:03.969 [http-nio-8080-exec-2] MetamodelGraphWalker - Visiting attribute path : lastName
[DEBUG] 2018-10-18 08:10:03.969 [http-nio-8080-exec-2] MetamodelGraphWalker - Visiting attribute path : machineNumber
[DEBUG] 2018-10-18 08:10:03.969 [http-nio-8080-exec-2] MetamodelGraphWalker - Visiting attribute path : productName
[DEBUG] 2018-10-18 08:10:03.970 [http-nio-8080-exec-2] MetamodelGraphWalker - Visiting attribute path : shift
[DEBUG] 2018-10-18 08:10:03.970 [http-nio-8080-exec-2] MetamodelGraphWalker - Visiting attribute path : totalParts
[DEBUG] 2018-10-18 08:10:03.970 [http-nio-8080-exec-2] FetchStyleLoadPlanBuildingAssociationVisitationStrategy - Building LoadPlan...
[DEBUG] 2018-10-18 08:10:03.971 [http-nio-8080-exec-2] LoadQueryJoinAndFetchProcessor - processing queryspace <gen:0>
[DEBUG] 2018-10-18 08:10:03.971 [http-nio-8080-exec-2] LoadPlanTreePrinter - LoadPlan(entity=ProductionCountLog.User)
    - Returns
       - EntityReturnImpl(entity=ProductionCountLog.User, querySpaceUid=<gen:0>, path=ProductionCountLog.User)
    - QuerySpaces
       - EntityQuerySpaceImpl(uid=<gen:0>, entity=ProductionCountLog.User)
          - SQL table alias mapping - user0_
          - alias suffix - 0_
          - suffixed key columns - {id1_0_0_}

[DEBUG] 2018-10-18 08:10:03.971 [http-nio-8080-exec-2] EntityLoader - Static select for entity ProductionCountLog.User [OPTIMISTIC]: select user0_.id as id1_0_0_, user0_.credits as credits2_0_0_, user0_.date as date3_0_0_, user0_.downtime as downtime4_0_0_, user0_.employee_id as employee5_0_0_, user0_.first_name as first_na6_0_0_, user0_.hours_worked as hours_wo7_0_0_, user0_.last_name as last_nam8_0_0_, user0_.machine_number as machine_9_0_0_, user0_.product_name as product10_0_0_, user0_.shift as shift11_0_0_, user0_.total_parts as total_p12_0_0_ from user user0_ where user0_.id=?
[DEBUG] 2018-10-18 08:10:03.971 [http-nio-8080-exec-2] QuerySpacesImpl - Adding QuerySpace : uid = <gen:0> -> org.hibernate.loader.plan.build.internal.spaces.EntityQuerySpaceImpl@66c37dbe]
[DEBUG] 2018-10-18 08:10:03.971 [http-nio-8080-exec-2] MetamodelGraphWalker - Visiting attribute path : credits
[DEBUG] 2018-10-18 08:10:03.971 [http-nio-8080-exec-2] MetamodelGraphWalker - Visiting attribute path : date
[DEBUG] 2018-10-18 08:10:03.971 [http-nio-8080-exec-2] MetamodelGraphWalker - Visiting attribute path : downtime
[DEBUG] 2018-10-18 08:10:03.971 [http-nio-8080-exec-2] MetamodelGraphWalker - Visiting attribute path : employeeId
[DEBUG] 2018-10-18 08:10:03.971 [http-nio-8080-exec-2] MetamodelGraphWalker - Visiting attribute path : firstName
[DEBUG] 2018-10-18 08:10:03.971 [http-nio-8080-exec-2] MetamodelGraphWalker - Visiting attribute path : hoursWorked
[DEBUG] 2018-10-18 08:10:03.971 [http-nio-8080-exec-2] MetamodelGraphWalker - Visiting attribute path : lastName
[DEBUG] 2018-10-18 08:10:03.971 [http-nio-8080-exec-2] MetamodelGraphWalker - Visiting attribute path : machineNumber
[DEBUG] 2018-10-18 08:10:03.971 [http-nio-8080-exec-2] MetamodelGraphWalker - Visiting attribute path : productName
[DEBUG] 2018-10-18 08:10:03.974 [http-nio-8080-exec-2] MetamodelGraphWalker - Visiting attribute path : shift
[DEBUG] 2018-10-18 08:10:03.975 [http-nio-8080-exec-2] MetamodelGraphWalker - Visiting attribute path : totalParts
[DEBUG] 2018-10-18 08:10:03.975 [http-nio-8080-exec-2] FetchStyleLoadPlanBuildingAssociationVisitationStrategy - Building LoadPlan...
[DEBUG] 2018-10-18 08:10:03.978 [http-nio-8080-exec-2] LoadQueryJoinAndFetchProcessor - processing queryspace <gen:0>
[DEBUG] 2018-10-18 08:10:03.978 [http-nio-8080-exec-2] LoadPlanTreePrinter - LoadPlan(entity=ProductionCountLog.User)
    - Returns
       - EntityReturnImpl(entity=ProductionCountLog.User, querySpaceUid=<gen:0>, path=ProductionCountLog.User)
    - QuerySpaces
       - EntityQuerySpaceImpl(uid=<gen:0>, entity=ProductionCountLog.User)
          - SQL table alias mapping - user0_
          - alias suffix - 0_
          - suffixed key columns - {id1_0_0_}

[DEBUG] 2018-10-18 08:10:03.978 [http-nio-8080-exec-2] EntityLoader - Static select for entity ProductionCountLog.User [OPTIMISTIC_FORCE_INCREMENT]: select user0_.id as id1_0_0_, user0_.credits as credits2_0_0_, user0_.date as date3_0_0_, user0_.downtime as downtime4_0_0_, user0_.employee_id as employee5_0_0_, user0_.first_name as first_na6_0_0_, user0_.hours_worked as hours_wo7_0_0_, user0_.last_name as last_nam8_0_0_, user0_.machine_number as machine_9_0_0_, user0_.product_name as product10_0_0_, user0_.shift as shift11_0_0_, user0_.total_parts as total_p12_0_0_ from user user0_ where user0_.id=?
[DEBUG] 2018-10-18 08:10:04.026 [http-nio-8080-exec-2] Loader - Static select for action ACTION_MERGE on entity ProductionCountLog.User: select user0_.id as id1_0_0_, user0_.credits as credits2_0_0_, user0_.date as date3_0_0_, user0_.downtime as downtime4_0_0_, user0_.employee_id as employee5_0_0_, user0_.first_name as first_na6_0_0_, user0_.hours_worked as hours_wo7_0_0_, user0_.last_name as last_nam8_0_0_, user0_.machine_number as machine_9_0_0_, user0_.product_name as product10_0_0_, user0_.shift as shift11_0_0_, user0_.total_parts as total_p12_0_0_ from user user0_ where user0_.id=?
[DEBUG] 2018-10-18 08:10:04.028 [http-nio-8080-exec-2] Loader - Static select for action ACTION_REFRESH on entity ProductionCountLog.User: select user0_.id as id1_0_0_, user0_.credits as credits2_0_0_, user0_.date as date3_0_0_, user0_.downtime as downtime4_0_0_, user0_.employee_id as employee5_0_0_, user0_.first_name as first_na6_0_0_, user0_.hours_worked as hours_wo7_0_0_, user0_.last_name as last_nam8_0_0_, user0_.machine_number as machine_9_0_0_, user0_.product_name as product10_0_0_, user0_.shift as shift11_0_0_, user0_.total_parts as total_p12_0_0_ from user user0_ where user0_.id=?
[DEBUG] 2018-10-18 08:10:04.100 [http-nio-8080-exec-2] SchemaManagementToolCoordinator - No actions specified; doing nothing
[DEBUG] 2018-10-18 08:10:04.101 [http-nio-8080-exec-2] JtaPlatformInitiator - No JtaPlatform was specified, checking resolver
[DEBUG] 2018-10-18 08:10:04.102 [http-nio-8080-exec-2] JtaPlatformResolverInitiator - No JtaPlatformResolver was specified, using default [org.hibernate.engine.transaction.jta.platform.internal.StandardJtaPlatformResolver]
[DEBUG] 2018-10-18 08:10:04.120 [http-nio-8080-exec-2] StandardJtaPlatformResolver - Could not resolve JtaPlatform, using default [org.hibernate.engine.transaction.jta.platform.internal.NoJtaPlatform]
[DEBUG] 2018-10-18 08:10:04.121 [http-nio-8080-exec-2] NamedQueryRepository - Checking 0 named HQL queries
[DEBUG] 2018-10-18 08:10:04.121 [http-nio-8080-exec-2] NamedQueryRepository - Checking 0 named SQL queries
[DEBUG] 2018-10-18 08:10:04.131 [http-nio-8080-exec-2] SessionFactoryRegistry - Initializing SessionFactoryRegistry : org.hibernate.internal.SessionFactoryRegistry@675a3ad3
[DEBUG] 2018-10-18 08:10:04.133 [http-nio-8080-exec-2] SessionFactoryRegistry - Registering SessionFactory: 87e604c8-81e2-40ec-8b95-e4ed3ef6b679 (<unnamed>)
[DEBUG] 2018-10-18 08:10:04.133 [http-nio-8080-exec-2] SessionFactoryRegistry - Not binding SessionFactory to JNDI, no JNDI name configured
[DEBUG] 2018-10-18 08:10:04.537 [http-nio-8080-exec-2] StatisticsInitiator - Statistics initialized [enabled=false]
[DEBUG] 2018-10-18 08:10:04.562 [http-nio-8080-exec-2] TransactionImpl - begin
[DEBUG] 2018-10-18 08:10:04.637 [http-nio-8080-exec-2] ActionQueue - Executing identity-insert immediately
[DEBUG] 2018-10-18 08:10:04.704 [http-nio-8080-exec-2] SQL - insert into user (credits, date, downtime, employee_id, first_name, hours_worked, last_name, machine_number, product_name, shift, total_parts) values (?, ?, ?, ?, ?, ?, ?, ?, ?, ?, ?)
[DEBUG] 2018-10-18 08:10:04.855 [http-nio-8080-exec-2] IdentifierGeneratorHelper - Natively generated identity: 5
[DEBUG] 2018-10-18 08:10:04.855 [http-nio-8080-exec-2] ResourceRegistryStandardImpl - HHH000387: ResultSet's statement was not registered
[DEBUG] 2018-10-18 08:10:04.868 [http-nio-8080-exec-2] TransactionImpl - committing
[DEBUG] 2018-10-18 08:10:04.869 [http-nio-8080-exec-2] AbstractFlushingEventListener - Processing flush-time cascades
[DEBUG] 2018-10-18 08:10:04.870 [http-nio-8080-exec-2] AbstractFlushingEventListener - Dirty checking collections
[DEBUG] 2018-10-18 08:10:04.872 [http-nio-8080-exec-2] AbstractFlushingEventListener - Flushed: 0 insertions, 0 updates, 0 deletions to 1 objects
[DEBUG] 2018-10-18 08:10:04.872 [http-nio-8080-exec-2] AbstractFlushingEventListener - Flushed: 0 (re)creations, 0 updates, 0 removals to 0 collections
[DEBUG] 2018-10-18 08:10:04.881 [http-nio-8080-exec-2] EntityPrinter - Listing entities:
[DEBUG] 2018-10-18 08:10:04.881 [http-nio-8080-exec-2] EntityPrinter - ProductionCountLog.User{date=2018-10-16, downtime=0.22, firstName=Charles, lastName=Clark, totalParts=221.0, credits=1.024, machineNumber=3, shift=1, employeeId=1, id=5, hoursWorked=6.5, productName=213 Air filter}
[DEBUG] 2018-10-18 08:10:04.886 [http-nio-8080-exec-2] LogicalConnectionManagedImpl - Initiating JDBC connection release from afterTransaction
[DEBUG] 2018-10-18 08:10:04.887 [http-nio-8080-exec-2] LogicalConnectionManagedImpl - Initiating JDBC connection release from afterTransaction
