[DEBUG] 2018-10-16 21:00:01.948 [main] IntegratorServiceImpl - Adding Integrator [org.hibernate.cfg.beanvalidation.BeanValidationIntegrator].
[DEBUG] 2018-10-16 21:00:01.971 [main] IntegratorServiceImpl - Adding Integrator [org.hibernate.secure.spi.JaccIntegrator].
[DEBUG] 2018-10-16 21:00:01.979 [main] IntegratorServiceImpl - Adding Integrator [org.hibernate.cache.internal.CollectionCacheInvalidator].
[INFO ] 2018-10-16 21:00:02.186 [main] Version - HHH000412: Hibernate Core {5.2.12.Final}
[INFO ] 2018-10-16 21:00:02.193 [main] Environment - HHH000206: hibernate.properties not found
[DEBUG] 2018-10-16 21:00:02.285 [main] LocalXmlResourceResolver - Interpreting public/system identifier : [-//Hibernate/Hibernate Configuration DTD//EN] - [http://www.hibernate.org/dtd/hibernate-configuration-3.0.dtd]
[DEBUG] 2018-10-16 21:00:02.286 [main] LocalXmlResourceResolver - Recognized hibernate-configuration identifier; attempting to resolve on classpath under org/hibernate/
[DEBUG] 2018-10-16 21:00:02.312 [main] JaxbCfgProcessor - cfg.xml document did not define namespaces; wrapping in custom event reader to introduce namespace information
[DEBUG] 2018-10-16 21:00:02.972 [main] ServiceBinding - Overriding existing service binding [org.hibernate.secure.spi.JaccService]
[DEBUG] 2018-10-16 21:00:03.059 [main] RegionFactoryInitiator - Cache region factory : org.hibernate.cache.internal.NoCachingRegionFactory
[INFO ] 2018-10-16 21:00:03.086 [main] Version - HCANN000001: Hibernate Commons Annotations {5.0.1.Final}
[DEBUG] 2018-10-16 21:00:03.135 [main] BasicTypeRegistry - Adding type registration boolean -> org.hibernate.type.BooleanType@6c61a903
[DEBUG] 2018-10-16 21:00:03.135 [main] BasicTypeRegistry - Adding type registration boolean -> org.hibernate.type.BooleanType@6c61a903
[DEBUG] 2018-10-16 21:00:03.140 [main] BasicTypeRegistry - Adding type registration java.lang.Boolean -> org.hibernate.type.BooleanType@6c61a903
[DEBUG] 2018-10-16 21:00:03.146 [main] BasicTypeRegistry - Adding type registration numeric_boolean -> org.hibernate.type.NumericBooleanType@3fc79729
[DEBUG] 2018-10-16 21:00:03.148 [main] BasicTypeRegistry - Adding type registration true_false -> org.hibernate.type.TrueFalseType@57c03d88
[DEBUG] 2018-10-16 21:00:03.156 [main] BasicTypeRegistry - Adding type registration yes_no -> org.hibernate.type.YesNoType@45ac5f9b
[DEBUG] 2018-10-16 21:00:03.160 [main] BasicTypeRegistry - Adding type registration byte -> org.hibernate.type.ByteType@2a3888c1
[DEBUG] 2018-10-16 21:00:03.160 [main] BasicTypeRegistry - Adding type registration byte -> org.hibernate.type.ByteType@2a3888c1
[DEBUG] 2018-10-16 21:00:03.160 [main] BasicTypeRegistry - Adding type registration java.lang.Byte -> org.hibernate.type.ByteType@2a3888c1
[DEBUG] 2018-10-16 21:00:03.163 [main] BasicTypeRegistry - Adding type registration character -> org.hibernate.type.CharacterType@1722011b
[DEBUG] 2018-10-16 21:00:03.163 [main] BasicTypeRegistry - Adding type registration char -> org.hibernate.type.CharacterType@1722011b
[DEBUG] 2018-10-16 21:00:03.164 [main] BasicTypeRegistry - Adding type registration java.lang.Character -> org.hibernate.type.CharacterType@1722011b
[DEBUG] 2018-10-16 21:00:03.165 [main] BasicTypeRegistry - Adding type registration short -> org.hibernate.type.ShortType@1b8a29df
[DEBUG] 2018-10-16 21:00:03.165 [main] BasicTypeRegistry - Adding type registration short -> org.hibernate.type.ShortType@1b8a29df
[DEBUG] 2018-10-16 21:00:03.166 [main] BasicTypeRegistry - Adding type registration java.lang.Short -> org.hibernate.type.ShortType@1b8a29df
[DEBUG] 2018-10-16 21:00:03.166 [main] BasicTypeRegistry - Adding type registration integer -> org.hibernate.type.IntegerType@1ef6d34c
[DEBUG] 2018-10-16 21:00:03.166 [main] BasicTypeRegistry - Adding type registration int -> org.hibernate.type.IntegerType@1ef6d34c
[DEBUG] 2018-10-16 21:00:03.167 [main] BasicTypeRegistry - Adding type registration java.lang.Integer -> org.hibernate.type.IntegerType@1ef6d34c
[DEBUG] 2018-10-16 21:00:03.177 [main] BasicTypeRegistry - Adding type registration long -> org.hibernate.type.LongType@125290e5
[DEBUG] 2018-10-16 21:00:03.177 [main] BasicTypeRegistry - Adding type registration long -> org.hibernate.type.LongType@125290e5
[DEBUG] 2018-10-16 21:00:03.177 [main] BasicTypeRegistry - Adding type registration java.lang.Long -> org.hibernate.type.LongType@125290e5
[DEBUG] 2018-10-16 21:00:03.178 [main] BasicTypeRegistry - Adding type registration float -> org.hibernate.type.FloatType@5c669da8
[DEBUG] 2018-10-16 21:00:03.184 [main] BasicTypeRegistry - Adding type registration float -> org.hibernate.type.FloatType@5c669da8
[DEBUG] 2018-10-16 21:00:03.184 [main] BasicTypeRegistry - Adding type registration java.lang.Float -> org.hibernate.type.FloatType@5c669da8
[DEBUG] 2018-10-16 21:00:03.190 [main] BasicTypeRegistry - Adding type registration double -> org.hibernate.type.DoubleType@3b74ac8
[DEBUG] 2018-10-16 21:00:03.190 [main] BasicTypeRegistry - Adding type registration double -> org.hibernate.type.DoubleType@3b74ac8
[DEBUG] 2018-10-16 21:00:03.190 [main] BasicTypeRegistry - Adding type registration java.lang.Double -> org.hibernate.type.DoubleType@3b74ac8
[DEBUG] 2018-10-16 21:00:03.192 [main] BasicTypeRegistry - Adding type registration big_decimal -> org.hibernate.type.BigDecimalType@1ae8bcbc
[DEBUG] 2018-10-16 21:00:03.192 [main] BasicTypeRegistry - Adding type registration java.math.BigDecimal -> org.hibernate.type.BigDecimalType@1ae8bcbc
[DEBUG] 2018-10-16 21:00:03.193 [main] BasicTypeRegistry - Adding type registration big_integer -> org.hibernate.type.BigIntegerType@6d026701
[DEBUG] 2018-10-16 21:00:03.193 [main] BasicTypeRegistry - Adding type registration java.math.BigInteger -> org.hibernate.type.BigIntegerType@6d026701
[DEBUG] 2018-10-16 21:00:03.194 [main] BasicTypeRegistry - Adding type registration string -> org.hibernate.type.StringType@6304101a
[DEBUG] 2018-10-16 21:00:03.194 [main] BasicTypeRegistry - Adding type registration java.lang.String -> org.hibernate.type.StringType@6304101a
[DEBUG] 2018-10-16 21:00:03.194 [main] BasicTypeRegistry - Adding type registration nstring -> org.hibernate.type.StringNVarcharType@1a72a540
[DEBUG] 2018-10-16 21:00:03.195 [main] BasicTypeRegistry - Adding type registration ncharacter -> org.hibernate.type.CharacterNCharType@5be49b60
[DEBUG] 2018-10-16 21:00:03.196 [main] BasicTypeRegistry - Adding type registration url -> org.hibernate.type.UrlType@45a4b042
[DEBUG] 2018-10-16 21:00:03.196 [main] BasicTypeRegistry - Adding type registration java.net.URL -> org.hibernate.type.UrlType@45a4b042
[DEBUG] 2018-10-16 21:00:03.197 [main] BasicTypeRegistry - Adding type registration Duration -> org.hibernate.type.DurationType@f99f5e0
[DEBUG] 2018-10-16 21:00:03.197 [main] BasicTypeRegistry - Adding type registration java.time.Duration -> org.hibernate.type.DurationType@f99f5e0
[DEBUG] 2018-10-16 21:00:03.243 [main] BasicTypeRegistry - Adding type registration Instant -> org.hibernate.type.InstantType@10f7f7de
[DEBUG] 2018-10-16 21:00:03.243 [main] BasicTypeRegistry - Adding type registration java.time.Instant -> org.hibernate.type.InstantType@10f7f7de
[DEBUG] 2018-10-16 21:00:03.250 [main] BasicTypeRegistry - Adding type registration LocalDateTime -> org.hibernate.type.LocalDateTimeType@5e3d57c7
[DEBUG] 2018-10-16 21:00:03.250 [main] BasicTypeRegistry - Adding type registration java.time.LocalDateTime -> org.hibernate.type.LocalDateTimeType@5e3d57c7
[DEBUG] 2018-10-16 21:00:03.251 [main] BasicTypeRegistry - Adding type registration LocalDate -> org.hibernate.type.LocalDateType@5082d622
[DEBUG] 2018-10-16 21:00:03.251 [main] BasicTypeRegistry - Adding type registration java.time.LocalDate -> org.hibernate.type.LocalDateType@5082d622
[DEBUG] 2018-10-16 21:00:03.255 [main] BasicTypeRegistry - Adding type registration LocalTime -> org.hibernate.type.LocalTimeType@3370f42
[DEBUG] 2018-10-16 21:00:03.255 [main] BasicTypeRegistry - Adding type registration java.time.LocalTime -> org.hibernate.type.LocalTimeType@3370f42
[DEBUG] 2018-10-16 21:00:03.259 [main] BasicTypeRegistry - Adding type registration OffsetDateTime -> org.hibernate.type.OffsetDateTimeType@352c1b98
[DEBUG] 2018-10-16 21:00:03.264 [main] BasicTypeRegistry - Adding type registration java.time.OffsetDateTime -> org.hibernate.type.OffsetDateTimeType@352c1b98
[DEBUG] 2018-10-16 21:00:03.265 [main] BasicTypeRegistry - Adding type registration OffsetTime -> org.hibernate.type.OffsetTimeType@48d61b48
[DEBUG] 2018-10-16 21:00:03.265 [main] BasicTypeRegistry - Adding type registration java.time.OffsetTime -> org.hibernate.type.OffsetTimeType@48d61b48
[DEBUG] 2018-10-16 21:00:03.275 [main] BasicTypeRegistry - Adding type registration ZonedDateTime -> org.hibernate.type.ZonedDateTimeType@41005828
[DEBUG] 2018-10-16 21:00:03.275 [main] BasicTypeRegistry - Adding type registration java.time.ZonedDateTime -> org.hibernate.type.ZonedDateTimeType@41005828
[DEBUG] 2018-10-16 21:00:03.277 [main] BasicTypeRegistry - Adding type registration date -> org.hibernate.type.DateType@20435c40
[DEBUG] 2018-10-16 21:00:03.278 [main] BasicTypeRegistry - Adding type registration java.sql.Date -> org.hibernate.type.DateType@20435c40
[DEBUG] 2018-10-16 21:00:03.279 [main] BasicTypeRegistry - Adding type registration time -> org.hibernate.type.TimeType@488d1cd7
[DEBUG] 2018-10-16 21:00:03.279 [main] BasicTypeRegistry - Adding type registration java.sql.Time -> org.hibernate.type.TimeType@488d1cd7
[DEBUG] 2018-10-16 21:00:03.285 [main] BasicTypeRegistry - Adding type registration timestamp -> org.hibernate.type.TimestampType@25f4878b
[DEBUG] 2018-10-16 21:00:03.285 [main] BasicTypeRegistry - Adding type registration java.sql.Timestamp -> org.hibernate.type.TimestampType@25f4878b
[DEBUG] 2018-10-16 21:00:03.285 [main] BasicTypeRegistry - Adding type registration java.util.Date -> org.hibernate.type.TimestampType@25f4878b
[DEBUG] 2018-10-16 21:00:03.290 [main] BasicTypeRegistry - Adding type registration dbtimestamp -> org.hibernate.type.DbTimestampType@3081f72c
[DEBUG] 2018-10-16 21:00:03.291 [main] BasicTypeRegistry - Adding type registration calendar -> org.hibernate.type.CalendarType@3561c410
[DEBUG] 2018-10-16 21:00:03.291 [main] BasicTypeRegistry - Adding type registration java.util.Calendar -> org.hibernate.type.CalendarType@3561c410
[DEBUG] 2018-10-16 21:00:03.295 [main] BasicTypeRegistry - Adding type registration java.util.GregorianCalendar -> org.hibernate.type.CalendarType@3561c410
[DEBUG] 2018-10-16 21:00:03.296 [main] BasicTypeRegistry - Adding type registration calendar_date -> org.hibernate.type.CalendarDateType@5b67bb7e
[DEBUG] 2018-10-16 21:00:03.298 [main] BasicTypeRegistry - Adding type registration locale -> org.hibernate.type.LocaleType@3d246ea3
[DEBUG] 2018-10-16 21:00:03.298 [main] BasicTypeRegistry - Adding type registration java.util.Locale -> org.hibernate.type.LocaleType@3d246ea3
[DEBUG] 2018-10-16 21:00:03.299 [main] BasicTypeRegistry - Adding type registration currency -> org.hibernate.type.CurrencyType@6f19ac19
[DEBUG] 2018-10-16 21:00:03.302 [main] BasicTypeRegistry - Adding type registration java.util.Currency -> org.hibernate.type.CurrencyType@6f19ac19
[DEBUG] 2018-10-16 21:00:03.308 [main] BasicTypeRegistry - Adding type registration timezone -> org.hibernate.type.TimeZoneType@20c0a64d
[DEBUG] 2018-10-16 21:00:03.312 [main] BasicTypeRegistry - Adding type registration java.util.TimeZone -> org.hibernate.type.TimeZoneType@20c0a64d
[DEBUG] 2018-10-16 21:00:03.313 [main] BasicTypeRegistry - Adding type registration class -> org.hibernate.type.ClassType@41ab013
[DEBUG] 2018-10-16 21:00:03.313 [main] BasicTypeRegistry - Adding type registration java.lang.Class -> org.hibernate.type.ClassType@41ab013
[DEBUG] 2018-10-16 21:00:03.314 [main] BasicTypeRegistry - Adding type registration uuid-binary -> org.hibernate.type.UUIDBinaryType@37e4d7bb
[DEBUG] 2018-10-16 21:00:03.314 [main] BasicTypeRegistry - Adding type registration java.util.UUID -> org.hibernate.type.UUIDBinaryType@37e4d7bb
[DEBUG] 2018-10-16 21:00:03.315 [main] BasicTypeRegistry - Adding type registration uuid-char -> org.hibernate.type.UUIDCharType@54eb2b70
[DEBUG] 2018-10-16 21:00:03.321 [main] BasicTypeRegistry - Adding type registration binary -> org.hibernate.type.BinaryType@73302995
[DEBUG] 2018-10-16 21:00:03.323 [main] BasicTypeRegistry - Adding type registration byte[] -> org.hibernate.type.BinaryType@73302995
[DEBUG] 2018-10-16 21:00:03.323 [main] BasicTypeRegistry - Adding type registration [B -> org.hibernate.type.BinaryType@73302995
[DEBUG] 2018-10-16 21:00:03.329 [main] BasicTypeRegistry - Adding type registration wrapper-binary -> org.hibernate.type.WrapperBinaryType@51133c06
[DEBUG] 2018-10-16 21:00:03.330 [main] BasicTypeRegistry - Adding type registration Byte[] -> org.hibernate.type.WrapperBinaryType@51133c06
[DEBUG] 2018-10-16 21:00:03.330 [main] BasicTypeRegistry - Adding type registration [Ljava.lang.Byte; -> org.hibernate.type.WrapperBinaryType@51133c06
[DEBUG] 2018-10-16 21:00:03.337 [main] BasicTypeRegistry - Adding type registration row_version -> org.hibernate.type.RowVersionType@44d52de2
[DEBUG] 2018-10-16 21:00:03.338 [main] BasicTypeRegistry - Adding type registration image -> org.hibernate.type.ImageType@babafc2
[DEBUG] 2018-10-16 21:00:03.339 [main] BasicTypeRegistry - Adding type registration characters -> org.hibernate.type.CharArrayType@69f1a286
[DEBUG] 2018-10-16 21:00:03.339 [main] BasicTypeRegistry - Adding type registration char[] -> org.hibernate.type.CharArrayType@69f1a286
[DEBUG] 2018-10-16 21:00:03.339 [main] BasicTypeRegistry - Adding type registration [C -> org.hibernate.type.CharArrayType@69f1a286
[DEBUG] 2018-10-16 21:00:03.340 [main] BasicTypeRegistry - Adding type registration wrapper-characters -> org.hibernate.type.CharacterArrayType@3f57bcad
[DEBUG] 2018-10-16 21:00:03.344 [main] BasicTypeRegistry - Adding type registration [Ljava.lang.Character; -> org.hibernate.type.CharacterArrayType@3f57bcad
[DEBUG] 2018-10-16 21:00:03.344 [main] BasicTypeRegistry - Adding type registration Character[] -> org.hibernate.type.CharacterArrayType@3f57bcad
[DEBUG] 2018-10-16 21:00:03.344 [main] BasicTypeRegistry - Adding type registration text -> org.hibernate.type.TextType@36a5cabc
[DEBUG] 2018-10-16 21:00:03.345 [main] BasicTypeRegistry - Adding type registration ntext -> org.hibernate.type.NTextType@181e731e
[DEBUG] 2018-10-16 21:00:03.357 [main] BasicTypeRegistry - Adding type registration blob -> org.hibernate.type.BlobType@1b75c2e3
[DEBUG] 2018-10-16 21:00:03.358 [main] BasicTypeRegistry - Adding type registration java.sql.Blob -> org.hibernate.type.BlobType@1b75c2e3
[DEBUG] 2018-10-16 21:00:03.358 [main] BasicTypeRegistry - Adding type registration materialized_blob -> org.hibernate.type.MaterializedBlobType@39ac0c0a
[DEBUG] 2018-10-16 21:00:03.364 [main] BasicTypeRegistry - Adding type registration clob -> org.hibernate.type.ClobType@7a220c9a
[DEBUG] 2018-10-16 21:00:03.366 [main] BasicTypeRegistry - Adding type registration java.sql.Clob -> org.hibernate.type.ClobType@7a220c9a
[DEBUG] 2018-10-16 21:00:03.372 [main] BasicTypeRegistry - Adding type registration nclob -> org.hibernate.type.NClobType@132e0cc
[DEBUG] 2018-10-16 21:00:03.372 [main] BasicTypeRegistry - Adding type registration java.sql.NClob -> org.hibernate.type.NClobType@132e0cc
[DEBUG] 2018-10-16 21:00:03.372 [main] BasicTypeRegistry - Adding type registration materialized_clob -> org.hibernate.type.MaterializedClobType@7a67e3c6
[DEBUG] 2018-10-16 21:00:03.372 [main] BasicTypeRegistry - Adding type registration materialized_nclob -> org.hibernate.type.MaterializedNClobType@63f259c3
[DEBUG] 2018-10-16 21:00:03.373 [main] BasicTypeRegistry - Adding type registration serializable -> org.hibernate.type.SerializableType@78d6692f
[DEBUG] 2018-10-16 21:00:03.382 [main] BasicTypeRegistry - Adding type registration object -> org.hibernate.type.ObjectType@4716be8b
[DEBUG] 2018-10-16 21:00:03.382 [main] BasicTypeRegistry - Adding type registration java.lang.Object -> org.hibernate.type.ObjectType@4716be8b
[DEBUG] 2018-10-16 21:00:03.383 [main] BasicTypeRegistry - Adding type registration imm_date -> org.hibernate.type.AdaptedImmutableType@1869fbd2
[DEBUG] 2018-10-16 21:00:03.383 [main] BasicTypeRegistry - Adding type registration imm_time -> org.hibernate.type.AdaptedImmutableType@6af9fcb2
[DEBUG] 2018-10-16 21:00:03.383 [main] BasicTypeRegistry - Adding type registration imm_timestamp -> org.hibernate.type.AdaptedImmutableType@6cce16f4
[DEBUG] 2018-10-16 21:00:03.383 [main] BasicTypeRegistry - Adding type registration imm_dbtimestamp -> org.hibernate.type.AdaptedImmutableType@7efaad5a
[DEBUG] 2018-10-16 21:00:03.383 [main] BasicTypeRegistry - Adding type registration imm_calendar -> org.hibernate.type.AdaptedImmutableType@291a7e3c
[DEBUG] 2018-10-16 21:00:03.383 [main] BasicTypeRegistry - Adding type registration imm_calendar_date -> org.hibernate.type.AdaptedImmutableType@ca30bc1
[DEBUG] 2018-10-16 21:00:03.385 [main] BasicTypeRegistry - Adding type registration imm_binary -> org.hibernate.type.AdaptedImmutableType@1046d517
[DEBUG] 2018-10-16 21:00:03.385 [main] BasicTypeRegistry - Adding type registration imm_serializable -> org.hibernate.type.AdaptedImmutableType@3b7d3a38
[INFO ] 2018-10-16 21:00:03.419 [main] C3P0ConnectionProvider - HHH010002: C3P0 using driver: com.mysql.jdbc.Driver at URL: jdbc:mysql://localhost:3306/indieProject
[INFO ] 2018-10-16 21:00:03.420 [main] C3P0ConnectionProvider - HHH10001001: Connection properties: {user=root, password=****}
[INFO ] 2018-10-16 21:00:03.421 [main] C3P0ConnectionProvider - HHH10001003: Autocommit mode: false
[INFO ] 2018-10-16 21:00:03.846 [main] C3P0ConnectionProvider - HHH10001007: JDBC isolation level: <unknown>
[DEBUG] 2018-10-16 21:00:04.010 [main] JdbcEnvironmentInitiator - Database ->
       name : MySQL
    version : 5.7.23-0ubuntu0.16.04.1
      major : 5
      minor : 7
[DEBUG] 2018-10-16 21:00:04.018 [main] JdbcEnvironmentInitiator - Driver ->
       name : MySQL Connector Java
    version : mysql-connector-java-5.1.39 ( Revision: 3289a357af6d09ecc1a10fd3c26e95183e5790ad )
      major : 5
      minor : 1
[DEBUG] 2018-10-16 21:00:04.019 [main] JdbcEnvironmentInitiator - JDBC version : 4.0
[INFO ] 2018-10-16 21:00:04.062 [main] Dialect - HHH000400: Using dialect: org.hibernate.dialect.MySQL5Dialect
[DEBUG] 2018-10-16 21:00:04.277 [main] IdentifierHelperBuilder - JDBC driver metadata reported database stores quoted identifiers in more than one case
[DEBUG] 2018-10-16 21:00:04.292 [main] IdentifierHelperBuilder - IdentifierCaseStrategy for both quoted and unquoted identifiers was set to the same strategy [MIXED]; that will likely lead to problems in schema update and validation if using quoted identifiers
[DEBUG] 2018-10-16 21:00:04.431 [main] DefaultIdentifierGeneratorFactory - Registering IdentifierGenerator strategy [uuid2] -> [org.hibernate.id.UUIDGenerator]
[DEBUG] 2018-10-16 21:00:04.433 [main] DefaultIdentifierGeneratorFactory - Registering IdentifierGenerator strategy [guid] -> [org.hibernate.id.GUIDGenerator]
[DEBUG] 2018-10-16 21:00:04.438 [main] DefaultIdentifierGeneratorFactory - Registering IdentifierGenerator strategy [uuid] -> [org.hibernate.id.UUIDHexGenerator]
[DEBUG] 2018-10-16 21:00:04.438 [main] DefaultIdentifierGeneratorFactory - Registering IdentifierGenerator strategy [uuid.hex] -> [org.hibernate.id.UUIDHexGenerator]
[DEBUG] 2018-10-16 21:00:04.439 [main] DefaultIdentifierGeneratorFactory - Registering IdentifierGenerator strategy [assigned] -> [org.hibernate.id.Assigned]
[DEBUG] 2018-10-16 21:00:04.440 [main] DefaultIdentifierGeneratorFactory - Registering IdentifierGenerator strategy [identity] -> [org.hibernate.id.IdentityGenerator]
[DEBUG] 2018-10-16 21:00:04.441 [main] DefaultIdentifierGeneratorFactory - Registering IdentifierGenerator strategy [select] -> [org.hibernate.id.SelectGenerator]
[DEBUG] 2018-10-16 21:00:04.441 [main] DefaultIdentifierGeneratorFactory - Registering IdentifierGenerator strategy [sequence] -> [org.hibernate.id.enhanced.SequenceStyleGenerator]
[DEBUG] 2018-10-16 21:00:04.444 [main] DefaultIdentifierGeneratorFactory - Registering IdentifierGenerator strategy [seqhilo] -> [org.hibernate.id.SequenceHiLoGenerator]
[DEBUG] 2018-10-16 21:00:04.445 [main] DefaultIdentifierGeneratorFactory - Registering IdentifierGenerator strategy [increment] -> [org.hibernate.id.IncrementGenerator]
[DEBUG] 2018-10-16 21:00:04.445 [main] DefaultIdentifierGeneratorFactory - Registering IdentifierGenerator strategy [foreign] -> [org.hibernate.id.ForeignGenerator]
[DEBUG] 2018-10-16 21:00:04.445 [main] DefaultIdentifierGeneratorFactory - Registering IdentifierGenerator strategy [sequence-identity] -> [org.hibernate.id.SequenceIdentityGenerator]
[DEBUG] 2018-10-16 21:00:04.445 [main] DefaultIdentifierGeneratorFactory - Registering IdentifierGenerator strategy [enhanced-sequence] -> [org.hibernate.id.enhanced.SequenceStyleGenerator]
[DEBUG] 2018-10-16 21:00:04.451 [main] DefaultIdentifierGeneratorFactory - Registering IdentifierGenerator strategy [enhanced-table] -> [org.hibernate.id.enhanced.TableGenerator]
[DEBUG] 2018-10-16 21:00:04.529 [main] Namespace - Created database namespace [logicalName=Name{catalog=null, schema=null}, physicalName=Name{catalog=null, schema=null}]
[DEBUG] 2018-10-16 21:00:04.608 [main] AnnotationBinder - Binding entity from annotated class: ProductionCountLog.User
[DEBUG] 2018-10-16 21:00:04.660 [main] Ejb3Column - Binding column: Ejb3DiscriminatorColumn{logicalColumnName'DTYPE', discriminatorTypeName='string'}
[DEBUG] 2018-10-16 21:00:04.672 [main] EntityBinder - Import with entity name User
[DEBUG] 2018-10-16 21:00:04.679 [main] EntityBinder - Bind entity ProductionCountLog.User on table user
[DEBUG] 2018-10-16 21:00:04.751 [main] Ejb3Column - Binding column: Ejb3Column{table=org.hibernate.mapping.Table(user), mappingColumn=id, insertable=true, updatable=true, unique=false}
[DEBUG] 2018-10-16 21:00:04.753 [main] PropertyBinder - MetadataSourceProcessor property id with lazy=false
[DEBUG] 2018-10-16 21:00:04.754 [main] AbstractPropertyHolder - Attempting to locate auto-apply AttributeConverter for property [ProductionCountLog.User:id]
[DEBUG] 2018-10-16 21:00:04.755 [main] SimpleValueBinder - building SimpleValue for id
[DEBUG] 2018-10-16 21:00:04.764 [main] PropertyBinder - Building property id
[DEBUG] 2018-10-16 21:00:04.778 [main] Ejb3Column - Binding column: Ejb3Column{table=org.hibernate.mapping.Table(user), mappingColumn=credits, insertable=true, updatable=true, unique=false}
[DEBUG] 2018-10-16 21:00:04.779 [main] PropertyBinder - MetadataSourceProcessor property credits with lazy=false
[DEBUG] 2018-10-16 21:00:04.784 [main] AbstractPropertyHolder - Attempting to locate auto-apply AttributeConverter for property [ProductionCountLog.User:credits]
[DEBUG] 2018-10-16 21:00:04.786 [main] SimpleValueBinder - building SimpleValue for credits
[DEBUG] 2018-10-16 21:00:04.786 [main] PropertyBinder - Building property credits
[DEBUG] 2018-10-16 21:00:04.789 [main] Ejb3Column - Binding column: Ejb3Column{table=org.hibernate.mapping.Table(user), mappingColumn=date, insertable=true, updatable=true, unique=false}
[DEBUG] 2018-10-16 21:00:04.790 [main] PropertyBinder - MetadataSourceProcessor property date with lazy=false
[DEBUG] 2018-10-16 21:00:04.790 [main] AbstractPropertyHolder - Attempting to locate auto-apply AttributeConverter for property [ProductionCountLog.User:date]
[DEBUG] 2018-10-16 21:00:04.792 [main] SimpleValueBinder - building SimpleValue for date
[DEBUG] 2018-10-16 21:00:04.792 [main] PropertyBinder - Building property date
[DEBUG] 2018-10-16 21:00:04.793 [main] Ejb3Column - Binding column: Ejb3Column{table=org.hibernate.mapping.Table(user), mappingColumn=downtime, insertable=true, updatable=true, unique=false}
[DEBUG] 2018-10-16 21:00:04.793 [main] PropertyBinder - MetadataSourceProcessor property downtime with lazy=false
[DEBUG] 2018-10-16 21:00:04.793 [main] AbstractPropertyHolder - Attempting to locate auto-apply AttributeConverter for property [ProductionCountLog.User:downtime]
[DEBUG] 2018-10-16 21:00:04.793 [main] SimpleValueBinder - building SimpleValue for downtime
[DEBUG] 2018-10-16 21:00:04.798 [main] PropertyBinder - Building property downtime
[DEBUG] 2018-10-16 21:00:04.798 [main] Ejb3Column - Binding column: Ejb3Column{table=org.hibernate.mapping.Table(user), mappingColumn=employee_id, insertable=true, updatable=true, unique=false}
[DEBUG] 2018-10-16 21:00:04.799 [main] PropertyBinder - MetadataSourceProcessor property employeeId with lazy=false
[DEBUG] 2018-10-16 21:00:04.799 [main] AbstractPropertyHolder - Attempting to locate auto-apply AttributeConverter for property [ProductionCountLog.User:employeeId]
[DEBUG] 2018-10-16 21:00:04.800 [main] SimpleValueBinder - building SimpleValue for employeeId
[DEBUG] 2018-10-16 21:00:04.800 [main] PropertyBinder - Building property employeeId
[DEBUG] 2018-10-16 21:00:04.803 [main] Ejb3Column - Binding column: Ejb3Column{table=org.hibernate.mapping.Table(user), mappingColumn=first_name, insertable=true, updatable=true, unique=false}
[DEBUG] 2018-10-16 21:00:04.807 [main] PropertyBinder - MetadataSourceProcessor property firstName with lazy=false
[DEBUG] 2018-10-16 21:00:04.808 [main] AbstractPropertyHolder - Attempting to locate auto-apply AttributeConverter for property [ProductionCountLog.User:firstName]
[DEBUG] 2018-10-16 21:00:04.808 [main] SimpleValueBinder - building SimpleValue for firstName
[DEBUG] 2018-10-16 21:00:04.811 [main] PropertyBinder - Building property firstName
[DEBUG] 2018-10-16 21:00:04.811 [main] Ejb3Column - Binding column: Ejb3Column{table=org.hibernate.mapping.Table(user), mappingColumn=hours_worked, insertable=true, updatable=true, unique=false}
[DEBUG] 2018-10-16 21:00:04.812 [main] PropertyBinder - MetadataSourceProcessor property hoursWorked with lazy=false
[DEBUG] 2018-10-16 21:00:04.812 [main] AbstractPropertyHolder - Attempting to locate auto-apply AttributeConverter for property [ProductionCountLog.User:hoursWorked]
[DEBUG] 2018-10-16 21:00:04.813 [main] SimpleValueBinder - building SimpleValue for hoursWorked
[DEBUG] 2018-10-16 21:00:04.814 [main] PropertyBinder - Building property hoursWorked
[DEBUG] 2018-10-16 21:00:04.814 [main] Ejb3Column - Binding column: Ejb3Column{table=org.hibernate.mapping.Table(user), mappingColumn=last_name, insertable=true, updatable=true, unique=false}
[DEBUG] 2018-10-16 21:00:04.816 [main] PropertyBinder - MetadataSourceProcessor property lastName with lazy=false
[DEBUG] 2018-10-16 21:00:04.816 [main] AbstractPropertyHolder - Attempting to locate auto-apply AttributeConverter for property [ProductionCountLog.User:lastName]
[DEBUG] 2018-10-16 21:00:04.816 [main] SimpleValueBinder - building SimpleValue for lastName
[DEBUG] 2018-10-16 21:00:04.817 [main] PropertyBinder - Building property lastName
[DEBUG] 2018-10-16 21:00:04.818 [main] Ejb3Column - Binding column: Ejb3Column{table=org.hibernate.mapping.Table(user), mappingColumn=machine_number, insertable=true, updatable=true, unique=false}
[DEBUG] 2018-10-16 21:00:04.818 [main] PropertyBinder - MetadataSourceProcessor property machineNumber with lazy=false
[DEBUG] 2018-10-16 21:00:04.819 [main] AbstractPropertyHolder - Attempting to locate auto-apply AttributeConverter for property [ProductionCountLog.User:machineNumber]
[DEBUG] 2018-10-16 21:00:04.819 [main] SimpleValueBinder - building SimpleValue for machineNumber
[DEBUG] 2018-10-16 21:00:04.819 [main] PropertyBinder - Building property machineNumber
[DEBUG] 2018-10-16 21:00:04.822 [main] Ejb3Column - Binding column: Ejb3Column{table=org.hibernate.mapping.Table(user), mappingColumn=product_name, insertable=true, updatable=true, unique=false}
[DEBUG] 2018-10-16 21:00:04.822 [main] PropertyBinder - MetadataSourceProcessor property productName with lazy=false
[DEBUG] 2018-10-16 21:00:04.823 [main] AbstractPropertyHolder - Attempting to locate auto-apply AttributeConverter for property [ProductionCountLog.User:productName]
[DEBUG] 2018-10-16 21:00:04.828 [main] SimpleValueBinder - building SimpleValue for productName
[DEBUG] 2018-10-16 21:00:04.828 [main] PropertyBinder - Building property productName
[DEBUG] 2018-10-16 21:00:04.828 [main] Ejb3Column - Binding column: Ejb3Column{table=org.hibernate.mapping.Table(user), mappingColumn=shift, insertable=true, updatable=true, unique=false}
[DEBUG] 2018-10-16 21:00:04.828 [main] PropertyBinder - MetadataSourceProcessor property shift with lazy=false
[DEBUG] 2018-10-16 21:00:04.828 [main] AbstractPropertyHolder - Attempting to locate auto-apply AttributeConverter for property [ProductionCountLog.User:shift]
[DEBUG] 2018-10-16 21:00:04.828 [main] SimpleValueBinder - building SimpleValue for shift
[DEBUG] 2018-10-16 21:00:04.828 [main] PropertyBinder - Building property shift
[DEBUG] 2018-10-16 21:00:04.829 [main] Ejb3Column - Binding column: Ejb3Column{table=org.hibernate.mapping.Table(user), mappingColumn=total_parts, insertable=true, updatable=true, unique=false}
[DEBUG] 2018-10-16 21:00:04.829 [main] PropertyBinder - MetadataSourceProcessor property totalParts with lazy=false
[DEBUG] 2018-10-16 21:00:04.829 [main] AbstractPropertyHolder - Attempting to locate auto-apply AttributeConverter for property [ProductionCountLog.User:totalParts]
[DEBUG] 2018-10-16 21:00:04.829 [main] SimpleValueBinder - building SimpleValue for totalParts
[DEBUG] 2018-10-16 21:00:04.829 [main] PropertyBinder - Building property totalParts
[DEBUG] 2018-10-16 21:00:04.830 [main] SimpleValueBinder - Starting fillSimpleValue for id
[DEBUG] 2018-10-16 21:00:04.830 [main] SimpleValueBinder - Starting fillSimpleValue for credits
[DEBUG] 2018-10-16 21:00:04.833 [main] SimpleValueBinder - Starting fillSimpleValue for date
[DEBUG] 2018-10-16 21:00:04.833 [main] SimpleValueBinder - Starting fillSimpleValue for downtime
[DEBUG] 2018-10-16 21:00:04.833 [main] SimpleValueBinder - Starting fillSimpleValue for employeeId
[DEBUG] 2018-10-16 21:00:04.833 [main] SimpleValueBinder - Starting fillSimpleValue for firstName
[DEBUG] 2018-10-16 21:00:04.833 [main] SimpleValueBinder - Starting fillSimpleValue for hoursWorked
[DEBUG] 2018-10-16 21:00:04.833 [main] SimpleValueBinder - Starting fillSimpleValue for lastName
[DEBUG] 2018-10-16 21:00:04.833 [main] SimpleValueBinder - Starting fillSimpleValue for machineNumber
[DEBUG] 2018-10-16 21:00:04.833 [main] SimpleValueBinder - Starting fillSimpleValue for productName
[DEBUG] 2018-10-16 21:00:04.834 [main] SimpleValueBinder - Starting fillSimpleValue for shift
[DEBUG] 2018-10-16 21:00:04.834 [main] SimpleValueBinder - Starting fillSimpleValue for totalParts
[DEBUG] 2018-10-16 21:00:04.835 [main] PrimaryKey - Forcing column [id] to be non-null as it is part of the primary key for table [user]
[DEBUG] 2018-10-16 21:00:04.929 [main] SessionFactoryImpl - Building session factory
[DEBUG] 2018-10-16 21:00:04.930 [main] Settings - SessionFactory name : null
[DEBUG] 2018-10-16 21:00:04.930 [main] Settings - Automatic flush during beforeCompletion(): enabled
[DEBUG] 2018-10-16 21:00:04.930 [main] Settings - Automatic session close at end of transaction: disabled
[DEBUG] 2018-10-16 21:00:04.932 [main] Settings - Statistics: disabled
[DEBUG] 2018-10-16 21:00:04.932 [main] Settings - Deleted entity synthetic identifier rollback: disabled
[DEBUG] 2018-10-16 21:00:04.932 [main] Settings - Default entity-mode: pojo
[DEBUG] 2018-10-16 21:00:04.932 [main] Settings - Check Nullability in Core (should be disabled when Bean Validation is on): enabled
[DEBUG] 2018-10-16 21:00:04.932 [main] Settings - Allow initialization of lazy state outside session : disabled
[DEBUG] 2018-10-16 21:00:04.932 [main] Settings - Using BatchFetchStyle : LEGACY
[DEBUG] 2018-10-16 21:00:04.932 [main] Settings - Default batch fetch size: -1
[DEBUG] 2018-10-16 21:00:04.933 [main] Settings - Maximum outer join fetch depth: 2
[DEBUG] 2018-10-16 21:00:04.933 [main] Settings - Default null ordering: NONE
[DEBUG] 2018-10-16 21:00:04.935 [main] Settings - Order SQL updates by primary key: disabled
[DEBUG] 2018-10-16 21:00:04.940 [main] Settings - Order SQL inserts for batching: disabled
[DEBUG] 2018-10-16 21:00:04.940 [main] Settings - multi-tenancy strategy : NONE
[DEBUG] 2018-10-16 21:00:04.940 [main] Settings - JTA Track by Thread: enabled
[DEBUG] 2018-10-16 21:00:04.940 [main] Settings - Query language substitutions: {}
[DEBUG] 2018-10-16 21:00:04.940 [main] Settings - JPA query language strict compliance: disabled
[DEBUG] 2018-10-16 21:00:04.940 [main] Settings - Named query checking : enabled
[DEBUG] 2018-10-16 21:00:04.940 [main] Settings - Second-level cache: enabled
[DEBUG] 2018-10-16 21:00:04.940 [main] Settings - Second-level query cache: disabled
[DEBUG] 2018-10-16 21:00:04.940 [main] Settings - Second-level query cache factory: org.hibernate.cache.internal.StandardQueryCacheFactory@476aac9
[DEBUG] 2018-10-16 21:00:04.940 [main] Settings - Second-level cache region prefix: null
[DEBUG] 2018-10-16 21:00:04.940 [main] Settings - Optimize second-level cache for minimal puts: disabled
[DEBUG] 2018-10-16 21:00:04.940 [main] Settings - Structured second-level cache entries: disabled
[DEBUG] 2018-10-16 21:00:04.941 [main] Settings - Second-level cache direct-reference entries: disabled
[DEBUG] 2018-10-16 21:00:04.941 [main] Settings - Automatic eviction of collection cache: disabled
[DEBUG] 2018-10-16 21:00:04.943 [main] Settings - JDBC batch size: 15
[DEBUG] 2018-10-16 21:00:04.944 [main] Settings - JDBC batch updates for versioned data: enabled
[DEBUG] 2018-10-16 21:00:04.944 [main] Settings - Scrollable result sets: enabled
[DEBUG] 2018-10-16 21:00:04.944 [main] Settings - Wrap result sets: disabled
[DEBUG] 2018-10-16 21:00:04.944 [main] Settings - JDBC3 getGeneratedKeys(): enabled
[DEBUG] 2018-10-16 21:00:04.944 [main] Settings - JDBC result set fetch size: null
[DEBUG] 2018-10-16 21:00:04.944 [main] Settings - Connection release mode: AFTER_TRANSACTION
[DEBUG] 2018-10-16 21:00:04.944 [main] Settings - Generate SQL with comments: disabled
[DEBUG] 2018-10-16 21:00:05.119 [main] SessionFactoryImpl - Session factory constructed with filter configurations : {}
[DEBUG] 2018-10-16 21:00:05.124 [main] SessionFactoryImpl - Instantiating session factory with properties: {sun.desktop=gnome, awt.toolkit=sun.awt.X11.XToolkit, file.encoding.pkg=sun.io, java.specification.version=1.8, hibernate.c3p0.idle_test_period=3000, sun.cpu.isalist=, sun.jnu.encoding=UTF-8, hibernate.c3p0.min_size=5, java.class.path=/home/student/IdeaProjects/ProductionCountLogInterface/target/test-classes:/home/student/IdeaProjects/ProductionCountLogInterface/target/classes:/home/student/.m2/repository/org/junit/jupiter/junit-jupiter-engine/5.0.0/junit-jupiter-engine-5.0.0.jar:/home/student/.m2/repository/org/apiguardian/apiguardian-api/1.0.0/apiguardian-api-1.0.0.jar:/home/student/.m2/repository/org/junit/platform/junit-platform-engine/1.0.0/junit-platform-engine-1.0.0.jar:/home/student/.m2/repository/org/junit/platform/junit-platform-commons/1.0.0/junit-platform-commons-1.0.0.jar:/home/student/.m2/repository/org/opentest4j/opentest4j/1.0.0/opentest4j-1.0.0.jar:/home/student/.m2/repository/org/junit/jupiter/junit-jupiter-api/5.0.0/junit-jupiter-api-5.0.0.jar:/home/student/.m2/repository/junit/junit/4.12/junit-4.12.jar:/home/student/.m2/repository/org/hamcrest/hamcrest-core/1.3/hamcrest-core-1.3.jar:/home/student/.m2/repository/org/junit/platform/junit-platform-runner/1.0.0/junit-platform-runner-1.0.0.jar:/home/student/.m2/repository/org/junit/platform/junit-platform-launcher/1.0.0/junit-platform-launcher-1.0.0.jar:/home/student/.m2/repository/org/junit/platform/junit-platform-suite-api/1.0.0/junit-platform-suite-api-1.0.0.jar:/home/student/.m2/repository/org/junit/vintage/junit-vintage-engine/4.12.0/junit-vintage-engine-4.12.0.jar:/home/student/.m2/repository/javax/javaee-web-api/7.0/javaee-web-api-7.0.jar:/home/student/.m2/repository/org/apache/logging/log4j/log4j-api/2.10.0/log4j-api-2.10.0.jar:/home/student/.m2/repository/org/apache/logging/log4j/log4j-core/2.10.0/log4j-core-2.10.0.jar:/home/student/.m2/repository/org/hibernate/hibernate-core/5.2.12.Final/hibernate-core-5.2.12.Final.jar:/home/student/.m2/repository/org/jboss/logging/jboss-logging/3.3.0.Final/jboss-logging-3.3.0.Final.jar:/home/student/.m2/repository/org/hibernate/javax/persistence/hibernate-jpa-2.1-api/1.0.0.Final/hibernate-jpa-2.1-api-1.0.0.Final.jar:/home/student/.m2/repository/org/javassist/javassist/3.20.0-GA/javassist-3.20.0-GA.jar:/home/student/.m2/repository/antlr/antlr/2.7.7/antlr-2.7.7.jar:/home/student/.m2/repository/org/jboss/spec/javax/transaction/jboss-transaction-api_1.2_spec/1.0.1.Final/jboss-transaction-api_1.2_spec-1.0.1.Final.jar:/home/student/.m2/repository/org/jboss/jandex/2.0.3.Final/jandex-2.0.3.Final.jar:/home/student/.m2/repository/com/fasterxml/classmate/1.3.0/classmate-1.3.0.jar:/home/student/.m2/repository/dom4j/dom4j/1.6.1/dom4j-1.6.1.jar:/home/student/.m2/repository/org/hibernate/common/hibernate-commons-annotations/5.0.1.Final/hibernate-commons-annotations-5.0.1.Final.jar:/home/student/.m2/repository/org/hibernate/hibernate-c3p0/5.2.12.Final/hibernate-c3p0-5.2.12.Final.jar:/home/student/.m2/repository/com/mchange/c3p0/0.9.5.2/c3p0-0.9.5.2.jar:/home/student/.m2/repository/com/mchange/mchange-commons-java/0.2.11/mchange-commons-java-0.2.11.jar:/home/student/.m2/repository/mysql/mysql-connector-java/5.1.39/mysql-connector-java-5.1.39.jar:/home/student/.m2/repository/jstl/jstl/1.2/jstl-1.2.jar:/home/student/.m2/repository/com/charlesclark/customtags/customtags/1.0-SNAPSHOT/customtags-1.0-SNAPSHOT.jar:, java.vm.vendor=Oracle Corporation, sun.arch.data.model=64, java.vendor.url=http://java.oracle.com/, user.timezone=America/Chicago, os.name=Linux, java.vm.specification.version=1.8, user.country=US, sun.java.launcher=SUN_STANDARD, sun.boot.library.path=/usr/lib/jvm/java-8-oracle/jre/lib/amd64, sun.java.command=/home/student/IdeaProjects/ProductionCountLogInterface/target/surefire/surefirebooter2749963864928903079.jar /home/student/IdeaProjects/ProductionCountLogInterface/target/surefire/surefire5635969504081857648tmp /home/student/IdeaProjects/ProductionCountLogInterface/target/surefire/surefire_0165723634472595579tmp, surefire.test.class.path=/home/student/IdeaProjects/ProductionCountLogInterface/target/test-classes:/home/student/IdeaProjects/ProductionCountLogInterface/target/classes:/home/student/.m2/repository/org/junit/jupiter/junit-jupiter-engine/5.0.0/junit-jupiter-engine-5.0.0.jar:/home/student/.m2/repository/org/apiguardian/apiguardian-api/1.0.0/apiguardian-api-1.0.0.jar:/home/student/.m2/repository/org/junit/platform/junit-platform-engine/1.0.0/junit-platform-engine-1.0.0.jar:/home/student/.m2/repository/org/junit/platform/junit-platform-commons/1.0.0/junit-platform-commons-1.0.0.jar:/home/student/.m2/repository/org/opentest4j/opentest4j/1.0.0/opentest4j-1.0.0.jar:/home/student/.m2/repository/org/junit/jupiter/junit-jupiter-api/5.0.0/junit-jupiter-api-5.0.0.jar:/home/student/.m2/repository/junit/junit/4.12/junit-4.12.jar:/home/student/.m2/repository/org/hamcrest/hamcrest-core/1.3/hamcrest-core-1.3.jar:/home/student/.m2/repository/org/junit/platform/junit-platform-runner/1.0.0/junit-platform-runner-1.0.0.jar:/home/student/.m2/repository/org/junit/platform/junit-platform-launcher/1.0.0/junit-platform-launcher-1.0.0.jar:/home/student/.m2/repository/org/junit/platform/junit-platform-suite-api/1.0.0/junit-platform-suite-api-1.0.0.jar:/home/student/.m2/repository/org/junit/vintage/junit-vintage-engine/4.12.0/junit-vintage-engine-4.12.0.jar:/home/student/.m2/repository/javax/javaee-web-api/7.0/javaee-web-api-7.0.jar:/home/student/.m2/repository/org/apache/logging/log4j/log4j-api/2.10.0/log4j-api-2.10.0.jar:/home/student/.m2/repository/org/apache/logging/log4j/log4j-core/2.10.0/log4j-core-2.10.0.jar:/home/student/.m2/repository/org/hibernate/hibernate-core/5.2.12.Final/hibernate-core-5.2.12.Final.jar:/home/student/.m2/repository/org/jboss/logging/jboss-logging/3.3.0.Final/jboss-logging-3.3.0.Final.jar:/home/student/.m2/repository/org/hibernate/javax/persistence/hibernate-jpa-2.1-api/1.0.0.Final/hibernate-jpa-2.1-api-1.0.0.Final.jar:/home/student/.m2/repository/org/javassist/javassist/3.20.0-GA/javassist-3.20.0-GA.jar:/home/student/.m2/repository/antlr/antlr/2.7.7/antlr-2.7.7.jar:/home/student/.m2/repository/org/jboss/spec/javax/transaction/jboss-transaction-api_1.2_spec/1.0.1.Final/jboss-transaction-api_1.2_spec-1.0.1.Final.jar:/home/student/.m2/repository/org/jboss/jandex/2.0.3.Final/jandex-2.0.3.Final.jar:/home/student/.m2/repository/com/fasterxml/classmate/1.3.0/classmate-1.3.0.jar:/home/student/.m2/repository/dom4j/dom4j/1.6.1/dom4j-1.6.1.jar:/home/student/.m2/repository/org/hibernate/common/hibernate-commons-annotations/5.0.1.Final/hibernate-commons-annotations-5.0.1.Final.jar:/home/student/.m2/repository/org/hibernate/hibernate-c3p0/5.2.12.Final/hibernate-c3p0-5.2.12.Final.jar:/home/student/.m2/repository/com/mchange/c3p0/0.9.5.2/c3p0-0.9.5.2.jar:/home/student/.m2/repository/com/mchange/mchange-commons-java/0.2.11/mchange-commons-java-0.2.11.jar:/home/student/.m2/repository/mysql/mysql-connector-java/5.1.39/mysql-connector-java-5.1.39.jar:/home/student/.m2/repository/jstl/jstl/1.2/jstl-1.2.jar:/home/student/.m2/repository/com/charlesclark/customtags/customtags/1.0-SNAPSHOT/customtags-1.0-SNAPSHOT.jar:, sun.cpu.endian=little, hibernate.c3p0.max_statements=50, user.home=/home/student, user.language=en, java.specification.vendor=Oracle Corporation, java.home=/usr/lib/jvm/java-8-oracle/jre, basedir=/home/student/IdeaProjects/ProductionCountLogInterface, file.separator=/, line.separator=
, hibernate.c3p0.timeout=300, java.vm.specification.vendor=Oracle Corporation, java.specification.name=Java Platform API Specification, java.awt.graphicsenv=sun.awt.X11GraphicsEnvironment, surefire.real.class.path=/home/student/IdeaProjects/ProductionCountLogInterface/target/surefire/surefirebooter2749963864928903079.jar, sun.boot.class.path=/usr/lib/jvm/java-8-oracle/jre/lib/resources.jar:/usr/lib/jvm/java-8-oracle/jre/lib/rt.jar:/usr/lib/jvm/java-8-oracle/jre/lib/sunrsasign.jar:/usr/lib/jvm/java-8-oracle/jre/lib/jsse.jar:/usr/lib/jvm/java-8-oracle/jre/lib/jce.jar:/usr/lib/jvm/java-8-oracle/jre/lib/charsets.jar:/usr/lib/jvm/java-8-oracle/jre/lib/jfr.jar:/usr/lib/jvm/java-8-oracle/jre/classes, connection.password=student, sun.management.compiler=HotSpot 64-Bit Tiered Compilers, hibernate.c3p0.max_size=20, java.runtime.version=1.8.0_144-b01, user.name=student, path.separator=:, hibernate.connection.username=root, os.version=4.4.0-57-generic, java.endorsed.dirs=/usr/lib/jvm/java-8-oracle/jre/lib/endorsed, java.runtime.name=Java(TM) SE Runtime Environment, hibernate.connection.url=jdbc:mysql://localhost:3306/indieProject, file.encoding=UTF-8, java.vm.name=Java HotSpot(TM) 64-Bit Server VM, localRepository=/home/student/.m2/repository, hibernate.connection.driver_class=com.mysql.jdbc.Driver, java.vendor.url.bug=http://bugreport.sun.com/bugreport/, java.io.tmpdir=/tmp, idea.version=2017.3.5, java.version=1.8.0_144, user.dir=/home/student/IdeaProjects/ProductionCountLogInterface, os.arch=amd64, connection.username=root, java.vm.specification.name=Java Virtual Machine Specification, hibernate.connection.password=****, java.awt.printerjob=sun.print.PSPrinterJob, sun.os.patch.level=unknown, connection.driver_class=com.mysql.jdbc.Driver, hibernate.boot.CfgXmlAccessService.key=org.hibernate.boot.cfgxml.spi.LoadedConfig@43c67247, java.library.path=/usr/java/packages/lib/amd64:/usr/lib64:/lib64:/lib:/usr/lib, java.vm.info=mixed mode, java.vendor=Oracle Corporation, java.vm.version=25.144-b01, hibernate.bytecode.use_reflection_optimizer=false, java.ext.dirs=/usr/lib/jvm/java-8-oracle/jre/lib/ext:/usr/java/packages/lib/ext, sun.io.unicode.encoding=UnicodeLittle, connection.url=jdbc:mysql://localhost:3306/indieProject, java.class.version=52.0}
[DEBUG] 2018-10-16 21:00:05.178 [main] TypeSafeActivator - Unable to acquire Bean Validation ValidatorFactory, skipping activation
[DEBUG] 2018-10-16 21:00:05.178 [main] JaccIntegrator - Skipping JACC integration as it was not enabled
[DEBUG] 2018-10-16 21:00:05.179 [main] SessionFactoryImpl - Instantiated session factory
[DEBUG] 2018-10-16 21:00:05.346 [main] ClassLoaderAccessImpl - Not known whether passed class name [ProductionCountLog.User] is safe
[DEBUG] 2018-10-16 21:00:05.346 [main] ClassLoaderAccessImpl - No temp ClassLoader provided; using live ClassLoader for loading potentially unsafe class : ProductionCountLog.User
[DEBUG] 2018-10-16 21:00:05.419 [main] ClassLoaderAccessImpl - Not known whether passed class name [ProductionCountLog.User] is safe
[DEBUG] 2018-10-16 21:00:05.420 [main] ClassLoaderAccessImpl - No temp ClassLoader provided; using live ClassLoader for loading potentially unsafe class : ProductionCountLog.User
[DEBUG] 2018-10-16 21:00:05.664 [main] AbstractEntityPersister - Static SQL for entity: ProductionCountLog.User
[DEBUG] 2018-10-16 21:00:05.669 [main] AbstractEntityPersister -  Version select: select id from user where id =?
[DEBUG] 2018-10-16 21:00:05.670 [main] AbstractEntityPersister -  Snapshot select: select user_.id, user_.credits as credits2_0_, user_.date as date3_0_, user_.downtime as downtime4_0_, user_.employee_id as employee5_0_, user_.first_name as first_na6_0_, user_.hours_worked as hours_wo7_0_, user_.last_name as last_nam8_0_, user_.machine_number as machine_9_0_, user_.product_name as product10_0_, user_.shift as shift11_0_, user_.total_parts as total_p12_0_ from user user_ where user_.id=?
[DEBUG] 2018-10-16 21:00:05.670 [main] AbstractEntityPersister -  Insert 0: insert into user (credits, date, downtime, employee_id, first_name, hours_worked, last_name, machine_number, product_name, shift, total_parts, id) values (?, ?, ?, ?, ?, ?, ?, ?, ?, ?, ?, ?)
[DEBUG] 2018-10-16 21:00:05.670 [main] AbstractEntityPersister -  Update 0: update user set credits=?, date=?, downtime=?, employee_id=?, first_name=?, hours_worked=?, last_name=?, machine_number=?, product_name=?, shift=?, total_parts=? where id=?
[DEBUG] 2018-10-16 21:00:05.670 [main] AbstractEntityPersister -  Delete 0: delete from user where id=?
[DEBUG] 2018-10-16 21:00:05.670 [main] AbstractEntityPersister -  Identity insert: insert into user (credits, date, downtime, employee_id, first_name, hours_worked, last_name, machine_number, product_name, shift, total_parts) values (?, ?, ?, ?, ?, ?, ?, ?, ?, ?, ?)
[DEBUG] 2018-10-16 21:00:05.741 [main] QuerySpacesImpl - Adding QuerySpace : uid = <gen:0> -> org.hibernate.loader.plan.build.internal.spaces.EntityQuerySpaceImpl@907f2b7]
[DEBUG] 2018-10-16 21:00:05.744 [main] MetamodelGraphWalker - Visiting attribute path : credits
[DEBUG] 2018-10-16 21:00:05.744 [main] MetamodelGraphWalker - Visiting attribute path : date
[DEBUG] 2018-10-16 21:00:05.744 [main] MetamodelGraphWalker - Visiting attribute path : downtime
[DEBUG] 2018-10-16 21:00:05.745 [main] MetamodelGraphWalker - Visiting attribute path : employeeId
[DEBUG] 2018-10-16 21:00:05.745 [main] MetamodelGraphWalker - Visiting attribute path : firstName
[DEBUG] 2018-10-16 21:00:05.745 [main] MetamodelGraphWalker - Visiting attribute path : hoursWorked
[DEBUG] 2018-10-16 21:00:05.745 [main] MetamodelGraphWalker - Visiting attribute path : lastName
[DEBUG] 2018-10-16 21:00:05.745 [main] MetamodelGraphWalker - Visiting attribute path : machineNumber
[DEBUG] 2018-10-16 21:00:05.745 [main] MetamodelGraphWalker - Visiting attribute path : productName
[DEBUG] 2018-10-16 21:00:05.745 [main] MetamodelGraphWalker - Visiting attribute path : shift
[DEBUG] 2018-10-16 21:00:05.745 [main] MetamodelGraphWalker - Visiting attribute path : totalParts
[DEBUG] 2018-10-16 21:00:05.745 [main] FetchStyleLoadPlanBuildingAssociationVisitationStrategy - Building LoadPlan...
[DEBUG] 2018-10-16 21:00:05.785 [main] LoadQueryJoinAndFetchProcessor - processing queryspace <gen:0>
[DEBUG] 2018-10-16 21:00:05.805 [main] LoadPlanTreePrinter - LoadPlan(entity=ProductionCountLog.User)
    - Returns
       - EntityReturnImpl(entity=ProductionCountLog.User, querySpaceUid=<gen:0>, path=ProductionCountLog.User)
    - QuerySpaces
       - EntityQuerySpaceImpl(uid=<gen:0>, entity=ProductionCountLog.User)
          - SQL table alias mapping - user0_
          - alias suffix - 0_
          - suffixed key columns - {id1_0_0_}

[DEBUG] 2018-10-16 21:00:05.810 [main] EntityLoader - Static select for entity ProductionCountLog.User [NONE]: select user0_.id as id1_0_0_, user0_.credits as credits2_0_0_, user0_.date as date3_0_0_, user0_.downtime as downtime4_0_0_, user0_.employee_id as employee5_0_0_, user0_.first_name as first_na6_0_0_, user0_.hours_worked as hours_wo7_0_0_, user0_.last_name as last_nam8_0_0_, user0_.machine_number as machine_9_0_0_, user0_.product_name as product10_0_0_, user0_.shift as shift11_0_0_, user0_.total_parts as total_p12_0_0_ from user user0_ where user0_.id=?
[DEBUG] 2018-10-16 21:00:05.810 [main] QuerySpacesImpl - Adding QuerySpace : uid = <gen:0> -> org.hibernate.loader.plan.build.internal.spaces.EntityQuerySpaceImpl@4fe01805]
[DEBUG] 2018-10-16 21:00:05.811 [main] MetamodelGraphWalker - Visiting attribute path : credits
[DEBUG] 2018-10-16 21:00:05.811 [main] MetamodelGraphWalker - Visiting attribute path : date
[DEBUG] 2018-10-16 21:00:05.811 [main] MetamodelGraphWalker - Visiting attribute path : downtime
[DEBUG] 2018-10-16 21:00:05.811 [main] MetamodelGraphWalker - Visiting attribute path : employeeId
[DEBUG] 2018-10-16 21:00:05.811 [main] MetamodelGraphWalker - Visiting attribute path : firstName
[DEBUG] 2018-10-16 21:00:05.811 [main] MetamodelGraphWalker - Visiting attribute path : hoursWorked
[DEBUG] 2018-10-16 21:00:05.811 [main] MetamodelGraphWalker - Visiting attribute path : lastName
[DEBUG] 2018-10-16 21:00:05.820 [main] MetamodelGraphWalker - Visiting attribute path : machineNumber
[DEBUG] 2018-10-16 21:00:05.820 [main] MetamodelGraphWalker - Visiting attribute path : productName
[DEBUG] 2018-10-16 21:00:05.820 [main] MetamodelGraphWalker - Visiting attribute path : shift
[DEBUG] 2018-10-16 21:00:05.820 [main] MetamodelGraphWalker - Visiting attribute path : totalParts
[DEBUG] 2018-10-16 21:00:05.820 [main] FetchStyleLoadPlanBuildingAssociationVisitationStrategy - Building LoadPlan...
[DEBUG] 2018-10-16 21:00:05.824 [main] LoadQueryJoinAndFetchProcessor - processing queryspace <gen:0>
[DEBUG] 2018-10-16 21:00:05.824 [main] LoadPlanTreePrinter - LoadPlan(entity=ProductionCountLog.User)
    - Returns
       - EntityReturnImpl(entity=ProductionCountLog.User, querySpaceUid=<gen:0>, path=ProductionCountLog.User)
    - QuerySpaces
       - EntityQuerySpaceImpl(uid=<gen:0>, entity=ProductionCountLog.User)
          - SQL table alias mapping - user0_
          - alias suffix - 0_
          - suffixed key columns - {id1_0_0_}

[DEBUG] 2018-10-16 21:00:05.824 [main] EntityLoader - Static select for entity ProductionCountLog.User [READ]: select user0_.id as id1_0_0_, user0_.credits as credits2_0_0_, user0_.date as date3_0_0_, user0_.downtime as downtime4_0_0_, user0_.employee_id as employee5_0_0_, user0_.first_name as first_na6_0_0_, user0_.hours_worked as hours_wo7_0_0_, user0_.last_name as last_nam8_0_0_, user0_.machine_number as machine_9_0_0_, user0_.product_name as product10_0_0_, user0_.shift as shift11_0_0_, user0_.total_parts as total_p12_0_0_ from user user0_ where user0_.id=?
[DEBUG] 2018-10-16 21:00:05.824 [main] QuerySpacesImpl - Adding QuerySpace : uid = <gen:0> -> org.hibernate.loader.plan.build.internal.spaces.EntityQuerySpaceImpl@794b435f]
[DEBUG] 2018-10-16 21:00:05.824 [main] MetamodelGraphWalker - Visiting attribute path : credits
[DEBUG] 2018-10-16 21:00:05.827 [main] MetamodelGraphWalker - Visiting attribute path : date
[DEBUG] 2018-10-16 21:00:05.827 [main] MetamodelGraphWalker - Visiting attribute path : downtime
[DEBUG] 2018-10-16 21:00:05.827 [main] MetamodelGraphWalker - Visiting attribute path : employeeId
[DEBUG] 2018-10-16 21:00:05.827 [main] MetamodelGraphWalker - Visiting attribute path : firstName
[DEBUG] 2018-10-16 21:00:05.827 [main] MetamodelGraphWalker - Visiting attribute path : hoursWorked
[DEBUG] 2018-10-16 21:00:05.827 [main] MetamodelGraphWalker - Visiting attribute path : lastName
[DEBUG] 2018-10-16 21:00:05.827 [main] MetamodelGraphWalker - Visiting attribute path : machineNumber
[DEBUG] 2018-10-16 21:00:05.827 [main] MetamodelGraphWalker - Visiting attribute path : productName
[DEBUG] 2018-10-16 21:00:05.827 [main] MetamodelGraphWalker - Visiting attribute path : shift
[DEBUG] 2018-10-16 21:00:05.827 [main] MetamodelGraphWalker - Visiting attribute path : totalParts
[DEBUG] 2018-10-16 21:00:05.827 [main] FetchStyleLoadPlanBuildingAssociationVisitationStrategy - Building LoadPlan...
[DEBUG] 2018-10-16 21:00:05.828 [main] LoadQueryJoinAndFetchProcessor - processing queryspace <gen:0>
[DEBUG] 2018-10-16 21:00:05.828 [main] LoadPlanTreePrinter - LoadPlan(entity=ProductionCountLog.User)
    - Returns
       - EntityReturnImpl(entity=ProductionCountLog.User, querySpaceUid=<gen:0>, path=ProductionCountLog.User)
    - QuerySpaces
       - EntityQuerySpaceImpl(uid=<gen:0>, entity=ProductionCountLog.User)
          - SQL table alias mapping - user0_
          - alias suffix - 0_
          - suffixed key columns - {id1_0_0_}

[DEBUG] 2018-10-16 21:00:05.828 [main] EntityLoader - Static select for entity ProductionCountLog.User [UPGRADE]: select user0_.id as id1_0_0_, user0_.credits as credits2_0_0_, user0_.date as date3_0_0_, user0_.downtime as downtime4_0_0_, user0_.employee_id as employee5_0_0_, user0_.first_name as first_na6_0_0_, user0_.hours_worked as hours_wo7_0_0_, user0_.last_name as last_nam8_0_0_, user0_.machine_number as machine_9_0_0_, user0_.product_name as product10_0_0_, user0_.shift as shift11_0_0_, user0_.total_parts as total_p12_0_0_ from user user0_ where user0_.id=? for update
[DEBUG] 2018-10-16 21:00:05.829 [main] QuerySpacesImpl - Adding QuerySpace : uid = <gen:0> -> org.hibernate.loader.plan.build.internal.spaces.EntityQuerySpaceImpl@779dfe55]
[DEBUG] 2018-10-16 21:00:05.829 [main] MetamodelGraphWalker - Visiting attribute path : credits
[DEBUG] 2018-10-16 21:00:05.829 [main] MetamodelGraphWalker - Visiting attribute path : date
[DEBUG] 2018-10-16 21:00:05.829 [main] MetamodelGraphWalker - Visiting attribute path : downtime
[DEBUG] 2018-10-16 21:00:05.829 [main] MetamodelGraphWalker - Visiting attribute path : employeeId
[DEBUG] 2018-10-16 21:00:05.829 [main] MetamodelGraphWalker - Visiting attribute path : firstName
[DEBUG] 2018-10-16 21:00:05.835 [main] MetamodelGraphWalker - Visiting attribute path : hoursWorked
[DEBUG] 2018-10-16 21:00:05.836 [main] MetamodelGraphWalker - Visiting attribute path : lastName
[DEBUG] 2018-10-16 21:00:05.836 [main] MetamodelGraphWalker - Visiting attribute path : machineNumber
[DEBUG] 2018-10-16 21:00:05.836 [main] MetamodelGraphWalker - Visiting attribute path : productName
[DEBUG] 2018-10-16 21:00:05.836 [main] MetamodelGraphWalker - Visiting attribute path : shift
[DEBUG] 2018-10-16 21:00:05.836 [main] MetamodelGraphWalker - Visiting attribute path : totalParts
[DEBUG] 2018-10-16 21:00:05.836 [main] FetchStyleLoadPlanBuildingAssociationVisitationStrategy - Building LoadPlan...
[DEBUG] 2018-10-16 21:00:05.838 [main] LoadQueryJoinAndFetchProcessor - processing queryspace <gen:0>
[DEBUG] 2018-10-16 21:00:05.838 [main] LoadPlanTreePrinter - LoadPlan(entity=ProductionCountLog.User)
    - Returns
       - EntityReturnImpl(entity=ProductionCountLog.User, querySpaceUid=<gen:0>, path=ProductionCountLog.User)
    - QuerySpaces
       - EntityQuerySpaceImpl(uid=<gen:0>, entity=ProductionCountLog.User)
          - SQL table alias mapping - user0_
          - alias suffix - 0_
          - suffixed key columns - {id1_0_0_}

[DEBUG] 2018-10-16 21:00:05.838 [main] EntityLoader - Static select for entity ProductionCountLog.User [UPGRADE_NOWAIT]: select user0_.id as id1_0_0_, user0_.credits as credits2_0_0_, user0_.date as date3_0_0_, user0_.downtime as downtime4_0_0_, user0_.employee_id as employee5_0_0_, user0_.first_name as first_na6_0_0_, user0_.hours_worked as hours_wo7_0_0_, user0_.last_name as last_nam8_0_0_, user0_.machine_number as machine_9_0_0_, user0_.product_name as product10_0_0_, user0_.shift as shift11_0_0_, user0_.total_parts as total_p12_0_0_ from user user0_ where user0_.id=? for update
[DEBUG] 2018-10-16 21:00:05.838 [main] QuerySpacesImpl - Adding QuerySpace : uid = <gen:0> -> org.hibernate.loader.plan.build.internal.spaces.EntityQuerySpaceImpl@1144a55a]
[DEBUG] 2018-10-16 21:00:05.839 [main] MetamodelGraphWalker - Visiting attribute path : credits
[DEBUG] 2018-10-16 21:00:05.839 [main] MetamodelGraphWalker - Visiting attribute path : date
[DEBUG] 2018-10-16 21:00:05.839 [main] MetamodelGraphWalker - Visiting attribute path : downtime
[DEBUG] 2018-10-16 21:00:05.839 [main] MetamodelGraphWalker - Visiting attribute path : employeeId
[DEBUG] 2018-10-16 21:00:05.839 [main] MetamodelGraphWalker - Visiting attribute path : firstName
[DEBUG] 2018-10-16 21:00:05.839 [main] MetamodelGraphWalker - Visiting attribute path : hoursWorked
[DEBUG] 2018-10-16 21:00:05.839 [main] MetamodelGraphWalker - Visiting attribute path : lastName
[DEBUG] 2018-10-16 21:00:05.840 [main] MetamodelGraphWalker - Visiting attribute path : machineNumber
[DEBUG] 2018-10-16 21:00:05.841 [main] MetamodelGraphWalker - Visiting attribute path : productName
[DEBUG] 2018-10-16 21:00:05.841 [main] MetamodelGraphWalker - Visiting attribute path : shift
[DEBUG] 2018-10-16 21:00:05.841 [main] MetamodelGraphWalker - Visiting attribute path : totalParts
[DEBUG] 2018-10-16 21:00:05.841 [main] FetchStyleLoadPlanBuildingAssociationVisitationStrategy - Building LoadPlan...
[DEBUG] 2018-10-16 21:00:05.844 [main] LoadQueryJoinAndFetchProcessor - processing queryspace <gen:0>
[DEBUG] 2018-10-16 21:00:05.844 [main] LoadPlanTreePrinter - LoadPlan(entity=ProductionCountLog.User)
    - Returns
       - EntityReturnImpl(entity=ProductionCountLog.User, querySpaceUid=<gen:0>, path=ProductionCountLog.User)
    - QuerySpaces
       - EntityQuerySpaceImpl(uid=<gen:0>, entity=ProductionCountLog.User)
          - SQL table alias mapping - user0_
          - alias suffix - 0_
          - suffixed key columns - {id1_0_0_}

[DEBUG] 2018-10-16 21:00:05.844 [main] EntityLoader - Static select for entity ProductionCountLog.User [UPGRADE_SKIPLOCKED]: select user0_.id as id1_0_0_, user0_.credits as credits2_0_0_, user0_.date as date3_0_0_, user0_.downtime as downtime4_0_0_, user0_.employee_id as employee5_0_0_, user0_.first_name as first_na6_0_0_, user0_.hours_worked as hours_wo7_0_0_, user0_.last_name as last_nam8_0_0_, user0_.machine_number as machine_9_0_0_, user0_.product_name as product10_0_0_, user0_.shift as shift11_0_0_, user0_.total_parts as total_p12_0_0_ from user user0_ where user0_.id=? for update
[DEBUG] 2018-10-16 21:00:05.844 [main] QuerySpacesImpl - Adding QuerySpace : uid = <gen:0> -> org.hibernate.loader.plan.build.internal.spaces.EntityQuerySpaceImpl@26a529dc]
[DEBUG] 2018-10-16 21:00:05.844 [main] MetamodelGraphWalker - Visiting attribute path : credits
[DEBUG] 2018-10-16 21:00:05.844 [main] MetamodelGraphWalker - Visiting attribute path : date
[DEBUG] 2018-10-16 21:00:05.844 [main] MetamodelGraphWalker - Visiting attribute path : downtime
[DEBUG] 2018-10-16 21:00:05.844 [main] MetamodelGraphWalker - Visiting attribute path : employeeId
[DEBUG] 2018-10-16 21:00:05.844 [main] MetamodelGraphWalker - Visiting attribute path : firstName
[DEBUG] 2018-10-16 21:00:05.844 [main] MetamodelGraphWalker - Visiting attribute path : hoursWorked
[DEBUG] 2018-10-16 21:00:05.844 [main] MetamodelGraphWalker - Visiting attribute path : lastName
[DEBUG] 2018-10-16 21:00:05.844 [main] MetamodelGraphWalker - Visiting attribute path : machineNumber
[DEBUG] 2018-10-16 21:00:05.845 [main] MetamodelGraphWalker - Visiting attribute path : productName
[DEBUG] 2018-10-16 21:00:05.845 [main] MetamodelGraphWalker - Visiting attribute path : shift
[DEBUG] 2018-10-16 21:00:05.845 [main] MetamodelGraphWalker - Visiting attribute path : totalParts
[DEBUG] 2018-10-16 21:00:05.845 [main] FetchStyleLoadPlanBuildingAssociationVisitationStrategy - Building LoadPlan...
[DEBUG] 2018-10-16 21:00:05.845 [main] LoadQueryJoinAndFetchProcessor - processing queryspace <gen:0>
[DEBUG] 2018-10-16 21:00:05.852 [main] LoadPlanTreePrinter - LoadPlan(entity=ProductionCountLog.User)
    - Returns
       - EntityReturnImpl(entity=ProductionCountLog.User, querySpaceUid=<gen:0>, path=ProductionCountLog.User)
    - QuerySpaces
       - EntityQuerySpaceImpl(uid=<gen:0>, entity=ProductionCountLog.User)
          - SQL table alias mapping - user0_
          - alias suffix - 0_
          - suffixed key columns - {id1_0_0_}

[DEBUG] 2018-10-16 21:00:05.852 [main] EntityLoader - Static select for entity ProductionCountLog.User [FORCE]: select user0_.id as id1_0_0_, user0_.credits as credits2_0_0_, user0_.date as date3_0_0_, user0_.downtime as downtime4_0_0_, user0_.employee_id as employee5_0_0_, user0_.first_name as first_na6_0_0_, user0_.hours_worked as hours_wo7_0_0_, user0_.last_name as last_nam8_0_0_, user0_.machine_number as machine_9_0_0_, user0_.product_name as product10_0_0_, user0_.shift as shift11_0_0_, user0_.total_parts as total_p12_0_0_ from user user0_ where user0_.id=? for update
[DEBUG] 2018-10-16 21:00:05.852 [main] QuerySpacesImpl - Adding QuerySpace : uid = <gen:0> -> org.hibernate.loader.plan.build.internal.spaces.EntityQuerySpaceImpl@1286528d]
[DEBUG] 2018-10-16 21:00:05.855 [main] MetamodelGraphWalker - Visiting attribute path : credits
[DEBUG] 2018-10-16 21:00:05.856 [main] MetamodelGraphWalker - Visiting attribute path : date
[DEBUG] 2018-10-16 21:00:05.856 [main] MetamodelGraphWalker - Visiting attribute path : downtime
[DEBUG] 2018-10-16 21:00:05.856 [main] MetamodelGraphWalker - Visiting attribute path : employeeId
[DEBUG] 2018-10-16 21:00:05.856 [main] MetamodelGraphWalker - Visiting attribute path : firstName
[DEBUG] 2018-10-16 21:00:05.856 [main] MetamodelGraphWalker - Visiting attribute path : hoursWorked
[DEBUG] 2018-10-16 21:00:05.858 [main] MetamodelGraphWalker - Visiting attribute path : lastName
[DEBUG] 2018-10-16 21:00:05.858 [main] MetamodelGraphWalker - Visiting attribute path : machineNumber
[DEBUG] 2018-10-16 21:00:05.858 [main] MetamodelGraphWalker - Visiting attribute path : productName
[DEBUG] 2018-10-16 21:00:05.858 [main] MetamodelGraphWalker - Visiting attribute path : shift
[DEBUG] 2018-10-16 21:00:05.859 [main] MetamodelGraphWalker - Visiting attribute path : totalParts
[DEBUG] 2018-10-16 21:00:05.859 [main] FetchStyleLoadPlanBuildingAssociationVisitationStrategy - Building LoadPlan...
[DEBUG] 2018-10-16 21:00:05.859 [main] LoadQueryJoinAndFetchProcessor - processing queryspace <gen:0>
[DEBUG] 2018-10-16 21:00:05.861 [main] LoadPlanTreePrinter - LoadPlan(entity=ProductionCountLog.User)
    - Returns
       - EntityReturnImpl(entity=ProductionCountLog.User, querySpaceUid=<gen:0>, path=ProductionCountLog.User)
    - QuerySpaces
       - EntityQuerySpaceImpl(uid=<gen:0>, entity=ProductionCountLog.User)
          - SQL table alias mapping - user0_
          - alias suffix - 0_
          - suffixed key columns - {id1_0_0_}

[DEBUG] 2018-10-16 21:00:05.861 [main] EntityLoader - Static select for entity ProductionCountLog.User [PESSIMISTIC_READ]: select user0_.id as id1_0_0_, user0_.credits as credits2_0_0_, user0_.date as date3_0_0_, user0_.downtime as downtime4_0_0_, user0_.employee_id as employee5_0_0_, user0_.first_name as first_na6_0_0_, user0_.hours_worked as hours_wo7_0_0_, user0_.last_name as last_nam8_0_0_, user0_.machine_number as machine_9_0_0_, user0_.product_name as product10_0_0_, user0_.shift as shift11_0_0_, user0_.total_parts as total_p12_0_0_ from user user0_ where user0_.id=? lock in share mode
[DEBUG] 2018-10-16 21:00:05.861 [main] QuerySpacesImpl - Adding QuerySpace : uid = <gen:0> -> org.hibernate.loader.plan.build.internal.spaces.EntityQuerySpaceImpl@33a630fa]
[DEBUG] 2018-10-16 21:00:05.861 [main] MetamodelGraphWalker - Visiting attribute path : credits
[DEBUG] 2018-10-16 21:00:05.861 [main] MetamodelGraphWalker - Visiting attribute path : date
[DEBUG] 2018-10-16 21:00:05.861 [main] MetamodelGraphWalker - Visiting attribute path : downtime
[DEBUG] 2018-10-16 21:00:05.862 [main] MetamodelGraphWalker - Visiting attribute path : employeeId
[DEBUG] 2018-10-16 21:00:05.862 [main] MetamodelGraphWalker - Visiting attribute path : firstName
[DEBUG] 2018-10-16 21:00:05.862 [main] MetamodelGraphWalker - Visiting attribute path : hoursWorked
[DEBUG] 2018-10-16 21:00:05.862 [main] MetamodelGraphWalker - Visiting attribute path : lastName
[DEBUG] 2018-10-16 21:00:05.862 [main] MetamodelGraphWalker - Visiting attribute path : machineNumber
[DEBUG] 2018-10-16 21:00:05.862 [main] MetamodelGraphWalker - Visiting attribute path : productName
[DEBUG] 2018-10-16 21:00:05.862 [main] MetamodelGraphWalker - Visiting attribute path : shift
[DEBUG] 2018-10-16 21:00:05.862 [main] MetamodelGraphWalker - Visiting attribute path : totalParts
[DEBUG] 2018-10-16 21:00:05.862 [main] FetchStyleLoadPlanBuildingAssociationVisitationStrategy - Building LoadPlan...
[DEBUG] 2018-10-16 21:00:05.862 [main] LoadQueryJoinAndFetchProcessor - processing queryspace <gen:0>
[DEBUG] 2018-10-16 21:00:05.864 [main] LoadPlanTreePrinter - LoadPlan(entity=ProductionCountLog.User)
    - Returns
       - EntityReturnImpl(entity=ProductionCountLog.User, querySpaceUid=<gen:0>, path=ProductionCountLog.User)
    - QuerySpaces
       - EntityQuerySpaceImpl(uid=<gen:0>, entity=ProductionCountLog.User)
          - SQL table alias mapping - user0_
          - alias suffix - 0_
          - suffixed key columns - {id1_0_0_}

[DEBUG] 2018-10-16 21:00:05.864 [main] EntityLoader - Static select for entity ProductionCountLog.User [PESSIMISTIC_WRITE]: select user0_.id as id1_0_0_, user0_.credits as credits2_0_0_, user0_.date as date3_0_0_, user0_.downtime as downtime4_0_0_, user0_.employee_id as employee5_0_0_, user0_.first_name as first_na6_0_0_, user0_.hours_worked as hours_wo7_0_0_, user0_.last_name as last_nam8_0_0_, user0_.machine_number as machine_9_0_0_, user0_.product_name as product10_0_0_, user0_.shift as shift11_0_0_, user0_.total_parts as total_p12_0_0_ from user user0_ where user0_.id=? for update
[DEBUG] 2018-10-16 21:00:05.867 [main] QuerySpacesImpl - Adding QuerySpace : uid = <gen:0> -> org.hibernate.loader.plan.build.internal.spaces.EntityQuerySpaceImpl@5767b2af]
[DEBUG] 2018-10-16 21:00:05.867 [main] MetamodelGraphWalker - Visiting attribute path : credits
[DEBUG] 2018-10-16 21:00:05.867 [main] MetamodelGraphWalker - Visiting attribute path : date
[DEBUG] 2018-10-16 21:00:05.867 [main] MetamodelGraphWalker - Visiting attribute path : downtime
[DEBUG] 2018-10-16 21:00:05.867 [main] MetamodelGraphWalker - Visiting attribute path : employeeId
[DEBUG] 2018-10-16 21:00:05.868 [main] MetamodelGraphWalker - Visiting attribute path : firstName
[DEBUG] 2018-10-16 21:00:05.868 [main] MetamodelGraphWalker - Visiting attribute path : hoursWorked
[DEBUG] 2018-10-16 21:00:05.868 [main] MetamodelGraphWalker - Visiting attribute path : lastName
[DEBUG] 2018-10-16 21:00:05.868 [main] MetamodelGraphWalker - Visiting attribute path : machineNumber
[DEBUG] 2018-10-16 21:00:05.868 [main] MetamodelGraphWalker - Visiting attribute path : productName
[DEBUG] 2018-10-16 21:00:05.868 [main] MetamodelGraphWalker - Visiting attribute path : shift
[DEBUG] 2018-10-16 21:00:05.868 [main] MetamodelGraphWalker - Visiting attribute path : totalParts
[DEBUG] 2018-10-16 21:00:05.868 [main] FetchStyleLoadPlanBuildingAssociationVisitationStrategy - Building LoadPlan...
[DEBUG] 2018-10-16 21:00:05.868 [main] LoadQueryJoinAndFetchProcessor - processing queryspace <gen:0>
[DEBUG] 2018-10-16 21:00:05.870 [main] LoadPlanTreePrinter - LoadPlan(entity=ProductionCountLog.User)
    - Returns
       - EntityReturnImpl(entity=ProductionCountLog.User, querySpaceUid=<gen:0>, path=ProductionCountLog.User)
    - QuerySpaces
       - EntityQuerySpaceImpl(uid=<gen:0>, entity=ProductionCountLog.User)
          - SQL table alias mapping - user0_
          - alias suffix - 0_
          - suffixed key columns - {id1_0_0_}

[DEBUG] 2018-10-16 21:00:05.870 [main] EntityLoader - Static select for entity ProductionCountLog.User [PESSIMISTIC_FORCE_INCREMENT]: select user0_.id as id1_0_0_, user0_.credits as credits2_0_0_, user0_.date as date3_0_0_, user0_.downtime as downtime4_0_0_, user0_.employee_id as employee5_0_0_, user0_.first_name as first_na6_0_0_, user0_.hours_worked as hours_wo7_0_0_, user0_.last_name as last_nam8_0_0_, user0_.machine_number as machine_9_0_0_, user0_.product_name as product10_0_0_, user0_.shift as shift11_0_0_, user0_.total_parts as total_p12_0_0_ from user user0_ where user0_.id=? for update
[DEBUG] 2018-10-16 21:00:05.871 [main] QuerySpacesImpl - Adding QuerySpace : uid = <gen:0> -> org.hibernate.loader.plan.build.internal.spaces.EntityQuerySpaceImpl@790132f7]
[DEBUG] 2018-10-16 21:00:05.871 [main] MetamodelGraphWalker - Visiting attribute path : credits
[DEBUG] 2018-10-16 21:00:05.871 [main] MetamodelGraphWalker - Visiting attribute path : date
[DEBUG] 2018-10-16 21:00:05.871 [main] MetamodelGraphWalker - Visiting attribute path : downtime
[DEBUG] 2018-10-16 21:00:05.871 [main] MetamodelGraphWalker - Visiting attribute path : employeeId
[DEBUG] 2018-10-16 21:00:05.872 [main] MetamodelGraphWalker - Visiting attribute path : firstName
[DEBUG] 2018-10-16 21:00:05.872 [main] MetamodelGraphWalker - Visiting attribute path : hoursWorked
[DEBUG] 2018-10-16 21:00:05.872 [main] MetamodelGraphWalker - Visiting attribute path : lastName
[DEBUG] 2018-10-16 21:00:05.872 [main] MetamodelGraphWalker - Visiting attribute path : machineNumber
[DEBUG] 2018-10-16 21:00:05.872 [main] MetamodelGraphWalker - Visiting attribute path : productName
[DEBUG] 2018-10-16 21:00:05.875 [main] MetamodelGraphWalker - Visiting attribute path : shift
[DEBUG] 2018-10-16 21:00:05.875 [main] MetamodelGraphWalker - Visiting attribute path : totalParts
[DEBUG] 2018-10-16 21:00:05.875 [main] FetchStyleLoadPlanBuildingAssociationVisitationStrategy - Building LoadPlan...
[DEBUG] 2018-10-16 21:00:05.876 [main] LoadQueryJoinAndFetchProcessor - processing queryspace <gen:0>
[DEBUG] 2018-10-16 21:00:05.876 [main] LoadPlanTreePrinter - LoadPlan(entity=ProductionCountLog.User)
    - Returns
       - EntityReturnImpl(entity=ProductionCountLog.User, querySpaceUid=<gen:0>, path=ProductionCountLog.User)
    - QuerySpaces
       - EntityQuerySpaceImpl(uid=<gen:0>, entity=ProductionCountLog.User)
          - SQL table alias mapping - user0_
          - alias suffix - 0_
          - suffixed key columns - {id1_0_0_}

[DEBUG] 2018-10-16 21:00:05.876 [main] EntityLoader - Static select for entity ProductionCountLog.User [OPTIMISTIC]: select user0_.id as id1_0_0_, user0_.credits as credits2_0_0_, user0_.date as date3_0_0_, user0_.downtime as downtime4_0_0_, user0_.employee_id as employee5_0_0_, user0_.first_name as first_na6_0_0_, user0_.hours_worked as hours_wo7_0_0_, user0_.last_name as last_nam8_0_0_, user0_.machine_number as machine_9_0_0_, user0_.product_name as product10_0_0_, user0_.shift as shift11_0_0_, user0_.total_parts as total_p12_0_0_ from user user0_ where user0_.id=?
[DEBUG] 2018-10-16 21:00:05.876 [main] QuerySpacesImpl - Adding QuerySpace : uid = <gen:0> -> org.hibernate.loader.plan.build.internal.spaces.EntityQuerySpaceImpl@48b0e701]
[DEBUG] 2018-10-16 21:00:05.876 [main] MetamodelGraphWalker - Visiting attribute path : credits
[DEBUG] 2018-10-16 21:00:05.876 [main] MetamodelGraphWalker - Visiting attribute path : date
[DEBUG] 2018-10-16 21:00:05.879 [main] MetamodelGraphWalker - Visiting attribute path : downtime
[DEBUG] 2018-10-16 21:00:05.879 [main] MetamodelGraphWalker - Visiting attribute path : employeeId
[DEBUG] 2018-10-16 21:00:05.879 [main] MetamodelGraphWalker - Visiting attribute path : firstName
[DEBUG] 2018-10-16 21:00:05.879 [main] MetamodelGraphWalker - Visiting attribute path : hoursWorked
[DEBUG] 2018-10-16 21:00:05.879 [main] MetamodelGraphWalker - Visiting attribute path : lastName
[DEBUG] 2018-10-16 21:00:05.879 [main] MetamodelGraphWalker - Visiting attribute path : machineNumber
[DEBUG] 2018-10-16 21:00:05.880 [main] MetamodelGraphWalker - Visiting attribute path : productName
[DEBUG] 2018-10-16 21:00:05.880 [main] MetamodelGraphWalker - Visiting attribute path : shift
[DEBUG] 2018-10-16 21:00:05.880 [main] MetamodelGraphWalker - Visiting attribute path : totalParts
[DEBUG] 2018-10-16 21:00:05.880 [main] FetchStyleLoadPlanBuildingAssociationVisitationStrategy - Building LoadPlan...
[DEBUG] 2018-10-16 21:00:05.880 [main] LoadQueryJoinAndFetchProcessor - processing queryspace <gen:0>
[DEBUG] 2018-10-16 21:00:05.880 [main] LoadPlanTreePrinter - LoadPlan(entity=ProductionCountLog.User)
    - Returns
       - EntityReturnImpl(entity=ProductionCountLog.User, querySpaceUid=<gen:0>, path=ProductionCountLog.User)
    - QuerySpaces
       - EntityQuerySpaceImpl(uid=<gen:0>, entity=ProductionCountLog.User)
          - SQL table alias mapping - user0_
          - alias suffix - 0_
          - suffixed key columns - {id1_0_0_}

[DEBUG] 2018-10-16 21:00:05.882 [main] EntityLoader - Static select for entity ProductionCountLog.User [OPTIMISTIC_FORCE_INCREMENT]: select user0_.id as id1_0_0_, user0_.credits as credits2_0_0_, user0_.date as date3_0_0_, user0_.downtime as downtime4_0_0_, user0_.employee_id as employee5_0_0_, user0_.first_name as first_na6_0_0_, user0_.hours_worked as hours_wo7_0_0_, user0_.last_name as last_nam8_0_0_, user0_.machine_number as machine_9_0_0_, user0_.product_name as product10_0_0_, user0_.shift as shift11_0_0_, user0_.total_parts as total_p12_0_0_ from user user0_ where user0_.id=?
[DEBUG] 2018-10-16 21:00:05.927 [main] Loader - Static select for action ACTION_MERGE on entity ProductionCountLog.User: select user0_.id as id1_0_0_, user0_.credits as credits2_0_0_, user0_.date as date3_0_0_, user0_.downtime as downtime4_0_0_, user0_.employee_id as employee5_0_0_, user0_.first_name as first_na6_0_0_, user0_.hours_worked as hours_wo7_0_0_, user0_.last_name as last_nam8_0_0_, user0_.machine_number as machine_9_0_0_, user0_.product_name as product10_0_0_, user0_.shift as shift11_0_0_, user0_.total_parts as total_p12_0_0_ from user user0_ where user0_.id=?
[DEBUG] 2018-10-16 21:00:05.928 [main] Loader - Static select for action ACTION_REFRESH on entity ProductionCountLog.User: select user0_.id as id1_0_0_, user0_.credits as credits2_0_0_, user0_.date as date3_0_0_, user0_.downtime as downtime4_0_0_, user0_.employee_id as employee5_0_0_, user0_.first_name as first_na6_0_0_, user0_.hours_worked as hours_wo7_0_0_, user0_.last_name as last_nam8_0_0_, user0_.machine_number as machine_9_0_0_, user0_.product_name as product10_0_0_, user0_.shift as shift11_0_0_, user0_.total_parts as total_p12_0_0_ from user user0_ where user0_.id=?
[DEBUG] 2018-10-16 21:00:05.998 [main] SchemaManagementToolCoordinator - No actions specified; doing nothing
[DEBUG] 2018-10-16 21:00:05.999 [main] JtaPlatformInitiator - No JtaPlatform was specified, checking resolver
[DEBUG] 2018-10-16 21:00:05.999 [main] JtaPlatformResolverInitiator - No JtaPlatformResolver was specified, using default [org.hibernate.engine.transaction.jta.platform.internal.StandardJtaPlatformResolver]
[DEBUG] 2018-10-16 21:00:06.011 [main] StandardJtaPlatformResolver - Could not resolve JtaPlatform, using default [org.hibernate.engine.transaction.jta.platform.internal.NoJtaPlatform]
[DEBUG] 2018-10-16 21:00:06.020 [main] NamedQueryRepository - Checking 0 named HQL queries
[DEBUG] 2018-10-16 21:00:06.020 [main] NamedQueryRepository - Checking 0 named SQL queries
[DEBUG] 2018-10-16 21:00:06.023 [main] SessionFactoryRegistry - Initializing SessionFactoryRegistry : org.hibernate.internal.SessionFactoryRegistry@469d003c
[DEBUG] 2018-10-16 21:00:06.036 [main] SessionFactoryRegistry - Registering SessionFactory: 4b1507b5-07f5-4b01-9e1a-f5dce892a75a (<unnamed>)
[DEBUG] 2018-10-16 21:00:06.036 [main] SessionFactoryRegistry - Not binding SessionFactory to JNDI, no JNDI name configured
[DEBUG] 2018-10-16 21:00:06.274 [main] StatisticsInitiator - Statistics initialized [enabled=false]
[DEBUG] 2018-10-16 21:00:06.325 [main] SQL - select user0_.id as id1_0_0_, user0_.credits as credits2_0_0_, user0_.date as date3_0_0_, user0_.downtime as downtime4_0_0_, user0_.employee_id as employee5_0_0_, user0_.first_name as first_na6_0_0_, user0_.hours_worked as hours_wo7_0_0_, user0_.last_name as last_nam8_0_0_, user0_.machine_number as machine_9_0_0_, user0_.product_name as product10_0_0_, user0_.shift as shift11_0_0_, user0_.total_parts as total_p12_0_0_ from user user0_ where user0_.id=?
[DEBUG] 2018-10-16 21:00:06.380 [main] ResultSetProcessorImpl - Starting ResultSet row #0
[DEBUG] 2018-10-16 21:00:06.384 [main] EntityReferenceInitializerImpl - On call to EntityIdentifierReaderImpl#resolve, EntityKey was already known; should only happen on root returns with an optional identifier specified
[DEBUG] 2018-10-16 21:00:06.412 [main] TwoPhaseLoad - Resolving associations for [ProductionCountLog.User#1]
[DEBUG] 2018-10-16 21:00:06.431 [main] TwoPhaseLoad - Done materializing entity [ProductionCountLog.User#1]
[DEBUG] 2018-10-16 21:00:06.432 [main] ResourceRegistryStandardImpl - HHH000387: ResultSet's statement was not registered
[DEBUG] 2018-10-16 21:00:06.435 [main] AbstractLoadPlanBasedEntityLoader - Done entity load : ProductionCountLog.User#1
[DEBUG] 2018-10-16 21:00:06.441 [main] LogicalConnectionManagedImpl - Initiating JDBC connection release from afterTransaction
[DEBUG] 2018-10-16 21:00:06.456 [main] TransactionImpl - begin
[DEBUG] 2018-10-16 21:00:06.486 [main] TransactionImpl - committing
[DEBUG] 2018-10-16 21:00:06.487 [main] AbstractFlushingEventListener - Processing flush-time cascades
[DEBUG] 2018-10-16 21:00:06.487 [main] AbstractFlushingEventListener - Dirty checking collections
[DEBUG] 2018-10-16 21:00:06.495 [main] AbstractFlushingEventListener - Flushed: 0 insertions, 0 updates, 1 deletions to 1 objects
[DEBUG] 2018-10-16 21:00:06.495 [main] AbstractFlushingEventListener - Flushed: 0 (re)creations, 0 updates, 0 removals to 0 collections
[DEBUG] 2018-10-16 21:00:06.502 [main] EntityPrinter - Listing entities:
[DEBUG] 2018-10-16 21:00:06.507 [main] EntityPrinter - ProductionCountLog.User{date=2018-10-14, downtime=0.25, firstName=Charles, lastName=Clark, totalParts=220.0, credits=0.5, machineNumber=2, shift=2, employeeId=123, id=1, hoursWorked=6.5, productName=213 Filters}
[DEBUG] 2018-10-16 21:00:06.524 [main] SQL - delete from user where id=?
[DEBUG] 2018-10-16 21:00:06.537 [main] LogicalConnectionManagedImpl - Initiating JDBC connection release from afterTransaction
[DEBUG] 2018-10-16 21:00:06.542 [main] LogicalConnectionManagedImpl - Initiating JDBC connection release from afterTransaction
[DEBUG] 2018-10-16 21:00:06.542 [main] JdbcCoordinatorImpl - HHH000420: Closing un-released batch
[DEBUG] 2018-10-16 21:00:06.543 [main] SQL - select user0_.id as id1_0_0_, user0_.credits as credits2_0_0_, user0_.date as date3_0_0_, user0_.downtime as downtime4_0_0_, user0_.employee_id as employee5_0_0_, user0_.first_name as first_na6_0_0_, user0_.hours_worked as hours_wo7_0_0_, user0_.last_name as last_nam8_0_0_, user0_.machine_number as machine_9_0_0_, user0_.product_name as product10_0_0_, user0_.shift as shift11_0_0_, user0_.total_parts as total_p12_0_0_ from user user0_ where user0_.id=?
[DEBUG] 2018-10-16 21:00:06.548 [main] ResourceRegistryStandardImpl - HHH000387: ResultSet's statement was not registered
[DEBUG] 2018-10-16 21:00:06.549 [main] AbstractLoadPlanBasedEntityLoader - Done entity load : ProductionCountLog.User#1
[DEBUG] 2018-10-16 21:00:06.549 [main] LogicalConnectionManagedImpl - Initiating JDBC connection release from afterTransaction
[DEBUG] 2018-10-16 21:00:06.668 [main] CriteriaQueryImpl - Rendered criteria query -> select generatedAlias0 from User as generatedAlias0
[DEBUG] 2018-10-16 21:00:06.726 [main] QueryTranslatorFactoryInitiator - QueryTranslatorFactory : org.hibernate.hql.internal.ast.ASTQueryTranslatorFactory@65bb9029
[INFO ] 2018-10-16 21:00:06.726 [main] QueryTranslatorFactoryInitiator - HHH000397: Using ASTQueryTranslatorFactory
[DEBUG] 2018-10-16 21:00:06.846 [main] QueryTranslatorImpl - parse() - HQL: select generatedAlias0 from ProductionCountLog.User as generatedAlias0
[DEBUG] 2018-10-16 21:00:06.866 [main] ErrorCounter - throwQueryException() : no errors
[DEBUG] 2018-10-16 21:00:06.871 [main] QueryTranslatorImpl - --- HQL AST ---
 \-[QUERY] Node: 'query'
    \-[SELECT_FROM] Node: 'SELECT_FROM'
       +-[FROM] Node: 'from'
       |  \-[RANGE] Node: 'RANGE'
       |     +-[DOT] Node: '.'
       |     |  +-[IDENT] Node: 'ProductionCountLog'
       |     |  \-[IDENT] Node: 'User'
       |     \-[ALIAS] Node: 'generatedAlias0'
       \-[SELECT] Node: 'select'
          \-[IDENT] Node: 'generatedAlias0'

[DEBUG] 2018-10-16 21:00:06.952 [main] HqlSqlBaseWalker - select << begin [level=1, statement=select]
[DEBUG] 2018-10-16 21:00:06.993 [main] FromElement - FromClause{level=1} : ProductionCountLog.User (generatedAlias0) -> user0_
[DEBUG] 2018-10-16 21:00:06.998 [main] FromReferenceNode - Resolved : generatedAlias0 -> user0_.id
[DEBUG] 2018-10-16 21:00:07.006 [main] HqlSqlBaseWalker - select : finishing up [level=1, statement=select]
[DEBUG] 2018-10-16 21:00:07.006 [main] HqlSqlWalker - processQuery() :  ( SELECT ( {select clause} user0_.id ) ( FromClause{level=1} user user0_ ) )
[DEBUG] 2018-10-16 21:00:07.033 [main] JoinProcessor - Using FROM fragment [user user0_]
[DEBUG] 2018-10-16 21:00:07.040 [main] HqlSqlBaseWalker - select >> end [level=1, statement=select]
[DEBUG] 2018-10-16 21:00:07.041 [main] QueryTranslatorImpl - --- SQL AST ---
 \-[SELECT] QueryNode: 'SELECT'  querySpaces (user)
    +-[SELECT_CLAUSE] SelectClause: '{select clause}'
    |  +-[ALIAS_REF] IdentNode: 'user0_.id as id1_0_' {alias=generatedAlias0, className=ProductionCountLog.User, tableAlias=user0_}
    |  \-[SQL_TOKEN] SqlFragment: 'user0_.credits as credits2_0_, user0_.date as date3_0_, user0_.downtime as downtime4_0_, user0_.employee_id as employee5_0_, user0_.first_name as first_na6_0_, user0_.hours_worked as hours_wo7_0_, user0_.last_name as last_nam8_0_, user0_.machine_number as machine_9_0_, user0_.product_name as product10_0_, user0_.shift as shift11_0_, user0_.total_parts as total_p12_0_'
    \-[FROM] FromClause: 'from' FromClause{level=1, fromElementCounter=1, fromElements=1, fromElementByClassAlias=[generatedAlias0], fromElementByTableAlias=[user0_], fromElementsByPath=[], collectionJoinFromElementsByPath=[], impliedElements=[]}
       \-[FROM_FRAGMENT] FromElement: 'user user0_' FromElement{explicit,not a collection join,not a fetch join,fetch non-lazy properties,classAlias=generatedAlias0,role=null,tableName=user,tableAlias=user0_,origin=null,columns={,className=ProductionCountLog.User}}

[DEBUG] 2018-10-16 21:00:07.041 [main] ErrorCounter - throwQueryException() : no errors
[DEBUG] 2018-10-16 21:00:07.067 [main] QueryTranslatorImpl - HQL: select generatedAlias0 from ProductionCountLog.User as generatedAlias0
[DEBUG] 2018-10-16 21:00:07.067 [main] QueryTranslatorImpl - SQL: select user0_.id as id1_0_, user0_.credits as credits2_0_, user0_.date as date3_0_, user0_.downtime as downtime4_0_, user0_.employee_id as employee5_0_, user0_.first_name as first_na6_0_, user0_.hours_worked as hours_wo7_0_, user0_.last_name as last_nam8_0_, user0_.machine_number as machine_9_0_, user0_.product_name as product10_0_, user0_.shift as shift11_0_, user0_.total_parts as total_p12_0_ from user user0_
[DEBUG] 2018-10-16 21:00:07.068 [main] ErrorCounter - throwQueryException() : no errors
[DEBUG] 2018-10-16 21:00:07.104 [main] SQL - select user0_.id as id1_0_, user0_.credits as credits2_0_, user0_.date as date3_0_, user0_.downtime as downtime4_0_, user0_.employee_id as employee5_0_, user0_.first_name as first_na6_0_, user0_.hours_worked as hours_wo7_0_, user0_.last_name as last_nam8_0_, user0_.machine_number as machine_9_0_, user0_.product_name as product10_0_, user0_.shift as shift11_0_, user0_.total_parts as total_p12_0_ from user user0_
[DEBUG] 2018-10-16 21:00:07.107 [main] Loader - Result set row: 0
[DEBUG] 2018-10-16 21:00:07.115 [main] Loader - Result row: EntityKey[ProductionCountLog.User#1]
[DEBUG] 2018-10-16 21:00:07.119 [main] TwoPhaseLoad - Resolving associations for [ProductionCountLog.User#1]
[DEBUG] 2018-10-16 21:00:07.121 [main] TwoPhaseLoad - Done materializing entity [ProductionCountLog.User#1]
[DEBUG] 2018-10-16 21:00:07.242 [main] LogicalConnectionManagedImpl - Initiating JDBC connection release from afterTransaction
[DEBUG] 2018-10-16 21:00:07.297 [main] CriteriaQueryImpl - Rendered criteria query -> select generatedAlias0 from User as generatedAlias0 where generatedAlias0.lastName like :param0
[DEBUG] 2018-10-16 21:00:07.302 [main] QueryTranslatorImpl - parse() - HQL: select generatedAlias0 from ProductionCountLog.User as generatedAlias0 where generatedAlias0.lastName like :param0
[DEBUG] 2018-10-16 21:00:07.306 [main] ErrorCounter - throwQueryException() : no errors
[DEBUG] 2018-10-16 21:00:07.314 [main] QueryTranslatorImpl - --- HQL AST ---
 \-[QUERY] Node: 'query'
    +-[SELECT_FROM] Node: 'SELECT_FROM'
    |  +-[FROM] Node: 'from'
    |  |  \-[RANGE] Node: 'RANGE'
    |  |     +-[DOT] Node: '.'
    |  |     |  +-[IDENT] Node: 'ProductionCountLog'
    |  |     |  \-[IDENT] Node: 'User'
    |  |     \-[ALIAS] Node: 'generatedAlias0'
    |  \-[SELECT] Node: 'select'
    |     \-[IDENT] Node: 'generatedAlias0'
    \-[WHERE] Node: 'where'
       \-[LIKE] Node: 'like'
          +-[DOT] Node: '.'
          |  +-[IDENT] Node: 'generatedAlias0'
          |  \-[IDENT] Node: 'lastName'
          \-[COLON] Node: ':'
             \-[IDENT] Node: 'param0'

[DEBUG] 2018-10-16 21:00:07.315 [main] HqlSqlBaseWalker - select << begin [level=1, statement=select]
[DEBUG] 2018-10-16 21:00:07.320 [main] FromElement - FromClause{level=1} : ProductionCountLog.User (generatedAlias0) -> user0_
[DEBUG] 2018-10-16 21:00:07.320 [main] FromReferenceNode - Resolved : generatedAlias0 -> user0_.id
[DEBUG] 2018-10-16 21:00:07.321 [main] FromReferenceNode - Resolved : generatedAlias0 -> user0_.id
[DEBUG] 2018-10-16 21:00:07.322 [main] DotNode - getDataType() : lastName -> org.hibernate.type.StringType@6304101a
[DEBUG] 2018-10-16 21:00:07.329 [main] FromReferenceNode - Resolved : generatedAlias0.lastName -> user0_.last_name
[DEBUG] 2018-10-16 21:00:07.339 [main] HqlSqlBaseWalker - select : finishing up [level=1, statement=select]
[DEBUG] 2018-10-16 21:00:07.339 [main] HqlSqlWalker - processQuery() :  ( SELECT ( {select clause} user0_.id ) ( FromClause{level=1} user user0_ ) ( where ( like ( user0_.last_name user0_.id lastName ) ? ) ) )
[DEBUG] 2018-10-16 21:00:07.339 [main] JoinProcessor - Using FROM fragment [user user0_]
[DEBUG] 2018-10-16 21:00:07.340 [main] HqlSqlBaseWalker - select >> end [level=1, statement=select]
[DEBUG] 2018-10-16 21:00:07.341 [main] QueryTranslatorImpl - --- SQL AST ---
 \-[SELECT] QueryNode: 'SELECT'  querySpaces (user)
    +-[SELECT_CLAUSE] SelectClause: '{select clause}'
    |  +-[ALIAS_REF] IdentNode: 'user0_.id as id1_0_' {alias=generatedAlias0, className=ProductionCountLog.User, tableAlias=user0_}
    |  \-[SQL_TOKEN] SqlFragment: 'user0_.credits as credits2_0_, user0_.date as date3_0_, user0_.downtime as downtime4_0_, user0_.employee_id as employee5_0_, user0_.first_name as first_na6_0_, user0_.hours_worked as hours_wo7_0_, user0_.last_name as last_nam8_0_, user0_.machine_number as machine_9_0_, user0_.product_name as product10_0_, user0_.shift as shift11_0_, user0_.total_parts as total_p12_0_'
    +-[FROM] FromClause: 'from' FromClause{level=1, fromElementCounter=1, fromElements=1, fromElementByClassAlias=[generatedAlias0], fromElementByTableAlias=[user0_], fromElementsByPath=[], collectionJoinFromElementsByPath=[], impliedElements=[]}
    |  \-[FROM_FRAGMENT] FromElement: 'user user0_' FromElement{explicit,not a collection join,not a fetch join,fetch non-lazy properties,classAlias=generatedAlias0,role=null,tableName=user,tableAlias=user0_,origin=null,columns={,className=ProductionCountLog.User}}
    \-[WHERE] SqlNode: 'where'
       \-[LIKE] BinaryLogicOperatorNode: 'like'
          +-[DOT] DotNode: 'user0_.last_name' {propertyName=lastName,dereferenceType=PRIMITIVE,getPropertyPath=lastName,path=generatedAlias0.lastName,tableAlias=user0_,className=ProductionCountLog.User,classAlias=generatedAlias0}
          |  +-[ALIAS_REF] IdentNode: 'user0_.id' {alias=generatedAlias0, className=ProductionCountLog.User, tableAlias=user0_}
          |  \-[IDENT] IdentNode: 'lastName' {originalText=lastName}
          \-[NAMED_PARAM] ParameterNode: '?' {name=param0, expectedType=org.hibernate.type.StringType@6304101a}

[DEBUG] 2018-10-16 21:00:07.342 [main] ErrorCounter - throwQueryException() : no errors
[DEBUG] 2018-10-16 21:00:07.342 [main] QueryTranslatorImpl - HQL: select generatedAlias0 from ProductionCountLog.User as generatedAlias0 where generatedAlias0.lastName like :param0
[DEBUG] 2018-10-16 21:00:07.343 [main] QueryTranslatorImpl - SQL: select user0_.id as id1_0_, user0_.credits as credits2_0_, user0_.date as date3_0_, user0_.downtime as downtime4_0_, user0_.employee_id as employee5_0_, user0_.first_name as first_na6_0_, user0_.hours_worked as hours_wo7_0_, user0_.last_name as last_nam8_0_, user0_.machine_number as machine_9_0_, user0_.product_name as product10_0_, user0_.shift as shift11_0_, user0_.total_parts as total_p12_0_ from user user0_ where user0_.last_name like ?
[DEBUG] 2018-10-16 21:00:07.344 [main] ErrorCounter - throwQueryException() : no errors
[DEBUG] 2018-10-16 21:00:07.356 [main] SQL - select user0_.id as id1_0_, user0_.credits as credits2_0_, user0_.date as date3_0_, user0_.downtime as downtime4_0_, user0_.employee_id as employee5_0_, user0_.first_name as first_na6_0_, user0_.hours_worked as hours_wo7_0_, user0_.last_name as last_nam8_0_, user0_.machine_number as machine_9_0_, user0_.product_name as product10_0_, user0_.shift as shift11_0_, user0_.total_parts as total_p12_0_ from user user0_ where user0_.last_name like ?
[DEBUG] 2018-10-16 21:00:07.361 [main] Loader - Result set row: 0
[DEBUG] 2018-10-16 21:00:07.364 [main] Loader - Result row: EntityKey[ProductionCountLog.User#1]
[DEBUG] 2018-10-16 21:00:07.364 [main] TwoPhaseLoad - Resolving associations for [ProductionCountLog.User#1]
[DEBUG] 2018-10-16 21:00:07.364 [main] TwoPhaseLoad - Done materializing entity [ProductionCountLog.User#1]
[DEBUG] 2018-10-16 21:00:07.367 [main] LogicalConnectionManagedImpl - Initiating JDBC connection release from afterTransaction
[DEBUG] 2018-10-16 21:00:07.408 [main] CriteriaQueryImpl - Rendered criteria query -> select generatedAlias0 from User as generatedAlias0 where generatedAlias0.lastName like :param0
[DEBUG] 2018-10-16 21:00:07.408 [main] SQL - select user0_.id as id1_0_, user0_.credits as credits2_0_, user0_.date as date3_0_, user0_.downtime as downtime4_0_, user0_.employee_id as employee5_0_, user0_.first_name as first_na6_0_, user0_.hours_worked as hours_wo7_0_, user0_.last_name as last_nam8_0_, user0_.machine_number as machine_9_0_, user0_.product_name as product10_0_, user0_.shift as shift11_0_, user0_.total_parts as total_p12_0_ from user user0_ where user0_.last_name like ?
[DEBUG] 2018-10-16 21:00:07.412 [main] Loader - Result set row: 0
[DEBUG] 2018-10-16 21:00:07.412 [main] Loader - Result row: EntityKey[ProductionCountLog.User#1]
[DEBUG] 2018-10-16 21:00:07.416 [main] TwoPhaseLoad - Resolving associations for [ProductionCountLog.User#1]
[DEBUG] 2018-10-16 21:00:07.416 [main] TwoPhaseLoad - Done materializing entity [ProductionCountLog.User#1]
[DEBUG] 2018-10-16 21:00:07.416 [main] LogicalConnectionManagedImpl - Initiating JDBC connection release from afterTransaction
[DEBUG] 2018-10-16 21:00:07.455 [main] SQL - select user0_.id as id1_0_0_, user0_.credits as credits2_0_0_, user0_.date as date3_0_0_, user0_.downtime as downtime4_0_0_, user0_.employee_id as employee5_0_0_, user0_.first_name as first_na6_0_0_, user0_.hours_worked as hours_wo7_0_0_, user0_.last_name as last_nam8_0_0_, user0_.machine_number as machine_9_0_0_, user0_.product_name as product10_0_0_, user0_.shift as shift11_0_0_, user0_.total_parts as total_p12_0_0_ from user user0_ where user0_.id=?
[DEBUG] 2018-10-16 21:00:07.459 [main] ResultSetProcessorImpl - Starting ResultSet row #0
[DEBUG] 2018-10-16 21:00:07.459 [main] EntityReferenceInitializerImpl - On call to EntityIdentifierReaderImpl#resolve, EntityKey was already known; should only happen on root returns with an optional identifier specified
[DEBUG] 2018-10-16 21:00:07.469 [main] TwoPhaseLoad - Resolving associations for [ProductionCountLog.User#1]
[DEBUG] 2018-10-16 21:00:07.469 [main] TwoPhaseLoad - Done materializing entity [ProductionCountLog.User#1]
[DEBUG] 2018-10-16 21:00:07.469 [main] ResourceRegistryStandardImpl - HHH000387: ResultSet's statement was not registered
[DEBUG] 2018-10-16 21:00:07.469 [main] AbstractLoadPlanBasedEntityLoader - Done entity load : ProductionCountLog.User#1
[DEBUG] 2018-10-16 21:00:07.470 [main] LogicalConnectionManagedImpl - Initiating JDBC connection release from afterTransaction
