[DEBUG] 2018-10-18 19:24:25.130 [main] IntegratorServiceImpl - Adding Integrator [org.hibernate.cfg.beanvalidation.BeanValidationIntegrator].
[DEBUG] 2018-10-18 19:24:25.175 [main] IntegratorServiceImpl - Adding Integrator [org.hibernate.secure.spi.JaccIntegrator].
[DEBUG] 2018-10-18 19:24:25.212 [main] IntegratorServiceImpl - Adding Integrator [org.hibernate.cache.internal.CollectionCacheInvalidator].
[INFO ] 2018-10-18 19:24:25.409 [main] Version - HHH000412: Hibernate Core {5.2.12.Final}
[INFO ] 2018-10-18 19:24:25.410 [main] Environment - HHH000206: hibernate.properties not found
[DEBUG] 2018-10-18 19:24:25.468 [main] LocalXmlResourceResolver - Interpreting public/system identifier : [-//Hibernate/Hibernate Configuration DTD//EN] - [http://www.hibernate.org/dtd/hibernate-configuration-3.0.dtd]
[DEBUG] 2018-10-18 19:24:25.474 [main] LocalXmlResourceResolver - Recognized hibernate-configuration identifier; attempting to resolve on classpath under org/hibernate/
[DEBUG] 2018-10-18 19:24:25.486 [main] JaxbCfgProcessor - cfg.xml document did not define namespaces; wrapping in custom event reader to introduce namespace information
[DEBUG] 2018-10-18 19:24:25.876 [main] ServiceBinding - Overriding existing service binding [org.hibernate.secure.spi.JaccService]
[DEBUG] 2018-10-18 19:24:26.116 [main] RegionFactoryInitiator - Cache region factory : org.hibernate.cache.internal.NoCachingRegionFactory
[INFO ] 2018-10-18 19:24:26.178 [main] Version - HCANN000001: Hibernate Commons Annotations {5.0.1.Final}
[DEBUG] 2018-10-18 19:24:26.272 [main] BasicTypeRegistry - Adding type registration boolean -> org.hibernate.type.BooleanType@389c4eb1
[DEBUG] 2018-10-18 19:24:26.277 [main] BasicTypeRegistry - Adding type registration boolean -> org.hibernate.type.BooleanType@389c4eb1
[DEBUG] 2018-10-18 19:24:26.278 [main] BasicTypeRegistry - Adding type registration java.lang.Boolean -> org.hibernate.type.BooleanType@389c4eb1
[DEBUG] 2018-10-18 19:24:26.290 [main] BasicTypeRegistry - Adding type registration numeric_boolean -> org.hibernate.type.NumericBooleanType@127a7a2e
[DEBUG] 2018-10-18 19:24:26.294 [main] BasicTypeRegistry - Adding type registration true_false -> org.hibernate.type.TrueFalseType@135606db
[DEBUG] 2018-10-18 19:24:26.316 [main] BasicTypeRegistry - Adding type registration yes_no -> org.hibernate.type.YesNoType@4f74980d
[DEBUG] 2018-10-18 19:24:26.345 [main] BasicTypeRegistry - Adding type registration byte -> org.hibernate.type.ByteType@68f1b17f
[DEBUG] 2018-10-18 19:24:26.345 [main] BasicTypeRegistry - Adding type registration byte -> org.hibernate.type.ByteType@68f1b17f
[DEBUG] 2018-10-18 19:24:26.345 [main] BasicTypeRegistry - Adding type registration java.lang.Byte -> org.hibernate.type.ByteType@68f1b17f
[DEBUG] 2018-10-18 19:24:26.346 [main] BasicTypeRegistry - Adding type registration character -> org.hibernate.type.CharacterType@398dada8
[DEBUG] 2018-10-18 19:24:26.346 [main] BasicTypeRegistry - Adding type registration char -> org.hibernate.type.CharacterType@398dada8
[DEBUG] 2018-10-18 19:24:26.354 [main] BasicTypeRegistry - Adding type registration java.lang.Character -> org.hibernate.type.CharacterType@398dada8
[DEBUG] 2018-10-18 19:24:26.376 [main] BasicTypeRegistry - Adding type registration short -> org.hibernate.type.ShortType@2049a9c1
[DEBUG] 2018-10-18 19:24:26.376 [main] BasicTypeRegistry - Adding type registration short -> org.hibernate.type.ShortType@2049a9c1
[DEBUG] 2018-10-18 19:24:26.376 [main] BasicTypeRegistry - Adding type registration java.lang.Short -> org.hibernate.type.ShortType@2049a9c1
[DEBUG] 2018-10-18 19:24:26.378 [main] BasicTypeRegistry - Adding type registration integer -> org.hibernate.type.IntegerType@5495333e
[DEBUG] 2018-10-18 19:24:26.378 [main] BasicTypeRegistry - Adding type registration int -> org.hibernate.type.IntegerType@5495333e
[DEBUG] 2018-10-18 19:24:26.378 [main] BasicTypeRegistry - Adding type registration java.lang.Integer -> org.hibernate.type.IntegerType@5495333e
[DEBUG] 2018-10-18 19:24:26.379 [main] BasicTypeRegistry - Adding type registration long -> org.hibernate.type.LongType@67b9b51a
[DEBUG] 2018-10-18 19:24:26.380 [main] BasicTypeRegistry - Adding type registration long -> org.hibernate.type.LongType@67b9b51a
[DEBUG] 2018-10-18 19:24:26.380 [main] BasicTypeRegistry - Adding type registration java.lang.Long -> org.hibernate.type.LongType@67b9b51a
[DEBUG] 2018-10-18 19:24:26.410 [main] BasicTypeRegistry - Adding type registration float -> org.hibernate.type.FloatType@28d18df5
[DEBUG] 2018-10-18 19:24:26.411 [main] BasicTypeRegistry - Adding type registration float -> org.hibernate.type.FloatType@28d18df5
[DEBUG] 2018-10-18 19:24:26.416 [main] BasicTypeRegistry - Adding type registration java.lang.Float -> org.hibernate.type.FloatType@28d18df5
[DEBUG] 2018-10-18 19:24:26.418 [main] BasicTypeRegistry - Adding type registration double -> org.hibernate.type.DoubleType@1fd14d74
[DEBUG] 2018-10-18 19:24:26.418 [main] BasicTypeRegistry - Adding type registration double -> org.hibernate.type.DoubleType@1fd14d74
[DEBUG] 2018-10-18 19:24:26.418 [main] BasicTypeRegistry - Adding type registration java.lang.Double -> org.hibernate.type.DoubleType@1fd14d74
[DEBUG] 2018-10-18 19:24:26.420 [main] BasicTypeRegistry - Adding type registration big_decimal -> org.hibernate.type.BigDecimalType@5cdec700
[DEBUG] 2018-10-18 19:24:26.428 [main] BasicTypeRegistry - Adding type registration java.math.BigDecimal -> org.hibernate.type.BigDecimalType@5cdec700
[DEBUG] 2018-10-18 19:24:26.437 [main] BasicTypeRegistry - Adding type registration big_integer -> org.hibernate.type.BigIntegerType@4b7dc788
[DEBUG] 2018-10-18 19:24:26.438 [main] BasicTypeRegistry - Adding type registration java.math.BigInteger -> org.hibernate.type.BigIntegerType@4b7dc788
[DEBUG] 2018-10-18 19:24:26.439 [main] BasicTypeRegistry - Adding type registration string -> org.hibernate.type.StringType@4e31276e
[DEBUG] 2018-10-18 19:24:26.439 [main] BasicTypeRegistry - Adding type registration java.lang.String -> org.hibernate.type.StringType@4e31276e
[DEBUG] 2018-10-18 19:24:26.440 [main] BasicTypeRegistry - Adding type registration nstring -> org.hibernate.type.StringNVarcharType@5117dd67
[DEBUG] 2018-10-18 19:24:26.441 [main] BasicTypeRegistry - Adding type registration ncharacter -> org.hibernate.type.CharacterNCharType@662706a7
[DEBUG] 2018-10-18 19:24:26.453 [main] BasicTypeRegistry - Adding type registration url -> org.hibernate.type.UrlType@c7045b9
[DEBUG] 2018-10-18 19:24:26.454 [main] BasicTypeRegistry - Adding type registration java.net.URL -> org.hibernate.type.UrlType@c7045b9
[DEBUG] 2018-10-18 19:24:26.455 [main] BasicTypeRegistry - Adding type registration Duration -> org.hibernate.type.DurationType@7e19ebf0
[DEBUG] 2018-10-18 19:24:26.456 [main] BasicTypeRegistry - Adding type registration java.time.Duration -> org.hibernate.type.DurationType@7e19ebf0
[DEBUG] 2018-10-18 19:24:26.547 [main] BasicTypeRegistry - Adding type registration Instant -> org.hibernate.type.InstantType@6bf08014
[DEBUG] 2018-10-18 19:24:26.555 [main] BasicTypeRegistry - Adding type registration java.time.Instant -> org.hibernate.type.InstantType@6bf08014
[DEBUG] 2018-10-18 19:24:26.563 [main] BasicTypeRegistry - Adding type registration LocalDateTime -> org.hibernate.type.LocalDateTimeType@5a5338df
[DEBUG] 2018-10-18 19:24:26.563 [main] BasicTypeRegistry - Adding type registration java.time.LocalDateTime -> org.hibernate.type.LocalDateTimeType@5a5338df
[DEBUG] 2018-10-18 19:24:26.571 [main] BasicTypeRegistry - Adding type registration LocalDate -> org.hibernate.type.LocalDateType@75d2da2d
[DEBUG] 2018-10-18 19:24:26.571 [main] BasicTypeRegistry - Adding type registration java.time.LocalDate -> org.hibernate.type.LocalDateType@75d2da2d
[DEBUG] 2018-10-18 19:24:26.578 [main] BasicTypeRegistry - Adding type registration LocalTime -> org.hibernate.type.LocalTimeType@6853425f
[DEBUG] 2018-10-18 19:24:26.579 [main] BasicTypeRegistry - Adding type registration java.time.LocalTime -> org.hibernate.type.LocalTimeType@6853425f
[DEBUG] 2018-10-18 19:24:26.580 [main] BasicTypeRegistry - Adding type registration OffsetDateTime -> org.hibernate.type.OffsetDateTimeType@7d898981
[DEBUG] 2018-10-18 19:24:26.590 [main] BasicTypeRegistry - Adding type registration java.time.OffsetDateTime -> org.hibernate.type.OffsetDateTimeType@7d898981
[DEBUG] 2018-10-18 19:24:26.592 [main] BasicTypeRegistry - Adding type registration OffsetTime -> org.hibernate.type.OffsetTimeType@6c0d7c83
[DEBUG] 2018-10-18 19:24:26.592 [main] BasicTypeRegistry - Adding type registration java.time.OffsetTime -> org.hibernate.type.OffsetTimeType@6c0d7c83
[DEBUG] 2018-10-18 19:24:26.656 [main] BasicTypeRegistry - Adding type registration ZonedDateTime -> org.hibernate.type.ZonedDateTimeType@4196c360
[DEBUG] 2018-10-18 19:24:26.657 [main] BasicTypeRegistry - Adding type registration java.time.ZonedDateTime -> org.hibernate.type.ZonedDateTimeType@4196c360
[DEBUG] 2018-10-18 19:24:26.658 [main] BasicTypeRegistry - Adding type registration date -> org.hibernate.type.DateType@571c5681
[DEBUG] 2018-10-18 19:24:26.680 [main] BasicTypeRegistry - Adding type registration java.sql.Date -> org.hibernate.type.DateType@571c5681
[DEBUG] 2018-10-18 19:24:26.689 [main] BasicTypeRegistry - Adding type registration time -> org.hibernate.type.TimeType@2d6c53fc
[DEBUG] 2018-10-18 19:24:26.689 [main] BasicTypeRegistry - Adding type registration java.sql.Time -> org.hibernate.type.TimeType@2d6c53fc
[DEBUG] 2018-10-18 19:24:26.691 [main] BasicTypeRegistry - Adding type registration timestamp -> org.hibernate.type.TimestampType@3148f668
[DEBUG] 2018-10-18 19:24:26.691 [main] BasicTypeRegistry - Adding type registration java.sql.Timestamp -> org.hibernate.type.TimestampType@3148f668
[DEBUG] 2018-10-18 19:24:26.692 [main] BasicTypeRegistry - Adding type registration java.util.Date -> org.hibernate.type.TimestampType@3148f668
[DEBUG] 2018-10-18 19:24:26.747 [main] BasicTypeRegistry - Adding type registration dbtimestamp -> org.hibernate.type.DbTimestampType@436c81a3
[DEBUG] 2018-10-18 19:24:26.753 [main] BasicTypeRegistry - Adding type registration calendar -> org.hibernate.type.CalendarType@609db546
[DEBUG] 2018-10-18 19:24:26.755 [main] BasicTypeRegistry - Adding type registration java.util.Calendar -> org.hibernate.type.CalendarType@609db546
[DEBUG] 2018-10-18 19:24:26.757 [main] BasicTypeRegistry - Adding type registration java.util.GregorianCalendar -> org.hibernate.type.CalendarType@609db546
[DEBUG] 2018-10-18 19:24:26.758 [main] BasicTypeRegistry - Adding type registration calendar_date -> org.hibernate.type.CalendarDateType@301eda63
[DEBUG] 2018-10-18 19:24:26.759 [main] BasicTypeRegistry - Adding type registration locale -> org.hibernate.type.LocaleType@1bd39d3c
[DEBUG] 2018-10-18 19:24:26.759 [main] BasicTypeRegistry - Adding type registration java.util.Locale -> org.hibernate.type.LocaleType@1bd39d3c
[DEBUG] 2018-10-18 19:24:26.760 [main] BasicTypeRegistry - Adding type registration currency -> org.hibernate.type.CurrencyType@5454d35e
[DEBUG] 2018-10-18 19:24:26.760 [main] BasicTypeRegistry - Adding type registration java.util.Currency -> org.hibernate.type.CurrencyType@5454d35e
[DEBUG] 2018-10-18 19:24:26.761 [main] BasicTypeRegistry - Adding type registration timezone -> org.hibernate.type.TimeZoneType@1ab06251
[DEBUG] 2018-10-18 19:24:26.761 [main] BasicTypeRegistry - Adding type registration java.util.TimeZone -> org.hibernate.type.TimeZoneType@1ab06251
[DEBUG] 2018-10-18 19:24:26.767 [main] BasicTypeRegistry - Adding type registration class -> org.hibernate.type.ClassType@59e505b2
[DEBUG] 2018-10-18 19:24:26.767 [main] BasicTypeRegistry - Adding type registration java.lang.Class -> org.hibernate.type.ClassType@59e505b2
[DEBUG] 2018-10-18 19:24:26.768 [main] BasicTypeRegistry - Adding type registration uuid-binary -> org.hibernate.type.UUIDBinaryType@45a37759
[DEBUG] 2018-10-18 19:24:26.768 [main] BasicTypeRegistry - Adding type registration java.util.UUID -> org.hibernate.type.UUIDBinaryType@45a37759
[DEBUG] 2018-10-18 19:24:26.768 [main] BasicTypeRegistry - Adding type registration uuid-char -> org.hibernate.type.UUIDCharType@2d778add
[DEBUG] 2018-10-18 19:24:26.773 [main] BasicTypeRegistry - Adding type registration binary -> org.hibernate.type.BinaryType@f107c50
[DEBUG] 2018-10-18 19:24:26.775 [main] BasicTypeRegistry - Adding type registration byte[] -> org.hibernate.type.BinaryType@f107c50
[DEBUG] 2018-10-18 19:24:26.776 [main] BasicTypeRegistry - Adding type registration [B -> org.hibernate.type.BinaryType@f107c50
[DEBUG] 2018-10-18 19:24:26.776 [main] BasicTypeRegistry - Adding type registration wrapper-binary -> org.hibernate.type.WrapperBinaryType@60410cd
[DEBUG] 2018-10-18 19:24:26.776 [main] BasicTypeRegistry - Adding type registration Byte[] -> org.hibernate.type.WrapperBinaryType@60410cd
[DEBUG] 2018-10-18 19:24:26.777 [main] BasicTypeRegistry - Adding type registration [Ljava.lang.Byte; -> org.hibernate.type.WrapperBinaryType@60410cd
[DEBUG] 2018-10-18 19:24:26.777 [main] BasicTypeRegistry - Adding type registration row_version -> org.hibernate.type.RowVersionType@7393222f
[DEBUG] 2018-10-18 19:24:26.778 [main] BasicTypeRegistry - Adding type registration image -> org.hibernate.type.ImageType@3688eb5b
[DEBUG] 2018-10-18 19:24:26.797 [main] BasicTypeRegistry - Adding type registration characters -> org.hibernate.type.CharArrayType@50de186c
[DEBUG] 2018-10-18 19:24:26.798 [main] BasicTypeRegistry - Adding type registration char[] -> org.hibernate.type.CharArrayType@50de186c
[DEBUG] 2018-10-18 19:24:26.798 [main] BasicTypeRegistry - Adding type registration [C -> org.hibernate.type.CharArrayType@50de186c
[DEBUG] 2018-10-18 19:24:26.807 [main] BasicTypeRegistry - Adding type registration wrapper-characters -> org.hibernate.type.CharacterArrayType@73d983ea
[DEBUG] 2018-10-18 19:24:26.808 [main] BasicTypeRegistry - Adding type registration [Ljava.lang.Character; -> org.hibernate.type.CharacterArrayType@73d983ea
[DEBUG] 2018-10-18 19:24:26.808 [main] BasicTypeRegistry - Adding type registration Character[] -> org.hibernate.type.CharacterArrayType@73d983ea
[DEBUG] 2018-10-18 19:24:26.817 [main] BasicTypeRegistry - Adding type registration text -> org.hibernate.type.TextType@5a3bc7ed
[DEBUG] 2018-10-18 19:24:26.826 [main] BasicTypeRegistry - Adding type registration ntext -> org.hibernate.type.NTextType@291f18
[DEBUG] 2018-10-18 19:24:26.835 [main] BasicTypeRegistry - Adding type registration blob -> org.hibernate.type.BlobType@c7ba306
[DEBUG] 2018-10-18 19:24:26.836 [main] BasicTypeRegistry - Adding type registration java.sql.Blob -> org.hibernate.type.BlobType@c7ba306
[DEBUG] 2018-10-18 19:24:26.837 [main] BasicTypeRegistry - Adding type registration materialized_blob -> org.hibernate.type.MaterializedBlobType@3403e2ac
[DEBUG] 2018-10-18 19:24:26.840 [main] BasicTypeRegistry - Adding type registration clob -> org.hibernate.type.ClobType@338c99c8
[DEBUG] 2018-10-18 19:24:26.841 [main] BasicTypeRegistry - Adding type registration java.sql.Clob -> org.hibernate.type.ClobType@338c99c8
[DEBUG] 2018-10-18 19:24:26.846 [main] BasicTypeRegistry - Adding type registration nclob -> org.hibernate.type.NClobType@6cc558c6
[DEBUG] 2018-10-18 19:24:26.849 [main] BasicTypeRegistry - Adding type registration java.sql.NClob -> org.hibernate.type.NClobType@6cc558c6
[DEBUG] 2018-10-18 19:24:26.850 [main] BasicTypeRegistry - Adding type registration materialized_clob -> org.hibernate.type.MaterializedClobType@26ceffa8
[DEBUG] 2018-10-18 19:24:26.852 [main] BasicTypeRegistry - Adding type registration materialized_nclob -> org.hibernate.type.MaterializedNClobType@d41f816
[DEBUG] 2018-10-18 19:24:26.853 [main] BasicTypeRegistry - Adding type registration serializable -> org.hibernate.type.SerializableType@27216cd
[DEBUG] 2018-10-18 19:24:26.856 [main] BasicTypeRegistry - Adding type registration object -> org.hibernate.type.ObjectType@6af9fcb2
[DEBUG] 2018-10-18 19:24:26.856 [main] BasicTypeRegistry - Adding type registration java.lang.Object -> org.hibernate.type.ObjectType@6af9fcb2
[DEBUG] 2018-10-18 19:24:26.866 [main] BasicTypeRegistry - Adding type registration imm_date -> org.hibernate.type.AdaptedImmutableType@291a7e3c
[DEBUG] 2018-10-18 19:24:26.866 [main] BasicTypeRegistry - Adding type registration imm_time -> org.hibernate.type.AdaptedImmutableType@ca30bc1
[DEBUG] 2018-10-18 19:24:26.866 [main] BasicTypeRegistry - Adding type registration imm_timestamp -> org.hibernate.type.AdaptedImmutableType@1046d517
[DEBUG] 2018-10-18 19:24:26.866 [main] BasicTypeRegistry - Adding type registration imm_dbtimestamp -> org.hibernate.type.AdaptedImmutableType@3b7d3a38
[DEBUG] 2018-10-18 19:24:26.866 [main] BasicTypeRegistry - Adding type registration imm_calendar -> org.hibernate.type.AdaptedImmutableType@416c58f5
[DEBUG] 2018-10-18 19:24:26.866 [main] BasicTypeRegistry - Adding type registration imm_calendar_date -> org.hibernate.type.AdaptedImmutableType@5505ae1a
[DEBUG] 2018-10-18 19:24:26.867 [main] BasicTypeRegistry - Adding type registration imm_binary -> org.hibernate.type.AdaptedImmutableType@73cd37c0
[DEBUG] 2018-10-18 19:24:26.868 [main] BasicTypeRegistry - Adding type registration imm_serializable -> org.hibernate.type.AdaptedImmutableType@21337f7b
[INFO ] 2018-10-18 19:24:26.956 [main] C3P0ConnectionProvider - HHH010002: C3P0 using driver: com.mysql.jdbc.Driver at URL: jdbc:mysql://localhost:3306/indieProject
[INFO ] 2018-10-18 19:24:26.962 [main] C3P0ConnectionProvider - HHH10001001: Connection properties: {user=root, password=****}
[INFO ] 2018-10-18 19:24:26.963 [main] C3P0ConnectionProvider - HHH10001003: Autocommit mode: false
[INFO ] 2018-10-18 19:24:27.253 [main] C3P0ConnectionProvider - HHH10001007: JDBC isolation level: <unknown>
[DEBUG] 2018-10-18 19:24:27.383 [main] JdbcEnvironmentInitiator - Database ->
       name : MySQL
    version : 5.7.23-0ubuntu0.16.04.1
      major : 5
      minor : 7
[DEBUG] 2018-10-18 19:24:27.384 [main] JdbcEnvironmentInitiator - Driver ->
       name : MySQL Connector Java
    version : mysql-connector-java-5.1.39 ( Revision: 3289a357af6d09ecc1a10fd3c26e95183e5790ad )
      major : 5
      minor : 1
[DEBUG] 2018-10-18 19:24:27.384 [main] JdbcEnvironmentInitiator - JDBC version : 4.0
[INFO ] 2018-10-18 19:24:27.411 [main] Dialect - HHH000400: Using dialect: org.hibernate.dialect.MySQL5Dialect
[DEBUG] 2018-10-18 19:24:27.566 [main] IdentifierHelperBuilder - JDBC driver metadata reported database stores quoted identifiers in more than one case
[DEBUG] 2018-10-18 19:24:27.585 [main] IdentifierHelperBuilder - IdentifierCaseStrategy for both quoted and unquoted identifiers was set to the same strategy [MIXED]; that will likely lead to problems in schema update and validation if using quoted identifiers
[DEBUG] 2018-10-18 19:24:27.689 [main] DefaultIdentifierGeneratorFactory - Registering IdentifierGenerator strategy [uuid2] -> [org.hibernate.id.UUIDGenerator]
[DEBUG] 2018-10-18 19:24:27.694 [main] DefaultIdentifierGeneratorFactory - Registering IdentifierGenerator strategy [guid] -> [org.hibernate.id.GUIDGenerator]
[DEBUG] 2018-10-18 19:24:27.695 [main] DefaultIdentifierGeneratorFactory - Registering IdentifierGenerator strategy [uuid] -> [org.hibernate.id.UUIDHexGenerator]
[DEBUG] 2018-10-18 19:24:27.695 [main] DefaultIdentifierGeneratorFactory - Registering IdentifierGenerator strategy [uuid.hex] -> [org.hibernate.id.UUIDHexGenerator]
[DEBUG] 2018-10-18 19:24:27.695 [main] DefaultIdentifierGeneratorFactory - Registering IdentifierGenerator strategy [assigned] -> [org.hibernate.id.Assigned]
[DEBUG] 2018-10-18 19:24:27.696 [main] DefaultIdentifierGeneratorFactory - Registering IdentifierGenerator strategy [identity] -> [org.hibernate.id.IdentityGenerator]
[DEBUG] 2018-10-18 19:24:27.697 [main] DefaultIdentifierGeneratorFactory - Registering IdentifierGenerator strategy [select] -> [org.hibernate.id.SelectGenerator]
[DEBUG] 2018-10-18 19:24:27.698 [main] DefaultIdentifierGeneratorFactory - Registering IdentifierGenerator strategy [sequence] -> [org.hibernate.id.enhanced.SequenceStyleGenerator]
[DEBUG] 2018-10-18 19:24:27.698 [main] DefaultIdentifierGeneratorFactory - Registering IdentifierGenerator strategy [seqhilo] -> [org.hibernate.id.SequenceHiLoGenerator]
[DEBUG] 2018-10-18 19:24:27.701 [main] DefaultIdentifierGeneratorFactory - Registering IdentifierGenerator strategy [increment] -> [org.hibernate.id.IncrementGenerator]
[DEBUG] 2018-10-18 19:24:27.701 [main] DefaultIdentifierGeneratorFactory - Registering IdentifierGenerator strategy [foreign] -> [org.hibernate.id.ForeignGenerator]
[DEBUG] 2018-10-18 19:24:27.702 [main] DefaultIdentifierGeneratorFactory - Registering IdentifierGenerator strategy [sequence-identity] -> [org.hibernate.id.SequenceIdentityGenerator]
[DEBUG] 2018-10-18 19:24:27.702 [main] DefaultIdentifierGeneratorFactory - Registering IdentifierGenerator strategy [enhanced-sequence] -> [org.hibernate.id.enhanced.SequenceStyleGenerator]
[DEBUG] 2018-10-18 19:24:27.704 [main] DefaultIdentifierGeneratorFactory - Registering IdentifierGenerator strategy [enhanced-table] -> [org.hibernate.id.enhanced.TableGenerator]
[DEBUG] 2018-10-18 19:24:27.746 [main] Namespace - Created database namespace [logicalName=Name{catalog=null, schema=null}, physicalName=Name{catalog=null, schema=null}]
[DEBUG] 2018-10-18 19:24:27.803 [main] AnnotationBinder - Binding entity from annotated class: ProductionCountLog.entity.User
[DEBUG] 2018-10-18 19:24:27.836 [main] Ejb3Column - Binding column: Ejb3DiscriminatorColumn{logicalColumnName'DTYPE', discriminatorTypeName='string'}
[DEBUG] 2018-10-18 19:24:27.841 [main] EntityBinder - Import with entity name User
[DEBUG] 2018-10-18 19:24:27.845 [main] EntityBinder - Bind entity ProductionCountLog.entity.User on table user
[DEBUG] 2018-10-18 19:24:27.896 [main] Ejb3Column - Binding column: Ejb3Column{table=org.hibernate.mapping.Table(user), mappingColumn=id, insertable=true, updatable=true, unique=false}
[DEBUG] 2018-10-18 19:24:27.898 [main] PropertyBinder - MetadataSourceProcessor property id with lazy=false
[DEBUG] 2018-10-18 19:24:27.900 [main] AbstractPropertyHolder - Attempting to locate auto-apply AttributeConverter for property [ProductionCountLog.entity.User:id]
[DEBUG] 2018-10-18 19:24:27.901 [main] SimpleValueBinder - building SimpleValue for id
[DEBUG] 2018-10-18 19:24:27.903 [main] PropertyBinder - Building property id
[DEBUG] 2018-10-18 19:24:27.912 [main] Ejb3Column - Binding column: Ejb3Column{table=org.hibernate.mapping.Table(user), mappingColumn=credits, insertable=true, updatable=true, unique=false}
[DEBUG] 2018-10-18 19:24:27.912 [main] PropertyBinder - MetadataSourceProcessor property credits with lazy=false
[DEBUG] 2018-10-18 19:24:27.912 [main] AbstractPropertyHolder - Attempting to locate auto-apply AttributeConverter for property [ProductionCountLog.entity.User:credits]
[DEBUG] 2018-10-18 19:24:27.921 [main] SimpleValueBinder - building SimpleValue for credits
[DEBUG] 2018-10-18 19:24:27.921 [main] PropertyBinder - Building property credits
[DEBUG] 2018-10-18 19:24:27.923 [main] Ejb3Column - Binding column: Ejb3Column{table=org.hibernate.mapping.Table(user), mappingColumn=date, insertable=true, updatable=true, unique=false}
[DEBUG] 2018-10-18 19:24:27.924 [main] PropertyBinder - MetadataSourceProcessor property date with lazy=false
[DEBUG] 2018-10-18 19:24:27.924 [main] AbstractPropertyHolder - Attempting to locate auto-apply AttributeConverter for property [ProductionCountLog.entity.User:date]
[DEBUG] 2018-10-18 19:24:27.924 [main] SimpleValueBinder - building SimpleValue for date
[DEBUG] 2018-10-18 19:24:27.924 [main] PropertyBinder - Building property date
[DEBUG] 2018-10-18 19:24:27.925 [main] Ejb3Column - Binding column: Ejb3Column{table=org.hibernate.mapping.Table(user), mappingColumn=downtime, insertable=true, updatable=true, unique=false}
[DEBUG] 2018-10-18 19:24:27.925 [main] PropertyBinder - MetadataSourceProcessor property downtime with lazy=false
[DEBUG] 2018-10-18 19:24:27.925 [main] AbstractPropertyHolder - Attempting to locate auto-apply AttributeConverter for property [ProductionCountLog.entity.User:downtime]
[DEBUG] 2018-10-18 19:24:27.925 [main] SimpleValueBinder - building SimpleValue for downtime
[DEBUG] 2018-10-18 19:24:27.926 [main] PropertyBinder - Building property downtime
[DEBUG] 2018-10-18 19:24:27.926 [main] Ejb3Column - Binding column: Ejb3Column{table=org.hibernate.mapping.Table(user), mappingColumn=employee_id, insertable=true, updatable=true, unique=false}
[DEBUG] 2018-10-18 19:24:27.926 [main] PropertyBinder - MetadataSourceProcessor property employeeId with lazy=false
[DEBUG] 2018-10-18 19:24:27.926 [main] AbstractPropertyHolder - Attempting to locate auto-apply AttributeConverter for property [ProductionCountLog.entity.User:employeeId]
[DEBUG] 2018-10-18 19:24:27.926 [main] SimpleValueBinder - building SimpleValue for employeeId
[DEBUG] 2018-10-18 19:24:27.926 [main] PropertyBinder - Building property employeeId
[DEBUG] 2018-10-18 19:24:27.926 [main] Ejb3Column - Binding column: Ejb3Column{table=org.hibernate.mapping.Table(user), mappingColumn=first_name, insertable=true, updatable=true, unique=false}
[DEBUG] 2018-10-18 19:24:27.928 [main] PropertyBinder - MetadataSourceProcessor property firstName with lazy=false
[DEBUG] 2018-10-18 19:24:27.928 [main] AbstractPropertyHolder - Attempting to locate auto-apply AttributeConverter for property [ProductionCountLog.entity.User:firstName]
[DEBUG] 2018-10-18 19:24:27.928 [main] SimpleValueBinder - building SimpleValue for firstName
[DEBUG] 2018-10-18 19:24:27.929 [main] PropertyBinder - Building property firstName
[DEBUG] 2018-10-18 19:24:27.929 [main] Ejb3Column - Binding column: Ejb3Column{table=org.hibernate.mapping.Table(user), mappingColumn=hours_worked, insertable=true, updatable=true, unique=false}
[DEBUG] 2018-10-18 19:24:27.929 [main] PropertyBinder - MetadataSourceProcessor property hoursWorked with lazy=false
[DEBUG] 2018-10-18 19:24:27.929 [main] AbstractPropertyHolder - Attempting to locate auto-apply AttributeConverter for property [ProductionCountLog.entity.User:hoursWorked]
[DEBUG] 2018-10-18 19:24:27.929 [main] SimpleValueBinder - building SimpleValue for hoursWorked
[DEBUG] 2018-10-18 19:24:27.929 [main] PropertyBinder - Building property hoursWorked
[DEBUG] 2018-10-18 19:24:27.929 [main] Ejb3Column - Binding column: Ejb3Column{table=org.hibernate.mapping.Table(user), mappingColumn=last_name, insertable=true, updatable=true, unique=false}
[DEBUG] 2018-10-18 19:24:27.929 [main] PropertyBinder - MetadataSourceProcessor property lastName with lazy=false
[DEBUG] 2018-10-18 19:24:27.929 [main] AbstractPropertyHolder - Attempting to locate auto-apply AttributeConverter for property [ProductionCountLog.entity.User:lastName]
[DEBUG] 2018-10-18 19:24:27.929 [main] SimpleValueBinder - building SimpleValue for lastName
[DEBUG] 2018-10-18 19:24:27.930 [main] PropertyBinder - Building property lastName
[DEBUG] 2018-10-18 19:24:27.930 [main] Ejb3Column - Binding column: Ejb3Column{table=org.hibernate.mapping.Table(user), mappingColumn=machine_number, insertable=true, updatable=true, unique=false}
[DEBUG] 2018-10-18 19:24:27.930 [main] PropertyBinder - MetadataSourceProcessor property machineNumber with lazy=false
[DEBUG] 2018-10-18 19:24:27.930 [main] AbstractPropertyHolder - Attempting to locate auto-apply AttributeConverter for property [ProductionCountLog.entity.User:machineNumber]
[DEBUG] 2018-10-18 19:24:27.930 [main] SimpleValueBinder - building SimpleValue for machineNumber
[DEBUG] 2018-10-18 19:24:27.932 [main] PropertyBinder - Building property machineNumber
[DEBUG] 2018-10-18 19:24:27.932 [main] Ejb3Column - Binding column: Ejb3Column{table=org.hibernate.mapping.Table(user), mappingColumn=product_name, insertable=true, updatable=true, unique=false}
[DEBUG] 2018-10-18 19:24:27.932 [main] PropertyBinder - MetadataSourceProcessor property productName with lazy=false
[DEBUG] 2018-10-18 19:24:27.932 [main] AbstractPropertyHolder - Attempting to locate auto-apply AttributeConverter for property [ProductionCountLog.entity.User:productName]
[DEBUG] 2018-10-18 19:24:27.932 [main] SimpleValueBinder - building SimpleValue for productName
[DEBUG] 2018-10-18 19:24:27.933 [main] PropertyBinder - Building property productName
[DEBUG] 2018-10-18 19:24:27.933 [main] Ejb3Column - Binding column: Ejb3Column{table=org.hibernate.mapping.Table(user), mappingColumn=shift, insertable=true, updatable=true, unique=false}
[DEBUG] 2018-10-18 19:24:27.933 [main] PropertyBinder - MetadataSourceProcessor property shift with lazy=false
[DEBUG] 2018-10-18 19:24:27.933 [main] AbstractPropertyHolder - Attempting to locate auto-apply AttributeConverter for property [ProductionCountLog.entity.User:shift]
[DEBUG] 2018-10-18 19:24:27.933 [main] SimpleValueBinder - building SimpleValue for shift
[DEBUG] 2018-10-18 19:24:27.933 [main] PropertyBinder - Building property shift
[DEBUG] 2018-10-18 19:24:27.933 [main] Ejb3Column - Binding column: Ejb3Column{table=org.hibernate.mapping.Table(user), mappingColumn=total_parts, insertable=true, updatable=true, unique=false}
[DEBUG] 2018-10-18 19:24:27.934 [main] PropertyBinder - MetadataSourceProcessor property totalParts with lazy=false
[DEBUG] 2018-10-18 19:24:27.934 [main] AbstractPropertyHolder - Attempting to locate auto-apply AttributeConverter for property [ProductionCountLog.entity.User:totalParts]
[DEBUG] 2018-10-18 19:24:27.934 [main] SimpleValueBinder - building SimpleValue for totalParts
[DEBUG] 2018-10-18 19:24:27.934 [main] PropertyBinder - Building property totalParts
[DEBUG] 2018-10-18 19:24:27.935 [main] SimpleValueBinder - Starting fillSimpleValue for id
[DEBUG] 2018-10-18 19:24:27.935 [main] SimpleValueBinder - Starting fillSimpleValue for credits
[DEBUG] 2018-10-18 19:24:27.935 [main] SimpleValueBinder - Starting fillSimpleValue for date
[DEBUG] 2018-10-18 19:24:27.935 [main] SimpleValueBinder - Starting fillSimpleValue for downtime
[DEBUG] 2018-10-18 19:24:27.935 [main] SimpleValueBinder - Starting fillSimpleValue for employeeId
[DEBUG] 2018-10-18 19:24:27.936 [main] SimpleValueBinder - Starting fillSimpleValue for firstName
[DEBUG] 2018-10-18 19:24:27.936 [main] SimpleValueBinder - Starting fillSimpleValue for hoursWorked
[DEBUG] 2018-10-18 19:24:27.936 [main] SimpleValueBinder - Starting fillSimpleValue for lastName
[DEBUG] 2018-10-18 19:24:27.936 [main] SimpleValueBinder - Starting fillSimpleValue for machineNumber
[DEBUG] 2018-10-18 19:24:27.936 [main] SimpleValueBinder - Starting fillSimpleValue for productName
[DEBUG] 2018-10-18 19:24:27.936 [main] SimpleValueBinder - Starting fillSimpleValue for shift
[DEBUG] 2018-10-18 19:24:27.936 [main] SimpleValueBinder - Starting fillSimpleValue for totalParts
[DEBUG] 2018-10-18 19:24:27.940 [main] PrimaryKey - Forcing column [id] to be non-null as it is part of the primary key for table [user]
[DEBUG] 2018-10-18 19:24:27.993 [main] SessionFactoryImpl - Building session factory
[DEBUG] 2018-10-18 19:24:27.994 [main] Settings - SessionFactory name : null
[DEBUG] 2018-10-18 19:24:27.994 [main] Settings - Automatic flush during beforeCompletion(): enabled
[DEBUG] 2018-10-18 19:24:27.994 [main] Settings - Automatic session close at end of transaction: disabled
[DEBUG] 2018-10-18 19:24:27.995 [main] Settings - Statistics: disabled
[DEBUG] 2018-10-18 19:24:27.995 [main] Settings - Deleted entity synthetic identifier rollback: disabled
[DEBUG] 2018-10-18 19:24:27.995 [main] Settings - Default entity-mode: pojo
[DEBUG] 2018-10-18 19:24:27.995 [main] Settings - Check Nullability in Core (should be disabled when Bean Validation is on): enabled
[DEBUG] 2018-10-18 19:24:27.995 [main] Settings - Allow initialization of lazy state outside session : disabled
[DEBUG] 2018-10-18 19:24:27.995 [main] Settings - Using BatchFetchStyle : LEGACY
[DEBUG] 2018-10-18 19:24:27.996 [main] Settings - Default batch fetch size: -1
[DEBUG] 2018-10-18 19:24:27.996 [main] Settings - Maximum outer join fetch depth: 2
[DEBUG] 2018-10-18 19:24:27.996 [main] Settings - Default null ordering: NONE
[DEBUG] 2018-10-18 19:24:27.996 [main] Settings - Order SQL updates by primary key: disabled
[DEBUG] 2018-10-18 19:24:27.999 [main] Settings - Order SQL inserts for batching: disabled
[DEBUG] 2018-10-18 19:24:27.999 [main] Settings - multi-tenancy strategy : NONE
[DEBUG] 2018-10-18 19:24:28.000 [main] Settings - JTA Track by Thread: enabled
[DEBUG] 2018-10-18 19:24:28.000 [main] Settings - Query language substitutions: {}
[DEBUG] 2018-10-18 19:24:28.000 [main] Settings - JPA query language strict compliance: disabled
[DEBUG] 2018-10-18 19:24:28.000 [main] Settings - Named query checking : enabled
[DEBUG] 2018-10-18 19:24:28.000 [main] Settings - Second-level cache: enabled
[DEBUG] 2018-10-18 19:24:28.000 [main] Settings - Second-level query cache: disabled
[DEBUG] 2018-10-18 19:24:28.000 [main] Settings - Second-level query cache factory: org.hibernate.cache.internal.StandardQueryCacheFactory@21694e53
[DEBUG] 2018-10-18 19:24:28.000 [main] Settings - Second-level cache region prefix: null
[DEBUG] 2018-10-18 19:24:28.000 [main] Settings - Optimize second-level cache for minimal puts: disabled
[DEBUG] 2018-10-18 19:24:28.000 [main] Settings - Structured second-level cache entries: disabled
[DEBUG] 2018-10-18 19:24:28.000 [main] Settings - Second-level cache direct-reference entries: disabled
[DEBUG] 2018-10-18 19:24:28.002 [main] Settings - Automatic eviction of collection cache: disabled
[DEBUG] 2018-10-18 19:24:28.003 [main] Settings - JDBC batch size: 15
[DEBUG] 2018-10-18 19:24:28.004 [main] Settings - JDBC batch updates for versioned data: enabled
[DEBUG] 2018-10-18 19:24:28.004 [main] Settings - Scrollable result sets: enabled
[DEBUG] 2018-10-18 19:24:28.004 [main] Settings - Wrap result sets: disabled
[DEBUG] 2018-10-18 19:24:28.005 [main] Settings - JDBC3 getGeneratedKeys(): enabled
[DEBUG] 2018-10-18 19:24:28.005 [main] Settings - JDBC result set fetch size: null
[DEBUG] 2018-10-18 19:24:28.005 [main] Settings - Connection release mode: AFTER_TRANSACTION
[DEBUG] 2018-10-18 19:24:28.005 [main] Settings - Generate SQL with comments: disabled
[DEBUG] 2018-10-18 19:24:28.115 [main] SessionFactoryImpl - Session factory constructed with filter configurations : {}
[DEBUG] 2018-10-18 19:24:28.115 [main] SessionFactoryImpl - Instantiating session factory with properties: {sun.desktop=gnome, awt.toolkit=sun.awt.X11.XToolkit, file.encoding.pkg=sun.io, java.specification.version=1.8, hibernate.c3p0.idle_test_period=3000, sun.cpu.isalist=, sun.jnu.encoding=UTF-8, hibernate.c3p0.min_size=5, java.class.path=/home/student/IdeaProjects/ProductionCountLogInterface/target/test-classes:/home/student/IdeaProjects/ProductionCountLogInterface/target/classes:/home/student/.m2/repository/org/junit/jupiter/junit-jupiter-engine/5.0.0/junit-jupiter-engine-5.0.0.jar:/home/student/.m2/repository/org/apiguardian/apiguardian-api/1.0.0/apiguardian-api-1.0.0.jar:/home/student/.m2/repository/org/junit/platform/junit-platform-engine/1.0.0/junit-platform-engine-1.0.0.jar:/home/student/.m2/repository/org/junit/platform/junit-platform-commons/1.0.0/junit-platform-commons-1.0.0.jar:/home/student/.m2/repository/org/opentest4j/opentest4j/1.0.0/opentest4j-1.0.0.jar:/home/student/.m2/repository/org/junit/jupiter/junit-jupiter-api/5.0.0/junit-jupiter-api-5.0.0.jar:/home/student/.m2/repository/junit/junit/4.12/junit-4.12.jar:/home/student/.m2/repository/org/hamcrest/hamcrest-core/1.3/hamcrest-core-1.3.jar:/home/student/.m2/repository/org/junit/platform/junit-platform-runner/1.0.0/junit-platform-runner-1.0.0.jar:/home/student/.m2/repository/org/junit/platform/junit-platform-launcher/1.0.0/junit-platform-launcher-1.0.0.jar:/home/student/.m2/repository/org/junit/platform/junit-platform-suite-api/1.0.0/junit-platform-suite-api-1.0.0.jar:/home/student/.m2/repository/org/junit/vintage/junit-vintage-engine/4.12.0/junit-vintage-engine-4.12.0.jar:/home/student/.m2/repository/javax/javaee-web-api/7.0/javaee-web-api-7.0.jar:/home/student/.m2/repository/org/apache/logging/log4j/log4j-api/2.10.0/log4j-api-2.10.0.jar:/home/student/.m2/repository/org/apache/logging/log4j/log4j-core/2.10.0/log4j-core-2.10.0.jar:/home/student/.m2/repository/org/hibernate/hibernate-core/5.2.12.Final/hibernate-core-5.2.12.Final.jar:/home/student/.m2/repository/org/jboss/logging/jboss-logging/3.3.0.Final/jboss-logging-3.3.0.Final.jar:/home/student/.m2/repository/org/hibernate/javax/persistence/hibernate-jpa-2.1-api/1.0.0.Final/hibernate-jpa-2.1-api-1.0.0.Final.jar:/home/student/.m2/repository/org/javassist/javassist/3.20.0-GA/javassist-3.20.0-GA.jar:/home/student/.m2/repository/antlr/antlr/2.7.7/antlr-2.7.7.jar:/home/student/.m2/repository/org/jboss/spec/javax/transaction/jboss-transaction-api_1.2_spec/1.0.1.Final/jboss-transaction-api_1.2_spec-1.0.1.Final.jar:/home/student/.m2/repository/org/jboss/jandex/2.0.3.Final/jandex-2.0.3.Final.jar:/home/student/.m2/repository/com/fasterxml/classmate/1.3.0/classmate-1.3.0.jar:/home/student/.m2/repository/dom4j/dom4j/1.6.1/dom4j-1.6.1.jar:/home/student/.m2/repository/org/hibernate/common/hibernate-commons-annotations/5.0.1.Final/hibernate-commons-annotations-5.0.1.Final.jar:/home/student/.m2/repository/org/hibernate/hibernate-c3p0/5.2.12.Final/hibernate-c3p0-5.2.12.Final.jar:/home/student/.m2/repository/com/mchange/c3p0/0.9.5.2/c3p0-0.9.5.2.jar:/home/student/.m2/repository/com/mchange/mchange-commons-java/0.2.11/mchange-commons-java-0.2.11.jar:/home/student/.m2/repository/mysql/mysql-connector-java/5.1.39/mysql-connector-java-5.1.39.jar:/home/student/.m2/repository/jstl/jstl/1.2/jstl-1.2.jar:/home/student/.m2/repository/com/charlesclark/customtags/customtags/1.0-SNAPSHOT/customtags-1.0-SNAPSHOT.jar:, java.vm.vendor=Oracle Corporation, sun.arch.data.model=64, java.vendor.url=http://java.oracle.com/, user.timezone=America/Chicago, os.name=Linux, java.vm.specification.version=1.8, user.country=US, sun.java.launcher=SUN_STANDARD, sun.boot.library.path=/usr/lib/jvm/java-8-oracle/jre/lib/amd64, sun.java.command=/home/student/IdeaProjects/ProductionCountLogInterface/target/surefire/surefirebooter302015340122164697.jar /home/student/IdeaProjects/ProductionCountLogInterface/target/surefire/surefire7856435476304141645tmp /home/student/IdeaProjects/ProductionCountLogInterface/target/surefire/surefire_02666064004514926285tmp, surefire.test.class.path=/home/student/IdeaProjects/ProductionCountLogInterface/target/test-classes:/home/student/IdeaProjects/ProductionCountLogInterface/target/classes:/home/student/.m2/repository/org/junit/jupiter/junit-jupiter-engine/5.0.0/junit-jupiter-engine-5.0.0.jar:/home/student/.m2/repository/org/apiguardian/apiguardian-api/1.0.0/apiguardian-api-1.0.0.jar:/home/student/.m2/repository/org/junit/platform/junit-platform-engine/1.0.0/junit-platform-engine-1.0.0.jar:/home/student/.m2/repository/org/junit/platform/junit-platform-commons/1.0.0/junit-platform-commons-1.0.0.jar:/home/student/.m2/repository/org/opentest4j/opentest4j/1.0.0/opentest4j-1.0.0.jar:/home/student/.m2/repository/org/junit/jupiter/junit-jupiter-api/5.0.0/junit-jupiter-api-5.0.0.jar:/home/student/.m2/repository/junit/junit/4.12/junit-4.12.jar:/home/student/.m2/repository/org/hamcrest/hamcrest-core/1.3/hamcrest-core-1.3.jar:/home/student/.m2/repository/org/junit/platform/junit-platform-runner/1.0.0/junit-platform-runner-1.0.0.jar:/home/student/.m2/repository/org/junit/platform/junit-platform-launcher/1.0.0/junit-platform-launcher-1.0.0.jar:/home/student/.m2/repository/org/junit/platform/junit-platform-suite-api/1.0.0/junit-platform-suite-api-1.0.0.jar:/home/student/.m2/repository/org/junit/vintage/junit-vintage-engine/4.12.0/junit-vintage-engine-4.12.0.jar:/home/student/.m2/repository/javax/javaee-web-api/7.0/javaee-web-api-7.0.jar:/home/student/.m2/repository/org/apache/logging/log4j/log4j-api/2.10.0/log4j-api-2.10.0.jar:/home/student/.m2/repository/org/apache/logging/log4j/log4j-core/2.10.0/log4j-core-2.10.0.jar:/home/student/.m2/repository/org/hibernate/hibernate-core/5.2.12.Final/hibernate-core-5.2.12.Final.jar:/home/student/.m2/repository/org/jboss/logging/jboss-logging/3.3.0.Final/jboss-logging-3.3.0.Final.jar:/home/student/.m2/repository/org/hibernate/javax/persistence/hibernate-jpa-2.1-api/1.0.0.Final/hibernate-jpa-2.1-api-1.0.0.Final.jar:/home/student/.m2/repository/org/javassist/javassist/3.20.0-GA/javassist-3.20.0-GA.jar:/home/student/.m2/repository/antlr/antlr/2.7.7/antlr-2.7.7.jar:/home/student/.m2/repository/org/jboss/spec/javax/transaction/jboss-transaction-api_1.2_spec/1.0.1.Final/jboss-transaction-api_1.2_spec-1.0.1.Final.jar:/home/student/.m2/repository/org/jboss/jandex/2.0.3.Final/jandex-2.0.3.Final.jar:/home/student/.m2/repository/com/fasterxml/classmate/1.3.0/classmate-1.3.0.jar:/home/student/.m2/repository/dom4j/dom4j/1.6.1/dom4j-1.6.1.jar:/home/student/.m2/repository/org/hibernate/common/hibernate-commons-annotations/5.0.1.Final/hibernate-commons-annotations-5.0.1.Final.jar:/home/student/.m2/repository/org/hibernate/hibernate-c3p0/5.2.12.Final/hibernate-c3p0-5.2.12.Final.jar:/home/student/.m2/repository/com/mchange/c3p0/0.9.5.2/c3p0-0.9.5.2.jar:/home/student/.m2/repository/com/mchange/mchange-commons-java/0.2.11/mchange-commons-java-0.2.11.jar:/home/student/.m2/repository/mysql/mysql-connector-java/5.1.39/mysql-connector-java-5.1.39.jar:/home/student/.m2/repository/jstl/jstl/1.2/jstl-1.2.jar:/home/student/.m2/repository/com/charlesclark/customtags/customtags/1.0-SNAPSHOT/customtags-1.0-SNAPSHOT.jar:, sun.cpu.endian=little, hibernate.c3p0.max_statements=50, user.home=/home/student, user.language=en, java.specification.vendor=Oracle Corporation, java.home=/usr/lib/jvm/java-8-oracle/jre, basedir=/home/student/IdeaProjects/ProductionCountLogInterface, file.separator=/, line.separator=
, hibernate.c3p0.timeout=300, java.vm.specification.vendor=Oracle Corporation, java.specification.name=Java Platform API Specification, java.awt.graphicsenv=sun.awt.X11GraphicsEnvironment, surefire.real.class.path=/home/student/IdeaProjects/ProductionCountLogInterface/target/surefire/surefirebooter302015340122164697.jar, sun.boot.class.path=/usr/lib/jvm/java-8-oracle/jre/lib/resources.jar:/usr/lib/jvm/java-8-oracle/jre/lib/rt.jar:/usr/lib/jvm/java-8-oracle/jre/lib/sunrsasign.jar:/usr/lib/jvm/java-8-oracle/jre/lib/jsse.jar:/usr/lib/jvm/java-8-oracle/jre/lib/jce.jar:/usr/lib/jvm/java-8-oracle/jre/lib/charsets.jar:/usr/lib/jvm/java-8-oracle/jre/lib/jfr.jar:/usr/lib/jvm/java-8-oracle/jre/classes, connection.password=student, sun.management.compiler=HotSpot 64-Bit Tiered Compilers, hibernate.c3p0.max_size=20, java.runtime.version=1.8.0_144-b01, user.name=student, path.separator=:, hibernate.connection.username=root, os.version=4.4.0-57-generic, java.endorsed.dirs=/usr/lib/jvm/java-8-oracle/jre/lib/endorsed, java.runtime.name=Java(TM) SE Runtime Environment, hibernate.connection.url=jdbc:mysql://localhost:3306/indieProject, file.encoding=UTF-8, java.vm.name=Java HotSpot(TM) 64-Bit Server VM, localRepository=/home/student/.m2/repository, hibernate.connection.driver_class=com.mysql.jdbc.Driver, java.vendor.url.bug=http://bugreport.sun.com/bugreport/, java.io.tmpdir=/tmp, idea.version=2017.3.5, java.version=1.8.0_144, user.dir=/home/student/IdeaProjects/ProductionCountLogInterface, os.arch=amd64, connection.username=root, java.vm.specification.name=Java Virtual Machine Specification, hibernate.connection.password=****, java.awt.printerjob=sun.print.PSPrinterJob, sun.os.patch.level=unknown, connection.driver_class=com.mysql.jdbc.Driver, hibernate.boot.CfgXmlAccessService.key=org.hibernate.boot.cfgxml.spi.LoadedConfig@6bc28a83, java.library.path=/usr/java/packages/lib/amd64:/usr/lib64:/lib64:/lib:/usr/lib, java.vm.info=mixed mode, java.vendor=Oracle Corporation, java.vm.version=25.144-b01, hibernate.bytecode.use_reflection_optimizer=false, java.ext.dirs=/usr/lib/jvm/java-8-oracle/jre/lib/ext:/usr/java/packages/lib/ext, sun.io.unicode.encoding=UnicodeLittle, connection.url=jdbc:mysql://localhost:3306/indieProject, java.class.version=52.0}
[DEBUG] 2018-10-18 19:24:28.148 [main] TypeSafeActivator - Unable to acquire Bean Validation ValidatorFactory, skipping activation
[DEBUG] 2018-10-18 19:24:28.149 [main] JaccIntegrator - Skipping JACC integration as it was not enabled
[DEBUG] 2018-10-18 19:24:28.150 [main] SessionFactoryImpl - Instantiated session factory
[DEBUG] 2018-10-18 19:24:28.188 [main] ClassLoaderAccessImpl - Not known whether passed class name [ProductionCountLog.entity.User] is safe
[DEBUG] 2018-10-18 19:24:28.189 [main] ClassLoaderAccessImpl - No temp ClassLoader provided; using live ClassLoader for loading potentially unsafe class : ProductionCountLog.entity.User
[DEBUG] 2018-10-18 19:24:28.221 [main] ClassLoaderAccessImpl - Not known whether passed class name [ProductionCountLog.entity.User] is safe
[DEBUG] 2018-10-18 19:24:28.222 [main] ClassLoaderAccessImpl - No temp ClassLoader provided; using live ClassLoader for loading potentially unsafe class : ProductionCountLog.entity.User
[DEBUG] 2018-10-18 19:24:28.332 [main] AbstractEntityPersister - Static SQL for entity: ProductionCountLog.entity.User
[DEBUG] 2018-10-18 19:24:28.333 [main] AbstractEntityPersister -  Version select: select id from user where id =?
[DEBUG] 2018-10-18 19:24:28.333 [main] AbstractEntityPersister -  Snapshot select: select user_.id, user_.credits as credits2_0_, user_.date as date3_0_, user_.downtime as downtime4_0_, user_.employee_id as employee5_0_, user_.first_name as first_na6_0_, user_.hours_worked as hours_wo7_0_, user_.last_name as last_nam8_0_, user_.machine_number as machine_9_0_, user_.product_name as product10_0_, user_.shift as shift11_0_, user_.total_parts as total_p12_0_ from user user_ where user_.id=?
[DEBUG] 2018-10-18 19:24:28.333 [main] AbstractEntityPersister -  Insert 0: insert into user (credits, date, downtime, employee_id, first_name, hours_worked, last_name, machine_number, product_name, shift, total_parts, id) values (?, ?, ?, ?, ?, ?, ?, ?, ?, ?, ?, ?)
[DEBUG] 2018-10-18 19:24:28.333 [main] AbstractEntityPersister -  Update 0: update user set credits=?, date=?, downtime=?, employee_id=?, first_name=?, hours_worked=?, last_name=?, machine_number=?, product_name=?, shift=?, total_parts=? where id=?
[DEBUG] 2018-10-18 19:24:28.334 [main] AbstractEntityPersister -  Delete 0: delete from user where id=?
[DEBUG] 2018-10-18 19:24:28.334 [main] AbstractEntityPersister -  Identity insert: insert into user (credits, date, downtime, employee_id, first_name, hours_worked, last_name, machine_number, product_name, shift, total_parts) values (?, ?, ?, ?, ?, ?, ?, ?, ?, ?, ?)
[DEBUG] 2018-10-18 19:24:28.352 [main] QuerySpacesImpl - Adding QuerySpace : uid = <gen:0> -> org.hibernate.loader.plan.build.internal.spaces.EntityQuerySpaceImpl@3c4bc9fc]
[DEBUG] 2018-10-18 19:24:28.354 [main] MetamodelGraphWalker - Visiting attribute path : credits
[DEBUG] 2018-10-18 19:24:28.354 [main] MetamodelGraphWalker - Visiting attribute path : date
[DEBUG] 2018-10-18 19:24:28.354 [main] MetamodelGraphWalker - Visiting attribute path : downtime
[DEBUG] 2018-10-18 19:24:28.354 [main] MetamodelGraphWalker - Visiting attribute path : employeeId
[DEBUG] 2018-10-18 19:24:28.354 [main] MetamodelGraphWalker - Visiting attribute path : firstName
[DEBUG] 2018-10-18 19:24:28.354 [main] MetamodelGraphWalker - Visiting attribute path : hoursWorked
[DEBUG] 2018-10-18 19:24:28.356 [main] MetamodelGraphWalker - Visiting attribute path : lastName
[DEBUG] 2018-10-18 19:24:28.356 [main] MetamodelGraphWalker - Visiting attribute path : machineNumber
[DEBUG] 2018-10-18 19:24:28.356 [main] MetamodelGraphWalker - Visiting attribute path : productName
[DEBUG] 2018-10-18 19:24:28.357 [main] MetamodelGraphWalker - Visiting attribute path : shift
[DEBUG] 2018-10-18 19:24:28.357 [main] MetamodelGraphWalker - Visiting attribute path : totalParts
[DEBUG] 2018-10-18 19:24:28.357 [main] FetchStyleLoadPlanBuildingAssociationVisitationStrategy - Building LoadPlan...
[DEBUG] 2018-10-18 19:24:28.374 [main] LoadQueryJoinAndFetchProcessor - processing queryspace <gen:0>
[DEBUG] 2018-10-18 19:24:28.377 [main] LoadPlanTreePrinter - LoadPlan(entity=ProductionCountLog.entity.User)
    - Returns
       - EntityReturnImpl(entity=ProductionCountLog.entity.User, querySpaceUid=<gen:0>, path=ProductionCountLog.entity.User)
    - QuerySpaces
       - EntityQuerySpaceImpl(uid=<gen:0>, entity=ProductionCountLog.entity.User)
          - SQL table alias mapping - user0_
          - alias suffix - 0_
          - suffixed key columns - {id1_0_0_}

[DEBUG] 2018-10-18 19:24:28.385 [main] EntityLoader - Static select for entity ProductionCountLog.entity.User [NONE]: select user0_.id as id1_0_0_, user0_.credits as credits2_0_0_, user0_.date as date3_0_0_, user0_.downtime as downtime4_0_0_, user0_.employee_id as employee5_0_0_, user0_.first_name as first_na6_0_0_, user0_.hours_worked as hours_wo7_0_0_, user0_.last_name as last_nam8_0_0_, user0_.machine_number as machine_9_0_0_, user0_.product_name as product10_0_0_, user0_.shift as shift11_0_0_, user0_.total_parts as total_p12_0_0_ from user user0_ where user0_.id=?
[DEBUG] 2018-10-18 19:24:28.385 [main] QuerySpacesImpl - Adding QuerySpace : uid = <gen:0> -> org.hibernate.loader.plan.build.internal.spaces.EntityQuerySpaceImpl@7f9e1534]
[DEBUG] 2018-10-18 19:24:28.385 [main] MetamodelGraphWalker - Visiting attribute path : credits
[DEBUG] 2018-10-18 19:24:28.385 [main] MetamodelGraphWalker - Visiting attribute path : date
[DEBUG] 2018-10-18 19:24:28.385 [main] MetamodelGraphWalker - Visiting attribute path : downtime
[DEBUG] 2018-10-18 19:24:28.386 [main] MetamodelGraphWalker - Visiting attribute path : employeeId
[DEBUG] 2018-10-18 19:24:28.386 [main] MetamodelGraphWalker - Visiting attribute path : firstName
[DEBUG] 2018-10-18 19:24:28.386 [main] MetamodelGraphWalker - Visiting attribute path : hoursWorked
[DEBUG] 2018-10-18 19:24:28.386 [main] MetamodelGraphWalker - Visiting attribute path : lastName
[DEBUG] 2018-10-18 19:24:28.392 [main] MetamodelGraphWalker - Visiting attribute path : machineNumber
[DEBUG] 2018-10-18 19:24:28.393 [main] MetamodelGraphWalker - Visiting attribute path : productName
[DEBUG] 2018-10-18 19:24:28.393 [main] MetamodelGraphWalker - Visiting attribute path : shift
[DEBUG] 2018-10-18 19:24:28.393 [main] MetamodelGraphWalker - Visiting attribute path : totalParts
[DEBUG] 2018-10-18 19:24:28.393 [main] FetchStyleLoadPlanBuildingAssociationVisitationStrategy - Building LoadPlan...
[DEBUG] 2018-10-18 19:24:28.393 [main] LoadQueryJoinAndFetchProcessor - processing queryspace <gen:0>
[DEBUG] 2018-10-18 19:24:28.393 [main] LoadPlanTreePrinter - LoadPlan(entity=ProductionCountLog.entity.User)
    - Returns
       - EntityReturnImpl(entity=ProductionCountLog.entity.User, querySpaceUid=<gen:0>, path=ProductionCountLog.entity.User)
    - QuerySpaces
       - EntityQuerySpaceImpl(uid=<gen:0>, entity=ProductionCountLog.entity.User)
          - SQL table alias mapping - user0_
          - alias suffix - 0_
          - suffixed key columns - {id1_0_0_}

[DEBUG] 2018-10-18 19:24:28.394 [main] EntityLoader - Static select for entity ProductionCountLog.entity.User [READ]: select user0_.id as id1_0_0_, user0_.credits as credits2_0_0_, user0_.date as date3_0_0_, user0_.downtime as downtime4_0_0_, user0_.employee_id as employee5_0_0_, user0_.first_name as first_na6_0_0_, user0_.hours_worked as hours_wo7_0_0_, user0_.last_name as last_nam8_0_0_, user0_.machine_number as machine_9_0_0_, user0_.product_name as product10_0_0_, user0_.shift as shift11_0_0_, user0_.total_parts as total_p12_0_0_ from user user0_ where user0_.id=?
[DEBUG] 2018-10-18 19:24:28.394 [main] QuerySpacesImpl - Adding QuerySpace : uid = <gen:0> -> org.hibernate.loader.plan.build.internal.spaces.EntityQuerySpaceImpl@81ff872]
[DEBUG] 2018-10-18 19:24:28.394 [main] MetamodelGraphWalker - Visiting attribute path : credits
[DEBUG] 2018-10-18 19:24:28.395 [main] MetamodelGraphWalker - Visiting attribute path : date
[DEBUG] 2018-10-18 19:24:28.395 [main] MetamodelGraphWalker - Visiting attribute path : downtime
[DEBUG] 2018-10-18 19:24:28.395 [main] MetamodelGraphWalker - Visiting attribute path : employeeId
[DEBUG] 2018-10-18 19:24:28.395 [main] MetamodelGraphWalker - Visiting attribute path : firstName
[DEBUG] 2018-10-18 19:24:28.395 [main] MetamodelGraphWalker - Visiting attribute path : hoursWorked
[DEBUG] 2018-10-18 19:24:28.395 [main] MetamodelGraphWalker - Visiting attribute path : lastName
[DEBUG] 2018-10-18 19:24:28.395 [main] MetamodelGraphWalker - Visiting attribute path : machineNumber
[DEBUG] 2018-10-18 19:24:28.395 [main] MetamodelGraphWalker - Visiting attribute path : productName
[DEBUG] 2018-10-18 19:24:28.395 [main] MetamodelGraphWalker - Visiting attribute path : shift
[DEBUG] 2018-10-18 19:24:28.395 [main] MetamodelGraphWalker - Visiting attribute path : totalParts
[DEBUG] 2018-10-18 19:24:28.395 [main] FetchStyleLoadPlanBuildingAssociationVisitationStrategy - Building LoadPlan...
[DEBUG] 2018-10-18 19:24:28.395 [main] LoadQueryJoinAndFetchProcessor - processing queryspace <gen:0>
[DEBUG] 2018-10-18 19:24:28.396 [main] LoadPlanTreePrinter - LoadPlan(entity=ProductionCountLog.entity.User)
    - Returns
       - EntityReturnImpl(entity=ProductionCountLog.entity.User, querySpaceUid=<gen:0>, path=ProductionCountLog.entity.User)
    - QuerySpaces
       - EntityQuerySpaceImpl(uid=<gen:0>, entity=ProductionCountLog.entity.User)
          - SQL table alias mapping - user0_
          - alias suffix - 0_
          - suffixed key columns - {id1_0_0_}

[DEBUG] 2018-10-18 19:24:28.396 [main] EntityLoader - Static select for entity ProductionCountLog.entity.User [UPGRADE]: select user0_.id as id1_0_0_, user0_.credits as credits2_0_0_, user0_.date as date3_0_0_, user0_.downtime as downtime4_0_0_, user0_.employee_id as employee5_0_0_, user0_.first_name as first_na6_0_0_, user0_.hours_worked as hours_wo7_0_0_, user0_.last_name as last_nam8_0_0_, user0_.machine_number as machine_9_0_0_, user0_.product_name as product10_0_0_, user0_.shift as shift11_0_0_, user0_.total_parts as total_p12_0_0_ from user user0_ where user0_.id=? for update
[DEBUG] 2018-10-18 19:24:28.396 [main] QuerySpacesImpl - Adding QuerySpace : uid = <gen:0> -> org.hibernate.loader.plan.build.internal.spaces.EntityQuerySpaceImpl@3e598df9]
[DEBUG] 2018-10-18 19:24:28.396 [main] MetamodelGraphWalker - Visiting attribute path : credits
[DEBUG] 2018-10-18 19:24:28.396 [main] MetamodelGraphWalker - Visiting attribute path : date
[DEBUG] 2018-10-18 19:24:28.396 [main] MetamodelGraphWalker - Visiting attribute path : downtime
[DEBUG] 2018-10-18 19:24:28.396 [main] MetamodelGraphWalker - Visiting attribute path : employeeId
[DEBUG] 2018-10-18 19:24:28.396 [main] MetamodelGraphWalker - Visiting attribute path : firstName
[DEBUG] 2018-10-18 19:24:28.396 [main] MetamodelGraphWalker - Visiting attribute path : hoursWorked
[DEBUG] 2018-10-18 19:24:28.396 [main] MetamodelGraphWalker - Visiting attribute path : lastName
[DEBUG] 2018-10-18 19:24:28.396 [main] MetamodelGraphWalker - Visiting attribute path : machineNumber
[DEBUG] 2018-10-18 19:24:28.396 [main] MetamodelGraphWalker - Visiting attribute path : productName
[DEBUG] 2018-10-18 19:24:28.396 [main] MetamodelGraphWalker - Visiting attribute path : shift
[DEBUG] 2018-10-18 19:24:28.396 [main] MetamodelGraphWalker - Visiting attribute path : totalParts
[DEBUG] 2018-10-18 19:24:28.397 [main] FetchStyleLoadPlanBuildingAssociationVisitationStrategy - Building LoadPlan...
[DEBUG] 2018-10-18 19:24:28.397 [main] LoadQueryJoinAndFetchProcessor - processing queryspace <gen:0>
[DEBUG] 2018-10-18 19:24:28.397 [main] LoadPlanTreePrinter - LoadPlan(entity=ProductionCountLog.entity.User)
    - Returns
       - EntityReturnImpl(entity=ProductionCountLog.entity.User, querySpaceUid=<gen:0>, path=ProductionCountLog.entity.User)
    - QuerySpaces
       - EntityQuerySpaceImpl(uid=<gen:0>, entity=ProductionCountLog.entity.User)
          - SQL table alias mapping - user0_
          - alias suffix - 0_
          - suffixed key columns - {id1_0_0_}

[DEBUG] 2018-10-18 19:24:28.397 [main] EntityLoader - Static select for entity ProductionCountLog.entity.User [UPGRADE_NOWAIT]: select user0_.id as id1_0_0_, user0_.credits as credits2_0_0_, user0_.date as date3_0_0_, user0_.downtime as downtime4_0_0_, user0_.employee_id as employee5_0_0_, user0_.first_name as first_na6_0_0_, user0_.hours_worked as hours_wo7_0_0_, user0_.last_name as last_nam8_0_0_, user0_.machine_number as machine_9_0_0_, user0_.product_name as product10_0_0_, user0_.shift as shift11_0_0_, user0_.total_parts as total_p12_0_0_ from user user0_ where user0_.id=? for update
[DEBUG] 2018-10-18 19:24:28.397 [main] QuerySpacesImpl - Adding QuerySpace : uid = <gen:0> -> org.hibernate.loader.plan.build.internal.spaces.EntityQuerySpaceImpl@99a65d3]
[DEBUG] 2018-10-18 19:24:28.398 [main] MetamodelGraphWalker - Visiting attribute path : credits
[DEBUG] 2018-10-18 19:24:28.398 [main] MetamodelGraphWalker - Visiting attribute path : date
[DEBUG] 2018-10-18 19:24:28.398 [main] MetamodelGraphWalker - Visiting attribute path : downtime
[DEBUG] 2018-10-18 19:24:28.398 [main] MetamodelGraphWalker - Visiting attribute path : employeeId
[DEBUG] 2018-10-18 19:24:28.398 [main] MetamodelGraphWalker - Visiting attribute path : firstName
[DEBUG] 2018-10-18 19:24:28.398 [main] MetamodelGraphWalker - Visiting attribute path : hoursWorked
[DEBUG] 2018-10-18 19:24:28.398 [main] MetamodelGraphWalker - Visiting attribute path : lastName
[DEBUG] 2018-10-18 19:24:28.398 [main] MetamodelGraphWalker - Visiting attribute path : machineNumber
[DEBUG] 2018-10-18 19:24:28.398 [main] MetamodelGraphWalker - Visiting attribute path : productName
[DEBUG] 2018-10-18 19:24:28.398 [main] MetamodelGraphWalker - Visiting attribute path : shift
[DEBUG] 2018-10-18 19:24:28.398 [main] MetamodelGraphWalker - Visiting attribute path : totalParts
[DEBUG] 2018-10-18 19:24:28.398 [main] FetchStyleLoadPlanBuildingAssociationVisitationStrategy - Building LoadPlan...
[DEBUG] 2018-10-18 19:24:28.399 [main] LoadQueryJoinAndFetchProcessor - processing queryspace <gen:0>
[DEBUG] 2018-10-18 19:24:28.399 [main] LoadPlanTreePrinter - LoadPlan(entity=ProductionCountLog.entity.User)
    - Returns
       - EntityReturnImpl(entity=ProductionCountLog.entity.User, querySpaceUid=<gen:0>, path=ProductionCountLog.entity.User)
    - QuerySpaces
       - EntityQuerySpaceImpl(uid=<gen:0>, entity=ProductionCountLog.entity.User)
          - SQL table alias mapping - user0_
          - alias suffix - 0_
          - suffixed key columns - {id1_0_0_}

[DEBUG] 2018-10-18 19:24:28.399 [main] EntityLoader - Static select for entity ProductionCountLog.entity.User [UPGRADE_SKIPLOCKED]: select user0_.id as id1_0_0_, user0_.credits as credits2_0_0_, user0_.date as date3_0_0_, user0_.downtime as downtime4_0_0_, user0_.employee_id as employee5_0_0_, user0_.first_name as first_na6_0_0_, user0_.hours_worked as hours_wo7_0_0_, user0_.last_name as last_nam8_0_0_, user0_.machine_number as machine_9_0_0_, user0_.product_name as product10_0_0_, user0_.shift as shift11_0_0_, user0_.total_parts as total_p12_0_0_ from user user0_ where user0_.id=? for update
[DEBUG] 2018-10-18 19:24:28.399 [main] QuerySpacesImpl - Adding QuerySpace : uid = <gen:0> -> org.hibernate.loader.plan.build.internal.spaces.EntityQuerySpaceImpl@42cc13a0]
[DEBUG] 2018-10-18 19:24:28.399 [main] MetamodelGraphWalker - Visiting attribute path : credits
[DEBUG] 2018-10-18 19:24:28.399 [main] MetamodelGraphWalker - Visiting attribute path : date
[DEBUG] 2018-10-18 19:24:28.399 [main] MetamodelGraphWalker - Visiting attribute path : downtime
[DEBUG] 2018-10-18 19:24:28.399 [main] MetamodelGraphWalker - Visiting attribute path : employeeId
[DEBUG] 2018-10-18 19:24:28.399 [main] MetamodelGraphWalker - Visiting attribute path : firstName
[DEBUG] 2018-10-18 19:24:28.399 [main] MetamodelGraphWalker - Visiting attribute path : hoursWorked
[DEBUG] 2018-10-18 19:24:28.399 [main] MetamodelGraphWalker - Visiting attribute path : lastName
[DEBUG] 2018-10-18 19:24:28.399 [main] MetamodelGraphWalker - Visiting attribute path : machineNumber
[DEBUG] 2018-10-18 19:24:28.399 [main] MetamodelGraphWalker - Visiting attribute path : productName
[DEBUG] 2018-10-18 19:24:28.399 [main] MetamodelGraphWalker - Visiting attribute path : shift
[DEBUG] 2018-10-18 19:24:28.399 [main] MetamodelGraphWalker - Visiting attribute path : totalParts
[DEBUG] 2018-10-18 19:24:28.401 [main] FetchStyleLoadPlanBuildingAssociationVisitationStrategy - Building LoadPlan...
[DEBUG] 2018-10-18 19:24:28.401 [main] LoadQueryJoinAndFetchProcessor - processing queryspace <gen:0>
[DEBUG] 2018-10-18 19:24:28.404 [main] LoadPlanTreePrinter - LoadPlan(entity=ProductionCountLog.entity.User)
    - Returns
       - EntityReturnImpl(entity=ProductionCountLog.entity.User, querySpaceUid=<gen:0>, path=ProductionCountLog.entity.User)
    - QuerySpaces
       - EntityQuerySpaceImpl(uid=<gen:0>, entity=ProductionCountLog.entity.User)
          - SQL table alias mapping - user0_
          - alias suffix - 0_
          - suffixed key columns - {id1_0_0_}

[DEBUG] 2018-10-18 19:24:28.404 [main] EntityLoader - Static select for entity ProductionCountLog.entity.User [FORCE]: select user0_.id as id1_0_0_, user0_.credits as credits2_0_0_, user0_.date as date3_0_0_, user0_.downtime as downtime4_0_0_, user0_.employee_id as employee5_0_0_, user0_.first_name as first_na6_0_0_, user0_.hours_worked as hours_wo7_0_0_, user0_.last_name as last_nam8_0_0_, user0_.machine_number as machine_9_0_0_, user0_.product_name as product10_0_0_, user0_.shift as shift11_0_0_, user0_.total_parts as total_p12_0_0_ from user user0_ where user0_.id=? for update
[DEBUG] 2018-10-18 19:24:28.405 [main] QuerySpacesImpl - Adding QuerySpace : uid = <gen:0> -> org.hibernate.loader.plan.build.internal.spaces.EntityQuerySpaceImpl@6813a331]
[DEBUG] 2018-10-18 19:24:28.405 [main] MetamodelGraphWalker - Visiting attribute path : credits
[DEBUG] 2018-10-18 19:24:28.405 [main] MetamodelGraphWalker - Visiting attribute path : date
[DEBUG] 2018-10-18 19:24:28.405 [main] MetamodelGraphWalker - Visiting attribute path : downtime
[DEBUG] 2018-10-18 19:24:28.405 [main] MetamodelGraphWalker - Visiting attribute path : employeeId
[DEBUG] 2018-10-18 19:24:28.405 [main] MetamodelGraphWalker - Visiting attribute path : firstName
[DEBUG] 2018-10-18 19:24:28.405 [main] MetamodelGraphWalker - Visiting attribute path : hoursWorked
[DEBUG] 2018-10-18 19:24:28.407 [main] MetamodelGraphWalker - Visiting attribute path : lastName
[DEBUG] 2018-10-18 19:24:28.407 [main] MetamodelGraphWalker - Visiting attribute path : machineNumber
[DEBUG] 2018-10-18 19:24:28.407 [main] MetamodelGraphWalker - Visiting attribute path : productName
[DEBUG] 2018-10-18 19:24:28.407 [main] MetamodelGraphWalker - Visiting attribute path : shift
[DEBUG] 2018-10-18 19:24:28.407 [main] MetamodelGraphWalker - Visiting attribute path : totalParts
[DEBUG] 2018-10-18 19:24:28.407 [main] FetchStyleLoadPlanBuildingAssociationVisitationStrategy - Building LoadPlan...
[DEBUG] 2018-10-18 19:24:28.408 [main] LoadQueryJoinAndFetchProcessor - processing queryspace <gen:0>
[DEBUG] 2018-10-18 19:24:28.408 [main] LoadPlanTreePrinter - LoadPlan(entity=ProductionCountLog.entity.User)
    - Returns
       - EntityReturnImpl(entity=ProductionCountLog.entity.User, querySpaceUid=<gen:0>, path=ProductionCountLog.entity.User)
    - QuerySpaces
       - EntityQuerySpaceImpl(uid=<gen:0>, entity=ProductionCountLog.entity.User)
          - SQL table alias mapping - user0_
          - alias suffix - 0_
          - suffixed key columns - {id1_0_0_}

[DEBUG] 2018-10-18 19:24:28.411 [main] EntityLoader - Static select for entity ProductionCountLog.entity.User [PESSIMISTIC_READ]: select user0_.id as id1_0_0_, user0_.credits as credits2_0_0_, user0_.date as date3_0_0_, user0_.downtime as downtime4_0_0_, user0_.employee_id as employee5_0_0_, user0_.first_name as first_na6_0_0_, user0_.hours_worked as hours_wo7_0_0_, user0_.last_name as last_nam8_0_0_, user0_.machine_number as machine_9_0_0_, user0_.product_name as product10_0_0_, user0_.shift as shift11_0_0_, user0_.total_parts as total_p12_0_0_ from user user0_ where user0_.id=? lock in share mode
[DEBUG] 2018-10-18 19:24:28.412 [main] QuerySpacesImpl - Adding QuerySpace : uid = <gen:0> -> org.hibernate.loader.plan.build.internal.spaces.EntityQuerySpaceImpl@39ab59f8]
[DEBUG] 2018-10-18 19:24:28.412 [main] MetamodelGraphWalker - Visiting attribute path : credits
[DEBUG] 2018-10-18 19:24:28.412 [main] MetamodelGraphWalker - Visiting attribute path : date
[DEBUG] 2018-10-18 19:24:28.412 [main] MetamodelGraphWalker - Visiting attribute path : downtime
[DEBUG] 2018-10-18 19:24:28.412 [main] MetamodelGraphWalker - Visiting attribute path : employeeId
[DEBUG] 2018-10-18 19:24:28.412 [main] MetamodelGraphWalker - Visiting attribute path : firstName
[DEBUG] 2018-10-18 19:24:28.412 [main] MetamodelGraphWalker - Visiting attribute path : hoursWorked
[DEBUG] 2018-10-18 19:24:28.412 [main] MetamodelGraphWalker - Visiting attribute path : lastName
[DEBUG] 2018-10-18 19:24:28.416 [main] MetamodelGraphWalker - Visiting attribute path : machineNumber
[DEBUG] 2018-10-18 19:24:28.416 [main] MetamodelGraphWalker - Visiting attribute path : productName
[DEBUG] 2018-10-18 19:24:28.416 [main] MetamodelGraphWalker - Visiting attribute path : shift
[DEBUG] 2018-10-18 19:24:28.416 [main] MetamodelGraphWalker - Visiting attribute path : totalParts
[DEBUG] 2018-10-18 19:24:28.416 [main] FetchStyleLoadPlanBuildingAssociationVisitationStrategy - Building LoadPlan...
[DEBUG] 2018-10-18 19:24:28.417 [main] LoadQueryJoinAndFetchProcessor - processing queryspace <gen:0>
[DEBUG] 2018-10-18 19:24:28.417 [main] LoadPlanTreePrinter - LoadPlan(entity=ProductionCountLog.entity.User)
    - Returns
       - EntityReturnImpl(entity=ProductionCountLog.entity.User, querySpaceUid=<gen:0>, path=ProductionCountLog.entity.User)
    - QuerySpaces
       - EntityQuerySpaceImpl(uid=<gen:0>, entity=ProductionCountLog.entity.User)
          - SQL table alias mapping - user0_
          - alias suffix - 0_
          - suffixed key columns - {id1_0_0_}

[DEBUG] 2018-10-18 19:24:28.417 [main] EntityLoader - Static select for entity ProductionCountLog.entity.User [PESSIMISTIC_WRITE]: select user0_.id as id1_0_0_, user0_.credits as credits2_0_0_, user0_.date as date3_0_0_, user0_.downtime as downtime4_0_0_, user0_.employee_id as employee5_0_0_, user0_.first_name as first_na6_0_0_, user0_.hours_worked as hours_wo7_0_0_, user0_.last_name as last_nam8_0_0_, user0_.machine_number as machine_9_0_0_, user0_.product_name as product10_0_0_, user0_.shift as shift11_0_0_, user0_.total_parts as total_p12_0_0_ from user user0_ where user0_.id=? for update
[DEBUG] 2018-10-18 19:24:28.417 [main] QuerySpacesImpl - Adding QuerySpace : uid = <gen:0> -> org.hibernate.loader.plan.build.internal.spaces.EntityQuerySpaceImpl@111610e6]
[DEBUG] 2018-10-18 19:24:28.417 [main] MetamodelGraphWalker - Visiting attribute path : credits
[DEBUG] 2018-10-18 19:24:28.417 [main] MetamodelGraphWalker - Visiting attribute path : date
[DEBUG] 2018-10-18 19:24:28.417 [main] MetamodelGraphWalker - Visiting attribute path : downtime
[DEBUG] 2018-10-18 19:24:28.417 [main] MetamodelGraphWalker - Visiting attribute path : employeeId
[DEBUG] 2018-10-18 19:24:28.417 [main] MetamodelGraphWalker - Visiting attribute path : firstName
[DEBUG] 2018-10-18 19:24:28.418 [main] MetamodelGraphWalker - Visiting attribute path : hoursWorked
[DEBUG] 2018-10-18 19:24:28.418 [main] MetamodelGraphWalker - Visiting attribute path : lastName
[DEBUG] 2018-10-18 19:24:28.418 [main] MetamodelGraphWalker - Visiting attribute path : machineNumber
[DEBUG] 2018-10-18 19:24:28.418 [main] MetamodelGraphWalker - Visiting attribute path : productName
[DEBUG] 2018-10-18 19:24:28.418 [main] MetamodelGraphWalker - Visiting attribute path : shift
[DEBUG] 2018-10-18 19:24:28.418 [main] MetamodelGraphWalker - Visiting attribute path : totalParts
[DEBUG] 2018-10-18 19:24:28.418 [main] FetchStyleLoadPlanBuildingAssociationVisitationStrategy - Building LoadPlan...
[DEBUG] 2018-10-18 19:24:28.418 [main] LoadQueryJoinAndFetchProcessor - processing queryspace <gen:0>
[DEBUG] 2018-10-18 19:24:28.418 [main] LoadPlanTreePrinter - LoadPlan(entity=ProductionCountLog.entity.User)
    - Returns
       - EntityReturnImpl(entity=ProductionCountLog.entity.User, querySpaceUid=<gen:0>, path=ProductionCountLog.entity.User)
    - QuerySpaces
       - EntityQuerySpaceImpl(uid=<gen:0>, entity=ProductionCountLog.entity.User)
          - SQL table alias mapping - user0_
          - alias suffix - 0_
          - suffixed key columns - {id1_0_0_}

[DEBUG] 2018-10-18 19:24:28.418 [main] EntityLoader - Static select for entity ProductionCountLog.entity.User [PESSIMISTIC_FORCE_INCREMENT]: select user0_.id as id1_0_0_, user0_.credits as credits2_0_0_, user0_.date as date3_0_0_, user0_.downtime as downtime4_0_0_, user0_.employee_id as employee5_0_0_, user0_.first_name as first_na6_0_0_, user0_.hours_worked as hours_wo7_0_0_, user0_.last_name as last_nam8_0_0_, user0_.machine_number as machine_9_0_0_, user0_.product_name as product10_0_0_, user0_.shift as shift11_0_0_, user0_.total_parts as total_p12_0_0_ from user user0_ where user0_.id=? for update
[DEBUG] 2018-10-18 19:24:28.418 [main] QuerySpacesImpl - Adding QuerySpace : uid = <gen:0> -> org.hibernate.loader.plan.build.internal.spaces.EntityQuerySpaceImpl@29d37757]
[DEBUG] 2018-10-18 19:24:28.418 [main] MetamodelGraphWalker - Visiting attribute path : credits
[DEBUG] 2018-10-18 19:24:28.418 [main] MetamodelGraphWalker - Visiting attribute path : date
[DEBUG] 2018-10-18 19:24:28.418 [main] MetamodelGraphWalker - Visiting attribute path : downtime
[DEBUG] 2018-10-18 19:24:28.418 [main] MetamodelGraphWalker - Visiting attribute path : employeeId
[DEBUG] 2018-10-18 19:24:28.419 [main] MetamodelGraphWalker - Visiting attribute path : firstName
[DEBUG] 2018-10-18 19:24:28.419 [main] MetamodelGraphWalker - Visiting attribute path : hoursWorked
[DEBUG] 2018-10-18 19:24:28.419 [main] MetamodelGraphWalker - Visiting attribute path : lastName
[DEBUG] 2018-10-18 19:24:28.419 [main] MetamodelGraphWalker - Visiting attribute path : machineNumber
[DEBUG] 2018-10-18 19:24:28.419 [main] MetamodelGraphWalker - Visiting attribute path : productName
[DEBUG] 2018-10-18 19:24:28.419 [main] MetamodelGraphWalker - Visiting attribute path : shift
[DEBUG] 2018-10-18 19:24:28.419 [main] MetamodelGraphWalker - Visiting attribute path : totalParts
[DEBUG] 2018-10-18 19:24:28.419 [main] FetchStyleLoadPlanBuildingAssociationVisitationStrategy - Building LoadPlan...
[DEBUG] 2018-10-18 19:24:28.419 [main] LoadQueryJoinAndFetchProcessor - processing queryspace <gen:0>
[DEBUG] 2018-10-18 19:24:28.419 [main] LoadPlanTreePrinter - LoadPlan(entity=ProductionCountLog.entity.User)
    - Returns
       - EntityReturnImpl(entity=ProductionCountLog.entity.User, querySpaceUid=<gen:0>, path=ProductionCountLog.entity.User)
    - QuerySpaces
       - EntityQuerySpaceImpl(uid=<gen:0>, entity=ProductionCountLog.entity.User)
          - SQL table alias mapping - user0_
          - alias suffix - 0_
          - suffixed key columns - {id1_0_0_}

[DEBUG] 2018-10-18 19:24:28.419 [main] EntityLoader - Static select for entity ProductionCountLog.entity.User [OPTIMISTIC]: select user0_.id as id1_0_0_, user0_.credits as credits2_0_0_, user0_.date as date3_0_0_, user0_.downtime as downtime4_0_0_, user0_.employee_id as employee5_0_0_, user0_.first_name as first_na6_0_0_, user0_.hours_worked as hours_wo7_0_0_, user0_.last_name as last_nam8_0_0_, user0_.machine_number as machine_9_0_0_, user0_.product_name as product10_0_0_, user0_.shift as shift11_0_0_, user0_.total_parts as total_p12_0_0_ from user user0_ where user0_.id=?
[DEBUG] 2018-10-18 19:24:28.419 [main] QuerySpacesImpl - Adding QuerySpace : uid = <gen:0> -> org.hibernate.loader.plan.build.internal.spaces.EntityQuerySpaceImpl@25cc7470]
[DEBUG] 2018-10-18 19:24:28.419 [main] MetamodelGraphWalker - Visiting attribute path : credits
[DEBUG] 2018-10-18 19:24:28.419 [main] MetamodelGraphWalker - Visiting attribute path : date
[DEBUG] 2018-10-18 19:24:28.419 [main] MetamodelGraphWalker - Visiting attribute path : downtime
[DEBUG] 2018-10-18 19:24:28.420 [main] MetamodelGraphWalker - Visiting attribute path : employeeId
[DEBUG] 2018-10-18 19:24:28.420 [main] MetamodelGraphWalker - Visiting attribute path : firstName
[DEBUG] 2018-10-18 19:24:28.420 [main] MetamodelGraphWalker - Visiting attribute path : hoursWorked
[DEBUG] 2018-10-18 19:24:28.420 [main] MetamodelGraphWalker - Visiting attribute path : lastName
[DEBUG] 2018-10-18 19:24:28.420 [main] MetamodelGraphWalker - Visiting attribute path : machineNumber
[DEBUG] 2018-10-18 19:24:28.420 [main] MetamodelGraphWalker - Visiting attribute path : productName
[DEBUG] 2018-10-18 19:24:28.420 [main] MetamodelGraphWalker - Visiting attribute path : shift
[DEBUG] 2018-10-18 19:24:28.420 [main] MetamodelGraphWalker - Visiting attribute path : totalParts
[DEBUG] 2018-10-18 19:24:28.420 [main] FetchStyleLoadPlanBuildingAssociationVisitationStrategy - Building LoadPlan...
[DEBUG] 2018-10-18 19:24:28.420 [main] LoadQueryJoinAndFetchProcessor - processing queryspace <gen:0>
[DEBUG] 2018-10-18 19:24:28.429 [main] LoadPlanTreePrinter - LoadPlan(entity=ProductionCountLog.entity.User)
    - Returns
       - EntityReturnImpl(entity=ProductionCountLog.entity.User, querySpaceUid=<gen:0>, path=ProductionCountLog.entity.User)
    - QuerySpaces
       - EntityQuerySpaceImpl(uid=<gen:0>, entity=ProductionCountLog.entity.User)
          - SQL table alias mapping - user0_
          - alias suffix - 0_
          - suffixed key columns - {id1_0_0_}

[DEBUG] 2018-10-18 19:24:28.430 [main] EntityLoader - Static select for entity ProductionCountLog.entity.User [OPTIMISTIC_FORCE_INCREMENT]: select user0_.id as id1_0_0_, user0_.credits as credits2_0_0_, user0_.date as date3_0_0_, user0_.downtime as downtime4_0_0_, user0_.employee_id as employee5_0_0_, user0_.first_name as first_na6_0_0_, user0_.hours_worked as hours_wo7_0_0_, user0_.last_name as last_nam8_0_0_, user0_.machine_number as machine_9_0_0_, user0_.product_name as product10_0_0_, user0_.shift as shift11_0_0_, user0_.total_parts as total_p12_0_0_ from user user0_ where user0_.id=?
[DEBUG] 2018-10-18 19:24:28.460 [main] Loader - Static select for action ACTION_MERGE on entity ProductionCountLog.entity.User: select user0_.id as id1_0_0_, user0_.credits as credits2_0_0_, user0_.date as date3_0_0_, user0_.downtime as downtime4_0_0_, user0_.employee_id as employee5_0_0_, user0_.first_name as first_na6_0_0_, user0_.hours_worked as hours_wo7_0_0_, user0_.last_name as last_nam8_0_0_, user0_.machine_number as machine_9_0_0_, user0_.product_name as product10_0_0_, user0_.shift as shift11_0_0_, user0_.total_parts as total_p12_0_0_ from user user0_ where user0_.id=?
[DEBUG] 2018-10-18 19:24:28.464 [main] Loader - Static select for action ACTION_REFRESH on entity ProductionCountLog.entity.User: select user0_.id as id1_0_0_, user0_.credits as credits2_0_0_, user0_.date as date3_0_0_, user0_.downtime as downtime4_0_0_, user0_.employee_id as employee5_0_0_, user0_.first_name as first_na6_0_0_, user0_.hours_worked as hours_wo7_0_0_, user0_.last_name as last_nam8_0_0_, user0_.machine_number as machine_9_0_0_, user0_.product_name as product10_0_0_, user0_.shift as shift11_0_0_, user0_.total_parts as total_p12_0_0_ from user user0_ where user0_.id=?
[DEBUG] 2018-10-18 19:24:28.516 [main] SchemaManagementToolCoordinator - No actions specified; doing nothing
[DEBUG] 2018-10-18 19:24:28.516 [main] JtaPlatformInitiator - No JtaPlatform was specified, checking resolver
[DEBUG] 2018-10-18 19:24:28.517 [main] JtaPlatformResolverInitiator - No JtaPlatformResolver was specified, using default [org.hibernate.engine.transaction.jta.platform.internal.StandardJtaPlatformResolver]
[DEBUG] 2018-10-18 19:24:28.527 [main] StandardJtaPlatformResolver - Could not resolve JtaPlatform, using default [org.hibernate.engine.transaction.jta.platform.internal.NoJtaPlatform]
[DEBUG] 2018-10-18 19:24:28.529 [main] NamedQueryRepository - Checking 0 named HQL queries
[DEBUG] 2018-10-18 19:24:28.529 [main] NamedQueryRepository - Checking 0 named SQL queries
[DEBUG] 2018-10-18 19:24:28.536 [main] SessionFactoryRegistry - Initializing SessionFactoryRegistry : org.hibernate.internal.SessionFactoryRegistry@4159e81b
[DEBUG] 2018-10-18 19:24:28.544 [main] SessionFactoryRegistry - Registering SessionFactory: 0deabf19-5652-4552-9b49-f9c8b0add40a (<unnamed>)
[DEBUG] 2018-10-18 19:24:28.544 [main] SessionFactoryRegistry - Not binding SessionFactory to JNDI, no JNDI name configured
[DEBUG] 2018-10-18 19:24:28.735 [main] StatisticsInitiator - Statistics initialized [enabled=false]
[DEBUG] 2018-10-18 19:24:28.850 [main] SQL - select user0_.id as id1_0_0_, user0_.credits as credits2_0_0_, user0_.date as date3_0_0_, user0_.downtime as downtime4_0_0_, user0_.employee_id as employee5_0_0_, user0_.first_name as first_na6_0_0_, user0_.hours_worked as hours_wo7_0_0_, user0_.last_name as last_nam8_0_0_, user0_.machine_number as machine_9_0_0_, user0_.product_name as product10_0_0_, user0_.shift as shift11_0_0_, user0_.total_parts as total_p12_0_0_ from user user0_ where user0_.id=?
[DEBUG] 2018-10-18 19:24:28.921 [main] ResultSetProcessorImpl - Starting ResultSet row #0
[DEBUG] 2018-10-18 19:24:28.926 [main] EntityReferenceInitializerImpl - On call to EntityIdentifierReaderImpl#resolve, EntityKey was already known; should only happen on root returns with an optional identifier specified
[DEBUG] 2018-10-18 19:24:28.947 [main] TwoPhaseLoad - Resolving associations for [ProductionCountLog.entity.User#1]
[DEBUG] 2018-10-18 19:24:28.952 [main] TwoPhaseLoad - Done materializing entity [ProductionCountLog.entity.User#1]
[DEBUG] 2018-10-18 19:24:28.953 [main] ResourceRegistryStandardImpl - HHH000387: ResultSet's statement was not registered
[DEBUG] 2018-10-18 19:24:28.954 [main] AbstractLoadPlanBasedEntityLoader - Done entity load : ProductionCountLog.entity.User#1
[DEBUG] 2018-10-18 19:24:28.954 [main] LogicalConnectionManagedImpl - Initiating JDBC connection release from afterTransaction
[DEBUG] 2018-10-18 19:24:28.964 [main] TransactionImpl - begin
[DEBUG] 2018-10-18 19:24:28.981 [main] TransactionImpl - committing
[DEBUG] 2018-10-18 19:24:28.983 [main] AbstractFlushingEventListener - Processing flush-time cascades
[DEBUG] 2018-10-18 19:24:28.983 [main] AbstractFlushingEventListener - Dirty checking collections
[DEBUG] 2018-10-18 19:24:28.989 [main] AbstractFlushingEventListener - Flushed: 0 insertions, 0 updates, 1 deletions to 1 objects
[DEBUG] 2018-10-18 19:24:28.989 [main] AbstractFlushingEventListener - Flushed: 0 (re)creations, 0 updates, 0 removals to 0 collections
[DEBUG] 2018-10-18 19:24:28.991 [main] EntityPrinter - Listing entities:
[DEBUG] 2018-10-18 19:24:28.992 [main] EntityPrinter - ProductionCountLog.entity.User{date=2018-10-14, downtime=0.25, firstName=Charles, lastName=Clark, totalParts=220.0, credits=0.5, machineNumber=2, shift=2, employeeId=123, id=1, hoursWorked=6.5, productName=213 Filters}
[DEBUG] 2018-10-18 19:24:29.009 [main] SQL - delete from user where id=?
[DEBUG] 2018-10-18 19:24:29.017 [main] LogicalConnectionManagedImpl - Initiating JDBC connection release from afterTransaction
[DEBUG] 2018-10-18 19:24:29.020 [main] LogicalConnectionManagedImpl - Initiating JDBC connection release from afterTransaction
[DEBUG] 2018-10-18 19:24:29.020 [main] JdbcCoordinatorImpl - HHH000420: Closing un-released batch
[DEBUG] 2018-10-18 19:24:29.021 [main] SQL - select user0_.id as id1_0_0_, user0_.credits as credits2_0_0_, user0_.date as date3_0_0_, user0_.downtime as downtime4_0_0_, user0_.employee_id as employee5_0_0_, user0_.first_name as first_na6_0_0_, user0_.hours_worked as hours_wo7_0_0_, user0_.last_name as last_nam8_0_0_, user0_.machine_number as machine_9_0_0_, user0_.product_name as product10_0_0_, user0_.shift as shift11_0_0_, user0_.total_parts as total_p12_0_0_ from user user0_ where user0_.id=?
[DEBUG] 2018-10-18 19:24:29.022 [main] ResourceRegistryStandardImpl - HHH000387: ResultSet's statement was not registered
[DEBUG] 2018-10-18 19:24:29.022 [main] AbstractLoadPlanBasedEntityLoader - Done entity load : ProductionCountLog.entity.User#1
[DEBUG] 2018-10-18 19:24:29.022 [main] LogicalConnectionManagedImpl - Initiating JDBC connection release from afterTransaction
[DEBUG] 2018-10-18 19:24:29.163 [main] CriteriaQueryImpl - Rendered criteria query -> select generatedAlias0 from User as generatedAlias0
[DEBUG] 2018-10-18 19:24:29.194 [main] QueryTranslatorFactoryInitiator - QueryTranslatorFactory : org.hibernate.hql.internal.ast.ASTQueryTranslatorFactory@248deced
[INFO ] 2018-10-18 19:24:29.194 [main] QueryTranslatorFactoryInitiator - HHH000397: Using ASTQueryTranslatorFactory
[DEBUG] 2018-10-18 19:24:29.253 [main] QueryTranslatorImpl - parse() - HQL: select generatedAlias0 from ProductionCountLog.entity.User as generatedAlias0
[DEBUG] 2018-10-18 19:24:29.266 [main] ErrorCounter - throwQueryException() : no errors
[DEBUG] 2018-10-18 19:24:29.271 [main] QueryTranslatorImpl - --- HQL AST ---
 \-[QUERY] Node: 'query'
    \-[SELECT_FROM] Node: 'SELECT_FROM'
       +-[FROM] Node: 'from'
       |  \-[RANGE] Node: 'RANGE'
       |     +-[DOT] Node: '.'
       |     |  +-[DOT] Node: '.'
       |     |  |  +-[IDENT] Node: 'ProductionCountLog'
       |     |  |  \-[IDENT] Node: 'entity'
       |     |  \-[IDENT] Node: 'User'
       |     \-[ALIAS] Node: 'generatedAlias0'
       \-[SELECT] Node: 'select'
          \-[IDENT] Node: 'generatedAlias0'

[DEBUG] 2018-10-18 19:24:29.323 [main] HqlSqlBaseWalker - select << begin [level=1, statement=select]
[DEBUG] 2018-10-18 19:24:29.362 [main] FromElement - FromClause{level=1} : ProductionCountLog.entity.User (generatedAlias0) -> user0_
[DEBUG] 2018-10-18 19:24:29.365 [main] FromReferenceNode - Resolved : generatedAlias0 -> user0_.id
[DEBUG] 2018-10-18 19:24:29.366 [main] HqlSqlBaseWalker - select : finishing up [level=1, statement=select]
[DEBUG] 2018-10-18 19:24:29.366 [main] HqlSqlWalker - processQuery() :  ( SELECT ( {select clause} user0_.id ) ( FromClause{level=1} user user0_ ) )
[DEBUG] 2018-10-18 19:24:29.385 [main] JoinProcessor - Using FROM fragment [user user0_]
[DEBUG] 2018-10-18 19:24:29.386 [main] HqlSqlBaseWalker - select >> end [level=1, statement=select]
[DEBUG] 2018-10-18 19:24:29.390 [main] QueryTranslatorImpl - --- SQL AST ---
 \-[SELECT] QueryNode: 'SELECT'  querySpaces (user)
    +-[SELECT_CLAUSE] SelectClause: '{select clause}'
    |  +-[ALIAS_REF] IdentNode: 'user0_.id as id1_0_' {alias=generatedAlias0, className=ProductionCountLog.entity.User, tableAlias=user0_}
    |  \-[SQL_TOKEN] SqlFragment: 'user0_.credits as credits2_0_, user0_.date as date3_0_, user0_.downtime as downtime4_0_, user0_.employee_id as employee5_0_, user0_.first_name as first_na6_0_, user0_.hours_worked as hours_wo7_0_, user0_.last_name as last_nam8_0_, user0_.machine_number as machine_9_0_, user0_.product_name as product10_0_, user0_.shift as shift11_0_, user0_.total_parts as total_p12_0_'
    \-[FROM] FromClause: 'from' FromClause{level=1, fromElementCounter=1, fromElements=1, fromElementByClassAlias=[generatedAlias0], fromElementByTableAlias=[user0_], fromElementsByPath=[], collectionJoinFromElementsByPath=[], impliedElements=[]}
       \-[FROM_FRAGMENT] FromElement: 'user user0_' FromElement{explicit,not a collection join,not a fetch join,fetch non-lazy properties,classAlias=generatedAlias0,role=null,tableName=user,tableAlias=user0_,origin=null,columns={,className=ProductionCountLog.entity.User}}

[DEBUG] 2018-10-18 19:24:29.390 [main] ErrorCounter - throwQueryException() : no errors
[DEBUG] 2018-10-18 19:24:29.407 [main] QueryTranslatorImpl - HQL: select generatedAlias0 from ProductionCountLog.entity.User as generatedAlias0
[DEBUG] 2018-10-18 19:24:29.407 [main] QueryTranslatorImpl - SQL: select user0_.id as id1_0_, user0_.credits as credits2_0_, user0_.date as date3_0_, user0_.downtime as downtime4_0_, user0_.employee_id as employee5_0_, user0_.first_name as first_na6_0_, user0_.hours_worked as hours_wo7_0_, user0_.last_name as last_nam8_0_, user0_.machine_number as machine_9_0_, user0_.product_name as product10_0_, user0_.shift as shift11_0_, user0_.total_parts as total_p12_0_ from user user0_
[DEBUG] 2018-10-18 19:24:29.407 [main] ErrorCounter - throwQueryException() : no errors
[DEBUG] 2018-10-18 19:24:29.513 [main] SQL - select user0_.id as id1_0_, user0_.credits as credits2_0_, user0_.date as date3_0_, user0_.downtime as downtime4_0_, user0_.employee_id as employee5_0_, user0_.first_name as first_na6_0_, user0_.hours_worked as hours_wo7_0_, user0_.last_name as last_nam8_0_, user0_.machine_number as machine_9_0_, user0_.product_name as product10_0_, user0_.shift as shift11_0_, user0_.total_parts as total_p12_0_ from user user0_
[DEBUG] 2018-10-18 19:24:29.518 [main] Loader - Result set row: 0
[DEBUG] 2018-10-18 19:24:29.520 [main] Loader - Result row: EntityKey[ProductionCountLog.entity.User#1]
[DEBUG] 2018-10-18 19:24:29.523 [main] TwoPhaseLoad - Resolving associations for [ProductionCountLog.entity.User#1]
[DEBUG] 2018-10-18 19:24:29.523 [main] TwoPhaseLoad - Done materializing entity [ProductionCountLog.entity.User#1]
[DEBUG] 2018-10-18 19:24:29.539 [main] LogicalConnectionManagedImpl - Initiating JDBC connection release from afterTransaction
[DEBUG] 2018-10-18 19:24:29.575 [main] CriteriaQueryImpl - Rendered criteria query -> select generatedAlias0 from User as generatedAlias0 where generatedAlias0.lastName like :param0
[DEBUG] 2018-10-18 19:24:29.578 [main] QueryTranslatorImpl - parse() - HQL: select generatedAlias0 from ProductionCountLog.entity.User as generatedAlias0 where generatedAlias0.lastName like :param0
[DEBUG] 2018-10-18 19:24:29.582 [main] ErrorCounter - throwQueryException() : no errors
[DEBUG] 2018-10-18 19:24:29.585 [main] QueryTranslatorImpl - --- HQL AST ---
 \-[QUERY] Node: 'query'
    +-[SELECT_FROM] Node: 'SELECT_FROM'
    |  +-[FROM] Node: 'from'
    |  |  \-[RANGE] Node: 'RANGE'
    |  |     +-[DOT] Node: '.'
    |  |     |  +-[DOT] Node: '.'
    |  |     |  |  +-[IDENT] Node: 'ProductionCountLog'
    |  |     |  |  \-[IDENT] Node: 'entity'
    |  |     |  \-[IDENT] Node: 'User'
    |  |     \-[ALIAS] Node: 'generatedAlias0'
    |  \-[SELECT] Node: 'select'
    |     \-[IDENT] Node: 'generatedAlias0'
    \-[WHERE] Node: 'where'
       \-[LIKE] Node: 'like'
          +-[DOT] Node: '.'
          |  +-[IDENT] Node: 'generatedAlias0'
          |  \-[IDENT] Node: 'lastName'
          \-[COLON] Node: ':'
             \-[IDENT] Node: 'param0'

[DEBUG] 2018-10-18 19:24:29.585 [main] HqlSqlBaseWalker - select << begin [level=1, statement=select]
[DEBUG] 2018-10-18 19:24:29.586 [main] FromElement - FromClause{level=1} : ProductionCountLog.entity.User (generatedAlias0) -> user0_
[DEBUG] 2018-10-18 19:24:29.586 [main] FromReferenceNode - Resolved : generatedAlias0 -> user0_.id
[DEBUG] 2018-10-18 19:24:29.587 [main] FromReferenceNode - Resolved : generatedAlias0 -> user0_.id
[DEBUG] 2018-10-18 19:24:29.591 [main] DotNode - getDataType() : lastName -> org.hibernate.type.StringType@4e31276e
[DEBUG] 2018-10-18 19:24:29.591 [main] FromReferenceNode - Resolved : generatedAlias0.lastName -> user0_.last_name
[DEBUG] 2018-10-18 19:24:29.592 [main] HqlSqlBaseWalker - select : finishing up [level=1, statement=select]
[DEBUG] 2018-10-18 19:24:29.592 [main] HqlSqlWalker - processQuery() :  ( SELECT ( {select clause} user0_.id ) ( FromClause{level=1} user user0_ ) ( where ( like ( user0_.last_name user0_.id lastName ) ? ) ) )
[DEBUG] 2018-10-18 19:24:29.593 [main] JoinProcessor - Using FROM fragment [user user0_]
[DEBUG] 2018-10-18 19:24:29.596 [main] HqlSqlBaseWalker - select >> end [level=1, statement=select]
[DEBUG] 2018-10-18 19:24:29.598 [main] QueryTranslatorImpl - --- SQL AST ---
 \-[SELECT] QueryNode: 'SELECT'  querySpaces (user)
    +-[SELECT_CLAUSE] SelectClause: '{select clause}'
    |  +-[ALIAS_REF] IdentNode: 'user0_.id as id1_0_' {alias=generatedAlias0, className=ProductionCountLog.entity.User, tableAlias=user0_}
    |  \-[SQL_TOKEN] SqlFragment: 'user0_.credits as credits2_0_, user0_.date as date3_0_, user0_.downtime as downtime4_0_, user0_.employee_id as employee5_0_, user0_.first_name as first_na6_0_, user0_.hours_worked as hours_wo7_0_, user0_.last_name as last_nam8_0_, user0_.machine_number as machine_9_0_, user0_.product_name as product10_0_, user0_.shift as shift11_0_, user0_.total_parts as total_p12_0_'
    +-[FROM] FromClause: 'from' FromClause{level=1, fromElementCounter=1, fromElements=1, fromElementByClassAlias=[generatedAlias0], fromElementByTableAlias=[user0_], fromElementsByPath=[], collectionJoinFromElementsByPath=[], impliedElements=[]}
    |  \-[FROM_FRAGMENT] FromElement: 'user user0_' FromElement{explicit,not a collection join,not a fetch join,fetch non-lazy properties,classAlias=generatedAlias0,role=null,tableName=user,tableAlias=user0_,origin=null,columns={,className=ProductionCountLog.entity.User}}
    \-[WHERE] SqlNode: 'where'
       \-[LIKE] BinaryLogicOperatorNode: 'like'
          +-[DOT] DotNode: 'user0_.last_name' {propertyName=lastName,dereferenceType=PRIMITIVE,getPropertyPath=lastName,path=generatedAlias0.lastName,tableAlias=user0_,className=ProductionCountLog.entity.User,classAlias=generatedAlias0}
          |  +-[ALIAS_REF] IdentNode: 'user0_.id' {alias=generatedAlias0, className=ProductionCountLog.entity.User, tableAlias=user0_}
          |  \-[IDENT] IdentNode: 'lastName' {originalText=lastName}
          \-[NAMED_PARAM] ParameterNode: '?' {name=param0, expectedType=org.hibernate.type.StringType@4e31276e}

[DEBUG] 2018-10-18 19:24:29.598 [main] ErrorCounter - throwQueryException() : no errors
[DEBUG] 2018-10-18 19:24:29.600 [main] QueryTranslatorImpl - HQL: select generatedAlias0 from ProductionCountLog.entity.User as generatedAlias0 where generatedAlias0.lastName like :param0
[DEBUG] 2018-10-18 19:24:29.600 [main] QueryTranslatorImpl - SQL: select user0_.id as id1_0_, user0_.credits as credits2_0_, user0_.date as date3_0_, user0_.downtime as downtime4_0_, user0_.employee_id as employee5_0_, user0_.first_name as first_na6_0_, user0_.hours_worked as hours_wo7_0_, user0_.last_name as last_nam8_0_, user0_.machine_number as machine_9_0_, user0_.product_name as product10_0_, user0_.shift as shift11_0_, user0_.total_parts as total_p12_0_ from user user0_ where user0_.last_name like ?
[DEBUG] 2018-10-18 19:24:29.601 [main] ErrorCounter - throwQueryException() : no errors
[DEBUG] 2018-10-18 19:24:29.609 [main] SQL - select user0_.id as id1_0_, user0_.credits as credits2_0_, user0_.date as date3_0_, user0_.downtime as downtime4_0_, user0_.employee_id as employee5_0_, user0_.first_name as first_na6_0_, user0_.hours_worked as hours_wo7_0_, user0_.last_name as last_nam8_0_, user0_.machine_number as machine_9_0_, user0_.product_name as product10_0_, user0_.shift as shift11_0_, user0_.total_parts as total_p12_0_ from user user0_ where user0_.last_name like ?
[DEBUG] 2018-10-18 19:24:29.612 [main] Loader - Result set row: 0
[DEBUG] 2018-10-18 19:24:29.613 [main] Loader - Result row: EntityKey[ProductionCountLog.entity.User#1]
[DEBUG] 2018-10-18 19:24:29.614 [main] TwoPhaseLoad - Resolving associations for [ProductionCountLog.entity.User#1]
[DEBUG] 2018-10-18 19:24:29.614 [main] TwoPhaseLoad - Done materializing entity [ProductionCountLog.entity.User#1]
[DEBUG] 2018-10-18 19:24:29.614 [main] LogicalConnectionManagedImpl - Initiating JDBC connection release from afterTransaction
[DEBUG] 2018-10-18 19:24:29.647 [main] CriteriaQueryImpl - Rendered criteria query -> select generatedAlias0 from User as generatedAlias0 where generatedAlias0.lastName like :param0
[DEBUG] 2018-10-18 19:24:29.650 [main] SQL - select user0_.id as id1_0_, user0_.credits as credits2_0_, user0_.date as date3_0_, user0_.downtime as downtime4_0_, user0_.employee_id as employee5_0_, user0_.first_name as first_na6_0_, user0_.hours_worked as hours_wo7_0_, user0_.last_name as last_nam8_0_, user0_.machine_number as machine_9_0_, user0_.product_name as product10_0_, user0_.shift as shift11_0_, user0_.total_parts as total_p12_0_ from user user0_ where user0_.last_name like ?
[DEBUG] 2018-10-18 19:24:29.655 [main] Loader - Result set row: 0
[DEBUG] 2018-10-18 19:24:29.656 [main] Loader - Result row: EntityKey[ProductionCountLog.entity.User#1]
[DEBUG] 2018-10-18 19:24:29.656 [main] TwoPhaseLoad - Resolving associations for [ProductionCountLog.entity.User#1]
[DEBUG] 2018-10-18 19:24:29.656 [main] TwoPhaseLoad - Done materializing entity [ProductionCountLog.entity.User#1]
[DEBUG] 2018-10-18 19:24:29.656 [main] LogicalConnectionManagedImpl - Initiating JDBC connection release from afterTransaction
[DEBUG] 2018-10-18 19:24:29.680 [main] SQL - select user0_.id as id1_0_0_, user0_.credits as credits2_0_0_, user0_.date as date3_0_0_, user0_.downtime as downtime4_0_0_, user0_.employee_id as employee5_0_0_, user0_.first_name as first_na6_0_0_, user0_.hours_worked as hours_wo7_0_0_, user0_.last_name as last_nam8_0_0_, user0_.machine_number as machine_9_0_0_, user0_.product_name as product10_0_0_, user0_.shift as shift11_0_0_, user0_.total_parts as total_p12_0_0_ from user user0_ where user0_.id=?
[DEBUG] 2018-10-18 19:24:29.685 [main] ResultSetProcessorImpl - Starting ResultSet row #0
[DEBUG] 2018-10-18 19:24:29.685 [main] EntityReferenceInitializerImpl - On call to EntityIdentifierReaderImpl#resolve, EntityKey was already known; should only happen on root returns with an optional identifier specified
[DEBUG] 2018-10-18 19:24:29.686 [main] TwoPhaseLoad - Resolving associations for [ProductionCountLog.entity.User#1]
[DEBUG] 2018-10-18 19:24:29.686 [main] TwoPhaseLoad - Done materializing entity [ProductionCountLog.entity.User#1]
[DEBUG] 2018-10-18 19:24:29.686 [main] ResourceRegistryStandardImpl - HHH000387: ResultSet's statement was not registered
[DEBUG] 2018-10-18 19:24:29.686 [main] AbstractLoadPlanBasedEntityLoader - Done entity load : ProductionCountLog.entity.User#1
[DEBUG] 2018-10-18 19:24:29.686 [main] LogicalConnectionManagedImpl - Initiating JDBC connection release from afterTransaction
