[DEBUG] 2018-10-16 20:49:26.068 [main] IntegratorServiceImpl - Adding Integrator [org.hibernate.cfg.beanvalidation.BeanValidationIntegrator].
[DEBUG] 2018-10-16 20:49:26.075 [main] IntegratorServiceImpl - Adding Integrator [org.hibernate.secure.spi.JaccIntegrator].
[DEBUG] 2018-10-16 20:49:26.079 [main] IntegratorServiceImpl - Adding Integrator [org.hibernate.cache.internal.CollectionCacheInvalidator].
[INFO ] 2018-10-16 20:49:26.211 [main] Version - HHH000412: Hibernate Core {5.2.12.Final}
[INFO ] 2018-10-16 20:49:26.212 [main] Environment - HHH000206: hibernate.properties not found
[DEBUG] 2018-10-16 20:49:26.274 [main] LocalXmlResourceResolver - Interpreting public/system identifier : [-//Hibernate/Hibernate Configuration DTD//EN] - [http://www.hibernate.org/dtd/hibernate-configuration-3.0.dtd]
[DEBUG] 2018-10-16 20:49:26.282 [main] LocalXmlResourceResolver - Recognized hibernate-configuration identifier; attempting to resolve on classpath under org/hibernate/
[DEBUG] 2018-10-16 20:49:26.304 [main] JaxbCfgProcessor - cfg.xml document did not define namespaces; wrapping in custom event reader to introduce namespace information
[DEBUG] 2018-10-16 20:49:26.725 [main] ServiceBinding - Overriding existing service binding [org.hibernate.secure.spi.JaccService]
[DEBUG] 2018-10-16 20:49:26.780 [main] RegionFactoryInitiator - Cache region factory : org.hibernate.cache.internal.NoCachingRegionFactory
[INFO ] 2018-10-16 20:49:26.803 [main] Version - HCANN000001: Hibernate Commons Annotations {5.0.1.Final}
[DEBUG] 2018-10-16 20:49:26.836 [main] BasicTypeRegistry - Adding type registration boolean -> org.hibernate.type.BooleanType@389c4eb1
[DEBUG] 2018-10-16 20:49:26.836 [main] BasicTypeRegistry - Adding type registration boolean -> org.hibernate.type.BooleanType@389c4eb1
[DEBUG] 2018-10-16 20:49:26.836 [main] BasicTypeRegistry - Adding type registration java.lang.Boolean -> org.hibernate.type.BooleanType@389c4eb1
[DEBUG] 2018-10-16 20:49:26.840 [main] BasicTypeRegistry - Adding type registration numeric_boolean -> org.hibernate.type.NumericBooleanType@127a7a2e
[DEBUG] 2018-10-16 20:49:26.842 [main] BasicTypeRegistry - Adding type registration true_false -> org.hibernate.type.TrueFalseType@135606db
[DEBUG] 2018-10-16 20:49:26.847 [main] BasicTypeRegistry - Adding type registration yes_no -> org.hibernate.type.YesNoType@4f74980d
[DEBUG] 2018-10-16 20:49:26.850 [main] BasicTypeRegistry - Adding type registration byte -> org.hibernate.type.ByteType@68f1b17f
[DEBUG] 2018-10-16 20:49:26.850 [main] BasicTypeRegistry - Adding type registration byte -> org.hibernate.type.ByteType@68f1b17f
[DEBUG] 2018-10-16 20:49:26.850 [main] BasicTypeRegistry - Adding type registration java.lang.Byte -> org.hibernate.type.ByteType@68f1b17f
[DEBUG] 2018-10-16 20:49:26.854 [main] BasicTypeRegistry - Adding type registration character -> org.hibernate.type.CharacterType@398dada8
[DEBUG] 2018-10-16 20:49:26.854 [main] BasicTypeRegistry - Adding type registration char -> org.hibernate.type.CharacterType@398dada8
[DEBUG] 2018-10-16 20:49:26.855 [main] BasicTypeRegistry - Adding type registration java.lang.Character -> org.hibernate.type.CharacterType@398dada8
[DEBUG] 2018-10-16 20:49:26.856 [main] BasicTypeRegistry - Adding type registration short -> org.hibernate.type.ShortType@2049a9c1
[DEBUG] 2018-10-16 20:49:26.856 [main] BasicTypeRegistry - Adding type registration short -> org.hibernate.type.ShortType@2049a9c1
[DEBUG] 2018-10-16 20:49:26.856 [main] BasicTypeRegistry - Adding type registration java.lang.Short -> org.hibernate.type.ShortType@2049a9c1
[DEBUG] 2018-10-16 20:49:26.860 [main] BasicTypeRegistry - Adding type registration integer -> org.hibernate.type.IntegerType@5495333e
[DEBUG] 2018-10-16 20:49:26.860 [main] BasicTypeRegistry - Adding type registration int -> org.hibernate.type.IntegerType@5495333e
[DEBUG] 2018-10-16 20:49:26.861 [main] BasicTypeRegistry - Adding type registration java.lang.Integer -> org.hibernate.type.IntegerType@5495333e
[DEBUG] 2018-10-16 20:49:26.862 [main] BasicTypeRegistry - Adding type registration long -> org.hibernate.type.LongType@67b9b51a
[DEBUG] 2018-10-16 20:49:26.864 [main] BasicTypeRegistry - Adding type registration long -> org.hibernate.type.LongType@67b9b51a
[DEBUG] 2018-10-16 20:49:26.864 [main] BasicTypeRegistry - Adding type registration java.lang.Long -> org.hibernate.type.LongType@67b9b51a
[DEBUG] 2018-10-16 20:49:26.869 [main] BasicTypeRegistry - Adding type registration float -> org.hibernate.type.FloatType@28d18df5
[DEBUG] 2018-10-16 20:49:26.869 [main] BasicTypeRegistry - Adding type registration float -> org.hibernate.type.FloatType@28d18df5
[DEBUG] 2018-10-16 20:49:26.869 [main] BasicTypeRegistry - Adding type registration java.lang.Float -> org.hibernate.type.FloatType@28d18df5
[DEBUG] 2018-10-16 20:49:26.872 [main] BasicTypeRegistry - Adding type registration double -> org.hibernate.type.DoubleType@1fd14d74
[DEBUG] 2018-10-16 20:49:26.872 [main] BasicTypeRegistry - Adding type registration double -> org.hibernate.type.DoubleType@1fd14d74
[DEBUG] 2018-10-16 20:49:26.872 [main] BasicTypeRegistry - Adding type registration java.lang.Double -> org.hibernate.type.DoubleType@1fd14d74
[DEBUG] 2018-10-16 20:49:26.873 [main] BasicTypeRegistry - Adding type registration big_decimal -> org.hibernate.type.BigDecimalType@5cdec700
[DEBUG] 2018-10-16 20:49:26.874 [main] BasicTypeRegistry - Adding type registration java.math.BigDecimal -> org.hibernate.type.BigDecimalType@5cdec700
[DEBUG] 2018-10-16 20:49:26.874 [main] BasicTypeRegistry - Adding type registration big_integer -> org.hibernate.type.BigIntegerType@4b7dc788
[DEBUG] 2018-10-16 20:49:26.874 [main] BasicTypeRegistry - Adding type registration java.math.BigInteger -> org.hibernate.type.BigIntegerType@4b7dc788
[DEBUG] 2018-10-16 20:49:26.877 [main] BasicTypeRegistry - Adding type registration string -> org.hibernate.type.StringType@4e31276e
[DEBUG] 2018-10-16 20:49:26.877 [main] BasicTypeRegistry - Adding type registration java.lang.String -> org.hibernate.type.StringType@4e31276e
[DEBUG] 2018-10-16 20:49:26.878 [main] BasicTypeRegistry - Adding type registration nstring -> org.hibernate.type.StringNVarcharType@5117dd67
[DEBUG] 2018-10-16 20:49:26.878 [main] BasicTypeRegistry - Adding type registration ncharacter -> org.hibernate.type.CharacterNCharType@662706a7
[DEBUG] 2018-10-16 20:49:26.879 [main] BasicTypeRegistry - Adding type registration url -> org.hibernate.type.UrlType@c7045b9
[DEBUG] 2018-10-16 20:49:26.879 [main] BasicTypeRegistry - Adding type registration java.net.URL -> org.hibernate.type.UrlType@c7045b9
[DEBUG] 2018-10-16 20:49:26.880 [main] BasicTypeRegistry - Adding type registration Duration -> org.hibernate.type.DurationType@7e19ebf0
[DEBUG] 2018-10-16 20:49:26.880 [main] BasicTypeRegistry - Adding type registration java.time.Duration -> org.hibernate.type.DurationType@7e19ebf0
[DEBUG] 2018-10-16 20:49:26.901 [main] BasicTypeRegistry - Adding type registration Instant -> org.hibernate.type.InstantType@6bf08014
[DEBUG] 2018-10-16 20:49:26.901 [main] BasicTypeRegistry - Adding type registration java.time.Instant -> org.hibernate.type.InstantType@6bf08014
[DEBUG] 2018-10-16 20:49:26.903 [main] BasicTypeRegistry - Adding type registration LocalDateTime -> org.hibernate.type.LocalDateTimeType@5a5338df
[DEBUG] 2018-10-16 20:49:26.905 [main] BasicTypeRegistry - Adding type registration java.time.LocalDateTime -> org.hibernate.type.LocalDateTimeType@5a5338df
[DEBUG] 2018-10-16 20:49:26.908 [main] BasicTypeRegistry - Adding type registration LocalDate -> org.hibernate.type.LocalDateType@75d2da2d
[DEBUG] 2018-10-16 20:49:26.908 [main] BasicTypeRegistry - Adding type registration java.time.LocalDate -> org.hibernate.type.LocalDateType@75d2da2d
[DEBUG] 2018-10-16 20:49:26.909 [main] BasicTypeRegistry - Adding type registration LocalTime -> org.hibernate.type.LocalTimeType@6853425f
[DEBUG] 2018-10-16 20:49:26.909 [main] BasicTypeRegistry - Adding type registration java.time.LocalTime -> org.hibernate.type.LocalTimeType@6853425f
[DEBUG] 2018-10-16 20:49:26.910 [main] BasicTypeRegistry - Adding type registration OffsetDateTime -> org.hibernate.type.OffsetDateTimeType@7d898981
[DEBUG] 2018-10-16 20:49:26.911 [main] BasicTypeRegistry - Adding type registration java.time.OffsetDateTime -> org.hibernate.type.OffsetDateTimeType@7d898981
[DEBUG] 2018-10-16 20:49:26.912 [main] BasicTypeRegistry - Adding type registration OffsetTime -> org.hibernate.type.OffsetTimeType@6c0d7c83
[DEBUG] 2018-10-16 20:49:26.912 [main] BasicTypeRegistry - Adding type registration java.time.OffsetTime -> org.hibernate.type.OffsetTimeType@6c0d7c83
[DEBUG] 2018-10-16 20:49:26.916 [main] BasicTypeRegistry - Adding type registration ZonedDateTime -> org.hibernate.type.ZonedDateTimeType@4196c360
[DEBUG] 2018-10-16 20:49:26.916 [main] BasicTypeRegistry - Adding type registration java.time.ZonedDateTime -> org.hibernate.type.ZonedDateTimeType@4196c360
[DEBUG] 2018-10-16 20:49:26.918 [main] BasicTypeRegistry - Adding type registration date -> org.hibernate.type.DateType@571c5681
[DEBUG] 2018-10-16 20:49:26.919 [main] BasicTypeRegistry - Adding type registration java.sql.Date -> org.hibernate.type.DateType@571c5681
[DEBUG] 2018-10-16 20:49:26.920 [main] BasicTypeRegistry - Adding type registration time -> org.hibernate.type.TimeType@2d6c53fc
[DEBUG] 2018-10-16 20:49:26.920 [main] BasicTypeRegistry - Adding type registration java.sql.Time -> org.hibernate.type.TimeType@2d6c53fc
[DEBUG] 2018-10-16 20:49:26.921 [main] BasicTypeRegistry - Adding type registration timestamp -> org.hibernate.type.TimestampType@3148f668
[DEBUG] 2018-10-16 20:49:26.921 [main] BasicTypeRegistry - Adding type registration java.sql.Timestamp -> org.hibernate.type.TimestampType@3148f668
[DEBUG] 2018-10-16 20:49:26.921 [main] BasicTypeRegistry - Adding type registration java.util.Date -> org.hibernate.type.TimestampType@3148f668
[DEBUG] 2018-10-16 20:49:26.927 [main] BasicTypeRegistry - Adding type registration dbtimestamp -> org.hibernate.type.DbTimestampType@436c81a3
[DEBUG] 2018-10-16 20:49:26.928 [main] BasicTypeRegistry - Adding type registration calendar -> org.hibernate.type.CalendarType@609db546
[DEBUG] 2018-10-16 20:49:26.929 [main] BasicTypeRegistry - Adding type registration java.util.Calendar -> org.hibernate.type.CalendarType@609db546
[DEBUG] 2018-10-16 20:49:26.930 [main] BasicTypeRegistry - Adding type registration java.util.GregorianCalendar -> org.hibernate.type.CalendarType@609db546
[DEBUG] 2018-10-16 20:49:26.930 [main] BasicTypeRegistry - Adding type registration calendar_date -> org.hibernate.type.CalendarDateType@301eda63
[DEBUG] 2018-10-16 20:49:26.933 [main] BasicTypeRegistry - Adding type registration locale -> org.hibernate.type.LocaleType@1bd39d3c
[DEBUG] 2018-10-16 20:49:26.934 [main] BasicTypeRegistry - Adding type registration java.util.Locale -> org.hibernate.type.LocaleType@1bd39d3c
[DEBUG] 2018-10-16 20:49:26.935 [main] BasicTypeRegistry - Adding type registration currency -> org.hibernate.type.CurrencyType@5454d35e
[DEBUG] 2018-10-16 20:49:26.935 [main] BasicTypeRegistry - Adding type registration java.util.Currency -> org.hibernate.type.CurrencyType@5454d35e
[DEBUG] 2018-10-16 20:49:26.936 [main] BasicTypeRegistry - Adding type registration timezone -> org.hibernate.type.TimeZoneType@1ab06251
[DEBUG] 2018-10-16 20:49:26.938 [main] BasicTypeRegistry - Adding type registration java.util.TimeZone -> org.hibernate.type.TimeZoneType@1ab06251
[DEBUG] 2018-10-16 20:49:26.944 [main] BasicTypeRegistry - Adding type registration class -> org.hibernate.type.ClassType@59e505b2
[DEBUG] 2018-10-16 20:49:26.944 [main] BasicTypeRegistry - Adding type registration java.lang.Class -> org.hibernate.type.ClassType@59e505b2
[DEBUG] 2018-10-16 20:49:26.946 [main] BasicTypeRegistry - Adding type registration uuid-binary -> org.hibernate.type.UUIDBinaryType@45a37759
[DEBUG] 2018-10-16 20:49:26.946 [main] BasicTypeRegistry - Adding type registration java.util.UUID -> org.hibernate.type.UUIDBinaryType@45a37759
[DEBUG] 2018-10-16 20:49:26.947 [main] BasicTypeRegistry - Adding type registration uuid-char -> org.hibernate.type.UUIDCharType@2d778add
[DEBUG] 2018-10-16 20:49:26.952 [main] BasicTypeRegistry - Adding type registration binary -> org.hibernate.type.BinaryType@f107c50
[DEBUG] 2018-10-16 20:49:26.952 [main] BasicTypeRegistry - Adding type registration byte[] -> org.hibernate.type.BinaryType@f107c50
[DEBUG] 2018-10-16 20:49:26.952 [main] BasicTypeRegistry - Adding type registration [B -> org.hibernate.type.BinaryType@f107c50
[DEBUG] 2018-10-16 20:49:26.953 [main] BasicTypeRegistry - Adding type registration wrapper-binary -> org.hibernate.type.WrapperBinaryType@60410cd
[DEBUG] 2018-10-16 20:49:26.953 [main] BasicTypeRegistry - Adding type registration Byte[] -> org.hibernate.type.WrapperBinaryType@60410cd
[DEBUG] 2018-10-16 20:49:26.953 [main] BasicTypeRegistry - Adding type registration [Ljava.lang.Byte; -> org.hibernate.type.WrapperBinaryType@60410cd
[DEBUG] 2018-10-16 20:49:26.954 [main] BasicTypeRegistry - Adding type registration row_version -> org.hibernate.type.RowVersionType@7393222f
[DEBUG] 2018-10-16 20:49:26.955 [main] BasicTypeRegistry - Adding type registration image -> org.hibernate.type.ImageType@3688eb5b
[DEBUG] 2018-10-16 20:49:26.956 [main] BasicTypeRegistry - Adding type registration characters -> org.hibernate.type.CharArrayType@50de186c
[DEBUG] 2018-10-16 20:49:26.956 [main] BasicTypeRegistry - Adding type registration char[] -> org.hibernate.type.CharArrayType@50de186c
[DEBUG] 2018-10-16 20:49:26.956 [main] BasicTypeRegistry - Adding type registration [C -> org.hibernate.type.CharArrayType@50de186c
[DEBUG] 2018-10-16 20:49:26.957 [main] BasicTypeRegistry - Adding type registration wrapper-characters -> org.hibernate.type.CharacterArrayType@73d983ea
[DEBUG] 2018-10-16 20:49:26.957 [main] BasicTypeRegistry - Adding type registration [Ljava.lang.Character; -> org.hibernate.type.CharacterArrayType@73d983ea
[DEBUG] 2018-10-16 20:49:26.957 [main] BasicTypeRegistry - Adding type registration Character[] -> org.hibernate.type.CharacterArrayType@73d983ea
[DEBUG] 2018-10-16 20:49:26.960 [main] BasicTypeRegistry - Adding type registration text -> org.hibernate.type.TextType@5a3bc7ed
[DEBUG] 2018-10-16 20:49:26.961 [main] BasicTypeRegistry - Adding type registration ntext -> org.hibernate.type.NTextType@291f18
[DEBUG] 2018-10-16 20:49:26.966 [main] BasicTypeRegistry - Adding type registration blob -> org.hibernate.type.BlobType@c7ba306
[DEBUG] 2018-10-16 20:49:26.967 [main] BasicTypeRegistry - Adding type registration java.sql.Blob -> org.hibernate.type.BlobType@c7ba306
[DEBUG] 2018-10-16 20:49:26.968 [main] BasicTypeRegistry - Adding type registration materialized_blob -> org.hibernate.type.MaterializedBlobType@3403e2ac
[DEBUG] 2018-10-16 20:49:26.976 [main] BasicTypeRegistry - Adding type registration clob -> org.hibernate.type.ClobType@338c99c8
[DEBUG] 2018-10-16 20:49:26.976 [main] BasicTypeRegistry - Adding type registration java.sql.Clob -> org.hibernate.type.ClobType@338c99c8
[DEBUG] 2018-10-16 20:49:26.979 [main] BasicTypeRegistry - Adding type registration nclob -> org.hibernate.type.NClobType@6cc558c6
[DEBUG] 2018-10-16 20:49:26.979 [main] BasicTypeRegistry - Adding type registration java.sql.NClob -> org.hibernate.type.NClobType@6cc558c6
[DEBUG] 2018-10-16 20:49:26.980 [main] BasicTypeRegistry - Adding type registration materialized_clob -> org.hibernate.type.MaterializedClobType@26ceffa8
[DEBUG] 2018-10-16 20:49:26.982 [main] BasicTypeRegistry - Adding type registration materialized_nclob -> org.hibernate.type.MaterializedNClobType@d41f816
[DEBUG] 2018-10-16 20:49:26.984 [main] BasicTypeRegistry - Adding type registration serializable -> org.hibernate.type.SerializableType@27216cd
[DEBUG] 2018-10-16 20:49:26.987 [main] BasicTypeRegistry - Adding type registration object -> org.hibernate.type.ObjectType@6af9fcb2
[DEBUG] 2018-10-16 20:49:26.987 [main] BasicTypeRegistry - Adding type registration java.lang.Object -> org.hibernate.type.ObjectType@6af9fcb2
[DEBUG] 2018-10-16 20:49:26.990 [main] BasicTypeRegistry - Adding type registration imm_date -> org.hibernate.type.AdaptedImmutableType@291a7e3c
[DEBUG] 2018-10-16 20:49:26.991 [main] BasicTypeRegistry - Adding type registration imm_time -> org.hibernate.type.AdaptedImmutableType@ca30bc1
[DEBUG] 2018-10-16 20:49:26.991 [main] BasicTypeRegistry - Adding type registration imm_timestamp -> org.hibernate.type.AdaptedImmutableType@1046d517
[DEBUG] 2018-10-16 20:49:26.991 [main] BasicTypeRegistry - Adding type registration imm_dbtimestamp -> org.hibernate.type.AdaptedImmutableType@3b7d3a38
[DEBUG] 2018-10-16 20:49:26.991 [main] BasicTypeRegistry - Adding type registration imm_calendar -> org.hibernate.type.AdaptedImmutableType@416c58f5
[DEBUG] 2018-10-16 20:49:26.991 [main] BasicTypeRegistry - Adding type registration imm_calendar_date -> org.hibernate.type.AdaptedImmutableType@5505ae1a
[DEBUG] 2018-10-16 20:49:26.993 [main] BasicTypeRegistry - Adding type registration imm_binary -> org.hibernate.type.AdaptedImmutableType@73cd37c0
[DEBUG] 2018-10-16 20:49:26.993 [main] BasicTypeRegistry - Adding type registration imm_serializable -> org.hibernate.type.AdaptedImmutableType@21337f7b
[INFO ] 2018-10-16 20:49:27.010 [main] C3P0ConnectionProvider - HHH010002: C3P0 using driver: com.mysql.jdbc.Driver at URL: jdbc:mysql://localhost:3306/indieProject
[INFO ] 2018-10-16 20:49:27.011 [main] C3P0ConnectionProvider - HHH10001001: Connection properties: {user=root, password=****}
[INFO ] 2018-10-16 20:49:27.011 [main] C3P0ConnectionProvider - HHH10001003: Autocommit mode: false
[INFO ] 2018-10-16 20:49:27.245 [main] C3P0ConnectionProvider - HHH10001007: JDBC isolation level: <unknown>
[DEBUG] 2018-10-16 20:49:27.362 [main] JdbcEnvironmentInitiator - Database ->
       name : MySQL
    version : 5.7.23-0ubuntu0.16.04.1
      major : 5
      minor : 7
[DEBUG] 2018-10-16 20:49:27.374 [main] JdbcEnvironmentInitiator - Driver ->
       name : MySQL Connector Java
    version : mysql-connector-java-5.1.39 ( Revision: 3289a357af6d09ecc1a10fd3c26e95183e5790ad )
      major : 5
      minor : 1
[DEBUG] 2018-10-16 20:49:27.374 [main] JdbcEnvironmentInitiator - JDBC version : 4.0
[INFO ] 2018-10-16 20:49:27.406 [main] Dialect - HHH000400: Using dialect: org.hibernate.dialect.MySQL5Dialect
[DEBUG] 2018-10-16 20:49:27.554 [main] IdentifierHelperBuilder - JDBC driver metadata reported database stores quoted identifiers in more than one case
[DEBUG] 2018-10-16 20:49:27.557 [main] IdentifierHelperBuilder - IdentifierCaseStrategy for both quoted and unquoted identifiers was set to the same strategy [MIXED]; that will likely lead to problems in schema update and validation if using quoted identifiers
[DEBUG] 2018-10-16 20:49:27.683 [main] DefaultIdentifierGeneratorFactory - Registering IdentifierGenerator strategy [uuid2] -> [org.hibernate.id.UUIDGenerator]
[DEBUG] 2018-10-16 20:49:27.684 [main] DefaultIdentifierGeneratorFactory - Registering IdentifierGenerator strategy [guid] -> [org.hibernate.id.GUIDGenerator]
[DEBUG] 2018-10-16 20:49:27.684 [main] DefaultIdentifierGeneratorFactory - Registering IdentifierGenerator strategy [uuid] -> [org.hibernate.id.UUIDHexGenerator]
[DEBUG] 2018-10-16 20:49:27.684 [main] DefaultIdentifierGeneratorFactory - Registering IdentifierGenerator strategy [uuid.hex] -> [org.hibernate.id.UUIDHexGenerator]
[DEBUG] 2018-10-16 20:49:27.684 [main] DefaultIdentifierGeneratorFactory - Registering IdentifierGenerator strategy [assigned] -> [org.hibernate.id.Assigned]
[DEBUG] 2018-10-16 20:49:27.685 [main] DefaultIdentifierGeneratorFactory - Registering IdentifierGenerator strategy [identity] -> [org.hibernate.id.IdentityGenerator]
[DEBUG] 2018-10-16 20:49:27.686 [main] DefaultIdentifierGeneratorFactory - Registering IdentifierGenerator strategy [select] -> [org.hibernate.id.SelectGenerator]
[DEBUG] 2018-10-16 20:49:27.687 [main] DefaultIdentifierGeneratorFactory - Registering IdentifierGenerator strategy [sequence] -> [org.hibernate.id.enhanced.SequenceStyleGenerator]
[DEBUG] 2018-10-16 20:49:27.688 [main] DefaultIdentifierGeneratorFactory - Registering IdentifierGenerator strategy [seqhilo] -> [org.hibernate.id.SequenceHiLoGenerator]
[DEBUG] 2018-10-16 20:49:27.694 [main] DefaultIdentifierGeneratorFactory - Registering IdentifierGenerator strategy [increment] -> [org.hibernate.id.IncrementGenerator]
[DEBUG] 2018-10-16 20:49:27.695 [main] DefaultIdentifierGeneratorFactory - Registering IdentifierGenerator strategy [foreign] -> [org.hibernate.id.ForeignGenerator]
[DEBUG] 2018-10-16 20:49:27.695 [main] DefaultIdentifierGeneratorFactory - Registering IdentifierGenerator strategy [sequence-identity] -> [org.hibernate.id.SequenceIdentityGenerator]
[DEBUG] 2018-10-16 20:49:27.695 [main] DefaultIdentifierGeneratorFactory - Registering IdentifierGenerator strategy [enhanced-sequence] -> [org.hibernate.id.enhanced.SequenceStyleGenerator]
[DEBUG] 2018-10-16 20:49:27.696 [main] DefaultIdentifierGeneratorFactory - Registering IdentifierGenerator strategy [enhanced-table] -> [org.hibernate.id.enhanced.TableGenerator]
[DEBUG] 2018-10-16 20:49:27.730 [main] Namespace - Created database namespace [logicalName=Name{catalog=null, schema=null}, physicalName=Name{catalog=null, schema=null}]
[DEBUG] 2018-10-16 20:49:27.779 [main] AnnotationBinder - Binding entity from annotated class: ProductionCountLog.User
[DEBUG] 2018-10-16 20:49:27.802 [main] Ejb3Column - Binding column: Ejb3DiscriminatorColumn{logicalColumnName'DTYPE', discriminatorTypeName='string'}
[DEBUG] 2018-10-16 20:49:27.807 [main] EntityBinder - Import with entity name User
[DEBUG] 2018-10-16 20:49:27.810 [main] EntityBinder - Bind entity ProductionCountLog.User on table user
[DEBUG] 2018-10-16 20:49:27.860 [main] Ejb3Column - Binding column: Ejb3Column{table=org.hibernate.mapping.Table(user), mappingColumn=id, insertable=true, updatable=true, unique=false}
[DEBUG] 2018-10-16 20:49:27.862 [main] PropertyBinder - MetadataSourceProcessor property id with lazy=false
[DEBUG] 2018-10-16 20:49:27.863 [main] AbstractPropertyHolder - Attempting to locate auto-apply AttributeConverter for property [ProductionCountLog.User:id]
[DEBUG] 2018-10-16 20:49:27.864 [main] SimpleValueBinder - building SimpleValue for id
[DEBUG] 2018-10-16 20:49:27.866 [main] PropertyBinder - Building property id
[DEBUG] 2018-10-16 20:49:27.878 [main] Ejb3Column - Binding column: Ejb3Column{table=org.hibernate.mapping.Table(user), mappingColumn=credits, insertable=true, updatable=true, unique=false}
[DEBUG] 2018-10-16 20:49:27.879 [main] PropertyBinder - MetadataSourceProcessor property credits with lazy=false
[DEBUG] 2018-10-16 20:49:27.879 [main] AbstractPropertyHolder - Attempting to locate auto-apply AttributeConverter for property [ProductionCountLog.User:credits]
[DEBUG] 2018-10-16 20:49:27.885 [main] SimpleValueBinder - building SimpleValue for credits
[DEBUG] 2018-10-16 20:49:27.885 [main] PropertyBinder - Building property credits
[DEBUG] 2018-10-16 20:49:27.887 [main] Ejb3Column - Binding column: Ejb3Column{table=org.hibernate.mapping.Table(user), mappingColumn=date, insertable=true, updatable=true, unique=false}
[DEBUG] 2018-10-16 20:49:27.887 [main] PropertyBinder - MetadataSourceProcessor property date with lazy=false
[DEBUG] 2018-10-16 20:49:27.887 [main] AbstractPropertyHolder - Attempting to locate auto-apply AttributeConverter for property [ProductionCountLog.User:date]
[DEBUG] 2018-10-16 20:49:27.887 [main] SimpleValueBinder - building SimpleValue for date
[DEBUG] 2018-10-16 20:49:27.887 [main] PropertyBinder - Building property date
[DEBUG] 2018-10-16 20:49:27.888 [main] Ejb3Column - Binding column: Ejb3Column{table=org.hibernate.mapping.Table(user), mappingColumn=downtime, insertable=true, updatable=true, unique=false}
[DEBUG] 2018-10-16 20:49:27.888 [main] PropertyBinder - MetadataSourceProcessor property downtime with lazy=false
[DEBUG] 2018-10-16 20:49:27.888 [main] AbstractPropertyHolder - Attempting to locate auto-apply AttributeConverter for property [ProductionCountLog.User:downtime]
[DEBUG] 2018-10-16 20:49:27.888 [main] SimpleValueBinder - building SimpleValue for downtime
[DEBUG] 2018-10-16 20:49:27.888 [main] PropertyBinder - Building property downtime
[DEBUG] 2018-10-16 20:49:27.888 [main] Ejb3Column - Binding column: Ejb3Column{table=org.hibernate.mapping.Table(user), mappingColumn=employee_id, insertable=true, updatable=true, unique=false}
[DEBUG] 2018-10-16 20:49:27.888 [main] PropertyBinder - MetadataSourceProcessor property employeeId with lazy=false
[DEBUG] 2018-10-16 20:49:27.888 [main] AbstractPropertyHolder - Attempting to locate auto-apply AttributeConverter for property [ProductionCountLog.User:employeeId]
[DEBUG] 2018-10-16 20:49:27.888 [main] SimpleValueBinder - building SimpleValue for employeeId
[DEBUG] 2018-10-16 20:49:27.888 [main] PropertyBinder - Building property employeeId
[DEBUG] 2018-10-16 20:49:27.888 [main] Ejb3Column - Binding column: Ejb3Column{table=org.hibernate.mapping.Table(user), mappingColumn=first_name, insertable=true, updatable=true, unique=false}
[DEBUG] 2018-10-16 20:49:27.889 [main] PropertyBinder - MetadataSourceProcessor property firstName with lazy=false
[DEBUG] 2018-10-16 20:49:27.889 [main] AbstractPropertyHolder - Attempting to locate auto-apply AttributeConverter for property [ProductionCountLog.User:firstName]
[DEBUG] 2018-10-16 20:49:27.889 [main] SimpleValueBinder - building SimpleValue for firstName
[DEBUG] 2018-10-16 20:49:27.889 [main] PropertyBinder - Building property firstName
[DEBUG] 2018-10-16 20:49:27.889 [main] Ejb3Column - Binding column: Ejb3Column{table=org.hibernate.mapping.Table(user), mappingColumn=hours_worked, insertable=true, updatable=true, unique=false}
[DEBUG] 2018-10-16 20:49:27.889 [main] PropertyBinder - MetadataSourceProcessor property hoursWorked with lazy=false
[DEBUG] 2018-10-16 20:49:27.889 [main] AbstractPropertyHolder - Attempting to locate auto-apply AttributeConverter for property [ProductionCountLog.User:hoursWorked]
[DEBUG] 2018-10-16 20:49:27.889 [main] SimpleValueBinder - building SimpleValue for hoursWorked
[DEBUG] 2018-10-16 20:49:27.892 [main] PropertyBinder - Building property hoursWorked
[DEBUG] 2018-10-16 20:49:27.893 [main] Ejb3Column - Binding column: Ejb3Column{table=org.hibernate.mapping.Table(user), mappingColumn=last_name, insertable=true, updatable=true, unique=false}
[DEBUG] 2018-10-16 20:49:27.893 [main] PropertyBinder - MetadataSourceProcessor property lastName with lazy=false
[DEBUG] 2018-10-16 20:49:27.893 [main] AbstractPropertyHolder - Attempting to locate auto-apply AttributeConverter for property [ProductionCountLog.User:lastName]
[DEBUG] 2018-10-16 20:49:27.893 [main] SimpleValueBinder - building SimpleValue for lastName
[DEBUG] 2018-10-16 20:49:27.893 [main] PropertyBinder - Building property lastName
[DEBUG] 2018-10-16 20:49:27.893 [main] Ejb3Column - Binding column: Ejb3Column{table=org.hibernate.mapping.Table(user), mappingColumn=machine_number, insertable=true, updatable=true, unique=false}
[DEBUG] 2018-10-16 20:49:27.893 [main] PropertyBinder - MetadataSourceProcessor property machineNumber with lazy=false
[DEBUG] 2018-10-16 20:49:27.893 [main] AbstractPropertyHolder - Attempting to locate auto-apply AttributeConverter for property [ProductionCountLog.User:machineNumber]
[DEBUG] 2018-10-16 20:49:27.893 [main] SimpleValueBinder - building SimpleValue for machineNumber
[DEBUG] 2018-10-16 20:49:27.893 [main] PropertyBinder - Building property machineNumber
[DEBUG] 2018-10-16 20:49:27.893 [main] Ejb3Column - Binding column: Ejb3Column{table=org.hibernate.mapping.Table(user), mappingColumn=product_name, insertable=true, updatable=true, unique=false}
[DEBUG] 2018-10-16 20:49:27.894 [main] PropertyBinder - MetadataSourceProcessor property productName with lazy=false
[DEBUG] 2018-10-16 20:49:27.894 [main] AbstractPropertyHolder - Attempting to locate auto-apply AttributeConverter for property [ProductionCountLog.User:productName]
[DEBUG] 2018-10-16 20:49:27.894 [main] SimpleValueBinder - building SimpleValue for productName
[DEBUG] 2018-10-16 20:49:27.894 [main] PropertyBinder - Building property productName
[DEBUG] 2018-10-16 20:49:27.894 [main] Ejb3Column - Binding column: Ejb3Column{table=org.hibernate.mapping.Table(user), mappingColumn=shift, insertable=true, updatable=true, unique=false}
[DEBUG] 2018-10-16 20:49:27.894 [main] PropertyBinder - MetadataSourceProcessor property shift with lazy=false
[DEBUG] 2018-10-16 20:49:27.894 [main] AbstractPropertyHolder - Attempting to locate auto-apply AttributeConverter for property [ProductionCountLog.User:shift]
[DEBUG] 2018-10-16 20:49:27.894 [main] SimpleValueBinder - building SimpleValue for shift
[DEBUG] 2018-10-16 20:49:27.894 [main] PropertyBinder - Building property shift
[DEBUG] 2018-10-16 20:49:27.894 [main] Ejb3Column - Binding column: Ejb3Column{table=org.hibernate.mapping.Table(user), mappingColumn=total_parts, insertable=true, updatable=true, unique=false}
[DEBUG] 2018-10-16 20:49:27.894 [main] PropertyBinder - MetadataSourceProcessor property totalParts with lazy=false
[DEBUG] 2018-10-16 20:49:27.894 [main] AbstractPropertyHolder - Attempting to locate auto-apply AttributeConverter for property [ProductionCountLog.User:totalParts]
[DEBUG] 2018-10-16 20:49:27.895 [main] SimpleValueBinder - building SimpleValue for totalParts
[DEBUG] 2018-10-16 20:49:27.895 [main] PropertyBinder - Building property totalParts
[DEBUG] 2018-10-16 20:49:27.902 [main] SimpleValueBinder - Starting fillSimpleValue for id
[DEBUG] 2018-10-16 20:49:27.902 [main] SimpleValueBinder - Starting fillSimpleValue for credits
[DEBUG] 2018-10-16 20:49:27.903 [main] SimpleValueBinder - Starting fillSimpleValue for date
[DEBUG] 2018-10-16 20:49:27.903 [main] SimpleValueBinder - Starting fillSimpleValue for downtime
[DEBUG] 2018-10-16 20:49:27.903 [main] SimpleValueBinder - Starting fillSimpleValue for employeeId
[DEBUG] 2018-10-16 20:49:27.903 [main] SimpleValueBinder - Starting fillSimpleValue for firstName
[DEBUG] 2018-10-16 20:49:27.903 [main] SimpleValueBinder - Starting fillSimpleValue for hoursWorked
[DEBUG] 2018-10-16 20:49:27.903 [main] SimpleValueBinder - Starting fillSimpleValue for lastName
[DEBUG] 2018-10-16 20:49:27.903 [main] SimpleValueBinder - Starting fillSimpleValue for machineNumber
[DEBUG] 2018-10-16 20:49:27.903 [main] SimpleValueBinder - Starting fillSimpleValue for productName
[DEBUG] 2018-10-16 20:49:27.903 [main] SimpleValueBinder - Starting fillSimpleValue for shift
[DEBUG] 2018-10-16 20:49:27.903 [main] SimpleValueBinder - Starting fillSimpleValue for totalParts
[DEBUG] 2018-10-16 20:49:27.904 [main] PrimaryKey - Forcing column [id] to be non-null as it is part of the primary key for table [user]
[DEBUG] 2018-10-16 20:49:27.959 [main] SessionFactoryImpl - Building session factory
[DEBUG] 2018-10-16 20:49:27.960 [main] Settings - SessionFactory name : null
[DEBUG] 2018-10-16 20:49:27.960 [main] Settings - Automatic flush during beforeCompletion(): enabled
[DEBUG] 2018-10-16 20:49:27.960 [main] Settings - Automatic session close at end of transaction: disabled
[DEBUG] 2018-10-16 20:49:27.960 [main] Settings - Statistics: disabled
[DEBUG] 2018-10-16 20:49:27.961 [main] Settings - Deleted entity synthetic identifier rollback: disabled
[DEBUG] 2018-10-16 20:49:27.961 [main] Settings - Default entity-mode: pojo
[DEBUG] 2018-10-16 20:49:27.961 [main] Settings - Check Nullability in Core (should be disabled when Bean Validation is on): enabled
[DEBUG] 2018-10-16 20:49:27.961 [main] Settings - Allow initialization of lazy state outside session : disabled
[DEBUG] 2018-10-16 20:49:27.961 [main] Settings - Using BatchFetchStyle : LEGACY
[DEBUG] 2018-10-16 20:49:27.961 [main] Settings - Default batch fetch size: -1
[DEBUG] 2018-10-16 20:49:27.961 [main] Settings - Maximum outer join fetch depth: 2
[DEBUG] 2018-10-16 20:49:27.961 [main] Settings - Default null ordering: NONE
[DEBUG] 2018-10-16 20:49:27.961 [main] Settings - Order SQL updates by primary key: disabled
[DEBUG] 2018-10-16 20:49:27.965 [main] Settings - Order SQL inserts for batching: disabled
[DEBUG] 2018-10-16 20:49:27.965 [main] Settings - multi-tenancy strategy : NONE
[DEBUG] 2018-10-16 20:49:27.965 [main] Settings - JTA Track by Thread: enabled
[DEBUG] 2018-10-16 20:49:27.965 [main] Settings - Query language substitutions: {}
[DEBUG] 2018-10-16 20:49:27.965 [main] Settings - JPA query language strict compliance: disabled
[DEBUG] 2018-10-16 20:49:27.965 [main] Settings - Named query checking : enabled
[DEBUG] 2018-10-16 20:49:27.965 [main] Settings - Second-level cache: enabled
[DEBUG] 2018-10-16 20:49:27.965 [main] Settings - Second-level query cache: disabled
[DEBUG] 2018-10-16 20:49:27.965 [main] Settings - Second-level query cache factory: org.hibernate.cache.internal.StandardQueryCacheFactory@1eba372c
[DEBUG] 2018-10-16 20:49:27.965 [main] Settings - Second-level cache region prefix: null
[DEBUG] 2018-10-16 20:49:27.965 [main] Settings - Optimize second-level cache for minimal puts: disabled
[DEBUG] 2018-10-16 20:49:27.965 [main] Settings - Structured second-level cache entries: disabled
[DEBUG] 2018-10-16 20:49:27.965 [main] Settings - Second-level cache direct-reference entries: disabled
[DEBUG] 2018-10-16 20:49:27.966 [main] Settings - Automatic eviction of collection cache: disabled
[DEBUG] 2018-10-16 20:49:27.968 [main] Settings - JDBC batch size: 15
[DEBUG] 2018-10-16 20:49:27.969 [main] Settings - JDBC batch updates for versioned data: enabled
[DEBUG] 2018-10-16 20:49:27.969 [main] Settings - Scrollable result sets: enabled
[DEBUG] 2018-10-16 20:49:27.969 [main] Settings - Wrap result sets: disabled
[DEBUG] 2018-10-16 20:49:27.969 [main] Settings - JDBC3 getGeneratedKeys(): enabled
[DEBUG] 2018-10-16 20:49:27.969 [main] Settings - JDBC result set fetch size: null
[DEBUG] 2018-10-16 20:49:27.970 [main] Settings - Connection release mode: AFTER_TRANSACTION
[DEBUG] 2018-10-16 20:49:27.970 [main] Settings - Generate SQL with comments: disabled
[DEBUG] 2018-10-16 20:49:28.078 [main] SessionFactoryImpl - Session factory constructed with filter configurations : {}
[DEBUG] 2018-10-16 20:49:28.079 [main] SessionFactoryImpl - Instantiating session factory with properties: {sun.desktop=gnome, awt.toolkit=sun.awt.X11.XToolkit, file.encoding.pkg=sun.io, java.specification.version=1.8, hibernate.c3p0.idle_test_period=3000, sun.cpu.isalist=, sun.jnu.encoding=UTF-8, hibernate.c3p0.min_size=5, java.class.path=/home/student/IdeaProjects/ProductionCountLogInterface/target/test-classes:/home/student/IdeaProjects/ProductionCountLogInterface/target/classes:/home/student/.m2/repository/org/junit/jupiter/junit-jupiter-engine/5.0.0/junit-jupiter-engine-5.0.0.jar:/home/student/.m2/repository/org/apiguardian/apiguardian-api/1.0.0/apiguardian-api-1.0.0.jar:/home/student/.m2/repository/org/junit/platform/junit-platform-engine/1.0.0/junit-platform-engine-1.0.0.jar:/home/student/.m2/repository/org/junit/platform/junit-platform-commons/1.0.0/junit-platform-commons-1.0.0.jar:/home/student/.m2/repository/org/opentest4j/opentest4j/1.0.0/opentest4j-1.0.0.jar:/home/student/.m2/repository/org/junit/jupiter/junit-jupiter-api/5.0.0/junit-jupiter-api-5.0.0.jar:/home/student/.m2/repository/junit/junit/4.12/junit-4.12.jar:/home/student/.m2/repository/org/hamcrest/hamcrest-core/1.3/hamcrest-core-1.3.jar:/home/student/.m2/repository/org/junit/platform/junit-platform-runner/1.0.0/junit-platform-runner-1.0.0.jar:/home/student/.m2/repository/org/junit/platform/junit-platform-launcher/1.0.0/junit-platform-launcher-1.0.0.jar:/home/student/.m2/repository/org/junit/platform/junit-platform-suite-api/1.0.0/junit-platform-suite-api-1.0.0.jar:/home/student/.m2/repository/org/junit/vintage/junit-vintage-engine/4.12.0/junit-vintage-engine-4.12.0.jar:/home/student/.m2/repository/javax/javaee-web-api/7.0/javaee-web-api-7.0.jar:/home/student/.m2/repository/org/apache/logging/log4j/log4j-api/2.10.0/log4j-api-2.10.0.jar:/home/student/.m2/repository/org/apache/logging/log4j/log4j-core/2.10.0/log4j-core-2.10.0.jar:/home/student/.m2/repository/org/hibernate/hibernate-core/5.2.12.Final/hibernate-core-5.2.12.Final.jar:/home/student/.m2/repository/org/jboss/logging/jboss-logging/3.3.0.Final/jboss-logging-3.3.0.Final.jar:/home/student/.m2/repository/org/hibernate/javax/persistence/hibernate-jpa-2.1-api/1.0.0.Final/hibernate-jpa-2.1-api-1.0.0.Final.jar:/home/student/.m2/repository/org/javassist/javassist/3.20.0-GA/javassist-3.20.0-GA.jar:/home/student/.m2/repository/antlr/antlr/2.7.7/antlr-2.7.7.jar:/home/student/.m2/repository/org/jboss/spec/javax/transaction/jboss-transaction-api_1.2_spec/1.0.1.Final/jboss-transaction-api_1.2_spec-1.0.1.Final.jar:/home/student/.m2/repository/org/jboss/jandex/2.0.3.Final/jandex-2.0.3.Final.jar:/home/student/.m2/repository/com/fasterxml/classmate/1.3.0/classmate-1.3.0.jar:/home/student/.m2/repository/dom4j/dom4j/1.6.1/dom4j-1.6.1.jar:/home/student/.m2/repository/org/hibernate/common/hibernate-commons-annotations/5.0.1.Final/hibernate-commons-annotations-5.0.1.Final.jar:/home/student/.m2/repository/org/hibernate/hibernate-c3p0/5.2.12.Final/hibernate-c3p0-5.2.12.Final.jar:/home/student/.m2/repository/com/mchange/c3p0/0.9.5.2/c3p0-0.9.5.2.jar:/home/student/.m2/repository/com/mchange/mchange-commons-java/0.2.11/mchange-commons-java-0.2.11.jar:/home/student/.m2/repository/mysql/mysql-connector-java/5.1.39/mysql-connector-java-5.1.39.jar:/home/student/.m2/repository/jstl/jstl/1.2/jstl-1.2.jar:/home/student/.m2/repository/com/charlesclark/customtags/customtags/1.0-SNAPSHOT/customtags-1.0-SNAPSHOT.jar:, java.vm.vendor=Oracle Corporation, sun.arch.data.model=64, java.vendor.url=http://java.oracle.com/, user.timezone=America/Chicago, os.name=Linux, java.vm.specification.version=1.8, user.country=US, sun.java.launcher=SUN_STANDARD, sun.boot.library.path=/usr/lib/jvm/java-8-oracle/jre/lib/amd64, sun.java.command=/home/student/IdeaProjects/ProductionCountLogInterface/target/surefire/surefirebooter5131906714717708278.jar /home/student/IdeaProjects/ProductionCountLogInterface/target/surefire/surefire7405742257898032237tmp /home/student/IdeaProjects/ProductionCountLogInterface/target/surefire/surefire_08992006790857150797tmp, surefire.test.class.path=/home/student/IdeaProjects/ProductionCountLogInterface/target/test-classes:/home/student/IdeaProjects/ProductionCountLogInterface/target/classes:/home/student/.m2/repository/org/junit/jupiter/junit-jupiter-engine/5.0.0/junit-jupiter-engine-5.0.0.jar:/home/student/.m2/repository/org/apiguardian/apiguardian-api/1.0.0/apiguardian-api-1.0.0.jar:/home/student/.m2/repository/org/junit/platform/junit-platform-engine/1.0.0/junit-platform-engine-1.0.0.jar:/home/student/.m2/repository/org/junit/platform/junit-platform-commons/1.0.0/junit-platform-commons-1.0.0.jar:/home/student/.m2/repository/org/opentest4j/opentest4j/1.0.0/opentest4j-1.0.0.jar:/home/student/.m2/repository/org/junit/jupiter/junit-jupiter-api/5.0.0/junit-jupiter-api-5.0.0.jar:/home/student/.m2/repository/junit/junit/4.12/junit-4.12.jar:/home/student/.m2/repository/org/hamcrest/hamcrest-core/1.3/hamcrest-core-1.3.jar:/home/student/.m2/repository/org/junit/platform/junit-platform-runner/1.0.0/junit-platform-runner-1.0.0.jar:/home/student/.m2/repository/org/junit/platform/junit-platform-launcher/1.0.0/junit-platform-launcher-1.0.0.jar:/home/student/.m2/repository/org/junit/platform/junit-platform-suite-api/1.0.0/junit-platform-suite-api-1.0.0.jar:/home/student/.m2/repository/org/junit/vintage/junit-vintage-engine/4.12.0/junit-vintage-engine-4.12.0.jar:/home/student/.m2/repository/javax/javaee-web-api/7.0/javaee-web-api-7.0.jar:/home/student/.m2/repository/org/apache/logging/log4j/log4j-api/2.10.0/log4j-api-2.10.0.jar:/home/student/.m2/repository/org/apache/logging/log4j/log4j-core/2.10.0/log4j-core-2.10.0.jar:/home/student/.m2/repository/org/hibernate/hibernate-core/5.2.12.Final/hibernate-core-5.2.12.Final.jar:/home/student/.m2/repository/org/jboss/logging/jboss-logging/3.3.0.Final/jboss-logging-3.3.0.Final.jar:/home/student/.m2/repository/org/hibernate/javax/persistence/hibernate-jpa-2.1-api/1.0.0.Final/hibernate-jpa-2.1-api-1.0.0.Final.jar:/home/student/.m2/repository/org/javassist/javassist/3.20.0-GA/javassist-3.20.0-GA.jar:/home/student/.m2/repository/antlr/antlr/2.7.7/antlr-2.7.7.jar:/home/student/.m2/repository/org/jboss/spec/javax/transaction/jboss-transaction-api_1.2_spec/1.0.1.Final/jboss-transaction-api_1.2_spec-1.0.1.Final.jar:/home/student/.m2/repository/org/jboss/jandex/2.0.3.Final/jandex-2.0.3.Final.jar:/home/student/.m2/repository/com/fasterxml/classmate/1.3.0/classmate-1.3.0.jar:/home/student/.m2/repository/dom4j/dom4j/1.6.1/dom4j-1.6.1.jar:/home/student/.m2/repository/org/hibernate/common/hibernate-commons-annotations/5.0.1.Final/hibernate-commons-annotations-5.0.1.Final.jar:/home/student/.m2/repository/org/hibernate/hibernate-c3p0/5.2.12.Final/hibernate-c3p0-5.2.12.Final.jar:/home/student/.m2/repository/com/mchange/c3p0/0.9.5.2/c3p0-0.9.5.2.jar:/home/student/.m2/repository/com/mchange/mchange-commons-java/0.2.11/mchange-commons-java-0.2.11.jar:/home/student/.m2/repository/mysql/mysql-connector-java/5.1.39/mysql-connector-java-5.1.39.jar:/home/student/.m2/repository/jstl/jstl/1.2/jstl-1.2.jar:/home/student/.m2/repository/com/charlesclark/customtags/customtags/1.0-SNAPSHOT/customtags-1.0-SNAPSHOT.jar:, sun.cpu.endian=little, hibernate.c3p0.max_statements=50, user.home=/home/student, user.language=en, java.specification.vendor=Oracle Corporation, java.home=/usr/lib/jvm/java-8-oracle/jre, basedir=/home/student/IdeaProjects/ProductionCountLogInterface, file.separator=/, line.separator=
, hibernate.c3p0.timeout=300, java.vm.specification.vendor=Oracle Corporation, java.specification.name=Java Platform API Specification, java.awt.graphicsenv=sun.awt.X11GraphicsEnvironment, surefire.real.class.path=/home/student/IdeaProjects/ProductionCountLogInterface/target/surefire/surefirebooter5131906714717708278.jar, sun.boot.class.path=/usr/lib/jvm/java-8-oracle/jre/lib/resources.jar:/usr/lib/jvm/java-8-oracle/jre/lib/rt.jar:/usr/lib/jvm/java-8-oracle/jre/lib/sunrsasign.jar:/usr/lib/jvm/java-8-oracle/jre/lib/jsse.jar:/usr/lib/jvm/java-8-oracle/jre/lib/jce.jar:/usr/lib/jvm/java-8-oracle/jre/lib/charsets.jar:/usr/lib/jvm/java-8-oracle/jre/lib/jfr.jar:/usr/lib/jvm/java-8-oracle/jre/classes, connection.password=student, sun.management.compiler=HotSpot 64-Bit Tiered Compilers, hibernate.c3p0.max_size=20, java.runtime.version=1.8.0_144-b01, user.name=student, path.separator=:, hibernate.connection.username=root, os.version=4.4.0-57-generic, java.endorsed.dirs=/usr/lib/jvm/java-8-oracle/jre/lib/endorsed, java.runtime.name=Java(TM) SE Runtime Environment, hibernate.connection.url=jdbc:mysql://localhost:3306/indieProject, file.encoding=UTF-8, java.vm.name=Java HotSpot(TM) 64-Bit Server VM, localRepository=/home/student/.m2/repository, hibernate.connection.driver_class=com.mysql.jdbc.Driver, java.vendor.url.bug=http://bugreport.sun.com/bugreport/, java.io.tmpdir=/tmp, idea.version=2017.3.5, java.version=1.8.0_144, user.dir=/home/student/IdeaProjects/ProductionCountLogInterface, os.arch=amd64, connection.username=root, java.vm.specification.name=Java Virtual Machine Specification, hibernate.connection.password=****, java.awt.printerjob=sun.print.PSPrinterJob, sun.os.patch.level=unknown, connection.driver_class=com.mysql.jdbc.Driver, hibernate.boot.CfgXmlAccessService.key=org.hibernate.boot.cfgxml.spi.LoadedConfig@14bb2297, java.library.path=/usr/java/packages/lib/amd64:/usr/lib64:/lib64:/lib:/usr/lib, java.vm.info=mixed mode, java.vendor=Oracle Corporation, java.vm.version=25.144-b01, hibernate.bytecode.use_reflection_optimizer=false, java.ext.dirs=/usr/lib/jvm/java-8-oracle/jre/lib/ext:/usr/java/packages/lib/ext, sun.io.unicode.encoding=UnicodeLittle, connection.url=jdbc:mysql://localhost:3306/indieProject, java.class.version=52.0}
[DEBUG] 2018-10-16 20:49:28.123 [main] TypeSafeActivator - Unable to acquire Bean Validation ValidatorFactory, skipping activation
[DEBUG] 2018-10-16 20:49:28.123 [main] JaccIntegrator - Skipping JACC integration as it was not enabled
[DEBUG] 2018-10-16 20:49:28.124 [main] SessionFactoryImpl - Instantiated session factory
[DEBUG] 2018-10-16 20:49:28.207 [main] ClassLoaderAccessImpl - Not known whether passed class name [ProductionCountLog.User] is safe
[DEBUG] 2018-10-16 20:49:28.211 [main] ClassLoaderAccessImpl - No temp ClassLoader provided; using live ClassLoader for loading potentially unsafe class : ProductionCountLog.User
[DEBUG] 2018-10-16 20:49:28.254 [main] ClassLoaderAccessImpl - Not known whether passed class name [ProductionCountLog.User] is safe
[DEBUG] 2018-10-16 20:49:28.254 [main] ClassLoaderAccessImpl - No temp ClassLoader provided; using live ClassLoader for loading potentially unsafe class : ProductionCountLog.User
[DEBUG] 2018-10-16 20:49:28.407 [main] AbstractEntityPersister - Static SQL for entity: ProductionCountLog.User
[DEBUG] 2018-10-16 20:49:28.409 [main] AbstractEntityPersister -  Version select: select id from user where id =?
[DEBUG] 2018-10-16 20:49:28.410 [main] AbstractEntityPersister -  Snapshot select: select user_.id, user_.credits as credits2_0_, user_.date as date3_0_, user_.downtime as downtime4_0_, user_.employee_id as employee5_0_, user_.first_name as first_na6_0_, user_.hours_worked as hours_wo7_0_, user_.last_name as last_nam8_0_, user_.machine_number as machine_9_0_, user_.product_name as product10_0_, user_.shift as shift11_0_, user_.total_parts as total_p12_0_ from user user_ where user_.id=?
[DEBUG] 2018-10-16 20:49:28.410 [main] AbstractEntityPersister -  Insert 0: insert into user (credits, date, downtime, employee_id, first_name, hours_worked, last_name, machine_number, product_name, shift, total_parts, id) values (?, ?, ?, ?, ?, ?, ?, ?, ?, ?, ?, ?)
[DEBUG] 2018-10-16 20:49:28.410 [main] AbstractEntityPersister -  Update 0: update user set credits=?, date=?, downtime=?, employee_id=?, first_name=?, hours_worked=?, last_name=?, machine_number=?, product_name=?, shift=?, total_parts=? where id=?
[DEBUG] 2018-10-16 20:49:28.410 [main] AbstractEntityPersister -  Delete 0: delete from user where id=?
[DEBUG] 2018-10-16 20:49:28.410 [main] AbstractEntityPersister -  Identity insert: insert into user (credits, date, downtime, employee_id, first_name, hours_worked, last_name, machine_number, product_name, shift, total_parts) values (?, ?, ?, ?, ?, ?, ?, ?, ?, ?, ?)
[DEBUG] 2018-10-16 20:49:28.453 [main] QuerySpacesImpl - Adding QuerySpace : uid = <gen:0> -> org.hibernate.loader.plan.build.internal.spaces.EntityQuerySpaceImpl@4b61d0c6]
[DEBUG] 2018-10-16 20:49:28.455 [main] MetamodelGraphWalker - Visiting attribute path : credits
[DEBUG] 2018-10-16 20:49:28.455 [main] MetamodelGraphWalker - Visiting attribute path : date
[DEBUG] 2018-10-16 20:49:28.455 [main] MetamodelGraphWalker - Visiting attribute path : downtime
[DEBUG] 2018-10-16 20:49:28.456 [main] MetamodelGraphWalker - Visiting attribute path : employeeId
[DEBUG] 2018-10-16 20:49:28.456 [main] MetamodelGraphWalker - Visiting attribute path : firstName
[DEBUG] 2018-10-16 20:49:28.456 [main] MetamodelGraphWalker - Visiting attribute path : hoursWorked
[DEBUG] 2018-10-16 20:49:28.456 [main] MetamodelGraphWalker - Visiting attribute path : lastName
[DEBUG] 2018-10-16 20:49:28.456 [main] MetamodelGraphWalker - Visiting attribute path : machineNumber
[DEBUG] 2018-10-16 20:49:28.456 [main] MetamodelGraphWalker - Visiting attribute path : productName
[DEBUG] 2018-10-16 20:49:28.456 [main] MetamodelGraphWalker - Visiting attribute path : shift
[DEBUG] 2018-10-16 20:49:28.456 [main] MetamodelGraphWalker - Visiting attribute path : totalParts
[DEBUG] 2018-10-16 20:49:28.456 [main] FetchStyleLoadPlanBuildingAssociationVisitationStrategy - Building LoadPlan...
[DEBUG] 2018-10-16 20:49:28.477 [main] LoadQueryJoinAndFetchProcessor - processing queryspace <gen:0>
[DEBUG] 2018-10-16 20:49:28.487 [main] LoadPlanTreePrinter - LoadPlan(entity=ProductionCountLog.User)
    - Returns
       - EntityReturnImpl(entity=ProductionCountLog.User, querySpaceUid=<gen:0>, path=ProductionCountLog.User)
    - QuerySpaces
       - EntityQuerySpaceImpl(uid=<gen:0>, entity=ProductionCountLog.User)
          - SQL table alias mapping - user0_
          - alias suffix - 0_
          - suffixed key columns - {id1_0_0_}

[DEBUG] 2018-10-16 20:49:28.491 [main] EntityLoader - Static select for entity ProductionCountLog.User [NONE]: select user0_.id as id1_0_0_, user0_.credits as credits2_0_0_, user0_.date as date3_0_0_, user0_.downtime as downtime4_0_0_, user0_.employee_id as employee5_0_0_, user0_.first_name as first_na6_0_0_, user0_.hours_worked as hours_wo7_0_0_, user0_.last_name as last_nam8_0_0_, user0_.machine_number as machine_9_0_0_, user0_.product_name as product10_0_0_, user0_.shift as shift11_0_0_, user0_.total_parts as total_p12_0_0_ from user user0_ where user0_.id=?
[DEBUG] 2018-10-16 20:49:28.491 [main] QuerySpacesImpl - Adding QuerySpace : uid = <gen:0> -> org.hibernate.loader.plan.build.internal.spaces.EntityQuerySpaceImpl@779dfe55]
[DEBUG] 2018-10-16 20:49:28.491 [main] MetamodelGraphWalker - Visiting attribute path : credits
[DEBUG] 2018-10-16 20:49:28.491 [main] MetamodelGraphWalker - Visiting attribute path : date
[DEBUG] 2018-10-16 20:49:28.491 [main] MetamodelGraphWalker - Visiting attribute path : downtime
[DEBUG] 2018-10-16 20:49:28.492 [main] MetamodelGraphWalker - Visiting attribute path : employeeId
[DEBUG] 2018-10-16 20:49:28.492 [main] MetamodelGraphWalker - Visiting attribute path : firstName
[DEBUG] 2018-10-16 20:49:28.492 [main] MetamodelGraphWalker - Visiting attribute path : hoursWorked
[DEBUG] 2018-10-16 20:49:28.492 [main] MetamodelGraphWalker - Visiting attribute path : lastName
[DEBUG] 2018-10-16 20:49:28.496 [main] MetamodelGraphWalker - Visiting attribute path : machineNumber
[DEBUG] 2018-10-16 20:49:28.497 [main] MetamodelGraphWalker - Visiting attribute path : productName
[DEBUG] 2018-10-16 20:49:28.497 [main] MetamodelGraphWalker - Visiting attribute path : shift
[DEBUG] 2018-10-16 20:49:28.497 [main] MetamodelGraphWalker - Visiting attribute path : totalParts
[DEBUG] 2018-10-16 20:49:28.497 [main] FetchStyleLoadPlanBuildingAssociationVisitationStrategy - Building LoadPlan...
[DEBUG] 2018-10-16 20:49:28.497 [main] LoadQueryJoinAndFetchProcessor - processing queryspace <gen:0>
[DEBUG] 2018-10-16 20:49:28.497 [main] LoadPlanTreePrinter - LoadPlan(entity=ProductionCountLog.User)
    - Returns
       - EntityReturnImpl(entity=ProductionCountLog.User, querySpaceUid=<gen:0>, path=ProductionCountLog.User)
    - QuerySpaces
       - EntityQuerySpaceImpl(uid=<gen:0>, entity=ProductionCountLog.User)
          - SQL table alias mapping - user0_
          - alias suffix - 0_
          - suffixed key columns - {id1_0_0_}

[DEBUG] 2018-10-16 20:49:28.497 [main] EntityLoader - Static select for entity ProductionCountLog.User [READ]: select user0_.id as id1_0_0_, user0_.credits as credits2_0_0_, user0_.date as date3_0_0_, user0_.downtime as downtime4_0_0_, user0_.employee_id as employee5_0_0_, user0_.first_name as first_na6_0_0_, user0_.hours_worked as hours_wo7_0_0_, user0_.last_name as last_nam8_0_0_, user0_.machine_number as machine_9_0_0_, user0_.product_name as product10_0_0_, user0_.shift as shift11_0_0_, user0_.total_parts as total_p12_0_0_ from user user0_ where user0_.id=?
[DEBUG] 2018-10-16 20:49:28.498 [main] QuerySpacesImpl - Adding QuerySpace : uid = <gen:0> -> org.hibernate.loader.plan.build.internal.spaces.EntityQuerySpaceImpl@1144a55a]
[DEBUG] 2018-10-16 20:49:28.498 [main] MetamodelGraphWalker - Visiting attribute path : credits
[DEBUG] 2018-10-16 20:49:28.498 [main] MetamodelGraphWalker - Visiting attribute path : date
[DEBUG] 2018-10-16 20:49:28.498 [main] MetamodelGraphWalker - Visiting attribute path : downtime
[DEBUG] 2018-10-16 20:49:28.498 [main] MetamodelGraphWalker - Visiting attribute path : employeeId
[DEBUG] 2018-10-16 20:49:28.498 [main] MetamodelGraphWalker - Visiting attribute path : firstName
[DEBUG] 2018-10-16 20:49:28.498 [main] MetamodelGraphWalker - Visiting attribute path : hoursWorked
[DEBUG] 2018-10-16 20:49:28.498 [main] MetamodelGraphWalker - Visiting attribute path : lastName
[DEBUG] 2018-10-16 20:49:28.498 [main] MetamodelGraphWalker - Visiting attribute path : machineNumber
[DEBUG] 2018-10-16 20:49:28.498 [main] MetamodelGraphWalker - Visiting attribute path : productName
[DEBUG] 2018-10-16 20:49:28.498 [main] MetamodelGraphWalker - Visiting attribute path : shift
[DEBUG] 2018-10-16 20:49:28.498 [main] MetamodelGraphWalker - Visiting attribute path : totalParts
[DEBUG] 2018-10-16 20:49:28.499 [main] FetchStyleLoadPlanBuildingAssociationVisitationStrategy - Building LoadPlan...
[DEBUG] 2018-10-16 20:49:28.499 [main] LoadQueryJoinAndFetchProcessor - processing queryspace <gen:0>
[DEBUG] 2018-10-16 20:49:28.500 [main] LoadPlanTreePrinter - LoadPlan(entity=ProductionCountLog.User)
    - Returns
       - EntityReturnImpl(entity=ProductionCountLog.User, querySpaceUid=<gen:0>, path=ProductionCountLog.User)
    - QuerySpaces
       - EntityQuerySpaceImpl(uid=<gen:0>, entity=ProductionCountLog.User)
          - SQL table alias mapping - user0_
          - alias suffix - 0_
          - suffixed key columns - {id1_0_0_}

[DEBUG] 2018-10-16 20:49:28.500 [main] EntityLoader - Static select for entity ProductionCountLog.User [UPGRADE]: select user0_.id as id1_0_0_, user0_.credits as credits2_0_0_, user0_.date as date3_0_0_, user0_.downtime as downtime4_0_0_, user0_.employee_id as employee5_0_0_, user0_.first_name as first_na6_0_0_, user0_.hours_worked as hours_wo7_0_0_, user0_.last_name as last_nam8_0_0_, user0_.machine_number as machine_9_0_0_, user0_.product_name as product10_0_0_, user0_.shift as shift11_0_0_, user0_.total_parts as total_p12_0_0_ from user user0_ where user0_.id=? for update
[DEBUG] 2018-10-16 20:49:28.500 [main] QuerySpacesImpl - Adding QuerySpace : uid = <gen:0> -> org.hibernate.loader.plan.build.internal.spaces.EntityQuerySpaceImpl@26a529dc]
[DEBUG] 2018-10-16 20:49:28.500 [main] MetamodelGraphWalker - Visiting attribute path : credits
[DEBUG] 2018-10-16 20:49:28.501 [main] MetamodelGraphWalker - Visiting attribute path : date
[DEBUG] 2018-10-16 20:49:28.501 [main] MetamodelGraphWalker - Visiting attribute path : downtime
[DEBUG] 2018-10-16 20:49:28.501 [main] MetamodelGraphWalker - Visiting attribute path : employeeId
[DEBUG] 2018-10-16 20:49:28.501 [main] MetamodelGraphWalker - Visiting attribute path : firstName
[DEBUG] 2018-10-16 20:49:28.501 [main] MetamodelGraphWalker - Visiting attribute path : hoursWorked
[DEBUG] 2018-10-16 20:49:28.501 [main] MetamodelGraphWalker - Visiting attribute path : lastName
[DEBUG] 2018-10-16 20:49:28.501 [main] MetamodelGraphWalker - Visiting attribute path : machineNumber
[DEBUG] 2018-10-16 20:49:28.501 [main] MetamodelGraphWalker - Visiting attribute path : productName
[DEBUG] 2018-10-16 20:49:28.501 [main] MetamodelGraphWalker - Visiting attribute path : shift
[DEBUG] 2018-10-16 20:49:28.501 [main] MetamodelGraphWalker - Visiting attribute path : totalParts
[DEBUG] 2018-10-16 20:49:28.502 [main] FetchStyleLoadPlanBuildingAssociationVisitationStrategy - Building LoadPlan...
[DEBUG] 2018-10-16 20:49:28.505 [main] LoadQueryJoinAndFetchProcessor - processing queryspace <gen:0>
[DEBUG] 2018-10-16 20:49:28.506 [main] LoadPlanTreePrinter - LoadPlan(entity=ProductionCountLog.User)
    - Returns
       - EntityReturnImpl(entity=ProductionCountLog.User, querySpaceUid=<gen:0>, path=ProductionCountLog.User)
    - QuerySpaces
       - EntityQuerySpaceImpl(uid=<gen:0>, entity=ProductionCountLog.User)
          - SQL table alias mapping - user0_
          - alias suffix - 0_
          - suffixed key columns - {id1_0_0_}

[DEBUG] 2018-10-16 20:49:28.506 [main] EntityLoader - Static select for entity ProductionCountLog.User [UPGRADE_NOWAIT]: select user0_.id as id1_0_0_, user0_.credits as credits2_0_0_, user0_.date as date3_0_0_, user0_.downtime as downtime4_0_0_, user0_.employee_id as employee5_0_0_, user0_.first_name as first_na6_0_0_, user0_.hours_worked as hours_wo7_0_0_, user0_.last_name as last_nam8_0_0_, user0_.machine_number as machine_9_0_0_, user0_.product_name as product10_0_0_, user0_.shift as shift11_0_0_, user0_.total_parts as total_p12_0_0_ from user user0_ where user0_.id=? for update
[DEBUG] 2018-10-16 20:49:28.506 [main] QuerySpacesImpl - Adding QuerySpace : uid = <gen:0> -> org.hibernate.loader.plan.build.internal.spaces.EntityQuerySpaceImpl@1286528d]
[DEBUG] 2018-10-16 20:49:28.507 [main] MetamodelGraphWalker - Visiting attribute path : credits
[DEBUG] 2018-10-16 20:49:28.507 [main] MetamodelGraphWalker - Visiting attribute path : date
[DEBUG] 2018-10-16 20:49:28.507 [main] MetamodelGraphWalker - Visiting attribute path : downtime
[DEBUG] 2018-10-16 20:49:28.507 [main] MetamodelGraphWalker - Visiting attribute path : employeeId
[DEBUG] 2018-10-16 20:49:28.507 [main] MetamodelGraphWalker - Visiting attribute path : firstName
[DEBUG] 2018-10-16 20:49:28.507 [main] MetamodelGraphWalker - Visiting attribute path : hoursWorked
[DEBUG] 2018-10-16 20:49:28.507 [main] MetamodelGraphWalker - Visiting attribute path : lastName
[DEBUG] 2018-10-16 20:49:28.508 [main] MetamodelGraphWalker - Visiting attribute path : machineNumber
[DEBUG] 2018-10-16 20:49:28.508 [main] MetamodelGraphWalker - Visiting attribute path : productName
[DEBUG] 2018-10-16 20:49:28.508 [main] MetamodelGraphWalker - Visiting attribute path : shift
[DEBUG] 2018-10-16 20:49:28.509 [main] MetamodelGraphWalker - Visiting attribute path : totalParts
[DEBUG] 2018-10-16 20:49:28.509 [main] FetchStyleLoadPlanBuildingAssociationVisitationStrategy - Building LoadPlan...
[DEBUG] 2018-10-16 20:49:28.512 [main] LoadQueryJoinAndFetchProcessor - processing queryspace <gen:0>
[DEBUG] 2018-10-16 20:49:28.512 [main] LoadPlanTreePrinter - LoadPlan(entity=ProductionCountLog.User)
    - Returns
       - EntityReturnImpl(entity=ProductionCountLog.User, querySpaceUid=<gen:0>, path=ProductionCountLog.User)
    - QuerySpaces
       - EntityQuerySpaceImpl(uid=<gen:0>, entity=ProductionCountLog.User)
          - SQL table alias mapping - user0_
          - alias suffix - 0_
          - suffixed key columns - {id1_0_0_}

[DEBUG] 2018-10-16 20:49:28.513 [main] EntityLoader - Static select for entity ProductionCountLog.User [UPGRADE_SKIPLOCKED]: select user0_.id as id1_0_0_, user0_.credits as credits2_0_0_, user0_.date as date3_0_0_, user0_.downtime as downtime4_0_0_, user0_.employee_id as employee5_0_0_, user0_.first_name as first_na6_0_0_, user0_.hours_worked as hours_wo7_0_0_, user0_.last_name as last_nam8_0_0_, user0_.machine_number as machine_9_0_0_, user0_.product_name as product10_0_0_, user0_.shift as shift11_0_0_, user0_.total_parts as total_p12_0_0_ from user user0_ where user0_.id=? for update
[DEBUG] 2018-10-16 20:49:28.513 [main] QuerySpacesImpl - Adding QuerySpace : uid = <gen:0> -> org.hibernate.loader.plan.build.internal.spaces.EntityQuerySpaceImpl@33a630fa]
[DEBUG] 2018-10-16 20:49:28.513 [main] MetamodelGraphWalker - Visiting attribute path : credits
[DEBUG] 2018-10-16 20:49:28.513 [main] MetamodelGraphWalker - Visiting attribute path : date
[DEBUG] 2018-10-16 20:49:28.513 [main] MetamodelGraphWalker - Visiting attribute path : downtime
[DEBUG] 2018-10-16 20:49:28.513 [main] MetamodelGraphWalker - Visiting attribute path : employeeId
[DEBUG] 2018-10-16 20:49:28.513 [main] MetamodelGraphWalker - Visiting attribute path : firstName
[DEBUG] 2018-10-16 20:49:28.513 [main] MetamodelGraphWalker - Visiting attribute path : hoursWorked
[DEBUG] 2018-10-16 20:49:28.513 [main] MetamodelGraphWalker - Visiting attribute path : lastName
[DEBUG] 2018-10-16 20:49:28.513 [main] MetamodelGraphWalker - Visiting attribute path : machineNumber
[DEBUG] 2018-10-16 20:49:28.513 [main] MetamodelGraphWalker - Visiting attribute path : productName
[DEBUG] 2018-10-16 20:49:28.513 [main] MetamodelGraphWalker - Visiting attribute path : shift
[DEBUG] 2018-10-16 20:49:28.513 [main] MetamodelGraphWalker - Visiting attribute path : totalParts
[DEBUG] 2018-10-16 20:49:28.513 [main] FetchStyleLoadPlanBuildingAssociationVisitationStrategy - Building LoadPlan...
[DEBUG] 2018-10-16 20:49:28.514 [main] LoadQueryJoinAndFetchProcessor - processing queryspace <gen:0>
[DEBUG] 2018-10-16 20:49:28.515 [main] LoadPlanTreePrinter - LoadPlan(entity=ProductionCountLog.User)
    - Returns
       - EntityReturnImpl(entity=ProductionCountLog.User, querySpaceUid=<gen:0>, path=ProductionCountLog.User)
    - QuerySpaces
       - EntityQuerySpaceImpl(uid=<gen:0>, entity=ProductionCountLog.User)
          - SQL table alias mapping - user0_
          - alias suffix - 0_
          - suffixed key columns - {id1_0_0_}

[DEBUG] 2018-10-16 20:49:28.515 [main] EntityLoader - Static select for entity ProductionCountLog.User [FORCE]: select user0_.id as id1_0_0_, user0_.credits as credits2_0_0_, user0_.date as date3_0_0_, user0_.downtime as downtime4_0_0_, user0_.employee_id as employee5_0_0_, user0_.first_name as first_na6_0_0_, user0_.hours_worked as hours_wo7_0_0_, user0_.last_name as last_nam8_0_0_, user0_.machine_number as machine_9_0_0_, user0_.product_name as product10_0_0_, user0_.shift as shift11_0_0_, user0_.total_parts as total_p12_0_0_ from user user0_ where user0_.id=? for update
[DEBUG] 2018-10-16 20:49:28.515 [main] QuerySpacesImpl - Adding QuerySpace : uid = <gen:0> -> org.hibernate.loader.plan.build.internal.spaces.EntityQuerySpaceImpl@5767b2af]
[DEBUG] 2018-10-16 20:49:28.515 [main] MetamodelGraphWalker - Visiting attribute path : credits
[DEBUG] 2018-10-16 20:49:28.515 [main] MetamodelGraphWalker - Visiting attribute path : date
[DEBUG] 2018-10-16 20:49:28.515 [main] MetamodelGraphWalker - Visiting attribute path : downtime
[DEBUG] 2018-10-16 20:49:28.515 [main] MetamodelGraphWalker - Visiting attribute path : employeeId
[DEBUG] 2018-10-16 20:49:28.515 [main] MetamodelGraphWalker - Visiting attribute path : firstName
[DEBUG] 2018-10-16 20:49:28.515 [main] MetamodelGraphWalker - Visiting attribute path : hoursWorked
[DEBUG] 2018-10-16 20:49:28.517 [main] MetamodelGraphWalker - Visiting attribute path : lastName
[DEBUG] 2018-10-16 20:49:28.518 [main] MetamodelGraphWalker - Visiting attribute path : machineNumber
[DEBUG] 2018-10-16 20:49:28.518 [main] MetamodelGraphWalker - Visiting attribute path : productName
[DEBUG] 2018-10-16 20:49:28.518 [main] MetamodelGraphWalker - Visiting attribute path : shift
[DEBUG] 2018-10-16 20:49:28.518 [main] MetamodelGraphWalker - Visiting attribute path : totalParts
[DEBUG] 2018-10-16 20:49:28.518 [main] FetchStyleLoadPlanBuildingAssociationVisitationStrategy - Building LoadPlan...
[DEBUG] 2018-10-16 20:49:28.518 [main] LoadQueryJoinAndFetchProcessor - processing queryspace <gen:0>
[DEBUG] 2018-10-16 20:49:28.518 [main] LoadPlanTreePrinter - LoadPlan(entity=ProductionCountLog.User)
    - Returns
       - EntityReturnImpl(entity=ProductionCountLog.User, querySpaceUid=<gen:0>, path=ProductionCountLog.User)
    - QuerySpaces
       - EntityQuerySpaceImpl(uid=<gen:0>, entity=ProductionCountLog.User)
          - SQL table alias mapping - user0_
          - alias suffix - 0_
          - suffixed key columns - {id1_0_0_}

[DEBUG] 2018-10-16 20:49:28.519 [main] EntityLoader - Static select for entity ProductionCountLog.User [PESSIMISTIC_READ]: select user0_.id as id1_0_0_, user0_.credits as credits2_0_0_, user0_.date as date3_0_0_, user0_.downtime as downtime4_0_0_, user0_.employee_id as employee5_0_0_, user0_.first_name as first_na6_0_0_, user0_.hours_worked as hours_wo7_0_0_, user0_.last_name as last_nam8_0_0_, user0_.machine_number as machine_9_0_0_, user0_.product_name as product10_0_0_, user0_.shift as shift11_0_0_, user0_.total_parts as total_p12_0_0_ from user user0_ where user0_.id=? lock in share mode
[DEBUG] 2018-10-16 20:49:28.519 [main] QuerySpacesImpl - Adding QuerySpace : uid = <gen:0> -> org.hibernate.loader.plan.build.internal.spaces.EntityQuerySpaceImpl@790132f7]
[DEBUG] 2018-10-16 20:49:28.519 [main] MetamodelGraphWalker - Visiting attribute path : credits
[DEBUG] 2018-10-16 20:49:28.519 [main] MetamodelGraphWalker - Visiting attribute path : date
[DEBUG] 2018-10-16 20:49:28.524 [main] MetamodelGraphWalker - Visiting attribute path : downtime
[DEBUG] 2018-10-16 20:49:28.524 [main] MetamodelGraphWalker - Visiting attribute path : employeeId
[DEBUG] 2018-10-16 20:49:28.524 [main] MetamodelGraphWalker - Visiting attribute path : firstName
[DEBUG] 2018-10-16 20:49:28.524 [main] MetamodelGraphWalker - Visiting attribute path : hoursWorked
[DEBUG] 2018-10-16 20:49:28.524 [main] MetamodelGraphWalker - Visiting attribute path : lastName
[DEBUG] 2018-10-16 20:49:28.524 [main] MetamodelGraphWalker - Visiting attribute path : machineNumber
[DEBUG] 2018-10-16 20:49:28.524 [main] MetamodelGraphWalker - Visiting attribute path : productName
[DEBUG] 2018-10-16 20:49:28.525 [main] MetamodelGraphWalker - Visiting attribute path : shift
[DEBUG] 2018-10-16 20:49:28.525 [main] MetamodelGraphWalker - Visiting attribute path : totalParts
[DEBUG] 2018-10-16 20:49:28.525 [main] FetchStyleLoadPlanBuildingAssociationVisitationStrategy - Building LoadPlan...
[DEBUG] 2018-10-16 20:49:28.525 [main] LoadQueryJoinAndFetchProcessor - processing queryspace <gen:0>
[DEBUG] 2018-10-16 20:49:28.526 [main] LoadPlanTreePrinter - LoadPlan(entity=ProductionCountLog.User)
    - Returns
       - EntityReturnImpl(entity=ProductionCountLog.User, querySpaceUid=<gen:0>, path=ProductionCountLog.User)
    - QuerySpaces
       - EntityQuerySpaceImpl(uid=<gen:0>, entity=ProductionCountLog.User)
          - SQL table alias mapping - user0_
          - alias suffix - 0_
          - suffixed key columns - {id1_0_0_}

[DEBUG] 2018-10-16 20:49:28.526 [main] EntityLoader - Static select for entity ProductionCountLog.User [PESSIMISTIC_WRITE]: select user0_.id as id1_0_0_, user0_.credits as credits2_0_0_, user0_.date as date3_0_0_, user0_.downtime as downtime4_0_0_, user0_.employee_id as employee5_0_0_, user0_.first_name as first_na6_0_0_, user0_.hours_worked as hours_wo7_0_0_, user0_.last_name as last_nam8_0_0_, user0_.machine_number as machine_9_0_0_, user0_.product_name as product10_0_0_, user0_.shift as shift11_0_0_, user0_.total_parts as total_p12_0_0_ from user user0_ where user0_.id=? for update
[DEBUG] 2018-10-16 20:49:28.526 [main] QuerySpacesImpl - Adding QuerySpace : uid = <gen:0> -> org.hibernate.loader.plan.build.internal.spaces.EntityQuerySpaceImpl@48b0e701]
[DEBUG] 2018-10-16 20:49:28.526 [main] MetamodelGraphWalker - Visiting attribute path : credits
[DEBUG] 2018-10-16 20:49:28.526 [main] MetamodelGraphWalker - Visiting attribute path : date
[DEBUG] 2018-10-16 20:49:28.527 [main] MetamodelGraphWalker - Visiting attribute path : downtime
[DEBUG] 2018-10-16 20:49:28.527 [main] MetamodelGraphWalker - Visiting attribute path : employeeId
[DEBUG] 2018-10-16 20:49:28.527 [main] MetamodelGraphWalker - Visiting attribute path : firstName
[DEBUG] 2018-10-16 20:49:28.527 [main] MetamodelGraphWalker - Visiting attribute path : hoursWorked
[DEBUG] 2018-10-16 20:49:28.527 [main] MetamodelGraphWalker - Visiting attribute path : lastName
[DEBUG] 2018-10-16 20:49:28.527 [main] MetamodelGraphWalker - Visiting attribute path : machineNumber
[DEBUG] 2018-10-16 20:49:28.527 [main] MetamodelGraphWalker - Visiting attribute path : productName
[DEBUG] 2018-10-16 20:49:28.527 [main] MetamodelGraphWalker - Visiting attribute path : shift
[DEBUG] 2018-10-16 20:49:28.527 [main] MetamodelGraphWalker - Visiting attribute path : totalParts
[DEBUG] 2018-10-16 20:49:28.527 [main] FetchStyleLoadPlanBuildingAssociationVisitationStrategy - Building LoadPlan...
[DEBUG] 2018-10-16 20:49:28.530 [main] LoadQueryJoinAndFetchProcessor - processing queryspace <gen:0>
[DEBUG] 2018-10-16 20:49:28.530 [main] LoadPlanTreePrinter - LoadPlan(entity=ProductionCountLog.User)
    - Returns
       - EntityReturnImpl(entity=ProductionCountLog.User, querySpaceUid=<gen:0>, path=ProductionCountLog.User)
    - QuerySpaces
       - EntityQuerySpaceImpl(uid=<gen:0>, entity=ProductionCountLog.User)
          - SQL table alias mapping - user0_
          - alias suffix - 0_
          - suffixed key columns - {id1_0_0_}

[DEBUG] 2018-10-16 20:49:28.530 [main] EntityLoader - Static select for entity ProductionCountLog.User [PESSIMISTIC_FORCE_INCREMENT]: select user0_.id as id1_0_0_, user0_.credits as credits2_0_0_, user0_.date as date3_0_0_, user0_.downtime as downtime4_0_0_, user0_.employee_id as employee5_0_0_, user0_.first_name as first_na6_0_0_, user0_.hours_worked as hours_wo7_0_0_, user0_.last_name as last_nam8_0_0_, user0_.machine_number as machine_9_0_0_, user0_.product_name as product10_0_0_, user0_.shift as shift11_0_0_, user0_.total_parts as total_p12_0_0_ from user user0_ where user0_.id=? for update
[DEBUG] 2018-10-16 20:49:28.530 [main] QuerySpacesImpl - Adding QuerySpace : uid = <gen:0> -> org.hibernate.loader.plan.build.internal.spaces.EntityQuerySpaceImpl@547c04c4]
[DEBUG] 2018-10-16 20:49:28.531 [main] MetamodelGraphWalker - Visiting attribute path : credits
[DEBUG] 2018-10-16 20:49:28.531 [main] MetamodelGraphWalker - Visiting attribute path : date
[DEBUG] 2018-10-16 20:49:28.531 [main] MetamodelGraphWalker - Visiting attribute path : downtime
[DEBUG] 2018-10-16 20:49:28.531 [main] MetamodelGraphWalker - Visiting attribute path : employeeId
[DEBUG] 2018-10-16 20:49:28.532 [main] MetamodelGraphWalker - Visiting attribute path : firstName
[DEBUG] 2018-10-16 20:49:28.532 [main] MetamodelGraphWalker - Visiting attribute path : hoursWorked
[DEBUG] 2018-10-16 20:49:28.532 [main] MetamodelGraphWalker - Visiting attribute path : lastName
[DEBUG] 2018-10-16 20:49:28.532 [main] MetamodelGraphWalker - Visiting attribute path : machineNumber
[DEBUG] 2018-10-16 20:49:28.532 [main] MetamodelGraphWalker - Visiting attribute path : productName
[DEBUG] 2018-10-16 20:49:28.533 [main] MetamodelGraphWalker - Visiting attribute path : shift
[DEBUG] 2018-10-16 20:49:28.533 [main] MetamodelGraphWalker - Visiting attribute path : totalParts
[DEBUG] 2018-10-16 20:49:28.534 [main] FetchStyleLoadPlanBuildingAssociationVisitationStrategy - Building LoadPlan...
[DEBUG] 2018-10-16 20:49:28.534 [main] LoadQueryJoinAndFetchProcessor - processing queryspace <gen:0>
[DEBUG] 2018-10-16 20:49:28.534 [main] LoadPlanTreePrinter - LoadPlan(entity=ProductionCountLog.User)
    - Returns
       - EntityReturnImpl(entity=ProductionCountLog.User, querySpaceUid=<gen:0>, path=ProductionCountLog.User)
    - QuerySpaces
       - EntityQuerySpaceImpl(uid=<gen:0>, entity=ProductionCountLog.User)
          - SQL table alias mapping - user0_
          - alias suffix - 0_
          - suffixed key columns - {id1_0_0_}

[DEBUG] 2018-10-16 20:49:28.534 [main] EntityLoader - Static select for entity ProductionCountLog.User [OPTIMISTIC]: select user0_.id as id1_0_0_, user0_.credits as credits2_0_0_, user0_.date as date3_0_0_, user0_.downtime as downtime4_0_0_, user0_.employee_id as employee5_0_0_, user0_.first_name as first_na6_0_0_, user0_.hours_worked as hours_wo7_0_0_, user0_.last_name as last_nam8_0_0_, user0_.machine_number as machine_9_0_0_, user0_.product_name as product10_0_0_, user0_.shift as shift11_0_0_, user0_.total_parts as total_p12_0_0_ from user user0_ where user0_.id=?
[DEBUG] 2018-10-16 20:49:28.534 [main] QuerySpacesImpl - Adding QuerySpace : uid = <gen:0> -> org.hibernate.loader.plan.build.internal.spaces.EntityQuerySpaceImpl@7fae4d4a]
[DEBUG] 2018-10-16 20:49:28.534 [main] MetamodelGraphWalker - Visiting attribute path : credits
[DEBUG] 2018-10-16 20:49:28.534 [main] MetamodelGraphWalker - Visiting attribute path : date
[DEBUG] 2018-10-16 20:49:28.534 [main] MetamodelGraphWalker - Visiting attribute path : downtime
[DEBUG] 2018-10-16 20:49:28.534 [main] MetamodelGraphWalker - Visiting attribute path : employeeId
[DEBUG] 2018-10-16 20:49:28.534 [main] MetamodelGraphWalker - Visiting attribute path : firstName
[DEBUG] 2018-10-16 20:49:28.534 [main] MetamodelGraphWalker - Visiting attribute path : hoursWorked
[DEBUG] 2018-10-16 20:49:28.534 [main] MetamodelGraphWalker - Visiting attribute path : lastName
[DEBUG] 2018-10-16 20:49:28.535 [main] MetamodelGraphWalker - Visiting attribute path : machineNumber
[DEBUG] 2018-10-16 20:49:28.535 [main] MetamodelGraphWalker - Visiting attribute path : productName
[DEBUG] 2018-10-16 20:49:28.535 [main] MetamodelGraphWalker - Visiting attribute path : shift
[DEBUG] 2018-10-16 20:49:28.535 [main] MetamodelGraphWalker - Visiting attribute path : totalParts
[DEBUG] 2018-10-16 20:49:28.535 [main] FetchStyleLoadPlanBuildingAssociationVisitationStrategy - Building LoadPlan...
[DEBUG] 2018-10-16 20:49:28.535 [main] LoadQueryJoinAndFetchProcessor - processing queryspace <gen:0>
[DEBUG] 2018-10-16 20:49:28.535 [main] LoadPlanTreePrinter - LoadPlan(entity=ProductionCountLog.User)
    - Returns
       - EntityReturnImpl(entity=ProductionCountLog.User, querySpaceUid=<gen:0>, path=ProductionCountLog.User)
    - QuerySpaces
       - EntityQuerySpaceImpl(uid=<gen:0>, entity=ProductionCountLog.User)
          - SQL table alias mapping - user0_
          - alias suffix - 0_
          - suffixed key columns - {id1_0_0_}

[DEBUG] 2018-10-16 20:49:28.535 [main] EntityLoader - Static select for entity ProductionCountLog.User [OPTIMISTIC_FORCE_INCREMENT]: select user0_.id as id1_0_0_, user0_.credits as credits2_0_0_, user0_.date as date3_0_0_, user0_.downtime as downtime4_0_0_, user0_.employee_id as employee5_0_0_, user0_.first_name as first_na6_0_0_, user0_.hours_worked as hours_wo7_0_0_, user0_.last_name as last_nam8_0_0_, user0_.machine_number as machine_9_0_0_, user0_.product_name as product10_0_0_, user0_.shift as shift11_0_0_, user0_.total_parts as total_p12_0_0_ from user user0_ where user0_.id=?
[DEBUG] 2018-10-16 20:49:28.565 [main] Loader - Static select for action ACTION_MERGE on entity ProductionCountLog.User: select user0_.id as id1_0_0_, user0_.credits as credits2_0_0_, user0_.date as date3_0_0_, user0_.downtime as downtime4_0_0_, user0_.employee_id as employee5_0_0_, user0_.first_name as first_na6_0_0_, user0_.hours_worked as hours_wo7_0_0_, user0_.last_name as last_nam8_0_0_, user0_.machine_number as machine_9_0_0_, user0_.product_name as product10_0_0_, user0_.shift as shift11_0_0_, user0_.total_parts as total_p12_0_0_ from user user0_ where user0_.id=?
[DEBUG] 2018-10-16 20:49:28.566 [main] Loader - Static select for action ACTION_REFRESH on entity ProductionCountLog.User: select user0_.id as id1_0_0_, user0_.credits as credits2_0_0_, user0_.date as date3_0_0_, user0_.downtime as downtime4_0_0_, user0_.employee_id as employee5_0_0_, user0_.first_name as first_na6_0_0_, user0_.hours_worked as hours_wo7_0_0_, user0_.last_name as last_nam8_0_0_, user0_.machine_number as machine_9_0_0_, user0_.product_name as product10_0_0_, user0_.shift as shift11_0_0_, user0_.total_parts as total_p12_0_0_ from user user0_ where user0_.id=?
[DEBUG] 2018-10-16 20:49:28.616 [main] SchemaManagementToolCoordinator - No actions specified; doing nothing
[DEBUG] 2018-10-16 20:49:28.617 [main] JtaPlatformInitiator - No JtaPlatform was specified, checking resolver
[DEBUG] 2018-10-16 20:49:28.617 [main] JtaPlatformResolverInitiator - No JtaPlatformResolver was specified, using default [org.hibernate.engine.transaction.jta.platform.internal.StandardJtaPlatformResolver]
[DEBUG] 2018-10-16 20:49:28.622 [main] StandardJtaPlatformResolver - Could not resolve JtaPlatform, using default [org.hibernate.engine.transaction.jta.platform.internal.NoJtaPlatform]
[DEBUG] 2018-10-16 20:49:28.626 [main] NamedQueryRepository - Checking 0 named HQL queries
[DEBUG] 2018-10-16 20:49:28.626 [main] NamedQueryRepository - Checking 0 named SQL queries
[DEBUG] 2018-10-16 20:49:28.627 [main] SessionFactoryRegistry - Initializing SessionFactoryRegistry : org.hibernate.internal.SessionFactoryRegistry@e8fadb0
[DEBUG] 2018-10-16 20:49:28.632 [main] SessionFactoryRegistry - Registering SessionFactory: d24a7788-cea3-4781-b7a1-dd0cb9fef555 (<unnamed>)
[DEBUG] 2018-10-16 20:49:28.632 [main] SessionFactoryRegistry - Not binding SessionFactory to JNDI, no JNDI name configured
[DEBUG] 2018-10-16 20:49:28.767 [main] StatisticsInitiator - Statistics initialized [enabled=false]
[DEBUG] 2018-10-16 20:49:28.796 [main] SQL - select user0_.id as id1_0_0_, user0_.credits as credits2_0_0_, user0_.date as date3_0_0_, user0_.downtime as downtime4_0_0_, user0_.employee_id as employee5_0_0_, user0_.first_name as first_na6_0_0_, user0_.hours_worked as hours_wo7_0_0_, user0_.last_name as last_nam8_0_0_, user0_.machine_number as machine_9_0_0_, user0_.product_name as product10_0_0_, user0_.shift as shift11_0_0_, user0_.total_parts as total_p12_0_0_ from user user0_ where user0_.id=?
[DEBUG] 2018-10-16 20:49:28.830 [main] ResultSetProcessorImpl - Starting ResultSet row #0
[DEBUG] 2018-10-16 20:49:28.834 [main] EntityReferenceInitializerImpl - On call to EntityIdentifierReaderImpl#resolve, EntityKey was already known; should only happen on root returns with an optional identifier specified
[DEBUG] 2018-10-16 20:49:28.849 [main] TwoPhaseLoad - Resolving associations for [ProductionCountLog.User#1]
[DEBUG] 2018-10-16 20:49:28.861 [main] TwoPhaseLoad - Done materializing entity [ProductionCountLog.User#1]
[DEBUG] 2018-10-16 20:49:28.861 [main] ResourceRegistryStandardImpl - HHH000387: ResultSet's statement was not registered
[DEBUG] 2018-10-16 20:49:28.862 [main] AbstractLoadPlanBasedEntityLoader - Done entity load : ProductionCountLog.User#1
[DEBUG] 2018-10-16 20:49:28.862 [main] LogicalConnectionManagedImpl - Initiating JDBC connection release from afterTransaction
[DEBUG] 2018-10-16 20:49:28.869 [main] TransactionImpl - begin
[DEBUG] 2018-10-16 20:49:28.883 [main] TransactionImpl - committing
[DEBUG] 2018-10-16 20:49:28.883 [main] AbstractFlushingEventListener - Processing flush-time cascades
[DEBUG] 2018-10-16 20:49:28.883 [main] AbstractFlushingEventListener - Dirty checking collections
[DEBUG] 2018-10-16 20:49:28.884 [main] AbstractFlushingEventListener - Flushed: 0 insertions, 0 updates, 1 deletions to 1 objects
[DEBUG] 2018-10-16 20:49:28.885 [main] AbstractFlushingEventListener - Flushed: 0 (re)creations, 0 updates, 0 removals to 0 collections
[DEBUG] 2018-10-16 20:49:28.893 [main] EntityPrinter - Listing entities:
[DEBUG] 2018-10-16 20:49:28.893 [main] EntityPrinter - ProductionCountLog.User{date=2018-10-14, downtime=0.25, firstName=Charles, lastName=Clark, totalParts=220.0, credits=0.5, machineNumber=2, shift=2, employeeId=123, id=1, hoursWorked=6.5, productName=213 Filters}
[DEBUG] 2018-10-16 20:49:28.898 [main] SQL - delete from user where id=?
[DEBUG] 2018-10-16 20:49:28.908 [main] LogicalConnectionManagedImpl - Initiating JDBC connection release from afterTransaction
[DEBUG] 2018-10-16 20:49:28.909 [main] LogicalConnectionManagedImpl - Initiating JDBC connection release from afterTransaction
[DEBUG] 2018-10-16 20:49:28.909 [main] JdbcCoordinatorImpl - HHH000420: Closing un-released batch
[DEBUG] 2018-10-16 20:49:28.911 [main] SQL - select user0_.id as id1_0_0_, user0_.credits as credits2_0_0_, user0_.date as date3_0_0_, user0_.downtime as downtime4_0_0_, user0_.employee_id as employee5_0_0_, user0_.first_name as first_na6_0_0_, user0_.hours_worked as hours_wo7_0_0_, user0_.last_name as last_nam8_0_0_, user0_.machine_number as machine_9_0_0_, user0_.product_name as product10_0_0_, user0_.shift as shift11_0_0_, user0_.total_parts as total_p12_0_0_ from user user0_ where user0_.id=?
[DEBUG] 2018-10-16 20:49:28.912 [main] ResourceRegistryStandardImpl - HHH000387: ResultSet's statement was not registered
[DEBUG] 2018-10-16 20:49:28.912 [main] AbstractLoadPlanBasedEntityLoader - Done entity load : ProductionCountLog.User#1
[DEBUG] 2018-10-16 20:49:28.912 [main] LogicalConnectionManagedImpl - Initiating JDBC connection release from afterTransaction
[DEBUG] 2018-10-16 20:49:29.016 [main] CriteriaQueryImpl - Rendered criteria query -> select generatedAlias0 from User as generatedAlias0
[DEBUG] 2018-10-16 20:49:29.045 [main] QueryTranslatorFactoryInitiator - QueryTranslatorFactory : org.hibernate.hql.internal.ast.ASTQueryTranslatorFactory@49601f82
[INFO ] 2018-10-16 20:49:29.045 [main] QueryTranslatorFactoryInitiator - HHH000397: Using ASTQueryTranslatorFactory
[DEBUG] 2018-10-16 20:49:29.118 [main] QueryTranslatorImpl - parse() - HQL: select generatedAlias0 from ProductionCountLog.User as generatedAlias0
[DEBUG] 2018-10-16 20:49:29.131 [main] ErrorCounter - throwQueryException() : no errors
[DEBUG] 2018-10-16 20:49:29.136 [main] QueryTranslatorImpl - --- HQL AST ---
 \-[QUERY] Node: 'query'
    \-[SELECT_FROM] Node: 'SELECT_FROM'
       +-[FROM] Node: 'from'
       |  \-[RANGE] Node: 'RANGE'
       |     +-[DOT] Node: '.'
       |     |  +-[IDENT] Node: 'ProductionCountLog'
       |     |  \-[IDENT] Node: 'User'
       |     \-[ALIAS] Node: 'generatedAlias0'
       \-[SELECT] Node: 'select'
          \-[IDENT] Node: 'generatedAlias0'

[DEBUG] 2018-10-16 20:49:29.179 [main] HqlSqlBaseWalker - select << begin [level=1, statement=select]
[DEBUG] 2018-10-16 20:49:29.233 [main] FromElement - FromClause{level=1} : ProductionCountLog.User (generatedAlias0) -> user0_
[DEBUG] 2018-10-16 20:49:29.236 [main] FromReferenceNode - Resolved : generatedAlias0 -> user0_.id
[DEBUG] 2018-10-16 20:49:29.238 [main] HqlSqlBaseWalker - select : finishing up [level=1, statement=select]
[DEBUG] 2018-10-16 20:49:29.238 [main] HqlSqlWalker - processQuery() :  ( SELECT ( {select clause} user0_.id ) ( FromClause{level=1} user user0_ ) )
[DEBUG] 2018-10-16 20:49:29.255 [main] JoinProcessor - Using FROM fragment [user user0_]
[DEBUG] 2018-10-16 20:49:29.255 [main] HqlSqlBaseWalker - select >> end [level=1, statement=select]
[DEBUG] 2018-10-16 20:49:29.258 [main] QueryTranslatorImpl - --- SQL AST ---
 \-[SELECT] QueryNode: 'SELECT'  querySpaces (user)
    +-[SELECT_CLAUSE] SelectClause: '{select clause}'
    |  +-[ALIAS_REF] IdentNode: 'user0_.id as id1_0_' {alias=generatedAlias0, className=ProductionCountLog.User, tableAlias=user0_}
    |  \-[SQL_TOKEN] SqlFragment: 'user0_.credits as credits2_0_, user0_.date as date3_0_, user0_.downtime as downtime4_0_, user0_.employee_id as employee5_0_, user0_.first_name as first_na6_0_, user0_.hours_worked as hours_wo7_0_, user0_.last_name as last_nam8_0_, user0_.machine_number as machine_9_0_, user0_.product_name as product10_0_, user0_.shift as shift11_0_, user0_.total_parts as total_p12_0_'
    \-[FROM] FromClause: 'from' FromClause{level=1, fromElementCounter=1, fromElements=1, fromElementByClassAlias=[generatedAlias0], fromElementByTableAlias=[user0_], fromElementsByPath=[], collectionJoinFromElementsByPath=[], impliedElements=[]}
       \-[FROM_FRAGMENT] FromElement: 'user user0_' FromElement{explicit,not a collection join,not a fetch join,fetch non-lazy properties,classAlias=generatedAlias0,role=null,tableName=user,tableAlias=user0_,origin=null,columns={,className=ProductionCountLog.User}}

[DEBUG] 2018-10-16 20:49:29.259 [main] ErrorCounter - throwQueryException() : no errors
[DEBUG] 2018-10-16 20:49:29.281 [main] QueryTranslatorImpl - HQL: select generatedAlias0 from ProductionCountLog.User as generatedAlias0
[DEBUG] 2018-10-16 20:49:29.281 [main] QueryTranslatorImpl - SQL: select user0_.id as id1_0_, user0_.credits as credits2_0_, user0_.date as date3_0_, user0_.downtime as downtime4_0_, user0_.employee_id as employee5_0_, user0_.first_name as first_na6_0_, user0_.hours_worked as hours_wo7_0_, user0_.last_name as last_nam8_0_, user0_.machine_number as machine_9_0_, user0_.product_name as product10_0_, user0_.shift as shift11_0_, user0_.total_parts as total_p12_0_ from user user0_
[DEBUG] 2018-10-16 20:49:29.281 [main] ErrorCounter - throwQueryException() : no errors
[DEBUG] 2018-10-16 20:49:29.312 [main] SQL - select user0_.id as id1_0_, user0_.credits as credits2_0_, user0_.date as date3_0_, user0_.downtime as downtime4_0_, user0_.employee_id as employee5_0_, user0_.first_name as first_na6_0_, user0_.hours_worked as hours_wo7_0_, user0_.last_name as last_nam8_0_, user0_.machine_number as machine_9_0_, user0_.product_name as product10_0_, user0_.shift as shift11_0_, user0_.total_parts as total_p12_0_ from user user0_
[DEBUG] 2018-10-16 20:49:29.314 [main] Loader - Result set row: 0
[DEBUG] 2018-10-16 20:49:29.318 [main] Loader - Result row: EntityKey[ProductionCountLog.User#1]
[DEBUG] 2018-10-16 20:49:29.319 [main] TwoPhaseLoad - Resolving associations for [ProductionCountLog.User#1]
[DEBUG] 2018-10-16 20:49:29.322 [main] TwoPhaseLoad - Done materializing entity [ProductionCountLog.User#1]
[DEBUG] 2018-10-16 20:49:29.408 [main] LogicalConnectionManagedImpl - Initiating JDBC connection release from afterTransaction
[DEBUG] 2018-10-16 20:49:29.441 [main] CriteriaQueryImpl - Rendered criteria query -> select generatedAlias0 from User as generatedAlias0 where generatedAlias0.lastName like :param0
[DEBUG] 2018-10-16 20:49:29.445 [main] QueryTranslatorImpl - parse() - HQL: select generatedAlias0 from ProductionCountLog.User as generatedAlias0 where generatedAlias0.lastName like :param0
[DEBUG] 2018-10-16 20:49:29.450 [main] ErrorCounter - throwQueryException() : no errors
[DEBUG] 2018-10-16 20:49:29.451 [main] QueryTranslatorImpl - --- HQL AST ---
 \-[QUERY] Node: 'query'
    +-[SELECT_FROM] Node: 'SELECT_FROM'
    |  +-[FROM] Node: 'from'
    |  |  \-[RANGE] Node: 'RANGE'
    |  |     +-[DOT] Node: '.'
    |  |     |  +-[IDENT] Node: 'ProductionCountLog'
    |  |     |  \-[IDENT] Node: 'User'
    |  |     \-[ALIAS] Node: 'generatedAlias0'
    |  \-[SELECT] Node: 'select'
    |     \-[IDENT] Node: 'generatedAlias0'
    \-[WHERE] Node: 'where'
       \-[LIKE] Node: 'like'
          +-[DOT] Node: '.'
          |  +-[IDENT] Node: 'generatedAlias0'
          |  \-[IDENT] Node: 'lastName'
          \-[COLON] Node: ':'
             \-[IDENT] Node: 'param0'

[DEBUG] 2018-10-16 20:49:29.453 [main] HqlSqlBaseWalker - select << begin [level=1, statement=select]
[DEBUG] 2018-10-16 20:49:29.453 [main] FromElement - FromClause{level=1} : ProductionCountLog.User (generatedAlias0) -> user0_
[DEBUG] 2018-10-16 20:49:29.453 [main] FromReferenceNode - Resolved : generatedAlias0 -> user0_.id
[DEBUG] 2018-10-16 20:49:29.455 [main] FromReferenceNode - Resolved : generatedAlias0 -> user0_.id
[DEBUG] 2018-10-16 20:49:29.455 [main] DotNode - getDataType() : lastName -> org.hibernate.type.StringType@4e31276e
[DEBUG] 2018-10-16 20:49:29.456 [main] FromReferenceNode - Resolved : generatedAlias0.lastName -> user0_.last_name
[DEBUG] 2018-10-16 20:49:29.460 [main] HqlSqlBaseWalker - select : finishing up [level=1, statement=select]
[DEBUG] 2018-10-16 20:49:29.460 [main] HqlSqlWalker - processQuery() :  ( SELECT ( {select clause} user0_.id ) ( FromClause{level=1} user user0_ ) ( where ( like ( user0_.last_name user0_.id lastName ) ? ) ) )
[DEBUG] 2018-10-16 20:49:29.460 [main] JoinProcessor - Using FROM fragment [user user0_]
[DEBUG] 2018-10-16 20:49:29.460 [main] HqlSqlBaseWalker - select >> end [level=1, statement=select]
[DEBUG] 2018-10-16 20:49:29.461 [main] QueryTranslatorImpl - --- SQL AST ---
 \-[SELECT] QueryNode: 'SELECT'  querySpaces (user)
    +-[SELECT_CLAUSE] SelectClause: '{select clause}'
    |  +-[ALIAS_REF] IdentNode: 'user0_.id as id1_0_' {alias=generatedAlias0, className=ProductionCountLog.User, tableAlias=user0_}
    |  \-[SQL_TOKEN] SqlFragment: 'user0_.credits as credits2_0_, user0_.date as date3_0_, user0_.downtime as downtime4_0_, user0_.employee_id as employee5_0_, user0_.first_name as first_na6_0_, user0_.hours_worked as hours_wo7_0_, user0_.last_name as last_nam8_0_, user0_.machine_number as machine_9_0_, user0_.product_name as product10_0_, user0_.shift as shift11_0_, user0_.total_parts as total_p12_0_'
    +-[FROM] FromClause: 'from' FromClause{level=1, fromElementCounter=1, fromElements=1, fromElementByClassAlias=[generatedAlias0], fromElementByTableAlias=[user0_], fromElementsByPath=[], collectionJoinFromElementsByPath=[], impliedElements=[]}
    |  \-[FROM_FRAGMENT] FromElement: 'user user0_' FromElement{explicit,not a collection join,not a fetch join,fetch non-lazy properties,classAlias=generatedAlias0,role=null,tableName=user,tableAlias=user0_,origin=null,columns={,className=ProductionCountLog.User}}
    \-[WHERE] SqlNode: 'where'
       \-[LIKE] BinaryLogicOperatorNode: 'like'
          +-[DOT] DotNode: 'user0_.last_name' {propertyName=lastName,dereferenceType=PRIMITIVE,getPropertyPath=lastName,path=generatedAlias0.lastName,tableAlias=user0_,className=ProductionCountLog.User,classAlias=generatedAlias0}
          |  +-[ALIAS_REF] IdentNode: 'user0_.id' {alias=generatedAlias0, className=ProductionCountLog.User, tableAlias=user0_}
          |  \-[IDENT] IdentNode: 'lastName' {originalText=lastName}
          \-[NAMED_PARAM] ParameterNode: '?' {name=param0, expectedType=org.hibernate.type.StringType@4e31276e}

[DEBUG] 2018-10-16 20:49:29.461 [main] ErrorCounter - throwQueryException() : no errors
[DEBUG] 2018-10-16 20:49:29.461 [main] QueryTranslatorImpl - HQL: select generatedAlias0 from ProductionCountLog.User as generatedAlias0 where generatedAlias0.lastName like :param0
[DEBUG] 2018-10-16 20:49:29.461 [main] QueryTranslatorImpl - SQL: select user0_.id as id1_0_, user0_.credits as credits2_0_, user0_.date as date3_0_, user0_.downtime as downtime4_0_, user0_.employee_id as employee5_0_, user0_.first_name as first_na6_0_, user0_.hours_worked as hours_wo7_0_, user0_.last_name as last_nam8_0_, user0_.machine_number as machine_9_0_, user0_.product_name as product10_0_, user0_.shift as shift11_0_, user0_.total_parts as total_p12_0_ from user user0_ where user0_.last_name like ?
[DEBUG] 2018-10-16 20:49:29.463 [main] ErrorCounter - throwQueryException() : no errors
[DEBUG] 2018-10-16 20:49:29.469 [main] SQL - select user0_.id as id1_0_, user0_.credits as credits2_0_, user0_.date as date3_0_, user0_.downtime as downtime4_0_, user0_.employee_id as employee5_0_, user0_.first_name as first_na6_0_, user0_.hours_worked as hours_wo7_0_, user0_.last_name as last_nam8_0_, user0_.machine_number as machine_9_0_, user0_.product_name as product10_0_, user0_.shift as shift11_0_, user0_.total_parts as total_p12_0_ from user user0_ where user0_.last_name like ?
[DEBUG] 2018-10-16 20:49:29.473 [main] Loader - Result set row: 0
[DEBUG] 2018-10-16 20:49:29.477 [main] Loader - Result row: EntityKey[ProductionCountLog.User#1]
[DEBUG] 2018-10-16 20:49:29.477 [main] TwoPhaseLoad - Resolving associations for [ProductionCountLog.User#1]
[DEBUG] 2018-10-16 20:49:29.477 [main] TwoPhaseLoad - Done materializing entity [ProductionCountLog.User#1]
[DEBUG] 2018-10-16 20:49:29.478 [main] LogicalConnectionManagedImpl - Initiating JDBC connection release from afterTransaction
[DEBUG] 2018-10-16 20:49:29.508 [main] CriteriaQueryImpl - Rendered criteria query -> select generatedAlias0 from User as generatedAlias0 where generatedAlias0.lastName like :param0
[DEBUG] 2018-10-16 20:49:29.508 [main] SQL - select user0_.id as id1_0_, user0_.credits as credits2_0_, user0_.date as date3_0_, user0_.downtime as downtime4_0_, user0_.employee_id as employee5_0_, user0_.first_name as first_na6_0_, user0_.hours_worked as hours_wo7_0_, user0_.last_name as last_nam8_0_, user0_.machine_number as machine_9_0_, user0_.product_name as product10_0_, user0_.shift as shift11_0_, user0_.total_parts as total_p12_0_ from user user0_ where user0_.last_name like ?
[DEBUG] 2018-10-16 20:49:29.515 [main] Loader - Result set row: 0
[DEBUG] 2018-10-16 20:49:29.515 [main] Loader - Result row: EntityKey[ProductionCountLog.User#1]
[DEBUG] 2018-10-16 20:49:29.518 [main] TwoPhaseLoad - Resolving associations for [ProductionCountLog.User#1]
[DEBUG] 2018-10-16 20:49:29.519 [main] TwoPhaseLoad - Done materializing entity [ProductionCountLog.User#1]
[DEBUG] 2018-10-16 20:49:29.519 [main] LogicalConnectionManagedImpl - Initiating JDBC connection release from afterTransaction
[DEBUG] 2018-10-16 20:49:29.544 [main] SQL - select user0_.id as id1_0_0_, user0_.credits as credits2_0_0_, user0_.date as date3_0_0_, user0_.downtime as downtime4_0_0_, user0_.employee_id as employee5_0_0_, user0_.first_name as first_na6_0_0_, user0_.hours_worked as hours_wo7_0_0_, user0_.last_name as last_nam8_0_0_, user0_.machine_number as machine_9_0_0_, user0_.product_name as product10_0_0_, user0_.shift as shift11_0_0_, user0_.total_parts as total_p12_0_0_ from user user0_ where user0_.id=?
[DEBUG] 2018-10-16 20:49:29.549 [main] ResultSetProcessorImpl - Starting ResultSet row #0
[DEBUG] 2018-10-16 20:49:29.549 [main] EntityReferenceInitializerImpl - On call to EntityIdentifierReaderImpl#resolve, EntityKey was already known; should only happen on root returns with an optional identifier specified
[DEBUG] 2018-10-16 20:49:29.549 [main] TwoPhaseLoad - Resolving associations for [ProductionCountLog.User#1]
[DEBUG] 2018-10-16 20:49:29.552 [main] TwoPhaseLoad - Done materializing entity [ProductionCountLog.User#1]
[DEBUG] 2018-10-16 20:49:29.552 [main] ResourceRegistryStandardImpl - HHH000387: ResultSet's statement was not registered
[DEBUG] 2018-10-16 20:49:29.552 [main] AbstractLoadPlanBasedEntityLoader - Done entity load : ProductionCountLog.User#1
[DEBUG] 2018-10-16 20:49:29.552 [main] LogicalConnectionManagedImpl - Initiating JDBC connection release from afterTransaction
